10:05:13.977 - ERRserver(null) REQUEST Received = (0:0:0:0:0:0:0:1)(/1/eng/a/WineryRegion/QueryAll) [HTTP/1.1][POST] {0:0:0:0:0:0:0:1}<<<HEADER>>>{Host=[localhost:8888], Connection=[keep-alive], Content-Length=[368], Cache-Control=[no-cache], Origin=[chrome-extension://fhbjgbiflinjbdggehcddcbncdddomop], Content-Type=[application/json], User-Agent=[Mozilla/5.0 (Macintosh; Intel Mac OS X 10_10_5) AppleWebKit/537.36 (KHTML, like Gecko) Chrome/48.0.2564.109 Safari/537.36], Postman-Token=[c2583cb6-66dd-a67c-d662-b7e9457db381], Accept=[*/*], Accept-Encoding=[gzip, deflate], Accept-Language=[en-US,en;q=0.8]}
java.lang.NullPointerException: null
	at org.jooq.impl.DSL.field(DSL.java:7566)
	at org.jooq.impl.Utils.fields(Utils.java:1016)
	at org.jooq.impl.SelectQueryImpl.addSelect(SelectQueryImpl.java:1446)
	at org.jooq.impl.SelectQueryImpl.addSelect(SelectQueryImpl.java:1451)
	at org.jooq.impl.SelectImpl.select(SelectImpl.java:238)
	at org.jooq.impl.DSL.select(DSL.java:812)
	at org.jooq.impl.DefaultDSLContext.select(DefaultDSLContext.java:1136)
	at myicellar.api.admin.query.WineryRegionQueryQtilJoinOne.queryOneInWineryRegion(WineryRegionQueryQtilJoinOne.java:19)
	at myicellar.api.admin.handler.JoinClassQueryHandler.lambda$handle$1(JoinClassQueryHandler.java:58)
	at ratpack.exec.Promise.lambda$null$12(Promise.java:323)
	at ratpack.exec.Blocking$1.lambda$get$0(Blocking.java:70)
	at ratpack.exec.Blocking.intercept(Blocking.java:241)
	at ratpack.exec.Blocking.access$000(Blocking.java:35)
	at ratpack.exec.Blocking$1.get(Blocking.java:68)
	at ratpack.exec.Blocking$1.get(Blocking.java:61)
	at java.util.concurrent.CompletableFuture$AsyncSupply.run(CompletableFuture.java:1590)
	at java.util.concurrent.ThreadPoolExecutor.runWorker(ThreadPoolExecutor.java:1142)
	at java.util.concurrent.ThreadPoolExecutor$Worker.run(ThreadPoolExecutor.java:617)
	at ratpack.exec.internal.DefaultExecController$ExecControllerBindingThreadFactory.lambda$newThread$0(DefaultExecController.java:113)
	at io.netty.util.concurrent.DefaultThreadFactory$DefaultRunnableDecorator.run(DefaultThreadFactory.java:137)
	at java.lang.Thread.run(Thread.java:745)
17:09:32.910 - ERRserver(Expect {content : Winery} %%% Unrecognized field "countryNameEng" (class myicellar.jooq.pojos.Winery), not marked as ignorable (14 known properties: "lastUpdMictime", "wineryNameEng", "wineryId", "regionId", "regionAltId", "countryId", "note", "wineryNameChs", "wineryNameCht", "wineryNameUsr", "officialUserId", "wineryImg", "isValid", "seoUrl"])
 at [Source: N/A; line: -1, column: -1] (through reference chain: myicellar.jooq.pojos.Winery["countryNameEng"])) REQUEST Received = (0:0:0:0:0:0:0:1)(/1/eng/b/Winery/Query) [HTTP/1.1][POST] {0:0:0:0:0:0:0:1}<<<HEADER>>>{Host=[localhost:8888], Connection=[keep-alive], Content-Length=[368], Cache-Control=[no-cache], Origin=[chrome-extension://fhbjgbiflinjbdggehcddcbncdddomop], Content-Type=[application/json], User-Agent=[Mozilla/5.0 (Macintosh; Intel Mac OS X 10_10_5) AppleWebKit/537.36 (KHTML, like Gecko) Chrome/48.0.2564.109 Safari/537.36], Postman-Token=[a8fa52fa-e384-c327-3a8c-e2a15a80a6f0], Accept=[*/*], Accept-Encoding=[gzip, deflate], Accept-Language=[en-US,en;q=0.8]}
java.lang.RuntimeException: Expect {content : Winery}
	at myicellar.api.admin.util.MicRequUtil.parseRequCntnObj(MicRequUtil.java:49)
	at myicellar.api.admin.handler.WineryHandler.lambda$handle$16(WineryHandler.java:42)
	at ratpack.exec.Promise.lambda$null$9(Promise.java:303)
	at ratpack.exec.Downstream$1.success(Downstream.java:73)
	at ratpack.exec.Promise.lambda$null$9(Promise.java:304)
	at ratpack.exec.Downstream$1.success(Downstream.java:73)
	at ratpack.exec.Promise.lambda$null$9(Promise.java:304)
	at ratpack.exec.Downstream$1.success(Downstream.java:73)
	at ratpack.exec.internal.DefaultExecution$2.lambda$success$1(DefaultExecution.java:161)
	at ratpack.exec.internal.DefaultExecution$SingleEventExecStream.exec(DefaultExecution.java:419)
	at ratpack.exec.internal.DefaultExecution.exec(DefaultExecution.java:248)
	at ratpack.exec.internal.DefaultExecution.intercept(DefaultExecution.java:240)
	at ratpack.exec.internal.DefaultExecution.drain(DefaultExecution.java:220)
	at ratpack.exec.internal.DefaultExecution.<init>(DefaultExecution.java:96)
	at ratpack.exec.internal.DefaultExecController$1.lambda$start$0(DefaultExecController.java:172)
	at io.netty.util.concurrent.PromiseTask.run(PromiseTask.java:73)
	at io.netty.util.concurrent.SingleThreadEventExecutor.runAllTasks(SingleThreadEventExecutor.java:339)
	at io.netty.channel.nio.NioEventLoop.run(NioEventLoop.java:356)
	at io.netty.util.concurrent.SingleThreadEventExecutor$5.run(SingleThreadEventExecutor.java:742)
	at ratpack.exec.internal.DefaultExecController$ExecControllerBindingThreadFactory.lambda$newThread$0(DefaultExecController.java:113)
	at io.netty.util.concurrent.DefaultThreadFactory$DefaultRunnableDecorator.run(DefaultThreadFactory.java:137)
	at java.lang.Thread.run(Thread.java:745)
Caused by: com.fasterxml.jackson.databind.exc.UnrecognizedPropertyException: Unrecognized field "countryNameEng" (class myicellar.jooq.pojos.Winery), not marked as ignorable (14 known properties: "lastUpdMictime", "wineryNameEng", "wineryId", "regionId", "regionAltId", "countryId", "note", "wineryNameChs", "wineryNameCht", "wineryNameUsr", "officialUserId", "wineryImg", "isValid", "seoUrl"])
 at [Source: N/A; line: -1, column: -1] (through reference chain: myicellar.jooq.pojos.Winery["countryNameEng"])
	at com.fasterxml.jackson.databind.exc.UnrecognizedPropertyException.from(UnrecognizedPropertyException.java:51)
	at com.fasterxml.jackson.databind.DeserializationContext.reportUnknownProperty(DeserializationContext.java:836)
	at com.fasterxml.jackson.databind.deser.std.StdDeserializer.handleUnknownProperty(StdDeserializer.java:1045)
	at com.fasterxml.jackson.databind.deser.BeanDeserializerBase.handleUnknownProperty(BeanDeserializerBase.java:1352)
	at com.fasterxml.jackson.databind.deser.BeanDeserializerBase.handleUnknownProperties(BeanDeserializerBase.java:1306)
	at com.fasterxml.jackson.databind.deser.BeanDeserializer._deserializeUsingPropertyBased(BeanDeserializer.java:451)
	at com.fasterxml.jackson.databind.deser.BeanDeserializerBase.deserializeFromObjectUsingNonDefault(BeanDeserializerBase.java:1099)
	at com.fasterxml.jackson.databind.deser.BeanDeserializer.deserializeFromObject(BeanDeserializer.java:294)
	at com.fasterxml.jackson.databind.deser.BeanDeserializer.deserialize(BeanDeserializer.java:131)
	at com.fasterxml.jackson.databind.ObjectReader._bindAndClose(ObjectReader.java:1511)
	at com.fasterxml.jackson.databind.ObjectReader.readValue(ObjectReader.java:1216)
	at myicellar.api.admin.util.MicRequUtil.parseRequCntnObj(MicRequUtil.java:47)
	... 21 common frames omitted
