15:03:00.374 - ERRserver(Expect {content : WineryRegion} %%% java.lang.NumberFormatException: For input string: "#5;") REQUEST Received = (0:0:0:0:0:0:0:1)(/1/eng/a/WineryRegion/Detail) [HTTP/1.1][POST] {0:0:0:0:0:0:0:1}<<<HEADER>>>{Host=[localhost:8888], Connection=[keep-alive], Content-Length=[145], User-Agent=[Mozilla/5.0 (Macintosh; Intel Mac OS X 10_10_5) AppleWebKit/537.36 (KHTML, like Gecko) Chrome/48.0.2564.109 Safari/537.36], Origin=[null], Content-type=[application/json], Accept=[*/*], Accept-Encoding=[gzip, deflate], Accept-Language=[en-US,en;q=0.8]}
java.lang.RuntimeException: Expect {content : WineryRegion}
	at myicellar.api.admin.util.MicRequUtil.parseRequCntnObj(MicRequUtil.java:49)
	at myicellar.api.admin.handler.WineryRegionHandlerQuery.lambda$handle$100(WineryRegionHandlerQuery.java:35)
	at ratpack.exec.Promise.lambda$null$9(Promise.java:303)
	at ratpack.exec.Downstream$1.success(Downstream.java:73)
	at ratpack.exec.Promise.lambda$null$9(Promise.java:304)
	at ratpack.exec.Downstream$1.success(Downstream.java:73)
	at ratpack.exec.Promise.lambda$null$9(Promise.java:304)
	at ratpack.exec.Downstream$1.success(Downstream.java:73)
	at ratpack.exec.internal.DefaultExecution$2.lambda$success$1(DefaultExecution.java:161)
	at ratpack.exec.internal.DefaultExecution$SingleEventExecStream.exec(DefaultExecution.java:419)
	at ratpack.exec.internal.DefaultExecution.exec(DefaultExecution.java:248)
	at ratpack.exec.internal.DefaultExecution.intercept(DefaultExecution.java:240)
	at ratpack.exec.internal.DefaultExecution.drain(DefaultExecution.java:220)
	at ratpack.exec.internal.DefaultExecution.<init>(DefaultExecution.java:96)
	at ratpack.exec.internal.DefaultExecController$1.lambda$start$0(DefaultExecController.java:172)
	at io.netty.util.concurrent.PromiseTask.run(PromiseTask.java:73)
	at io.netty.util.concurrent.SingleThreadEventExecutor.runAllTasks(SingleThreadEventExecutor.java:339)
	at io.netty.channel.nio.NioEventLoop.run(NioEventLoop.java:356)
	at io.netty.util.concurrent.SingleThreadEventExecutor$5.run(SingleThreadEventExecutor.java:742)
	at ratpack.exec.internal.DefaultExecController$ExecControllerBindingThreadFactory.lambda$newThread$0(DefaultExecController.java:113)
	at io.netty.util.concurrent.DefaultThreadFactory$DefaultRunnableDecorator.run(DefaultThreadFactory.java:137)
	at java.lang.Thread.run(Thread.java:745)
Caused by: java.io.IOException: java.lang.NumberFormatException: For input string: "#5;"
	at myicellar.api.admin.jackson.IdIntegerDeserializer.deserialize(IdIntegerDeserializer.java:20)
	at myicellar.api.admin.jackson.IdIntegerDeserializer.deserialize(IdIntegerDeserializer.java:13)
	at com.fasterxml.jackson.databind.deser.SettableBeanProperty.deserialize(SettableBeanProperty.java:520)
	at com.fasterxml.jackson.databind.deser.BeanDeserializer._deserializeWithErrorWrapping(BeanDeserializer.java:461)
	at com.fasterxml.jackson.databind.deser.BeanDeserializer._deserializeUsingPropertyBased(BeanDeserializer.java:376)
	at com.fasterxml.jackson.databind.deser.BeanDeserializerBase.deserializeFromObjectUsingNonDefault(BeanDeserializerBase.java:1099)
	at com.fasterxml.jackson.databind.deser.BeanDeserializer.deserializeFromObject(BeanDeserializer.java:294)
	at com.fasterxml.jackson.databind.deser.BeanDeserializer.deserialize(BeanDeserializer.java:131)
	at com.fasterxml.jackson.databind.ObjectReader._bindAndClose(ObjectReader.java:1511)
	at com.fasterxml.jackson.databind.ObjectReader.readValue(ObjectReader.java:1216)
	at myicellar.api.admin.util.MicRequUtil.parseRequCntnObj(MicRequUtil.java:47)
	... 21 common frames omitted
Caused by: java.lang.NumberFormatException: For input string: "#5;"
	at java.lang.NumberFormatException.forInputString(NumberFormatException.java:65)
	at java.lang.Integer.parseInt(Integer.java:569)
	at java.lang.Integer.parseInt(Integer.java:615)
	at myicellar.api.admin.jackson.IdIntegerDeserializer.deserialize(IdIntegerDeserializer.java:18)
	... 31 common frames omitted
15:03:26.255 - ERRserver(Expect {content : WineryRegion} %%% java.lang.NumberFormatException: For input string: "5;") REQUEST Received = (0:0:0:0:0:0:0:1)(/1/eng/a/WineryRegion/Detail) [HTTP/1.1][POST] {0:0:0:0:0:0:0:1}<<<HEADER>>>{Host=[localhost:8888], Connection=[keep-alive], Content-Length=[144], Origin=[null], User-Agent=[Mozilla/5.0 (Macintosh; Intel Mac OS X 10_10_5) AppleWebKit/537.36 (KHTML, like Gecko) Chrome/48.0.2564.109 Safari/537.36], Content-type=[application/json], Accept=[*/*], Accept-Encoding=[gzip, deflate], Accept-Language=[en-US,en;q=0.8]}
java.lang.RuntimeException: Expect {content : WineryRegion}
	at myicellar.api.admin.util.MicRequUtil.parseRequCntnObj(MicRequUtil.java:49)
	at myicellar.api.admin.handler.WineryRegionHandlerQuery.lambda$handle$100(WineryRegionHandlerQuery.java:35)
	at ratpack.exec.Promise.lambda$null$9(Promise.java:303)
	at ratpack.exec.Downstream$1.success(Downstream.java:73)
	at ratpack.exec.Promise.lambda$null$9(Promise.java:304)
	at ratpack.exec.Downstream$1.success(Downstream.java:73)
	at ratpack.exec.Promise.lambda$null$9(Promise.java:304)
	at ratpack.exec.Downstream$1.success(Downstream.java:73)
	at ratpack.exec.internal.DefaultExecution$2.lambda$success$1(DefaultExecution.java:161)
	at ratpack.exec.internal.DefaultExecution$SingleEventExecStream.exec(DefaultExecution.java:419)
	at ratpack.exec.internal.DefaultExecution.exec(DefaultExecution.java:246)
	at ratpack.exec.internal.DefaultExecution.intercept(DefaultExecution.java:240)
	at ratpack.exec.internal.DefaultExecution.drain(DefaultExecution.java:220)
	at io.netty.util.concurrent.SingleThreadEventExecutor.runAllTasks(SingleThreadEventExecutor.java:339)
	at io.netty.channel.nio.NioEventLoop.run(NioEventLoop.java:356)
	at io.netty.util.concurrent.SingleThreadEventExecutor$5.run(SingleThreadEventExecutor.java:742)
	at ratpack.exec.internal.DefaultExecController$ExecControllerBindingThreadFactory.lambda$newThread$0(DefaultExecController.java:113)
	at io.netty.util.concurrent.DefaultThreadFactory$DefaultRunnableDecorator.run(DefaultThreadFactory.java:137)
	at java.lang.Thread.run(Thread.java:745)
Caused by: java.io.IOException: java.lang.NumberFormatException: For input string: "5;"
	at myicellar.api.admin.jackson.IdIntegerDeserializer.deserialize(IdIntegerDeserializer.java:20)
	at myicellar.api.admin.jackson.IdIntegerDeserializer.deserialize(IdIntegerDeserializer.java:13)
	at com.fasterxml.jackson.databind.deser.SettableBeanProperty.deserialize(SettableBeanProperty.java:520)
	at com.fasterxml.jackson.databind.deser.BeanDeserializer._deserializeWithErrorWrapping(BeanDeserializer.java:461)
	at com.fasterxml.jackson.databind.deser.BeanDeserializer._deserializeUsingPropertyBased(BeanDeserializer.java:376)
	at com.fasterxml.jackson.databind.deser.BeanDeserializerBase.deserializeFromObjectUsingNonDefault(BeanDeserializerBase.java:1099)
	at com.fasterxml.jackson.databind.deser.BeanDeserializer.deserializeFromObject(BeanDeserializer.java:294)
	at com.fasterxml.jackson.databind.deser.BeanDeserializer.deserialize(BeanDeserializer.java:131)
	at com.fasterxml.jackson.databind.ObjectReader._bindAndClose(ObjectReader.java:1511)
	at com.fasterxml.jackson.databind.ObjectReader.readValue(ObjectReader.java:1216)
	at myicellar.api.admin.util.MicRequUtil.parseRequCntnObj(MicRequUtil.java:47)
	... 18 common frames omitted
Caused by: java.lang.NumberFormatException: For input string: "5;"
	at java.lang.NumberFormatException.forInputString(NumberFormatException.java:65)
	at java.lang.Integer.parseInt(Integer.java:580)
	at java.lang.Integer.parseInt(Integer.java:615)
	at myicellar.api.admin.jackson.IdIntegerDeserializer.deserialize(IdIntegerDeserializer.java:18)
	... 28 common frames omitted
15:05:10.809 - ERRserver(Expect {content : WineryRegion} %%% java.lang.NumberFormatException: For input string: "#4;") REQUEST Received = (0:0:0:0:0:0:0:1)(/1/eng/a/WineryRegion/Detail) [HTTP/1.1][POST] {0:0:0:0:0:0:0:1}<<<HEADER>>>{Host=[localhost:8888], Connection=[keep-alive], Content-Length=[145], Origin=[null], User-Agent=[Mozilla/5.0 (Macintosh; Intel Mac OS X 10_10_5) AppleWebKit/537.36 (KHTML, like Gecko) Chrome/48.0.2564.109 Safari/537.36], Content-type=[application/json], Accept=[*/*], Accept-Encoding=[gzip, deflate], Accept-Language=[en-US,en;q=0.8]}
java.lang.RuntimeException: Expect {content : WineryRegion}
	at myicellar.api.admin.util.MicRequUtil.parseRequCntnObj(MicRequUtil.java:49)
	at myicellar.api.admin.handler.WineryRegionHandlerQuery.lambda$handle$100(WineryRegionHandlerQuery.java:35)
	at ratpack.exec.Promise.lambda$null$9(Promise.java:303)
	at ratpack.exec.Downstream$1.success(Downstream.java:73)
	at ratpack.exec.Promise.lambda$null$9(Promise.java:304)
	at ratpack.exec.Downstream$1.success(Downstream.java:73)
	at ratpack.exec.Promise.lambda$null$9(Promise.java:304)
	at ratpack.exec.Downstream$1.success(Downstream.java:73)
	at ratpack.exec.internal.DefaultExecution$2.lambda$success$1(DefaultExecution.java:161)
	at ratpack.exec.internal.DefaultExecution$SingleEventExecStream.exec(DefaultExecution.java:419)
	at ratpack.exec.internal.DefaultExecution.exec(DefaultExecution.java:248)
	at ratpack.exec.internal.DefaultExecution.intercept(DefaultExecution.java:240)
	at ratpack.exec.internal.DefaultExecution.drain(DefaultExecution.java:220)
	at ratpack.exec.internal.DefaultExecution.<init>(DefaultExecution.java:96)
	at ratpack.exec.internal.DefaultExecController$1.lambda$start$0(DefaultExecController.java:172)
	at io.netty.util.concurrent.PromiseTask.run(PromiseTask.java:73)
	at io.netty.util.concurrent.SingleThreadEventExecutor.runAllTasks(SingleThreadEventExecutor.java:339)
	at io.netty.channel.nio.NioEventLoop.run(NioEventLoop.java:356)
	at io.netty.util.concurrent.SingleThreadEventExecutor$5.run(SingleThreadEventExecutor.java:742)
	at ratpack.exec.internal.DefaultExecController$ExecControllerBindingThreadFactory.lambda$newThread$0(DefaultExecController.java:113)
	at io.netty.util.concurrent.DefaultThreadFactory$DefaultRunnableDecorator.run(DefaultThreadFactory.java:137)
	at java.lang.Thread.run(Thread.java:745)
Caused by: java.io.IOException: java.lang.NumberFormatException: For input string: "#4;"
	at myicellar.api.admin.jackson.IdIntegerDeserializer.deserialize(IdIntegerDeserializer.java:20)
	at myicellar.api.admin.jackson.IdIntegerDeserializer.deserialize(IdIntegerDeserializer.java:13)
	at com.fasterxml.jackson.databind.deser.SettableBeanProperty.deserialize(SettableBeanProperty.java:520)
	at com.fasterxml.jackson.databind.deser.BeanDeserializer._deserializeWithErrorWrapping(BeanDeserializer.java:461)
	at com.fasterxml.jackson.databind.deser.BeanDeserializer._deserializeUsingPropertyBased(BeanDeserializer.java:376)
	at com.fasterxml.jackson.databind.deser.BeanDeserializerBase.deserializeFromObjectUsingNonDefault(BeanDeserializerBase.java:1099)
	at com.fasterxml.jackson.databind.deser.BeanDeserializer.deserializeFromObject(BeanDeserializer.java:294)
	at com.fasterxml.jackson.databind.deser.BeanDeserializer.deserialize(BeanDeserializer.java:131)
	at com.fasterxml.jackson.databind.ObjectReader._bindAndClose(ObjectReader.java:1511)
	at com.fasterxml.jackson.databind.ObjectReader.readValue(ObjectReader.java:1216)
	at myicellar.api.admin.util.MicRequUtil.parseRequCntnObj(MicRequUtil.java:47)
	... 21 common frames omitted
Caused by: java.lang.NumberFormatException: For input string: "#4;"
	at java.lang.NumberFormatException.forInputString(NumberFormatException.java:65)
	at java.lang.Integer.parseInt(Integer.java:569)
	at java.lang.Integer.parseInt(Integer.java:615)
	at myicellar.api.admin.jackson.IdIntegerDeserializer.deserialize(IdIntegerDeserializer.java:18)
	... 31 common frames omitted
15:07:25.472 - ERRserver(Expect {content : WineryRegion} %%% java.lang.NumberFormatException: For input string: "#4;") REQUEST Received = (0:0:0:0:0:0:0:1)(/1/eng/a/WineryRegion/Detail) [HTTP/1.1][POST] {0:0:0:0:0:0:0:1}<<<HEADER>>>{Host=[localhost:8888], Connection=[keep-alive], Content-Length=[145], Origin=[null], User-Agent=[Mozilla/5.0 (Macintosh; Intel Mac OS X 10_10_5) AppleWebKit/537.36 (KHTML, like Gecko) Chrome/48.0.2564.109 Safari/537.36], Content-type=[application/json], Accept=[*/*], Accept-Encoding=[gzip, deflate], Accept-Language=[en-US,en;q=0.8]}
java.lang.RuntimeException: Expect {content : WineryRegion}
	at myicellar.api.admin.util.MicRequUtil.parseRequCntnObj(MicRequUtil.java:49)
	at myicellar.api.admin.handler.WineryRegionHandlerQuery.lambda$handle$100(WineryRegionHandlerQuery.java:35)
	at ratpack.exec.Promise.lambda$null$9(Promise.java:303)
	at ratpack.exec.Downstream$1.success(Downstream.java:73)
	at ratpack.exec.Promise.lambda$null$9(Promise.java:304)
	at ratpack.exec.Downstream$1.success(Downstream.java:73)
	at ratpack.exec.Promise.lambda$null$9(Promise.java:304)
	at ratpack.exec.Downstream$1.success(Downstream.java:73)
	at ratpack.exec.internal.DefaultExecution$2.lambda$success$1(DefaultExecution.java:161)
	at ratpack.exec.internal.DefaultExecution$SingleEventExecStream.exec(DefaultExecution.java:419)
	at ratpack.exec.internal.DefaultExecution.exec(DefaultExecution.java:248)
	at ratpack.exec.internal.DefaultExecution.intercept(DefaultExecution.java:240)
	at ratpack.exec.internal.DefaultExecution.drain(DefaultExecution.java:220)
	at ratpack.exec.internal.DefaultExecution.<init>(DefaultExecution.java:96)
	at ratpack.exec.internal.DefaultExecController$1.lambda$start$0(DefaultExecController.java:172)
	at io.netty.util.concurrent.PromiseTask.run(PromiseTask.java:73)
	at io.netty.util.concurrent.SingleThreadEventExecutor.runAllTasks(SingleThreadEventExecutor.java:339)
	at io.netty.channel.nio.NioEventLoop.run(NioEventLoop.java:356)
	at io.netty.util.concurrent.SingleThreadEventExecutor$5.run(SingleThreadEventExecutor.java:742)
	at ratpack.exec.internal.DefaultExecController$ExecControllerBindingThreadFactory.lambda$newThread$0(DefaultExecController.java:113)
	at io.netty.util.concurrent.DefaultThreadFactory$DefaultRunnableDecorator.run(DefaultThreadFactory.java:137)
	at java.lang.Thread.run(Thread.java:745)
Caused by: java.io.IOException: java.lang.NumberFormatException: For input string: "#4;"
	at myicellar.api.admin.jackson.IdIntegerDeserializer.deserialize(IdIntegerDeserializer.java:20)
	at myicellar.api.admin.jackson.IdIntegerDeserializer.deserialize(IdIntegerDeserializer.java:13)
	at com.fasterxml.jackson.databind.deser.SettableBeanProperty.deserialize(SettableBeanProperty.java:520)
	at com.fasterxml.jackson.databind.deser.BeanDeserializer._deserializeWithErrorWrapping(BeanDeserializer.java:461)
	at com.fasterxml.jackson.databind.deser.BeanDeserializer._deserializeUsingPropertyBased(BeanDeserializer.java:376)
	at com.fasterxml.jackson.databind.deser.BeanDeserializerBase.deserializeFromObjectUsingNonDefault(BeanDeserializerBase.java:1099)
	at com.fasterxml.jackson.databind.deser.BeanDeserializer.deserializeFromObject(BeanDeserializer.java:294)
	at com.fasterxml.jackson.databind.deser.BeanDeserializer.deserialize(BeanDeserializer.java:131)
	at com.fasterxml.jackson.databind.ObjectReader._bindAndClose(ObjectReader.java:1511)
	at com.fasterxml.jackson.databind.ObjectReader.readValue(ObjectReader.java:1216)
	at myicellar.api.admin.util.MicRequUtil.parseRequCntnObj(MicRequUtil.java:47)
	... 21 common frames omitted
Caused by: java.lang.NumberFormatException: For input string: "#4;"
	at java.lang.NumberFormatException.forInputString(NumberFormatException.java:65)
	at java.lang.Integer.parseInt(Integer.java:569)
	at java.lang.Integer.parseInt(Integer.java:615)
	at myicellar.api.admin.jackson.IdIntegerDeserializer.deserialize(IdIntegerDeserializer.java:18)
	... 31 common frames omitted
15:07:41.476 - ERRserver(Expect {content : WineryRegion} %%% java.lang.NumberFormatException: For input string: "#4;") REQUEST Received = (0:0:0:0:0:0:0:1)(/1/eng/a/WineryRegion/Detail) [HTTP/1.1][POST] {0:0:0:0:0:0:0:1}<<<HEADER>>>{Host=[localhost:8888], Connection=[keep-alive], Content-Length=[145], Origin=[null], User-Agent=[Mozilla/5.0 (Macintosh; Intel Mac OS X 10_10_5) AppleWebKit/537.36 (KHTML, like Gecko) Chrome/48.0.2564.109 Safari/537.36], Content-type=[application/json], Accept=[*/*], Accept-Encoding=[gzip, deflate], Accept-Language=[en-US,en;q=0.8]}
java.lang.RuntimeException: Expect {content : WineryRegion}
	at myicellar.api.admin.util.MicRequUtil.parseRequCntnObj(MicRequUtil.java:49)
	at myicellar.api.admin.handler.WineryRegionHandlerQuery.lambda$handle$100(WineryRegionHandlerQuery.java:35)
	at ratpack.exec.Promise.lambda$null$9(Promise.java:303)
	at ratpack.exec.Downstream$1.success(Downstream.java:73)
	at ratpack.exec.Promise.lambda$null$9(Promise.java:304)
	at ratpack.exec.Downstream$1.success(Downstream.java:73)
	at ratpack.exec.Promise.lambda$null$9(Promise.java:304)
	at ratpack.exec.Downstream$1.success(Downstream.java:73)
	at ratpack.exec.internal.DefaultExecution$2.lambda$success$1(DefaultExecution.java:161)
	at ratpack.exec.internal.DefaultExecution$SingleEventExecStream.exec(DefaultExecution.java:419)
	at ratpack.exec.internal.DefaultExecution.exec(DefaultExecution.java:248)
	at ratpack.exec.internal.DefaultExecution.intercept(DefaultExecution.java:240)
	at ratpack.exec.internal.DefaultExecution.drain(DefaultExecution.java:220)
	at ratpack.exec.internal.DefaultExecution.<init>(DefaultExecution.java:96)
	at ratpack.exec.internal.DefaultExecController$1.lambda$start$0(DefaultExecController.java:172)
	at io.netty.util.concurrent.PromiseTask.run(PromiseTask.java:73)
	at io.netty.util.concurrent.SingleThreadEventExecutor.runAllTasks(SingleThreadEventExecutor.java:339)
	at io.netty.channel.nio.NioEventLoop.run(NioEventLoop.java:356)
	at io.netty.util.concurrent.SingleThreadEventExecutor$5.run(SingleThreadEventExecutor.java:742)
	at ratpack.exec.internal.DefaultExecController$ExecControllerBindingThreadFactory.lambda$newThread$0(DefaultExecController.java:113)
	at io.netty.util.concurrent.DefaultThreadFactory$DefaultRunnableDecorator.run(DefaultThreadFactory.java:137)
	at java.lang.Thread.run(Thread.java:745)
Caused by: java.io.IOException: java.lang.NumberFormatException: For input string: "#4;"
	at myicellar.api.admin.jackson.IdIntegerDeserializer.deserialize(IdIntegerDeserializer.java:20)
	at myicellar.api.admin.jackson.IdIntegerDeserializer.deserialize(IdIntegerDeserializer.java:13)
	at com.fasterxml.jackson.databind.deser.SettableBeanProperty.deserialize(SettableBeanProperty.java:520)
	at com.fasterxml.jackson.databind.deser.BeanDeserializer._deserializeWithErrorWrapping(BeanDeserializer.java:461)
	at com.fasterxml.jackson.databind.deser.BeanDeserializer._deserializeUsingPropertyBased(BeanDeserializer.java:376)
	at com.fasterxml.jackson.databind.deser.BeanDeserializerBase.deserializeFromObjectUsingNonDefault(BeanDeserializerBase.java:1099)
	at com.fasterxml.jackson.databind.deser.BeanDeserializer.deserializeFromObject(BeanDeserializer.java:294)
	at com.fasterxml.jackson.databind.deser.BeanDeserializer.deserialize(BeanDeserializer.java:131)
	at com.fasterxml.jackson.databind.ObjectReader._bindAndClose(ObjectReader.java:1511)
	at com.fasterxml.jackson.databind.ObjectReader.readValue(ObjectReader.java:1216)
	at myicellar.api.admin.util.MicRequUtil.parseRequCntnObj(MicRequUtil.java:47)
	... 21 common frames omitted
Caused by: java.lang.NumberFormatException: For input string: "#4;"
	at java.lang.NumberFormatException.forInputString(NumberFormatException.java:65)
	at java.lang.Integer.parseInt(Integer.java:569)
	at java.lang.Integer.parseInt(Integer.java:615)
	at myicellar.api.admin.jackson.IdIntegerDeserializer.deserialize(IdIntegerDeserializer.java:18)
	... 31 common frames omitted
15:14:23.960 - ERRserver(Expect {content : WineryRegion} %%% java.lang.NumberFormatException: For input string: "4;") REQUEST Received = (0:0:0:0:0:0:0:1)(/1/eng/a/WineryRegion/Detail) [HTTP/1.1][POST] {0:0:0:0:0:0:0:1}<<<HEADER>>>{Host=[localhost:8888], Connection=[keep-alive], Content-Length=[144], Origin=[null], User-Agent=[Mozilla/5.0 (Macintosh; Intel Mac OS X 10_10_5) AppleWebKit/537.36 (KHTML, like Gecko) Chrome/48.0.2564.109 Safari/537.36], Content-type=[application/json], Accept=[*/*], Accept-Encoding=[gzip, deflate], Accept-Language=[en-US,en;q=0.8]}
java.lang.RuntimeException: Expect {content : WineryRegion}
	at myicellar.api.admin.util.MicRequUtil.parseRequCntnObj(MicRequUtil.java:49)
	at myicellar.api.admin.handler.WineryRegionHandlerQuery.lambda$handle$100(WineryRegionHandlerQuery.java:35)
	at ratpack.exec.Promise.lambda$null$9(Promise.java:303)
	at ratpack.exec.Downstream$1.success(Downstream.java:73)
	at ratpack.exec.Promise.lambda$null$9(Promise.java:304)
	at ratpack.exec.Downstream$1.success(Downstream.java:73)
	at ratpack.exec.Promise.lambda$null$9(Promise.java:304)
	at ratpack.exec.Downstream$1.success(Downstream.java:73)
	at ratpack.exec.internal.DefaultExecution$2.lambda$success$1(DefaultExecution.java:161)
	at ratpack.exec.internal.DefaultExecution$SingleEventExecStream.exec(DefaultExecution.java:419)
	at ratpack.exec.internal.DefaultExecution.exec(DefaultExecution.java:248)
	at ratpack.exec.internal.DefaultExecution.intercept(DefaultExecution.java:240)
	at ratpack.exec.internal.DefaultExecution.drain(DefaultExecution.java:220)
	at ratpack.exec.internal.DefaultExecution.<init>(DefaultExecution.java:96)
	at ratpack.exec.internal.DefaultExecController$1.lambda$start$0(DefaultExecController.java:172)
	at io.netty.util.concurrent.PromiseTask.run(PromiseTask.java:73)
	at io.netty.util.concurrent.SingleThreadEventExecutor.runAllTasks(SingleThreadEventExecutor.java:339)
	at io.netty.channel.nio.NioEventLoop.run(NioEventLoop.java:356)
	at io.netty.util.concurrent.SingleThreadEventExecutor$5.run(SingleThreadEventExecutor.java:742)
	at ratpack.exec.internal.DefaultExecController$ExecControllerBindingThreadFactory.lambda$newThread$0(DefaultExecController.java:113)
	at io.netty.util.concurrent.DefaultThreadFactory$DefaultRunnableDecorator.run(DefaultThreadFactory.java:137)
	at java.lang.Thread.run(Thread.java:745)
Caused by: java.io.IOException: java.lang.NumberFormatException: For input string: "4;"
	at myicellar.api.admin.jackson.IdIntegerDeserializer.deserialize(IdIntegerDeserializer.java:20)
	at myicellar.api.admin.jackson.IdIntegerDeserializer.deserialize(IdIntegerDeserializer.java:13)
	at com.fasterxml.jackson.databind.deser.SettableBeanProperty.deserialize(SettableBeanProperty.java:520)
	at com.fasterxml.jackson.databind.deser.BeanDeserializer._deserializeWithErrorWrapping(BeanDeserializer.java:461)
	at com.fasterxml.jackson.databind.deser.BeanDeserializer._deserializeUsingPropertyBased(BeanDeserializer.java:376)
	at com.fasterxml.jackson.databind.deser.BeanDeserializerBase.deserializeFromObjectUsingNonDefault(BeanDeserializerBase.java:1099)
	at com.fasterxml.jackson.databind.deser.BeanDeserializer.deserializeFromObject(BeanDeserializer.java:294)
	at com.fasterxml.jackson.databind.deser.BeanDeserializer.deserialize(BeanDeserializer.java:131)
	at com.fasterxml.jackson.databind.ObjectReader._bindAndClose(ObjectReader.java:1511)
	at com.fasterxml.jackson.databind.ObjectReader.readValue(ObjectReader.java:1216)
	at myicellar.api.admin.util.MicRequUtil.parseRequCntnObj(MicRequUtil.java:47)
	... 21 common frames omitted
Caused by: java.lang.NumberFormatException: For input string: "4;"
	at java.lang.NumberFormatException.forInputString(NumberFormatException.java:65)
	at java.lang.Integer.parseInt(Integer.java:580)
	at java.lang.Integer.parseInt(Integer.java:615)
	at myicellar.api.admin.jackson.IdIntegerDeserializer.deserialize(IdIntegerDeserializer.java:18)
	... 31 common frames omitted
15:15:26.014 - ERRserver(Expect {content : WineryRegion} %%% java.lang.NumberFormatException: For input string: "4;") REQUEST Received = (0:0:0:0:0:0:0:1)(/1/eng/a/WineryRegion/Detail) [HTTP/1.1][POST] {0:0:0:0:0:0:0:1}<<<HEADER>>>{Host=[localhost:8888], Connection=[keep-alive], Content-Length=[144], Origin=[null], User-Agent=[Mozilla/5.0 (Macintosh; Intel Mac OS X 10_10_5) AppleWebKit/537.36 (KHTML, like Gecko) Chrome/48.0.2564.109 Safari/537.36], Content-type=[application/json], Accept=[*/*], Accept-Encoding=[gzip, deflate], Accept-Language=[en-US,en;q=0.8]}
java.lang.RuntimeException: Expect {content : WineryRegion}
	at myicellar.api.admin.util.MicRequUtil.parseRequCntnObj(MicRequUtil.java:49)
	at myicellar.api.admin.handler.WineryRegionHandlerQuery.lambda$handle$100(WineryRegionHandlerQuery.java:35)
	at ratpack.exec.Promise.lambda$null$9(Promise.java:303)
	at ratpack.exec.Downstream$1.success(Downstream.java:73)
	at ratpack.exec.Promise.lambda$null$9(Promise.java:304)
	at ratpack.exec.Downstream$1.success(Downstream.java:73)
	at ratpack.exec.Promise.lambda$null$9(Promise.java:304)
	at ratpack.exec.Downstream$1.success(Downstream.java:73)
	at ratpack.exec.internal.DefaultExecution$2.lambda$success$1(DefaultExecution.java:161)
	at ratpack.exec.internal.DefaultExecution$SingleEventExecStream.exec(DefaultExecution.java:419)
	at ratpack.exec.internal.DefaultExecution.exec(DefaultExecution.java:246)
	at ratpack.exec.internal.DefaultExecution.intercept(DefaultExecution.java:240)
	at ratpack.exec.internal.DefaultExecution.drain(DefaultExecution.java:220)
	at io.netty.util.concurrent.SingleThreadEventExecutor.runAllTasks(SingleThreadEventExecutor.java:339)
	at io.netty.channel.nio.NioEventLoop.run(NioEventLoop.java:356)
	at io.netty.util.concurrent.SingleThreadEventExecutor$5.run(SingleThreadEventExecutor.java:742)
	at ratpack.exec.internal.DefaultExecController$ExecControllerBindingThreadFactory.lambda$newThread$0(DefaultExecController.java:113)
	at io.netty.util.concurrent.DefaultThreadFactory$DefaultRunnableDecorator.run(DefaultThreadFactory.java:137)
	at java.lang.Thread.run(Thread.java:745)
Caused by: java.io.IOException: java.lang.NumberFormatException: For input string: "4;"
	at myicellar.api.admin.jackson.IdIntegerDeserializer.deserialize(IdIntegerDeserializer.java:20)
	at myicellar.api.admin.jackson.IdIntegerDeserializer.deserialize(IdIntegerDeserializer.java:13)
	at com.fasterxml.jackson.databind.deser.SettableBeanProperty.deserialize(SettableBeanProperty.java:520)
	at com.fasterxml.jackson.databind.deser.BeanDeserializer._deserializeWithErrorWrapping(BeanDeserializer.java:461)
	at com.fasterxml.jackson.databind.deser.BeanDeserializer._deserializeUsingPropertyBased(BeanDeserializer.java:376)
	at com.fasterxml.jackson.databind.deser.BeanDeserializerBase.deserializeFromObjectUsingNonDefault(BeanDeserializerBase.java:1099)
	at com.fasterxml.jackson.databind.deser.BeanDeserializer.deserializeFromObject(BeanDeserializer.java:294)
	at com.fasterxml.jackson.databind.deser.BeanDeserializer.deserialize(BeanDeserializer.java:131)
	at com.fasterxml.jackson.databind.ObjectReader._bindAndClose(ObjectReader.java:1511)
	at com.fasterxml.jackson.databind.ObjectReader.readValue(ObjectReader.java:1216)
	at myicellar.api.admin.util.MicRequUtil.parseRequCntnObj(MicRequUtil.java:47)
	... 18 common frames omitted
Caused by: java.lang.NumberFormatException: For input string: "4;"
	at java.lang.NumberFormatException.forInputString(NumberFormatException.java:65)
	at java.lang.Integer.parseInt(Integer.java:580)
	at java.lang.Integer.parseInt(Integer.java:615)
	at myicellar.api.admin.jackson.IdIntegerDeserializer.deserialize(IdIntegerDeserializer.java:18)
	... 28 common frames omitted
16:04:02.664 - ERRserver(SQL [update "mic_core"."winery_region" set ("is_valid", "region_alt_id", "country_id", "region_name_eng", "region_name_cht", "region_name_chs", "note", "seo_url") = (?, ?, ?, ?, ?, ?, ?, ?) where "mic_core"."winery_region"."region_id" = ?]; ERROR: null value in column "region_alt_id" violates not-null constraint
  Detail: Failing row contains (100, null, null, Champagne, Simplified, Traditional, This is a test value, null, t, google.com, 1435). %%% ERROR: null value in column "region_alt_id" violates not-null constraint
  Detail: Failing row contains (100, null, null, Champagne, Simplified, Traditional, This is a test value, null, t, google.com, 1435).) REQUEST Received = (0:0:0:0:0:0:0:1)(/1/eng/a/WineryRegion/Update) [HTTP/1.1][POST] {0:0:0:0:0:0:0:1}<<<HEADER>>>{Host=[localhost:8888], Connection=[keep-alive], Content-Length=[301], Origin=[null], User-Agent=[Mozilla/5.0 (Macintosh; Intel Mac OS X 10_10_5) AppleWebKit/537.36 (KHTML, like Gecko) Chrome/48.0.2564.109 Safari/537.36], Content-type=[application/json], Accept=[*/*], Accept-Encoding=[gzip, deflate], Accept-Language=[en-US,en;q=0.8]}
org.jooq.exception.DataAccessException: SQL [update "mic_core"."winery_region" set ("is_valid", "region_alt_id", "country_id", "region_name_eng", "region_name_cht", "region_name_chs", "note", "seo_url") = (?, ?, ?, ?, ?, ?, ?, ?) where "mic_core"."winery_region"."region_id" = ?]; ERROR: null value in column "region_alt_id" violates not-null constraint
  Detail: Failing row contains (100, null, null, Champagne, Simplified, Traditional, This is a test value, null, t, google.com, 1435).
	at org.jooq.impl.Tools.translate(Tools.java:1690)
	at org.jooq.impl.DefaultExecuteContext.sqlException(DefaultExecuteContext.java:660)
	at org.jooq.impl.AbstractQuery.execute(AbstractQuery.java:354)
	at org.jooq.impl.AbstractDelegatingQuery.execute(AbstractDelegatingQuery.java:133)
	at myicellar.api.admin.handler.WineryRegionHandlerUpdate.lambda$handle$105(WineryRegionHandlerUpdate.java:46)
	at ratpack.exec.Promise.lambda$null$12(Promise.java:323)
	at ratpack.exec.Blocking$1.lambda$get$0(Blocking.java:70)
	at ratpack.exec.Blocking.intercept(Blocking.java:241)
	at ratpack.exec.Blocking.access$000(Blocking.java:35)
	at ratpack.exec.Blocking$1.get(Blocking.java:68)
	at ratpack.exec.Blocking$1.get(Blocking.java:61)
	at java.util.concurrent.CompletableFuture$AsyncSupply.run(CompletableFuture.java:1590)
	at java.util.concurrent.ThreadPoolExecutor.runWorker(ThreadPoolExecutor.java:1142)
	at java.util.concurrent.ThreadPoolExecutor$Worker.run(ThreadPoolExecutor.java:617)
	at ratpack.exec.internal.DefaultExecController$ExecControllerBindingThreadFactory.lambda$newThread$0(DefaultExecController.java:113)
	at io.netty.util.concurrent.DefaultThreadFactory$DefaultRunnableDecorator.run(DefaultThreadFactory.java:137)
	at java.lang.Thread.run(Thread.java:745)
Caused by: org.postgresql.util.PSQLException: ERROR: null value in column "region_alt_id" violates not-null constraint
  Detail: Failing row contains (100, null, null, Champagne, Simplified, Traditional, This is a test value, null, t, google.com, 1435).
	at org.postgresql.core.v3.QueryExecutorImpl.receiveErrorResponse(QueryExecutorImpl.java:2182)
	at org.postgresql.core.v3.QueryExecutorImpl.processResults(QueryExecutorImpl.java:1911)
	at org.postgresql.core.v3.QueryExecutorImpl.execute(QueryExecutorImpl.java:173)
	at org.postgresql.jdbc.PgStatement.execute(PgStatement.java:622)
	at org.postgresql.jdbc.PgStatement.executeWithFlags(PgStatement.java:472)
	at org.postgresql.jdbc.PgStatement.execute(PgStatement.java:465)
	at com.zaxxer.hikari.proxy.PreparedStatementProxy.execute(PreparedStatementProxy.java:44)
	at com.zaxxer.hikari.proxy.PreparedStatementJavassistProxy.execute(PreparedStatementJavassistProxy.java)
	at org.jooq.tools.jdbc.DefaultPreparedStatement.execute(DefaultPreparedStatement.java:194)
	at org.jooq.impl.AbstractQuery.execute(AbstractQuery.java:408)
	at org.jooq.impl.AbstractDMLQuery.execute(AbstractDMLQuery.java:284)
	at org.jooq.impl.AbstractQuery.execute(AbstractQuery.java:340)
	... 14 common frames omitted
16:04:43.630 - ERRserver(SQL [update "mic_core"."winery_region" set ("is_valid", "region_alt_id", "country_id", "region_name_eng", "region_name_cht", "region_name_chs", "note", "seo_url") = (?, ?, ?, ?, ?, ?, ?, ?) where "mic_core"."winery_region"."region_id" = ?]; ERROR: null value in column "region_alt_id" violates not-null constraint
  Detail: Failing row contains (100, null, null, Champagne, Simplified, Traditional, This is a test value, null, t, google.com, 1435). %%% ERROR: null value in column "region_alt_id" violates not-null constraint
  Detail: Failing row contains (100, null, null, Champagne, Simplified, Traditional, This is a test value, null, t, google.com, 1435).) REQUEST Received = (0:0:0:0:0:0:0:1)(/1/eng/a/WineryRegion/Update) [HTTP/1.1][POST] {0:0:0:0:0:0:0:1}<<<HEADER>>>{Host=[localhost:8888], Connection=[keep-alive], Content-Length=[301], Origin=[null], User-Agent=[Mozilla/5.0 (Macintosh; Intel Mac OS X 10_10_5) AppleWebKit/537.36 (KHTML, like Gecko) Chrome/48.0.2564.109 Safari/537.36], Content-type=[application/json], Accept=[*/*], Accept-Encoding=[gzip, deflate], Accept-Language=[en-US,en;q=0.8]}
org.jooq.exception.DataAccessException: SQL [update "mic_core"."winery_region" set ("is_valid", "region_alt_id", "country_id", "region_name_eng", "region_name_cht", "region_name_chs", "note", "seo_url") = (?, ?, ?, ?, ?, ?, ?, ?) where "mic_core"."winery_region"."region_id" = ?]; ERROR: null value in column "region_alt_id" violates not-null constraint
  Detail: Failing row contains (100, null, null, Champagne, Simplified, Traditional, This is a test value, null, t, google.com, 1435).
	at org.jooq.impl.Tools.translate(Tools.java:1690)
	at org.jooq.impl.DefaultExecuteContext.sqlException(DefaultExecuteContext.java:660)
	at org.jooq.impl.AbstractQuery.execute(AbstractQuery.java:354)
	at org.jooq.impl.AbstractDelegatingQuery.execute(AbstractDelegatingQuery.java:133)
	at myicellar.api.admin.handler.WineryRegionHandlerUpdate.lambda$handle$105(WineryRegionHandlerUpdate.java:46)
	at ratpack.exec.Promise.lambda$null$12(Promise.java:323)
	at ratpack.exec.Blocking$1.lambda$get$0(Blocking.java:70)
	at ratpack.exec.Blocking.intercept(Blocking.java:241)
	at ratpack.exec.Blocking.access$000(Blocking.java:35)
	at ratpack.exec.Blocking$1.get(Blocking.java:68)
	at ratpack.exec.Blocking$1.get(Blocking.java:61)
	at java.util.concurrent.CompletableFuture$AsyncSupply.run(CompletableFuture.java:1590)
	at java.util.concurrent.ThreadPoolExecutor.runWorker(ThreadPoolExecutor.java:1142)
	at java.util.concurrent.ThreadPoolExecutor$Worker.run(ThreadPoolExecutor.java:617)
	at ratpack.exec.internal.DefaultExecController$ExecControllerBindingThreadFactory.lambda$newThread$0(DefaultExecController.java:113)
	at io.netty.util.concurrent.DefaultThreadFactory$DefaultRunnableDecorator.run(DefaultThreadFactory.java:137)
	at java.lang.Thread.run(Thread.java:745)
Caused by: org.postgresql.util.PSQLException: ERROR: null value in column "region_alt_id" violates not-null constraint
  Detail: Failing row contains (100, null, null, Champagne, Simplified, Traditional, This is a test value, null, t, google.com, 1435).
	at org.postgresql.core.v3.QueryExecutorImpl.receiveErrorResponse(QueryExecutorImpl.java:2182)
	at org.postgresql.core.v3.QueryExecutorImpl.processResults(QueryExecutorImpl.java:1911)
	at org.postgresql.core.v3.QueryExecutorImpl.execute(QueryExecutorImpl.java:173)
	at org.postgresql.jdbc.PgStatement.execute(PgStatement.java:622)
	at org.postgresql.jdbc.PgStatement.executeWithFlags(PgStatement.java:472)
	at org.postgresql.jdbc.PgStatement.execute(PgStatement.java:465)
	at com.zaxxer.hikari.proxy.PreparedStatementProxy.execute(PreparedStatementProxy.java:44)
	at com.zaxxer.hikari.proxy.PreparedStatementJavassistProxy.execute(PreparedStatementJavassistProxy.java)
	at org.jooq.tools.jdbc.DefaultPreparedStatement.execute(DefaultPreparedStatement.java:194)
	at org.jooq.impl.AbstractQuery.execute(AbstractQuery.java:408)
	at org.jooq.impl.AbstractDMLQuery.execute(AbstractDMLQuery.java:284)
	at org.jooq.impl.AbstractQuery.execute(AbstractQuery.java:340)
	... 14 common frames omitted
16:05:32.062 - ERRserver(SQL [update "mic_core"."winery_region" set ("is_valid", "region_alt_id", "country_id", "region_name_eng", "region_name_cht", "region_name_chs", "note", "seo_url") = (?, ?, ?, ?, ?, ?, ?, ?) where "mic_core"."winery_region"."region_id" = ?]; ERROR: null value in column "region_alt_id" violates not-null constraint
  Detail: Failing row contains (100, null, null, Champagne, Simplified, Traditional, test, null, t, google.com, 1435). %%% ERROR: null value in column "region_alt_id" violates not-null constraint
  Detail: Failing row contains (100, null, null, Champagne, Simplified, Traditional, test, null, t, google.com, 1435).) REQUEST Received = (0:0:0:0:0:0:0:1)(/1/eng/a/WineryRegion/Update) [HTTP/1.1][POST] {0:0:0:0:0:0:0:1}<<<HEADER>>>{Host=[localhost:8888], Connection=[keep-alive], Content-Length=[285], Origin=[null], User-Agent=[Mozilla/5.0 (Macintosh; Intel Mac OS X 10_10_5) AppleWebKit/537.36 (KHTML, like Gecko) Chrome/48.0.2564.109 Safari/537.36], Content-type=[application/json], Accept=[*/*], Accept-Encoding=[gzip, deflate], Accept-Language=[en-US,en;q=0.8]}
org.jooq.exception.DataAccessException: SQL [update "mic_core"."winery_region" set ("is_valid", "region_alt_id", "country_id", "region_name_eng", "region_name_cht", "region_name_chs", "note", "seo_url") = (?, ?, ?, ?, ?, ?, ?, ?) where "mic_core"."winery_region"."region_id" = ?]; ERROR: null value in column "region_alt_id" violates not-null constraint
  Detail: Failing row contains (100, null, null, Champagne, Simplified, Traditional, test, null, t, google.com, 1435).
	at org.jooq.impl.Tools.translate(Tools.java:1690)
	at org.jooq.impl.DefaultExecuteContext.sqlException(DefaultExecuteContext.java:660)
	at org.jooq.impl.AbstractQuery.execute(AbstractQuery.java:354)
	at org.jooq.impl.AbstractDelegatingQuery.execute(AbstractDelegatingQuery.java:133)
	at myicellar.api.admin.handler.WineryRegionHandlerUpdate.lambda$handle$105(WineryRegionHandlerUpdate.java:46)
	at ratpack.exec.Promise.lambda$null$12(Promise.java:323)
	at ratpack.exec.Blocking$1.lambda$get$0(Blocking.java:70)
	at ratpack.exec.Blocking.intercept(Blocking.java:241)
	at ratpack.exec.Blocking.access$000(Blocking.java:35)
	at ratpack.exec.Blocking$1.get(Blocking.java:68)
	at ratpack.exec.Blocking$1.get(Blocking.java:61)
	at java.util.concurrent.CompletableFuture$AsyncSupply.run(CompletableFuture.java:1590)
	at java.util.concurrent.ThreadPoolExecutor.runWorker(ThreadPoolExecutor.java:1142)
	at java.util.concurrent.ThreadPoolExecutor$Worker.run(ThreadPoolExecutor.java:617)
	at ratpack.exec.internal.DefaultExecController$ExecControllerBindingThreadFactory.lambda$newThread$0(DefaultExecController.java:113)
	at io.netty.util.concurrent.DefaultThreadFactory$DefaultRunnableDecorator.run(DefaultThreadFactory.java:137)
	at java.lang.Thread.run(Thread.java:745)
Caused by: org.postgresql.util.PSQLException: ERROR: null value in column "region_alt_id" violates not-null constraint
  Detail: Failing row contains (100, null, null, Champagne, Simplified, Traditional, test, null, t, google.com, 1435).
	at org.postgresql.core.v3.QueryExecutorImpl.receiveErrorResponse(QueryExecutorImpl.java:2182)
	at org.postgresql.core.v3.QueryExecutorImpl.processResults(QueryExecutorImpl.java:1911)
	at org.postgresql.core.v3.QueryExecutorImpl.execute(QueryExecutorImpl.java:173)
	at org.postgresql.jdbc.PgStatement.execute(PgStatement.java:622)
	at org.postgresql.jdbc.PgStatement.executeWithFlags(PgStatement.java:472)
	at org.postgresql.jdbc.PgStatement.execute(PgStatement.java:465)
	at com.zaxxer.hikari.proxy.PreparedStatementProxy.execute(PreparedStatementProxy.java:44)
	at com.zaxxer.hikari.proxy.PreparedStatementJavassistProxy.execute(PreparedStatementJavassistProxy.java)
	at org.jooq.tools.jdbc.DefaultPreparedStatement.execute(DefaultPreparedStatement.java:194)
	at org.jooq.impl.AbstractQuery.execute(AbstractQuery.java:408)
	at org.jooq.impl.AbstractDMLQuery.execute(AbstractDMLQuery.java:284)
	at org.jooq.impl.AbstractQuery.execute(AbstractQuery.java:340)
	... 14 common frames omitted
16:05:50.243 - ERRserver(SQL [update "mic_core"."winery_region" set ("is_valid", "region_alt_id", "country_id", "region_name_eng", "region_name_cht", "region_name_chs", "note", "seo_url") = (?, ?, ?, ?, ?, ?, ?, ?) where "mic_core"."winery_region"."region_id" = ?]; ERROR: null value in column "region_alt_id" violates not-null constraint
  Detail: Failing row contains (100, null, null, Champagne, Simplified, Traditional, test, null, f, google.com, 1435). %%% ERROR: null value in column "region_alt_id" violates not-null constraint
  Detail: Failing row contains (100, null, null, Champagne, Simplified, Traditional, test, null, f, google.com, 1435).) REQUEST Received = (0:0:0:0:0:0:0:1)(/1/eng/a/WineryRegion/Update) [HTTP/1.1][POST] {0:0:0:0:0:0:0:1}<<<HEADER>>>{Host=[localhost:8888], Connection=[keep-alive], Content-Length=[286], Origin=[null], User-Agent=[Mozilla/5.0 (Macintosh; Intel Mac OS X 10_10_5) AppleWebKit/537.36 (KHTML, like Gecko) Chrome/48.0.2564.109 Safari/537.36], Content-type=[application/json], Accept=[*/*], Accept-Encoding=[gzip, deflate], Accept-Language=[en-US,en;q=0.8]}
org.jooq.exception.DataAccessException: SQL [update "mic_core"."winery_region" set ("is_valid", "region_alt_id", "country_id", "region_name_eng", "region_name_cht", "region_name_chs", "note", "seo_url") = (?, ?, ?, ?, ?, ?, ?, ?) where "mic_core"."winery_region"."region_id" = ?]; ERROR: null value in column "region_alt_id" violates not-null constraint
  Detail: Failing row contains (100, null, null, Champagne, Simplified, Traditional, test, null, f, google.com, 1435).
	at org.jooq.impl.Tools.translate(Tools.java:1690)
	at org.jooq.impl.DefaultExecuteContext.sqlException(DefaultExecuteContext.java:660)
	at org.jooq.impl.AbstractQuery.execute(AbstractQuery.java:354)
	at org.jooq.impl.AbstractDelegatingQuery.execute(AbstractDelegatingQuery.java:133)
	at myicellar.api.admin.handler.WineryRegionHandlerUpdate.lambda$handle$105(WineryRegionHandlerUpdate.java:46)
	at ratpack.exec.Promise.lambda$null$12(Promise.java:323)
	at ratpack.exec.Blocking$1.lambda$get$0(Blocking.java:70)
	at ratpack.exec.Blocking.intercept(Blocking.java:241)
	at ratpack.exec.Blocking.access$000(Blocking.java:35)
	at ratpack.exec.Blocking$1.get(Blocking.java:68)
	at ratpack.exec.Blocking$1.get(Blocking.java:61)
	at java.util.concurrent.CompletableFuture$AsyncSupply.run(CompletableFuture.java:1590)
	at java.util.concurrent.ThreadPoolExecutor.runWorker(ThreadPoolExecutor.java:1142)
	at java.util.concurrent.ThreadPoolExecutor$Worker.run(ThreadPoolExecutor.java:617)
	at ratpack.exec.internal.DefaultExecController$ExecControllerBindingThreadFactory.lambda$newThread$0(DefaultExecController.java:113)
	at io.netty.util.concurrent.DefaultThreadFactory$DefaultRunnableDecorator.run(DefaultThreadFactory.java:137)
	at java.lang.Thread.run(Thread.java:745)
Caused by: org.postgresql.util.PSQLException: ERROR: null value in column "region_alt_id" violates not-null constraint
  Detail: Failing row contains (100, null, null, Champagne, Simplified, Traditional, test, null, f, google.com, 1435).
	at org.postgresql.core.v3.QueryExecutorImpl.receiveErrorResponse(QueryExecutorImpl.java:2182)
	at org.postgresql.core.v3.QueryExecutorImpl.processResults(QueryExecutorImpl.java:1911)
	at org.postgresql.core.v3.QueryExecutorImpl.execute(QueryExecutorImpl.java:173)
	at org.postgresql.jdbc.PgStatement.execute(PgStatement.java:622)
	at org.postgresql.jdbc.PgStatement.executeWithFlags(PgStatement.java:472)
	at org.postgresql.jdbc.PgStatement.execute(PgStatement.java:465)
	at com.zaxxer.hikari.proxy.PreparedStatementProxy.execute(PreparedStatementProxy.java:44)
	at com.zaxxer.hikari.proxy.PreparedStatementJavassistProxy.execute(PreparedStatementJavassistProxy.java)
	at org.jooq.tools.jdbc.DefaultPreparedStatement.execute(DefaultPreparedStatement.java:194)
	at org.jooq.impl.AbstractQuery.execute(AbstractQuery.java:408)
	at org.jooq.impl.AbstractDMLQuery.execute(AbstractDMLQuery.java:284)
	at org.jooq.impl.AbstractQuery.execute(AbstractQuery.java:340)
	... 14 common frames omitted
16:12:24.634 - ERRserver(SQL [update "mic_core"."winery_region" set ("is_valid", "region_alt_id", "country_id", "region_name_eng", "region_name_cht", "region_name_chs", "note", "seo_url") = (?, ?, ?, ?, ?, ?, ?, ?) where "mic_core"."winery_region"."region_id" = ?]; ERROR: null value in column "region_alt_id" violates not-null constraint
  Detail: Failing row contains (100, null, null, , , , , null, t, , 1435). %%% ERROR: null value in column "region_alt_id" violates not-null constraint
  Detail: Failing row contains (100, null, null, , , , , null, t, , 1435).) REQUEST Received = (0:0:0:0:0:0:0:1)(/1/eng/a/WineryRegion/Update) [HTTP/1.1][POST] {0:0:0:0:0:0:0:1}<<<HEADER>>>{Host=[localhost:8888], Connection=[keep-alive], Content-Length=[241], Origin=[null], User-Agent=[Mozilla/5.0 (Macintosh; Intel Mac OS X 10_10_5) AppleWebKit/537.36 (KHTML, like Gecko) Chrome/48.0.2564.109 Safari/537.36], Content-type=[application/json], Accept=[*/*], Accept-Encoding=[gzip, deflate], Accept-Language=[en-US,en;q=0.8]}
org.jooq.exception.DataAccessException: SQL [update "mic_core"."winery_region" set ("is_valid", "region_alt_id", "country_id", "region_name_eng", "region_name_cht", "region_name_chs", "note", "seo_url") = (?, ?, ?, ?, ?, ?, ?, ?) where "mic_core"."winery_region"."region_id" = ?]; ERROR: null value in column "region_alt_id" violates not-null constraint
  Detail: Failing row contains (100, null, null, , , , , null, t, , 1435).
	at org.jooq.impl.Tools.translate(Tools.java:1690)
	at org.jooq.impl.DefaultExecuteContext.sqlException(DefaultExecuteContext.java:660)
	at org.jooq.impl.AbstractQuery.execute(AbstractQuery.java:354)
	at org.jooq.impl.AbstractDelegatingQuery.execute(AbstractDelegatingQuery.java:133)
	at myicellar.api.admin.handler.WineryRegionHandlerUpdate.lambda$handle$105(WineryRegionHandlerUpdate.java:46)
	at ratpack.exec.Promise.lambda$null$12(Promise.java:323)
	at ratpack.exec.Blocking$1.lambda$get$0(Blocking.java:70)
	at ratpack.exec.Blocking.intercept(Blocking.java:241)
	at ratpack.exec.Blocking.access$000(Blocking.java:35)
	at ratpack.exec.Blocking$1.get(Blocking.java:68)
	at ratpack.exec.Blocking$1.get(Blocking.java:61)
	at java.util.concurrent.CompletableFuture$AsyncSupply.run(CompletableFuture.java:1590)
	at java.util.concurrent.ThreadPoolExecutor.runWorker(ThreadPoolExecutor.java:1142)
	at java.util.concurrent.ThreadPoolExecutor$Worker.run(ThreadPoolExecutor.java:617)
	at ratpack.exec.internal.DefaultExecController$ExecControllerBindingThreadFactory.lambda$newThread$0(DefaultExecController.java:113)
	at io.netty.util.concurrent.DefaultThreadFactory$DefaultRunnableDecorator.run(DefaultThreadFactory.java:137)
	at java.lang.Thread.run(Thread.java:745)
Caused by: org.postgresql.util.PSQLException: ERROR: null value in column "region_alt_id" violates not-null constraint
  Detail: Failing row contains (100, null, null, , , , , null, t, , 1435).
	at org.postgresql.core.v3.QueryExecutorImpl.receiveErrorResponse(QueryExecutorImpl.java:2182)
	at org.postgresql.core.v3.QueryExecutorImpl.processResults(QueryExecutorImpl.java:1911)
	at org.postgresql.core.v3.QueryExecutorImpl.execute(QueryExecutorImpl.java:173)
	at org.postgresql.jdbc.PgStatement.execute(PgStatement.java:622)
	at org.postgresql.jdbc.PgStatement.executeWithFlags(PgStatement.java:472)
	at org.postgresql.jdbc.PgStatement.execute(PgStatement.java:465)
	at com.zaxxer.hikari.proxy.PreparedStatementProxy.execute(PreparedStatementProxy.java:44)
	at com.zaxxer.hikari.proxy.PreparedStatementJavassistProxy.execute(PreparedStatementJavassistProxy.java)
	at org.jooq.tools.jdbc.DefaultPreparedStatement.execute(DefaultPreparedStatement.java:194)
	at org.jooq.impl.AbstractQuery.execute(AbstractQuery.java:408)
	at org.jooq.impl.AbstractDMLQuery.execute(AbstractDMLQuery.java:284)
	at org.jooq.impl.AbstractQuery.execute(AbstractQuery.java:340)
	... 14 common frames omitted
