12:20:29.645 - ERRserver(Expect {content : WineryRegionCountryJoin} %%% Instantiation of [simple type, class myicellar.jooq.pojos.WineryRegionCountryJoin] value failed: argument type mismatch) REQUEST Received = (0:0:0:0:0:0:0:1)(/1/eng/b/Winery/Query) [HTTP/1.1][POST] {0:0:0:0:0:0:0:1}<<<HEADER>>>{Host=[localhost:8888], Connection=[keep-alive], Content-Length=[524], Cache-Control=[no-cache], Origin=[chrome-extension://fhbjgbiflinjbdggehcddcbncdddomop], Content-Type=[application/json], User-Agent=[Mozilla/5.0 (Macintosh; Intel Mac OS X 10_10_5) AppleWebKit/537.36 (KHTML, like Gecko) Chrome/48.0.2564.109 Safari/537.36], Postman-Token=[0b4a3d2f-874d-41eb-1fca-0553046893c7], Accept=[*/*], Accept-Encoding=[gzip, deflate], Accept-Language=[en-US,en;q=0.8]}
java.lang.RuntimeException: Expect {content : WineryRegionCountryJoin}
	at myicellar.api.admin.util.MicRequUtil.parseRequCntnObj(MicRequUtil.java:49)
	at myicellar.api.admin.handler.JoinWineryHandler.lambda$handle$0(JoinWineryHandler.java:46)
	at ratpack.exec.Promise.lambda$null$9(Promise.java:303)
	at ratpack.exec.Downstream$1.success(Downstream.java:73)
	at ratpack.exec.Promise.lambda$null$9(Promise.java:304)
	at ratpack.exec.Downstream$1.success(Downstream.java:73)
	at ratpack.exec.Promise.lambda$null$9(Promise.java:304)
	at ratpack.exec.Downstream$1.success(Downstream.java:73)
	at ratpack.exec.internal.DefaultExecution$2.lambda$success$1(DefaultExecution.java:161)
	at ratpack.exec.internal.DefaultExecution$SingleEventExecStream.exec(DefaultExecution.java:419)
	at ratpack.exec.internal.DefaultExecution.exec(DefaultExecution.java:248)
	at ratpack.exec.internal.DefaultExecution.intercept(DefaultExecution.java:240)
	at ratpack.exec.internal.DefaultExecution.drain(DefaultExecution.java:220)
	at ratpack.exec.internal.DefaultExecution.<init>(DefaultExecution.java:96)
	at ratpack.exec.internal.DefaultExecController$1.lambda$start$0(DefaultExecController.java:172)
	at io.netty.util.concurrent.PromiseTask.run(PromiseTask.java:73)
	at io.netty.util.concurrent.SingleThreadEventExecutor.runAllTasks(SingleThreadEventExecutor.java:339)
	at io.netty.channel.nio.NioEventLoop.run(NioEventLoop.java:356)
	at io.netty.util.concurrent.SingleThreadEventExecutor$5.run(SingleThreadEventExecutor.java:742)
	at ratpack.exec.internal.DefaultExecController$ExecControllerBindingThreadFactory.lambda$newThread$0(DefaultExecController.java:113)
	at io.netty.util.concurrent.DefaultThreadFactory$DefaultRunnableDecorator.run(DefaultThreadFactory.java:137)
	at java.lang.Thread.run(Thread.java:745)
Caused by: com.fasterxml.jackson.databind.JsonMappingException: Instantiation of [simple type, class myicellar.jooq.pojos.WineryRegionCountryJoin] value failed: argument type mismatch
	at com.fasterxml.jackson.databind.deser.std.StdValueInstantiator.wrapException(StdValueInstantiator.java:399)
	at com.fasterxml.jackson.databind.deser.std.StdValueInstantiator.createFromObjectWith(StdValueInstantiator.java:231)
	at com.fasterxml.jackson.databind.deser.impl.PropertyBasedCreator.build(PropertyBasedCreator.java:135)
	at com.fasterxml.jackson.databind.deser.BeanDeserializer._deserializeUsingPropertyBased(BeanDeserializer.java:440)
	at com.fasterxml.jackson.databind.deser.BeanDeserializerBase.deserializeFromObjectUsingNonDefault(BeanDeserializerBase.java:1099)
	at com.fasterxml.jackson.databind.deser.BeanDeserializer.deserializeFromObject(BeanDeserializer.java:294)
	at com.fasterxml.jackson.databind.deser.BeanDeserializer.deserialize(BeanDeserializer.java:131)
	at com.fasterxml.jackson.databind.ObjectReader._bindAndClose(ObjectReader.java:1511)
	at com.fasterxml.jackson.databind.ObjectReader.readValue(ObjectReader.java:1216)
	at myicellar.api.admin.util.MicRequUtil.parseRequCntnObj(MicRequUtil.java:47)
	... 21 common frames omitted
Caused by: java.lang.IllegalArgumentException: argument type mismatch
	at sun.reflect.NativeConstructorAccessorImpl.newInstance0(Native Method)
	at sun.reflect.NativeConstructorAccessorImpl.newInstance(NativeConstructorAccessorImpl.java:62)
	at sun.reflect.DelegatingConstructorAccessorImpl.newInstance(DelegatingConstructorAccessorImpl.java:45)
	at java.lang.reflect.Constructor.newInstance(Constructor.java:422)
	at com.fasterxml.jackson.databind.introspect.AnnotatedConstructor.call(AnnotatedConstructor.java:125)
	at com.fasterxml.jackson.databind.deser.std.StdValueInstantiator.createFromObjectWith(StdValueInstantiator.java:227)
	... 29 common frames omitted
12:25:44.312 - ERRserver(Expect {content : WineryRegionCountryJoin} %%% Instantiation of [simple type, class myicellar.jooq.pojos.WineryRegionCountryJoin] value failed: argument type mismatch) REQUEST Received = (0:0:0:0:0:0:0:1)(/1/eng/b/Winery/Query) [HTTP/1.1][POST] {0:0:0:0:0:0:0:1}<<<HEADER>>>{Host=[localhost:8888], Connection=[keep-alive], Content-Length=[395], Cache-Control=[no-cache], Origin=[chrome-extension://fhbjgbiflinjbdggehcddcbncdddomop], Content-Type=[application/json], User-Agent=[Mozilla/5.0 (Macintosh; Intel Mac OS X 10_10_5) AppleWebKit/537.36 (KHTML, like Gecko) Chrome/48.0.2564.109 Safari/537.36], Postman-Token=[af8c37b2-3c63-8578-42fa-e28dca9e0238], Accept=[*/*], Accept-Encoding=[gzip, deflate], Accept-Language=[en-US,en;q=0.8]}
java.lang.RuntimeException: Expect {content : WineryRegionCountryJoin}
	at myicellar.api.admin.util.MicRequUtil.parseRequCntnObj(MicRequUtil.java:49)
	at myicellar.api.admin.handler.JoinWineryHandler.lambda$handle$0(JoinWineryHandler.java:46)
	at ratpack.exec.Promise.lambda$null$9(Promise.java:303)
	at ratpack.exec.Downstream$1.success(Downstream.java:73)
	at ratpack.exec.Promise.lambda$null$9(Promise.java:304)
	at ratpack.exec.Downstream$1.success(Downstream.java:73)
	at ratpack.exec.Promise.lambda$null$9(Promise.java:304)
	at ratpack.exec.Downstream$1.success(Downstream.java:73)
	at ratpack.exec.internal.DefaultExecution$2.lambda$success$1(DefaultExecution.java:161)
	at ratpack.exec.internal.DefaultExecution$SingleEventExecStream.exec(DefaultExecution.java:419)
	at ratpack.exec.internal.DefaultExecution.exec(DefaultExecution.java:248)
	at ratpack.exec.internal.DefaultExecution.intercept(DefaultExecution.java:240)
	at ratpack.exec.internal.DefaultExecution.drain(DefaultExecution.java:220)
	at ratpack.exec.internal.DefaultExecution.<init>(DefaultExecution.java:96)
	at ratpack.exec.internal.DefaultExecController$1.lambda$start$0(DefaultExecController.java:172)
	at io.netty.util.concurrent.PromiseTask.run(PromiseTask.java:73)
	at io.netty.util.concurrent.SingleThreadEventExecutor.runAllTasks(SingleThreadEventExecutor.java:339)
	at io.netty.channel.nio.NioEventLoop.run(NioEventLoop.java:356)
	at io.netty.util.concurrent.SingleThreadEventExecutor$5.run(SingleThreadEventExecutor.java:742)
	at ratpack.exec.internal.DefaultExecController$ExecControllerBindingThreadFactory.lambda$newThread$0(DefaultExecController.java:113)
	at io.netty.util.concurrent.DefaultThreadFactory$DefaultRunnableDecorator.run(DefaultThreadFactory.java:137)
	at java.lang.Thread.run(Thread.java:745)
Caused by: com.fasterxml.jackson.databind.JsonMappingException: Instantiation of [simple type, class myicellar.jooq.pojos.WineryRegionCountryJoin] value failed: argument type mismatch
	at com.fasterxml.jackson.databind.deser.std.StdValueInstantiator.wrapException(StdValueInstantiator.java:399)
	at com.fasterxml.jackson.databind.deser.std.StdValueInstantiator.createFromObjectWith(StdValueInstantiator.java:231)
	at com.fasterxml.jackson.databind.deser.impl.PropertyBasedCreator.build(PropertyBasedCreator.java:135)
	at com.fasterxml.jackson.databind.deser.BeanDeserializer._deserializeUsingPropertyBased(BeanDeserializer.java:381)
	at com.fasterxml.jackson.databind.deser.BeanDeserializerBase.deserializeFromObjectUsingNonDefault(BeanDeserializerBase.java:1099)
	at com.fasterxml.jackson.databind.deser.BeanDeserializer.deserializeFromObject(BeanDeserializer.java:294)
	at com.fasterxml.jackson.databind.deser.BeanDeserializer.deserialize(BeanDeserializer.java:131)
	at com.fasterxml.jackson.databind.ObjectReader._bindAndClose(ObjectReader.java:1511)
	at com.fasterxml.jackson.databind.ObjectReader.readValue(ObjectReader.java:1216)
	at myicellar.api.admin.util.MicRequUtil.parseRequCntnObj(MicRequUtil.java:47)
	... 21 common frames omitted
Caused by: java.lang.IllegalArgumentException: argument type mismatch
	at sun.reflect.NativeConstructorAccessorImpl.newInstance0(Native Method)
	at sun.reflect.NativeConstructorAccessorImpl.newInstance(NativeConstructorAccessorImpl.java:62)
	at sun.reflect.DelegatingConstructorAccessorImpl.newInstance(DelegatingConstructorAccessorImpl.java:45)
	at java.lang.reflect.Constructor.newInstance(Constructor.java:422)
	at com.fasterxml.jackson.databind.introspect.AnnotatedConstructor.call(AnnotatedConstructor.java:125)
	at com.fasterxml.jackson.databind.deser.std.StdValueInstantiator.createFromObjectWith(StdValueInstantiator.java:227)
	... 29 common frames omitted
12:25:59.647 - ERRserver(Expect {content : WineryRegionCountryJoin} %%% Instantiation of [simple type, class myicellar.jooq.pojos.WineryRegionCountryJoin] value failed: argument type mismatch) REQUEST Received = (0:0:0:0:0:0:0:1)(/1/eng/b/Winery/Query) [HTTP/1.1][POST] {0:0:0:0:0:0:0:1}<<<HEADER>>>{Host=[localhost:8888], Connection=[keep-alive], Content-Length=[395], Cache-Control=[no-cache], Origin=[chrome-extension://fhbjgbiflinjbdggehcddcbncdddomop], Content-Type=[application/json], User-Agent=[Mozilla/5.0 (Macintosh; Intel Mac OS X 10_10_5) AppleWebKit/537.36 (KHTML, like Gecko) Chrome/48.0.2564.109 Safari/537.36], Postman-Token=[844d28ea-068d-8d0e-a6a4-b60fe24a5847], Accept=[*/*], Accept-Encoding=[gzip, deflate], Accept-Language=[en-US,en;q=0.8]}
java.lang.RuntimeException: Expect {content : WineryRegionCountryJoin}
	at myicellar.api.admin.util.MicRequUtil.parseRequCntnObj(MicRequUtil.java:49)
	at myicellar.api.admin.handler.JoinWineryHandler.lambda$handle$0(JoinWineryHandler.java:46)
	at ratpack.exec.Promise.lambda$null$9(Promise.java:303)
	at ratpack.exec.Downstream$1.success(Downstream.java:73)
	at ratpack.exec.Promise.lambda$null$9(Promise.java:304)
	at ratpack.exec.Downstream$1.success(Downstream.java:73)
	at ratpack.exec.Promise.lambda$null$9(Promise.java:304)
	at ratpack.exec.Downstream$1.success(Downstream.java:73)
	at ratpack.exec.internal.DefaultExecution$2.lambda$success$1(DefaultExecution.java:161)
	at ratpack.exec.internal.DefaultExecution$SingleEventExecStream.exec(DefaultExecution.java:419)
	at ratpack.exec.internal.DefaultExecution.exec(DefaultExecution.java:248)
	at ratpack.exec.internal.DefaultExecution.intercept(DefaultExecution.java:240)
	at ratpack.exec.internal.DefaultExecution.drain(DefaultExecution.java:220)
	at ratpack.exec.internal.DefaultExecution.<init>(DefaultExecution.java:96)
	at ratpack.exec.internal.DefaultExecController$1.lambda$start$0(DefaultExecController.java:172)
	at io.netty.util.concurrent.PromiseTask.run(PromiseTask.java:73)
	at io.netty.util.concurrent.SingleThreadEventExecutor.runAllTasks(SingleThreadEventExecutor.java:339)
	at io.netty.channel.nio.NioEventLoop.run(NioEventLoop.java:356)
	at io.netty.util.concurrent.SingleThreadEventExecutor$5.run(SingleThreadEventExecutor.java:742)
	at ratpack.exec.internal.DefaultExecController$ExecControllerBindingThreadFactory.lambda$newThread$0(DefaultExecController.java:113)
	at io.netty.util.concurrent.DefaultThreadFactory$DefaultRunnableDecorator.run(DefaultThreadFactory.java:137)
	at java.lang.Thread.run(Thread.java:745)
Caused by: com.fasterxml.jackson.databind.JsonMappingException: Instantiation of [simple type, class myicellar.jooq.pojos.WineryRegionCountryJoin] value failed: argument type mismatch
	at com.fasterxml.jackson.databind.deser.std.StdValueInstantiator.wrapException(StdValueInstantiator.java:399)
	at com.fasterxml.jackson.databind.deser.std.StdValueInstantiator.createFromObjectWith(StdValueInstantiator.java:231)
	at com.fasterxml.jackson.databind.deser.impl.PropertyBasedCreator.build(PropertyBasedCreator.java:135)
	at com.fasterxml.jackson.databind.deser.BeanDeserializer._deserializeUsingPropertyBased(BeanDeserializer.java:381)
	at com.fasterxml.jackson.databind.deser.BeanDeserializerBase.deserializeFromObjectUsingNonDefault(BeanDeserializerBase.java:1099)
	at com.fasterxml.jackson.databind.deser.BeanDeserializer.deserializeFromObject(BeanDeserializer.java:294)
	at com.fasterxml.jackson.databind.deser.BeanDeserializer.deserialize(BeanDeserializer.java:131)
	at com.fasterxml.jackson.databind.ObjectReader._bindAndClose(ObjectReader.java:1511)
	at com.fasterxml.jackson.databind.ObjectReader.readValue(ObjectReader.java:1216)
	at myicellar.api.admin.util.MicRequUtil.parseRequCntnObj(MicRequUtil.java:47)
	... 21 common frames omitted
Caused by: java.lang.IllegalArgumentException: argument type mismatch
	at sun.reflect.NativeConstructorAccessorImpl.newInstance0(Native Method)
	at sun.reflect.NativeConstructorAccessorImpl.newInstance(NativeConstructorAccessorImpl.java:62)
	at sun.reflect.DelegatingConstructorAccessorImpl.newInstance(DelegatingConstructorAccessorImpl.java:45)
	at java.lang.reflect.Constructor.newInstance(Constructor.java:422)
	at com.fasterxml.jackson.databind.introspect.AnnotatedConstructor.call(AnnotatedConstructor.java:125)
	at com.fasterxml.jackson.databind.deser.std.StdValueInstantiator.createFromObjectWith(StdValueInstantiator.java:227)
	... 29 common frames omitted
12:29:09.910 - ERRserver(Expect {content : WineryRegionCountryJoin} %%% Instantiation of [simple type, class myicellar.jooq.pojos.WineryRegionCountryJoin] value failed: argument type mismatch) REQUEST Received = (0:0:0:0:0:0:0:1)(/1/eng/b/Winery/Query) [HTTP/1.1][POST] {0:0:0:0:0:0:0:1}<<<HEADER>>>{Host=[localhost:8888], Connection=[keep-alive], Content-Length=[395], Cache-Control=[no-cache], Origin=[chrome-extension://fhbjgbiflinjbdggehcddcbncdddomop], Content-Type=[application/json], User-Agent=[Mozilla/5.0 (Macintosh; Intel Mac OS X 10_10_5) AppleWebKit/537.36 (KHTML, like Gecko) Chrome/48.0.2564.109 Safari/537.36], Postman-Token=[4e5db619-9be8-bfc9-ced9-d1984c3357f8], Accept=[*/*], Accept-Encoding=[gzip, deflate], Accept-Language=[en-US,en;q=0.8]}
java.lang.RuntimeException: Expect {content : WineryRegionCountryJoin}
	at myicellar.api.admin.util.MicRequUtil.parseRequCntnObj(MicRequUtil.java:49)
	at myicellar.api.admin.handler.JoinWineryHandler.lambda$handle$0(JoinWineryHandler.java:46)
	at ratpack.exec.Promise.lambda$null$9(Promise.java:303)
	at ratpack.exec.Downstream$1.success(Downstream.java:73)
	at ratpack.exec.Promise.lambda$null$9(Promise.java:304)
	at ratpack.exec.Downstream$1.success(Downstream.java:73)
	at ratpack.exec.Promise.lambda$null$9(Promise.java:304)
	at ratpack.exec.Downstream$1.success(Downstream.java:73)
	at ratpack.exec.internal.DefaultExecution$2.lambda$success$1(DefaultExecution.java:161)
	at ratpack.exec.internal.DefaultExecution$SingleEventExecStream.exec(DefaultExecution.java:419)
	at ratpack.exec.internal.DefaultExecution.exec(DefaultExecution.java:248)
	at ratpack.exec.internal.DefaultExecution.intercept(DefaultExecution.java:240)
	at ratpack.exec.internal.DefaultExecution.drain(DefaultExecution.java:220)
	at ratpack.exec.internal.DefaultExecution.<init>(DefaultExecution.java:96)
	at ratpack.exec.internal.DefaultExecController$1.lambda$start$0(DefaultExecController.java:172)
	at io.netty.util.concurrent.PromiseTask.run(PromiseTask.java:73)
	at io.netty.util.concurrent.SingleThreadEventExecutor.runAllTasks(SingleThreadEventExecutor.java:339)
	at io.netty.channel.nio.NioEventLoop.run(NioEventLoop.java:356)
	at io.netty.util.concurrent.SingleThreadEventExecutor$5.run(SingleThreadEventExecutor.java:742)
	at ratpack.exec.internal.DefaultExecController$ExecControllerBindingThreadFactory.lambda$newThread$0(DefaultExecController.java:113)
	at io.netty.util.concurrent.DefaultThreadFactory$DefaultRunnableDecorator.run(DefaultThreadFactory.java:137)
	at java.lang.Thread.run(Thread.java:745)
Caused by: com.fasterxml.jackson.databind.JsonMappingException: Instantiation of [simple type, class myicellar.jooq.pojos.WineryRegionCountryJoin] value failed: argument type mismatch
	at com.fasterxml.jackson.databind.deser.std.StdValueInstantiator.wrapException(StdValueInstantiator.java:399)
	at com.fasterxml.jackson.databind.deser.std.StdValueInstantiator.createFromObjectWith(StdValueInstantiator.java:231)
	at com.fasterxml.jackson.databind.deser.impl.PropertyBasedCreator.build(PropertyBasedCreator.java:135)
	at com.fasterxml.jackson.databind.deser.BeanDeserializer._deserializeUsingPropertyBased(BeanDeserializer.java:381)
	at com.fasterxml.jackson.databind.deser.BeanDeserializerBase.deserializeFromObjectUsingNonDefault(BeanDeserializerBase.java:1099)
	at com.fasterxml.jackson.databind.deser.BeanDeserializer.deserializeFromObject(BeanDeserializer.java:294)
	at com.fasterxml.jackson.databind.deser.BeanDeserializer.deserialize(BeanDeserializer.java:131)
	at com.fasterxml.jackson.databind.ObjectReader._bindAndClose(ObjectReader.java:1511)
	at com.fasterxml.jackson.databind.ObjectReader.readValue(ObjectReader.java:1216)
	at myicellar.api.admin.util.MicRequUtil.parseRequCntnObj(MicRequUtil.java:47)
	... 21 common frames omitted
Caused by: java.lang.IllegalArgumentException: argument type mismatch
	at sun.reflect.NativeConstructorAccessorImpl.newInstance0(Native Method)
	at sun.reflect.NativeConstructorAccessorImpl.newInstance(NativeConstructorAccessorImpl.java:62)
	at sun.reflect.DelegatingConstructorAccessorImpl.newInstance(DelegatingConstructorAccessorImpl.java:45)
	at java.lang.reflect.Constructor.newInstance(Constructor.java:422)
	at com.fasterxml.jackson.databind.introspect.AnnotatedConstructor.call(AnnotatedConstructor.java:125)
	at com.fasterxml.jackson.databind.deser.std.StdValueInstantiator.createFromObjectWith(StdValueInstantiator.java:227)
	... 29 common frames omitted
12:33:51.500 - ERRserver(Expect {content : WineryRegionCountryJoin} %%% Instantiation of [simple type, class myicellar.jooq.pojos.WineryRegionCountryJoin] value failed: argument type mismatch) REQUEST Received = (0:0:0:0:0:0:0:1)(/1/eng/b/Winery/Query) [HTTP/1.1][POST] {0:0:0:0:0:0:0:1}<<<HEADER>>>{Host=[localhost:8888], Connection=[keep-alive], Content-Length=[395], Cache-Control=[no-cache], Origin=[chrome-extension://fhbjgbiflinjbdggehcddcbncdddomop], Content-Type=[application/json], User-Agent=[Mozilla/5.0 (Macintosh; Intel Mac OS X 10_10_5) AppleWebKit/537.36 (KHTML, like Gecko) Chrome/48.0.2564.109 Safari/537.36], Postman-Token=[052171a4-b118-2793-acb0-b8ec8ceaa9d0], Accept=[*/*], Accept-Encoding=[gzip, deflate], Accept-Language=[en-US,en;q=0.8]}
java.lang.RuntimeException: Expect {content : WineryRegionCountryJoin}
	at myicellar.api.admin.util.MicRequUtil.parseRequCntnObj(MicRequUtil.java:49)
	at myicellar.api.admin.handler.JoinWineryHandler.lambda$handle$0(JoinWineryHandler.java:46)
	at ratpack.exec.Promise.lambda$null$9(Promise.java:303)
	at ratpack.exec.Downstream$1.success(Downstream.java:73)
	at ratpack.exec.Promise.lambda$null$9(Promise.java:304)
	at ratpack.exec.Downstream$1.success(Downstream.java:73)
	at ratpack.exec.Promise.lambda$null$9(Promise.java:304)
	at ratpack.exec.Downstream$1.success(Downstream.java:73)
	at ratpack.exec.internal.DefaultExecution$2.lambda$success$1(DefaultExecution.java:161)
	at ratpack.exec.internal.DefaultExecution$SingleEventExecStream.exec(DefaultExecution.java:419)
	at ratpack.exec.internal.DefaultExecution.exec(DefaultExecution.java:248)
	at ratpack.exec.internal.DefaultExecution.intercept(DefaultExecution.java:240)
	at ratpack.exec.internal.DefaultExecution.drain(DefaultExecution.java:220)
	at ratpack.exec.internal.DefaultExecution.<init>(DefaultExecution.java:96)
	at ratpack.exec.internal.DefaultExecController$1.lambda$start$0(DefaultExecController.java:172)
	at io.netty.util.concurrent.PromiseTask.run(PromiseTask.java:73)
	at io.netty.util.concurrent.SingleThreadEventExecutor.runAllTasks(SingleThreadEventExecutor.java:339)
	at io.netty.channel.nio.NioEventLoop.run(NioEventLoop.java:356)
	at io.netty.util.concurrent.SingleThreadEventExecutor$5.run(SingleThreadEventExecutor.java:742)
	at ratpack.exec.internal.DefaultExecController$ExecControllerBindingThreadFactory.lambda$newThread$0(DefaultExecController.java:113)
	at io.netty.util.concurrent.DefaultThreadFactory$DefaultRunnableDecorator.run(DefaultThreadFactory.java:137)
	at java.lang.Thread.run(Thread.java:745)
Caused by: com.fasterxml.jackson.databind.JsonMappingException: Instantiation of [simple type, class myicellar.jooq.pojos.WineryRegionCountryJoin] value failed: argument type mismatch
	at com.fasterxml.jackson.databind.deser.std.StdValueInstantiator.wrapException(StdValueInstantiator.java:399)
	at com.fasterxml.jackson.databind.deser.std.StdValueInstantiator.createFromObjectWith(StdValueInstantiator.java:231)
	at com.fasterxml.jackson.databind.deser.impl.PropertyBasedCreator.build(PropertyBasedCreator.java:135)
	at com.fasterxml.jackson.databind.deser.BeanDeserializer._deserializeUsingPropertyBased(BeanDeserializer.java:381)
	at com.fasterxml.jackson.databind.deser.BeanDeserializerBase.deserializeFromObjectUsingNonDefault(BeanDeserializerBase.java:1099)
	at com.fasterxml.jackson.databind.deser.BeanDeserializer.deserializeFromObject(BeanDeserializer.java:294)
	at com.fasterxml.jackson.databind.deser.BeanDeserializer.deserialize(BeanDeserializer.java:131)
	at com.fasterxml.jackson.databind.ObjectReader._bindAndClose(ObjectReader.java:1511)
	at com.fasterxml.jackson.databind.ObjectReader.readValue(ObjectReader.java:1216)
	at myicellar.api.admin.util.MicRequUtil.parseRequCntnObj(MicRequUtil.java:47)
	... 21 common frames omitted
Caused by: java.lang.IllegalArgumentException: argument type mismatch
	at sun.reflect.NativeConstructorAccessorImpl.newInstance0(Native Method)
	at sun.reflect.NativeConstructorAccessorImpl.newInstance(NativeConstructorAccessorImpl.java:62)
	at sun.reflect.DelegatingConstructorAccessorImpl.newInstance(DelegatingConstructorAccessorImpl.java:45)
	at java.lang.reflect.Constructor.newInstance(Constructor.java:422)
	at com.fasterxml.jackson.databind.introspect.AnnotatedConstructor.call(AnnotatedConstructor.java:125)
	at com.fasterxml.jackson.databind.deser.std.StdValueInstantiator.createFromObjectWith(StdValueInstantiator.java:227)
	... 29 common frames omitted
12:41:29.067 - ERRserver(Expect {content : WineryRegionCountryJoin} %%% Instantiation of [simple type, class myicellar.jooq.pojos.WineryRegionCountryJoin] value failed: argument type mismatch) REQUEST Received = (0:0:0:0:0:0:0:1)(/1/eng/b/Winery/Query) [HTTP/1.1][POST] {0:0:0:0:0:0:0:1}<<<HEADER>>>{Host=[localhost:8888], Connection=[keep-alive], Content-Length=[395], Cache-Control=[no-cache], Origin=[chrome-extension://fhbjgbiflinjbdggehcddcbncdddomop], Content-Type=[application/json], User-Agent=[Mozilla/5.0 (Macintosh; Intel Mac OS X 10_10_5) AppleWebKit/537.36 (KHTML, like Gecko) Chrome/48.0.2564.109 Safari/537.36], Postman-Token=[df2f628f-70d8-a256-c736-12abfb118fa7], Accept=[*/*], Accept-Encoding=[gzip, deflate], Accept-Language=[en-US,en;q=0.8]}
java.lang.RuntimeException: Expect {content : WineryRegionCountryJoin}
	at myicellar.api.admin.util.MicRequUtil.parseRequCntnObj(MicRequUtil.java:49)
	at myicellar.api.admin.handler.JoinWineryHandler.lambda$handle$0(JoinWineryHandler.java:46)
	at ratpack.exec.Promise.lambda$null$9(Promise.java:303)
	at ratpack.exec.Downstream$1.success(Downstream.java:73)
	at ratpack.exec.Promise.lambda$null$9(Promise.java:304)
	at ratpack.exec.Downstream$1.success(Downstream.java:73)
	at ratpack.exec.Promise.lambda$null$9(Promise.java:304)
	at ratpack.exec.Downstream$1.success(Downstream.java:73)
	at ratpack.exec.internal.DefaultExecution$2.lambda$success$1(DefaultExecution.java:161)
	at ratpack.exec.internal.DefaultExecution$SingleEventExecStream.exec(DefaultExecution.java:419)
	at ratpack.exec.internal.DefaultExecution.exec(DefaultExecution.java:248)
	at ratpack.exec.internal.DefaultExecution.intercept(DefaultExecution.java:240)
	at ratpack.exec.internal.DefaultExecution.drain(DefaultExecution.java:220)
	at ratpack.exec.internal.DefaultExecution.<init>(DefaultExecution.java:96)
	at ratpack.exec.internal.DefaultExecController$1.lambda$start$0(DefaultExecController.java:172)
	at io.netty.util.concurrent.PromiseTask.run(PromiseTask.java:73)
	at io.netty.util.concurrent.SingleThreadEventExecutor.runAllTasks(SingleThreadEventExecutor.java:339)
	at io.netty.channel.nio.NioEventLoop.run(NioEventLoop.java:356)
	at io.netty.util.concurrent.SingleThreadEventExecutor$5.run(SingleThreadEventExecutor.java:742)
	at ratpack.exec.internal.DefaultExecController$ExecControllerBindingThreadFactory.lambda$newThread$0(DefaultExecController.java:113)
	at io.netty.util.concurrent.DefaultThreadFactory$DefaultRunnableDecorator.run(DefaultThreadFactory.java:137)
	at java.lang.Thread.run(Thread.java:745)
Caused by: com.fasterxml.jackson.databind.JsonMappingException: Instantiation of [simple type, class myicellar.jooq.pojos.WineryRegionCountryJoin] value failed: argument type mismatch
	at com.fasterxml.jackson.databind.deser.std.StdValueInstantiator.wrapException(StdValueInstantiator.java:399)
	at com.fasterxml.jackson.databind.deser.std.StdValueInstantiator.createFromObjectWith(StdValueInstantiator.java:231)
	at com.fasterxml.jackson.databind.deser.impl.PropertyBasedCreator.build(PropertyBasedCreator.java:135)
	at com.fasterxml.jackson.databind.deser.BeanDeserializer._deserializeUsingPropertyBased(BeanDeserializer.java:381)
	at com.fasterxml.jackson.databind.deser.BeanDeserializerBase.deserializeFromObjectUsingNonDefault(BeanDeserializerBase.java:1099)
	at com.fasterxml.jackson.databind.deser.BeanDeserializer.deserializeFromObject(BeanDeserializer.java:294)
	at com.fasterxml.jackson.databind.deser.BeanDeserializer.deserialize(BeanDeserializer.java:131)
	at com.fasterxml.jackson.databind.ObjectReader._bindAndClose(ObjectReader.java:1511)
	at com.fasterxml.jackson.databind.ObjectReader.readValue(ObjectReader.java:1216)
	at myicellar.api.admin.util.MicRequUtil.parseRequCntnObj(MicRequUtil.java:47)
	... 21 common frames omitted
Caused by: java.lang.IllegalArgumentException: argument type mismatch
	at sun.reflect.NativeConstructorAccessorImpl.newInstance0(Native Method)
	at sun.reflect.NativeConstructorAccessorImpl.newInstance(NativeConstructorAccessorImpl.java:62)
	at sun.reflect.DelegatingConstructorAccessorImpl.newInstance(DelegatingConstructorAccessorImpl.java:45)
	at java.lang.reflect.Constructor.newInstance(Constructor.java:422)
	at com.fasterxml.jackson.databind.introspect.AnnotatedConstructor.call(AnnotatedConstructor.java:125)
	at com.fasterxml.jackson.databind.deser.std.StdValueInstantiator.createFromObjectWith(StdValueInstantiator.java:227)
	... 29 common frames omitted
12:41:35.550 - ERRserver(Expect {content : WineryRegionCountryJoin} %%% Instantiation of [simple type, class myicellar.jooq.pojos.WineryRegionCountryJoin] value failed: argument type mismatch) REQUEST Received = (0:0:0:0:0:0:0:1)(/1/eng/b/Winery/Query) [HTTP/1.1][POST] {0:0:0:0:0:0:0:1}<<<HEADER>>>{Host=[localhost:8888], Connection=[keep-alive], Content-Length=[395], Cache-Control=[no-cache], Origin=[chrome-extension://fhbjgbiflinjbdggehcddcbncdddomop], Content-Type=[application/json], User-Agent=[Mozilla/5.0 (Macintosh; Intel Mac OS X 10_10_5) AppleWebKit/537.36 (KHTML, like Gecko) Chrome/48.0.2564.109 Safari/537.36], Postman-Token=[a1afad6a-c002-bc91-2f85-3d0675ab657b], Accept=[*/*], Accept-Encoding=[gzip, deflate], Accept-Language=[en-US,en;q=0.8]}
java.lang.RuntimeException: Expect {content : WineryRegionCountryJoin}
	at myicellar.api.admin.util.MicRequUtil.parseRequCntnObj(MicRequUtil.java:49)
	at myicellar.api.admin.handler.JoinWineryHandler.lambda$handle$0(JoinWineryHandler.java:46)
	at ratpack.exec.Promise.lambda$null$9(Promise.java:303)
	at ratpack.exec.Downstream$1.success(Downstream.java:73)
	at ratpack.exec.Promise.lambda$null$9(Promise.java:304)
	at ratpack.exec.Downstream$1.success(Downstream.java:73)
	at ratpack.exec.Promise.lambda$null$9(Promise.java:304)
	at ratpack.exec.Downstream$1.success(Downstream.java:73)
	at ratpack.exec.internal.DefaultExecution$2.lambda$success$1(DefaultExecution.java:161)
	at ratpack.exec.internal.DefaultExecution$SingleEventExecStream.exec(DefaultExecution.java:419)
	at ratpack.exec.internal.DefaultExecution.exec(DefaultExecution.java:248)
	at ratpack.exec.internal.DefaultExecution.intercept(DefaultExecution.java:240)
	at ratpack.exec.internal.DefaultExecution.drain(DefaultExecution.java:220)
	at ratpack.exec.internal.DefaultExecution.<init>(DefaultExecution.java:96)
	at ratpack.exec.internal.DefaultExecController$1.lambda$start$0(DefaultExecController.java:172)
	at io.netty.util.concurrent.PromiseTask.run(PromiseTask.java:73)
	at io.netty.util.concurrent.SingleThreadEventExecutor.runAllTasks(SingleThreadEventExecutor.java:339)
	at io.netty.channel.nio.NioEventLoop.run(NioEventLoop.java:356)
	at io.netty.util.concurrent.SingleThreadEventExecutor$5.run(SingleThreadEventExecutor.java:742)
	at ratpack.exec.internal.DefaultExecController$ExecControllerBindingThreadFactory.lambda$newThread$0(DefaultExecController.java:113)
	at io.netty.util.concurrent.DefaultThreadFactory$DefaultRunnableDecorator.run(DefaultThreadFactory.java:137)
	at java.lang.Thread.run(Thread.java:745)
Caused by: com.fasterxml.jackson.databind.JsonMappingException: Instantiation of [simple type, class myicellar.jooq.pojos.WineryRegionCountryJoin] value failed: argument type mismatch
	at com.fasterxml.jackson.databind.deser.std.StdValueInstantiator.wrapException(StdValueInstantiator.java:399)
	at com.fasterxml.jackson.databind.deser.std.StdValueInstantiator.createFromObjectWith(StdValueInstantiator.java:231)
	at com.fasterxml.jackson.databind.deser.impl.PropertyBasedCreator.build(PropertyBasedCreator.java:135)
	at com.fasterxml.jackson.databind.deser.BeanDeserializer._deserializeUsingPropertyBased(BeanDeserializer.java:381)
	at com.fasterxml.jackson.databind.deser.BeanDeserializerBase.deserializeFromObjectUsingNonDefault(BeanDeserializerBase.java:1099)
	at com.fasterxml.jackson.databind.deser.BeanDeserializer.deserializeFromObject(BeanDeserializer.java:294)
	at com.fasterxml.jackson.databind.deser.BeanDeserializer.deserialize(BeanDeserializer.java:131)
	at com.fasterxml.jackson.databind.ObjectReader._bindAndClose(ObjectReader.java:1511)
	at com.fasterxml.jackson.databind.ObjectReader.readValue(ObjectReader.java:1216)
	at myicellar.api.admin.util.MicRequUtil.parseRequCntnObj(MicRequUtil.java:47)
	... 21 common frames omitted
Caused by: java.lang.IllegalArgumentException: argument type mismatch
	at sun.reflect.NativeConstructorAccessorImpl.newInstance0(Native Method)
	at sun.reflect.NativeConstructorAccessorImpl.newInstance(NativeConstructorAccessorImpl.java:62)
	at sun.reflect.DelegatingConstructorAccessorImpl.newInstance(DelegatingConstructorAccessorImpl.java:45)
	at java.lang.reflect.Constructor.newInstance(Constructor.java:422)
	at com.fasterxml.jackson.databind.introspect.AnnotatedConstructor.call(AnnotatedConstructor.java:125)
	at com.fasterxml.jackson.databind.deser.std.StdValueInstantiator.createFromObjectWith(StdValueInstantiator.java:227)
	... 29 common frames omitted
12:41:51.896 - ERRserver(Expect {content : WineryRegionCountryJoin} %%% Instantiation of [simple type, class myicellar.jooq.pojos.WineryRegionCountryJoin] value failed: argument type mismatch) REQUEST Received = (0:0:0:0:0:0:0:1)(/1/eng/b/Winery/Query) [HTTP/1.1][POST] {0:0:0:0:0:0:0:1}<<<HEADER>>>{Host=[localhost:8888], Connection=[keep-alive], Content-Length=[395], Cache-Control=[no-cache], Origin=[chrome-extension://fhbjgbiflinjbdggehcddcbncdddomop], Content-Type=[application/json], User-Agent=[Mozilla/5.0 (Macintosh; Intel Mac OS X 10_10_5) AppleWebKit/537.36 (KHTML, like Gecko) Chrome/48.0.2564.109 Safari/537.36], Postman-Token=[0579853a-3fa4-b51f-bed4-6e8316c5dc3f], Accept=[*/*], Accept-Encoding=[gzip, deflate], Accept-Language=[en-US,en;q=0.8]}
java.lang.RuntimeException: Expect {content : WineryRegionCountryJoin}
	at myicellar.api.admin.util.MicRequUtil.parseRequCntnObj(MicRequUtil.java:49)
	at myicellar.api.admin.handler.JoinWineryHandler.lambda$handle$0(JoinWineryHandler.java:46)
	at ratpack.exec.Promise.lambda$null$9(Promise.java:303)
	at ratpack.exec.Downstream$1.success(Downstream.java:73)
	at ratpack.exec.Promise.lambda$null$9(Promise.java:304)
	at ratpack.exec.Downstream$1.success(Downstream.java:73)
	at ratpack.exec.Promise.lambda$null$9(Promise.java:304)
	at ratpack.exec.Downstream$1.success(Downstream.java:73)
	at ratpack.exec.internal.DefaultExecution$2.lambda$success$1(DefaultExecution.java:161)
	at ratpack.exec.internal.DefaultExecution$SingleEventExecStream.exec(DefaultExecution.java:419)
	at ratpack.exec.internal.DefaultExecution.exec(DefaultExecution.java:248)
	at ratpack.exec.internal.DefaultExecution.intercept(DefaultExecution.java:240)
	at ratpack.exec.internal.DefaultExecution.drain(DefaultExecution.java:220)
	at ratpack.exec.internal.DefaultExecution.<init>(DefaultExecution.java:96)
	at ratpack.exec.internal.DefaultExecController$1.lambda$start$0(DefaultExecController.java:172)
	at io.netty.util.concurrent.PromiseTask.run(PromiseTask.java:73)
	at io.netty.util.concurrent.SingleThreadEventExecutor.runAllTasks(SingleThreadEventExecutor.java:339)
	at io.netty.channel.nio.NioEventLoop.run(NioEventLoop.java:356)
	at io.netty.util.concurrent.SingleThreadEventExecutor$5.run(SingleThreadEventExecutor.java:742)
	at ratpack.exec.internal.DefaultExecController$ExecControllerBindingThreadFactory.lambda$newThread$0(DefaultExecController.java:113)
	at io.netty.util.concurrent.DefaultThreadFactory$DefaultRunnableDecorator.run(DefaultThreadFactory.java:137)
	at java.lang.Thread.run(Thread.java:745)
Caused by: com.fasterxml.jackson.databind.JsonMappingException: Instantiation of [simple type, class myicellar.jooq.pojos.WineryRegionCountryJoin] value failed: argument type mismatch
	at com.fasterxml.jackson.databind.deser.std.StdValueInstantiator.wrapException(StdValueInstantiator.java:399)
	at com.fasterxml.jackson.databind.deser.std.StdValueInstantiator.createFromObjectWith(StdValueInstantiator.java:231)
	at com.fasterxml.jackson.databind.deser.impl.PropertyBasedCreator.build(PropertyBasedCreator.java:135)
	at com.fasterxml.jackson.databind.deser.BeanDeserializer._deserializeUsingPropertyBased(BeanDeserializer.java:381)
	at com.fasterxml.jackson.databind.deser.BeanDeserializerBase.deserializeFromObjectUsingNonDefault(BeanDeserializerBase.java:1099)
	at com.fasterxml.jackson.databind.deser.BeanDeserializer.deserializeFromObject(BeanDeserializer.java:294)
	at com.fasterxml.jackson.databind.deser.BeanDeserializer.deserialize(BeanDeserializer.java:131)
	at com.fasterxml.jackson.databind.ObjectReader._bindAndClose(ObjectReader.java:1511)
	at com.fasterxml.jackson.databind.ObjectReader.readValue(ObjectReader.java:1216)
	at myicellar.api.admin.util.MicRequUtil.parseRequCntnObj(MicRequUtil.java:47)
	... 21 common frames omitted
Caused by: java.lang.IllegalArgumentException: argument type mismatch
	at sun.reflect.NativeConstructorAccessorImpl.newInstance0(Native Method)
	at sun.reflect.NativeConstructorAccessorImpl.newInstance(NativeConstructorAccessorImpl.java:62)
	at sun.reflect.DelegatingConstructorAccessorImpl.newInstance(DelegatingConstructorAccessorImpl.java:45)
	at java.lang.reflect.Constructor.newInstance(Constructor.java:422)
	at com.fasterxml.jackson.databind.introspect.AnnotatedConstructor.call(AnnotatedConstructor.java:125)
	at com.fasterxml.jackson.databind.deser.std.StdValueInstantiator.createFromObjectWith(StdValueInstantiator.java:227)
	... 29 common frames omitted
12:44:38.933 - ERRserver(Expect {content : WineryRegionCountryJoin} %%% Instantiation of [simple type, class myicellar.jooq.pojos.WineryRegionCountryJoin] value failed: argument type mismatch) REQUEST Received = (0:0:0:0:0:0:0:1)(/1/eng/b/Winery/Query) [HTTP/1.1][POST] {0:0:0:0:0:0:0:1}<<<HEADER>>>{Host=[localhost:8888], Connection=[keep-alive], Content-Length=[395], Cache-Control=[no-cache], Origin=[chrome-extension://fhbjgbiflinjbdggehcddcbncdddomop], Content-Type=[application/json], User-Agent=[Mozilla/5.0 (Macintosh; Intel Mac OS X 10_10_5) AppleWebKit/537.36 (KHTML, like Gecko) Chrome/48.0.2564.109 Safari/537.36], Postman-Token=[a773b1e9-a493-6bb7-48b6-c30d03324125], Accept=[*/*], Accept-Encoding=[gzip, deflate], Accept-Language=[en-US,en;q=0.8]}
java.lang.RuntimeException: Expect {content : WineryRegionCountryJoin}
	at myicellar.api.admin.util.MicRequUtil.parseRequCntnObj(MicRequUtil.java:49)
	at myicellar.api.admin.handler.JoinWineryHandler.lambda$handle$0(JoinWineryHandler.java:46)
	at ratpack.exec.Promise.lambda$null$9(Promise.java:303)
	at ratpack.exec.Downstream$1.success(Downstream.java:73)
	at ratpack.exec.Promise.lambda$null$9(Promise.java:304)
	at ratpack.exec.Downstream$1.success(Downstream.java:73)
	at ratpack.exec.Promise.lambda$null$9(Promise.java:304)
	at ratpack.exec.Downstream$1.success(Downstream.java:73)
	at ratpack.exec.internal.DefaultExecution$2.lambda$success$1(DefaultExecution.java:161)
	at ratpack.exec.internal.DefaultExecution$SingleEventExecStream.exec(DefaultExecution.java:419)
	at ratpack.exec.internal.DefaultExecution.exec(DefaultExecution.java:248)
	at ratpack.exec.internal.DefaultExecution.intercept(DefaultExecution.java:240)
	at ratpack.exec.internal.DefaultExecution.drain(DefaultExecution.java:220)
	at ratpack.exec.internal.DefaultExecution.<init>(DefaultExecution.java:96)
	at ratpack.exec.internal.DefaultExecController$1.lambda$start$0(DefaultExecController.java:172)
	at io.netty.util.concurrent.PromiseTask.run(PromiseTask.java:73)
	at io.netty.util.concurrent.SingleThreadEventExecutor.runAllTasks(SingleThreadEventExecutor.java:339)
	at io.netty.channel.nio.NioEventLoop.run(NioEventLoop.java:356)
	at io.netty.util.concurrent.SingleThreadEventExecutor$5.run(SingleThreadEventExecutor.java:742)
	at ratpack.exec.internal.DefaultExecController$ExecControllerBindingThreadFactory.lambda$newThread$0(DefaultExecController.java:113)
	at io.netty.util.concurrent.DefaultThreadFactory$DefaultRunnableDecorator.run(DefaultThreadFactory.java:137)
	at java.lang.Thread.run(Thread.java:745)
Caused by: com.fasterxml.jackson.databind.JsonMappingException: Instantiation of [simple type, class myicellar.jooq.pojos.WineryRegionCountryJoin] value failed: argument type mismatch
	at com.fasterxml.jackson.databind.deser.std.StdValueInstantiator.wrapException(StdValueInstantiator.java:399)
	at com.fasterxml.jackson.databind.deser.std.StdValueInstantiator.createFromObjectWith(StdValueInstantiator.java:231)
	at com.fasterxml.jackson.databind.deser.impl.PropertyBasedCreator.build(PropertyBasedCreator.java:135)
	at com.fasterxml.jackson.databind.deser.BeanDeserializer._deserializeUsingPropertyBased(BeanDeserializer.java:381)
	at com.fasterxml.jackson.databind.deser.BeanDeserializerBase.deserializeFromObjectUsingNonDefault(BeanDeserializerBase.java:1099)
	at com.fasterxml.jackson.databind.deser.BeanDeserializer.deserializeFromObject(BeanDeserializer.java:294)
	at com.fasterxml.jackson.databind.deser.BeanDeserializer.deserialize(BeanDeserializer.java:131)
	at com.fasterxml.jackson.databind.ObjectReader._bindAndClose(ObjectReader.java:1511)
	at com.fasterxml.jackson.databind.ObjectReader.readValue(ObjectReader.java:1216)
	at myicellar.api.admin.util.MicRequUtil.parseRequCntnObj(MicRequUtil.java:47)
	... 21 common frames omitted
Caused by: java.lang.IllegalArgumentException: argument type mismatch
	at sun.reflect.NativeConstructorAccessorImpl.newInstance0(Native Method)
	at sun.reflect.NativeConstructorAccessorImpl.newInstance(NativeConstructorAccessorImpl.java:62)
	at sun.reflect.DelegatingConstructorAccessorImpl.newInstance(DelegatingConstructorAccessorImpl.java:45)
	at java.lang.reflect.Constructor.newInstance(Constructor.java:422)
	at com.fasterxml.jackson.databind.introspect.AnnotatedConstructor.call(AnnotatedConstructor.java:125)
	at com.fasterxml.jackson.databind.deser.std.StdValueInstantiator.createFromObjectWith(StdValueInstantiator.java:227)
	... 29 common frames omitted
12:53:01.679 - ERRserver(Expect {content : WineryRegionCountryJoin} %%% Instantiation of [simple type, class myicellar.jooq.pojos.WineryRegionCountryJoin] value failed: argument type mismatch) REQUEST Received = (0:0:0:0:0:0:0:1)(/1/eng/b/Winery/Query) [HTTP/1.1][POST] {0:0:0:0:0:0:0:1}<<<HEADER>>>{Host=[localhost:8888], Connection=[keep-alive], Content-Length=[395], Cache-Control=[no-cache], Origin=[chrome-extension://fhbjgbiflinjbdggehcddcbncdddomop], Content-Type=[application/json], User-Agent=[Mozilla/5.0 (Macintosh; Intel Mac OS X 10_10_5) AppleWebKit/537.36 (KHTML, like Gecko) Chrome/48.0.2564.109 Safari/537.36], Postman-Token=[d1bc57b9-06c8-bae0-f6eb-5cc8343ed75c], Accept=[*/*], Accept-Encoding=[gzip, deflate], Accept-Language=[en-US,en;q=0.8]}
java.lang.RuntimeException: Expect {content : WineryRegionCountryJoin}
	at myicellar.api.admin.util.MicRequUtil.parseRequCntnObj(MicRequUtil.java:49)
	at myicellar.api.admin.handler.JoinWineryHandler.lambda$handle$0(JoinWineryHandler.java:46)
	at ratpack.exec.Promise.lambda$null$9(Promise.java:303)
	at ratpack.exec.Downstream$1.success(Downstream.java:73)
	at ratpack.exec.Promise.lambda$null$9(Promise.java:304)
	at ratpack.exec.Downstream$1.success(Downstream.java:73)
	at ratpack.exec.Promise.lambda$null$9(Promise.java:304)
	at ratpack.exec.Downstream$1.success(Downstream.java:73)
	at ratpack.exec.internal.DefaultExecution$2.lambda$success$1(DefaultExecution.java:161)
	at ratpack.exec.internal.DefaultExecution$SingleEventExecStream.exec(DefaultExecution.java:419)
	at ratpack.exec.internal.DefaultExecution.exec(DefaultExecution.java:248)
	at ratpack.exec.internal.DefaultExecution.intercept(DefaultExecution.java:240)
	at ratpack.exec.internal.DefaultExecution.drain(DefaultExecution.java:220)
	at ratpack.exec.internal.DefaultExecution.<init>(DefaultExecution.java:96)
	at ratpack.exec.internal.DefaultExecController$1.lambda$start$0(DefaultExecController.java:172)
	at io.netty.util.concurrent.PromiseTask.run(PromiseTask.java:73)
	at io.netty.util.concurrent.SingleThreadEventExecutor.runAllTasks(SingleThreadEventExecutor.java:339)
	at io.netty.channel.nio.NioEventLoop.run(NioEventLoop.java:356)
	at io.netty.util.concurrent.SingleThreadEventExecutor$5.run(SingleThreadEventExecutor.java:742)
	at ratpack.exec.internal.DefaultExecController$ExecControllerBindingThreadFactory.lambda$newThread$0(DefaultExecController.java:113)
	at io.netty.util.concurrent.DefaultThreadFactory$DefaultRunnableDecorator.run(DefaultThreadFactory.java:137)
	at java.lang.Thread.run(Thread.java:745)
Caused by: com.fasterxml.jackson.databind.JsonMappingException: Instantiation of [simple type, class myicellar.jooq.pojos.WineryRegionCountryJoin] value failed: argument type mismatch
	at com.fasterxml.jackson.databind.deser.std.StdValueInstantiator.wrapException(StdValueInstantiator.java:399)
	at com.fasterxml.jackson.databind.deser.std.StdValueInstantiator.createFromObjectWith(StdValueInstantiator.java:231)
	at com.fasterxml.jackson.databind.deser.impl.PropertyBasedCreator.build(PropertyBasedCreator.java:135)
	at com.fasterxml.jackson.databind.deser.BeanDeserializer._deserializeUsingPropertyBased(BeanDeserializer.java:381)
	at com.fasterxml.jackson.databind.deser.BeanDeserializerBase.deserializeFromObjectUsingNonDefault(BeanDeserializerBase.java:1099)
	at com.fasterxml.jackson.databind.deser.BeanDeserializer.deserializeFromObject(BeanDeserializer.java:294)
	at com.fasterxml.jackson.databind.deser.BeanDeserializer.deserialize(BeanDeserializer.java:131)
	at com.fasterxml.jackson.databind.ObjectReader._bindAndClose(ObjectReader.java:1511)
	at com.fasterxml.jackson.databind.ObjectReader.readValue(ObjectReader.java:1216)
	at myicellar.api.admin.util.MicRequUtil.parseRequCntnObj(MicRequUtil.java:47)
	... 21 common frames omitted
Caused by: java.lang.IllegalArgumentException: argument type mismatch
	at sun.reflect.NativeConstructorAccessorImpl.newInstance0(Native Method)
	at sun.reflect.NativeConstructorAccessorImpl.newInstance(NativeConstructorAccessorImpl.java:62)
	at sun.reflect.DelegatingConstructorAccessorImpl.newInstance(DelegatingConstructorAccessorImpl.java:45)
	at java.lang.reflect.Constructor.newInstance(Constructor.java:422)
	at com.fasterxml.jackson.databind.introspect.AnnotatedConstructor.call(AnnotatedConstructor.java:125)
	at com.fasterxml.jackson.databind.deser.std.StdValueInstantiator.createFromObjectWith(StdValueInstantiator.java:227)
	... 29 common frames omitted
14:19:10.195 - ERRserver(Expect {content : WineryRegionCountryJoin} %%% Instantiation of [simple type, class myicellar.jooq.pojos.WineryRegionCountryJoin] value failed: argument type mismatch) REQUEST Received = (0:0:0:0:0:0:0:1)(/1/eng/b/Winery/Query) [HTTP/1.1][POST] {0:0:0:0:0:0:0:1}<<<HEADER>>>{Host=[localhost:8888], Connection=[keep-alive], Content-Length=[395], Cache-Control=[no-cache], Origin=[chrome-extension://fhbjgbiflinjbdggehcddcbncdddomop], Content-Type=[application/json], User-Agent=[Mozilla/5.0 (Macintosh; Intel Mac OS X 10_10_5) AppleWebKit/537.36 (KHTML, like Gecko) Chrome/48.0.2564.109 Safari/537.36], Postman-Token=[2d777988-54f2-5bcf-f055-849600f2afa8], Accept=[*/*], Accept-Encoding=[gzip, deflate], Accept-Language=[en-US,en;q=0.8]}
java.lang.RuntimeException: Expect {content : WineryRegionCountryJoin}
	at myicellar.api.admin.util.MicRequUtil.parseRequCntnObj(MicRequUtil.java:49)
	at myicellar.api.admin.handler.JoinWineryHandler.lambda$handle$0(JoinWineryHandler.java:46)
	at ratpack.exec.Promise.lambda$null$9(Promise.java:303)
	at ratpack.exec.Downstream$1.success(Downstream.java:73)
	at ratpack.exec.Promise.lambda$null$9(Promise.java:304)
	at ratpack.exec.Downstream$1.success(Downstream.java:73)
	at ratpack.exec.Promise.lambda$null$9(Promise.java:304)
	at ratpack.exec.Downstream$1.success(Downstream.java:73)
	at ratpack.exec.internal.DefaultExecution$2.lambda$success$1(DefaultExecution.java:161)
	at ratpack.exec.internal.DefaultExecution$SingleEventExecStream.exec(DefaultExecution.java:419)
	at ratpack.exec.internal.DefaultExecution.exec(DefaultExecution.java:248)
	at ratpack.exec.internal.DefaultExecution.intercept(DefaultExecution.java:240)
	at ratpack.exec.internal.DefaultExecution.drain(DefaultExecution.java:220)
	at ratpack.exec.internal.DefaultExecution.<init>(DefaultExecution.java:96)
	at ratpack.exec.internal.DefaultExecController$1.lambda$start$0(DefaultExecController.java:172)
	at io.netty.util.concurrent.PromiseTask.run(PromiseTask.java:73)
	at io.netty.util.concurrent.SingleThreadEventExecutor.runAllTasks(SingleThreadEventExecutor.java:339)
	at io.netty.channel.nio.NioEventLoop.run(NioEventLoop.java:356)
	at io.netty.util.concurrent.SingleThreadEventExecutor$5.run(SingleThreadEventExecutor.java:742)
	at ratpack.exec.internal.DefaultExecController$ExecControllerBindingThreadFactory.lambda$newThread$0(DefaultExecController.java:113)
	at io.netty.util.concurrent.DefaultThreadFactory$DefaultRunnableDecorator.run(DefaultThreadFactory.java:137)
	at java.lang.Thread.run(Thread.java:745)
Caused by: com.fasterxml.jackson.databind.JsonMappingException: Instantiation of [simple type, class myicellar.jooq.pojos.WineryRegionCountryJoin] value failed: argument type mismatch
	at com.fasterxml.jackson.databind.deser.std.StdValueInstantiator.wrapException(StdValueInstantiator.java:399)
	at com.fasterxml.jackson.databind.deser.std.StdValueInstantiator.createFromObjectWith(StdValueInstantiator.java:231)
	at com.fasterxml.jackson.databind.deser.impl.PropertyBasedCreator.build(PropertyBasedCreator.java:135)
	at com.fasterxml.jackson.databind.deser.BeanDeserializer._deserializeUsingPropertyBased(BeanDeserializer.java:381)
	at com.fasterxml.jackson.databind.deser.BeanDeserializerBase.deserializeFromObjectUsingNonDefault(BeanDeserializerBase.java:1099)
	at com.fasterxml.jackson.databind.deser.BeanDeserializer.deserializeFromObject(BeanDeserializer.java:294)
	at com.fasterxml.jackson.databind.deser.BeanDeserializer.deserialize(BeanDeserializer.java:131)
	at com.fasterxml.jackson.databind.ObjectReader._bindAndClose(ObjectReader.java:1511)
	at com.fasterxml.jackson.databind.ObjectReader.readValue(ObjectReader.java:1216)
	at myicellar.api.admin.util.MicRequUtil.parseRequCntnObj(MicRequUtil.java:47)
	... 21 common frames omitted
Caused by: java.lang.IllegalArgumentException: argument type mismatch
	at sun.reflect.NativeConstructorAccessorImpl.newInstance0(Native Method)
	at sun.reflect.NativeConstructorAccessorImpl.newInstance(NativeConstructorAccessorImpl.java:62)
	at sun.reflect.DelegatingConstructorAccessorImpl.newInstance(DelegatingConstructorAccessorImpl.java:45)
	at java.lang.reflect.Constructor.newInstance(Constructor.java:422)
	at com.fasterxml.jackson.databind.introspect.AnnotatedConstructor.call(AnnotatedConstructor.java:125)
	at com.fasterxml.jackson.databind.deser.std.StdValueInstantiator.createFromObjectWith(StdValueInstantiator.java:227)
	... 29 common frames omitted
14:35:37.420 - ERRserver(Expect {content : WineryRegionCountryJoin} %%% Unrecognized field "randomBS" (class myicellar.jooq.pojos.WineryRegionCountryJoin), not marked as ignorable (8 known properties: "isValid", "wineryNameEng", "wineryNameCht", "wineryNameUsr", "wineryId", "countryNameEng", "regionNameEng", "wineryNameChs"])
 at [Source: N/A; line: -1, column: -1] (through reference chain: myicellar.jooq.pojos.WineryRegionCountryJoin["randomBS"])) REQUEST Received = (0:0:0:0:0:0:0:1)(/1/eng/b/Winery/Query) [HTTP/1.1][POST] {0:0:0:0:0:0:0:1}<<<HEADER>>>{Host=[localhost:8888], Connection=[keep-alive], Content-Length=[417], Cache-Control=[no-cache], Origin=[chrome-extension://fhbjgbiflinjbdggehcddcbncdddomop], Content-Type=[application/json], User-Agent=[Mozilla/5.0 (Macintosh; Intel Mac OS X 10_10_5) AppleWebKit/537.36 (KHTML, like Gecko) Chrome/48.0.2564.109 Safari/537.36], Postman-Token=[4afd2152-2c46-a811-3b17-4dbae3c9b48e], Accept=[*/*], Accept-Encoding=[gzip, deflate], Accept-Language=[en-US,en;q=0.8]}
java.lang.RuntimeException: Expect {content : WineryRegionCountryJoin}
	at myicellar.api.admin.util.MicRequUtil.parseRequCntnObj(MicRequUtil.java:49)
	at myicellar.api.admin.handler.JoinWineryHandler.lambda$handle$0(JoinWineryHandler.java:46)
	at ratpack.exec.Promise.lambda$null$9(Promise.java:303)
	at ratpack.exec.Downstream$1.success(Downstream.java:73)
	at ratpack.exec.Promise.lambda$null$9(Promise.java:304)
	at ratpack.exec.Downstream$1.success(Downstream.java:73)
	at ratpack.exec.Promise.lambda$null$9(Promise.java:304)
	at ratpack.exec.Downstream$1.success(Downstream.java:73)
	at ratpack.exec.internal.DefaultExecution$2.lambda$success$1(DefaultExecution.java:161)
	at ratpack.exec.internal.DefaultExecution$SingleEventExecStream.exec(DefaultExecution.java:419)
	at ratpack.exec.internal.DefaultExecution.exec(DefaultExecution.java:248)
	at ratpack.exec.internal.DefaultExecution.intercept(DefaultExecution.java:240)
	at ratpack.exec.internal.DefaultExecution.drain(DefaultExecution.java:220)
	at ratpack.exec.internal.DefaultExecution.<init>(DefaultExecution.java:96)
	at ratpack.exec.internal.DefaultExecController$1.lambda$start$0(DefaultExecController.java:172)
	at io.netty.util.concurrent.PromiseTask.run(PromiseTask.java:73)
	at io.netty.util.concurrent.SingleThreadEventExecutor.runAllTasks(SingleThreadEventExecutor.java:339)
	at io.netty.channel.nio.NioEventLoop.run(NioEventLoop.java:356)
	at io.netty.util.concurrent.SingleThreadEventExecutor$5.run(SingleThreadEventExecutor.java:742)
	at ratpack.exec.internal.DefaultExecController$ExecControllerBindingThreadFactory.lambda$newThread$0(DefaultExecController.java:113)
	at io.netty.util.concurrent.DefaultThreadFactory$DefaultRunnableDecorator.run(DefaultThreadFactory.java:137)
	at java.lang.Thread.run(Thread.java:745)
Caused by: com.fasterxml.jackson.databind.exc.UnrecognizedPropertyException: Unrecognized field "randomBS" (class myicellar.jooq.pojos.WineryRegionCountryJoin), not marked as ignorable (8 known properties: "isValid", "wineryNameEng", "wineryNameCht", "wineryNameUsr", "wineryId", "countryNameEng", "regionNameEng", "wineryNameChs"])
 at [Source: N/A; line: -1, column: -1] (through reference chain: myicellar.jooq.pojos.WineryRegionCountryJoin["randomBS"])
	at com.fasterxml.jackson.databind.exc.UnrecognizedPropertyException.from(UnrecognizedPropertyException.java:51)
	at com.fasterxml.jackson.databind.DeserializationContext.reportUnknownProperty(DeserializationContext.java:836)
	at com.fasterxml.jackson.databind.deser.std.StdDeserializer.handleUnknownProperty(StdDeserializer.java:1045)
	at com.fasterxml.jackson.databind.deser.BeanDeserializerBase.handleUnknownProperty(BeanDeserializerBase.java:1352)
	at com.fasterxml.jackson.databind.deser.BeanDeserializerBase.handleUnknownProperties(BeanDeserializerBase.java:1306)
	at com.fasterxml.jackson.databind.deser.BeanDeserializer._deserializeUsingPropertyBased(BeanDeserializer.java:397)
	at com.fasterxml.jackson.databind.deser.BeanDeserializerBase.deserializeFromObjectUsingNonDefault(BeanDeserializerBase.java:1099)
	at com.fasterxml.jackson.databind.deser.BeanDeserializer.deserializeFromObject(BeanDeserializer.java:294)
	at com.fasterxml.jackson.databind.deser.BeanDeserializer.deserialize(BeanDeserializer.java:131)
	at com.fasterxml.jackson.databind.ObjectReader._bindAndClose(ObjectReader.java:1511)
	at com.fasterxml.jackson.databind.ObjectReader.readValue(ObjectReader.java:1216)
	at myicellar.api.admin.util.MicRequUtil.parseRequCntnObj(MicRequUtil.java:47)
	... 21 common frames omitted
14:37:17.122 - ERRserver(SQL [select "mic_core"."winery"."winery_id", "mic_core"."winery"."is_valid", "mic_core"."winery"."winery_name_usr", "mic_core"."winery"."winery_name_eng", "mic_core"."winery"."winery_name_chs", "mic_core"."winery"."winery_name_cht", "mic_core"."winery_region"."region_name_eng", "mic_core"."winery_country"."country_name_eng" from "mic_core"."winery" join "mic_core"."winery_region" on "mic_core"."winery"."region_id" = "mic_core"."winery_region"."region_id"]; ERROR: missing FROM-clause entry for table "winery_country"
  Position: 275 %%% ERROR: missing FROM-clause entry for table "winery_country"
  Position: 275) REQUEST Received = (0:0:0:0:0:0:0:1)(/1/eng/b/Winery/Query) [HTTP/1.1][POST] {0:0:0:0:0:0:0:1}<<<HEADER>>>{Host=[localhost:8888], Connection=[keep-alive], Content-Length=[395], Cache-Control=[no-cache], Origin=[chrome-extension://fhbjgbiflinjbdggehcddcbncdddomop], Content-Type=[application/json], User-Agent=[Mozilla/5.0 (Macintosh; Intel Mac OS X 10_10_5) AppleWebKit/537.36 (KHTML, like Gecko) Chrome/48.0.2564.109 Safari/537.36], Postman-Token=[d7b76d9d-df97-3573-e3b6-8551a4a664ca], Accept=[*/*], Accept-Encoding=[gzip, deflate], Accept-Language=[en-US,en;q=0.8]}
org.jooq.exception.DataAccessException: SQL [select "mic_core"."winery"."winery_id", "mic_core"."winery"."is_valid", "mic_core"."winery"."winery_name_usr", "mic_core"."winery"."winery_name_eng", "mic_core"."winery"."winery_name_chs", "mic_core"."winery"."winery_name_cht", "mic_core"."winery_region"."region_name_eng", "mic_core"."winery_country"."country_name_eng" from "mic_core"."winery" join "mic_core"."winery_region" on "mic_core"."winery"."region_id" = "mic_core"."winery_region"."region_id"]; ERROR: missing FROM-clause entry for table "winery_country"
  Position: 275
	at org.jooq.impl.Utils.translate(Utils.java:1690)
	at org.jooq.impl.DefaultExecuteContext.sqlException(DefaultExecuteContext.java:660)
	at org.jooq.impl.AbstractQuery.execute(AbstractQuery.java:356)
	at org.jooq.impl.AbstractResultQuery.fetch(AbstractResultQuery.java:305)
	at org.jooq.impl.SelectImpl.fetch(SelectImpl.java:2577)
	at myicellar.api.admin.handler.JoinWineryHandler.lambda$handle$1(JoinWineryHandler.java:57)
	at ratpack.exec.Promise.lambda$null$12(Promise.java:323)
	at ratpack.exec.Blocking$1.lambda$get$0(Blocking.java:70)
	at ratpack.exec.Blocking.intercept(Blocking.java:241)
	at ratpack.exec.Blocking.access$000(Blocking.java:35)
	at ratpack.exec.Blocking$1.get(Blocking.java:68)
	at ratpack.exec.Blocking$1.get(Blocking.java:61)
	at java.util.concurrent.CompletableFuture$AsyncSupply.run(CompletableFuture.java:1590)
	at java.util.concurrent.ThreadPoolExecutor.runWorker(ThreadPoolExecutor.java:1142)
	at java.util.concurrent.ThreadPoolExecutor$Worker.run(ThreadPoolExecutor.java:617)
	at ratpack.exec.internal.DefaultExecController$ExecControllerBindingThreadFactory.lambda$newThread$0(DefaultExecController.java:113)
	at io.netty.util.concurrent.DefaultThreadFactory$DefaultRunnableDecorator.run(DefaultThreadFactory.java:137)
	at java.lang.Thread.run(Thread.java:745)
Caused by: org.postgresql.util.PSQLException: ERROR: missing FROM-clause entry for table "winery_country"
  Position: 275
	at org.postgresql.core.v3.QueryExecutorImpl.receiveErrorResponse(QueryExecutorImpl.java:2182)
	at org.postgresql.core.v3.QueryExecutorImpl.processResults(QueryExecutorImpl.java:1911)
	at org.postgresql.core.v3.QueryExecutorImpl.execute(QueryExecutorImpl.java:173)
	at org.postgresql.jdbc.PgStatement.execute(PgStatement.java:622)
	at org.postgresql.jdbc.PgStatement.executeWithFlags(PgStatement.java:472)
	at org.postgresql.jdbc.PgStatement.execute(PgStatement.java:465)
	at com.zaxxer.hikari.proxy.PreparedStatementProxy.execute(PreparedStatementProxy.java:44)
	at com.zaxxer.hikari.proxy.PreparedStatementJavassistProxy.execute(PreparedStatementJavassistProxy.java)
	at org.jooq.tools.jdbc.DefaultPreparedStatement.execute(DefaultPreparedStatement.java:194)
	at org.jooq.impl.AbstractResultQuery.execute(AbstractResultQuery.java:262)
	at org.jooq.impl.AbstractQuery.execute(AbstractQuery.java:342)
	... 15 common frames omitted
14:55:22.990 - ERRserver(SQL [select "mic_core"."winery"."winery_id", "mic_core"."winery"."is_valid", "mic_core"."winery"."winery_name_usr", "mic_core"."winery"."winery_name_eng", "mic_core"."winery"."winery_name_chs", "mic_core"."winery"."winery_name_cht", "mic_core"."winery_region"."region_name_eng", "mic_core"."winery_country"."country_name_eng" from "mic_core"."winery", "mic_core"."winery_region", "mic_core"."winery_country" join "mic_core"."winery_region" on "mic_core"."winery"."region_id" = "mic_core"."winery_region"."region_id" join "mic_core"."winery_country" on "mic_core"."winery_region"."country_id" = "mic_core"."winery_country"."country_id"]; ERROR: invalid reference to FROM-clause entry for table "winery"
  Hint: There is an entry for table "winery", but it cannot be referenced from this part of the query.
  Position: 439 %%% ERROR: invalid reference to FROM-clause entry for table "winery"
  Hint: There is an entry for table "winery", but it cannot be referenced from this part of the query.
  Position: 439) REQUEST Received = (0:0:0:0:0:0:0:1)(/1/eng/b/Winery/Query) [HTTP/1.1][POST] {0:0:0:0:0:0:0:1}<<<HEADER>>>{Host=[localhost:8888], Connection=[keep-alive], Content-Length=[395], Cache-Control=[no-cache], Origin=[chrome-extension://fhbjgbiflinjbdggehcddcbncdddomop], Content-Type=[application/json], User-Agent=[Mozilla/5.0 (Macintosh; Intel Mac OS X 10_10_5) AppleWebKit/537.36 (KHTML, like Gecko) Chrome/48.0.2564.109 Safari/537.36], Postman-Token=[b9266db5-a651-03ca-0a8d-4c73f188ed78], Accept=[*/*], Accept-Encoding=[gzip, deflate], Accept-Language=[en-US,en;q=0.8]}
org.jooq.exception.DataAccessException: SQL [select "mic_core"."winery"."winery_id", "mic_core"."winery"."is_valid", "mic_core"."winery"."winery_name_usr", "mic_core"."winery"."winery_name_eng", "mic_core"."winery"."winery_name_chs", "mic_core"."winery"."winery_name_cht", "mic_core"."winery_region"."region_name_eng", "mic_core"."winery_country"."country_name_eng" from "mic_core"."winery", "mic_core"."winery_region", "mic_core"."winery_country" join "mic_core"."winery_region" on "mic_core"."winery"."region_id" = "mic_core"."winery_region"."region_id" join "mic_core"."winery_country" on "mic_core"."winery_region"."country_id" = "mic_core"."winery_country"."country_id"]; ERROR: invalid reference to FROM-clause entry for table "winery"
  Hint: There is an entry for table "winery", but it cannot be referenced from this part of the query.
  Position: 439
	at org.jooq.impl.Utils.translate(Utils.java:1690)
	at org.jooq.impl.DefaultExecuteContext.sqlException(DefaultExecuteContext.java:660)
	at org.jooq.impl.AbstractQuery.execute(AbstractQuery.java:356)
	at org.jooq.impl.AbstractResultQuery.fetch(AbstractResultQuery.java:305)
	at org.jooq.impl.SelectImpl.fetch(SelectImpl.java:2577)
	at myicellar.api.admin.handler.JoinWineryHandler.lambda$handle$1(JoinWineryHandler.java:57)
	at ratpack.exec.Promise.lambda$null$12(Promise.java:323)
	at ratpack.exec.Blocking$1.lambda$get$0(Blocking.java:70)
	at ratpack.exec.Blocking.intercept(Blocking.java:241)
	at ratpack.exec.Blocking.access$000(Blocking.java:35)
	at ratpack.exec.Blocking$1.get(Blocking.java:68)
	at ratpack.exec.Blocking$1.get(Blocking.java:61)
	at java.util.concurrent.CompletableFuture$AsyncSupply.run(CompletableFuture.java:1590)
	at java.util.concurrent.ThreadPoolExecutor.runWorker(ThreadPoolExecutor.java:1142)
	at java.util.concurrent.ThreadPoolExecutor$Worker.run(ThreadPoolExecutor.java:617)
	at ratpack.exec.internal.DefaultExecController$ExecControllerBindingThreadFactory.lambda$newThread$0(DefaultExecController.java:113)
	at io.netty.util.concurrent.DefaultThreadFactory$DefaultRunnableDecorator.run(DefaultThreadFactory.java:137)
	at java.lang.Thread.run(Thread.java:745)
Caused by: org.postgresql.util.PSQLException: ERROR: invalid reference to FROM-clause entry for table "winery"
  Hint: There is an entry for table "winery", but it cannot be referenced from this part of the query.
  Position: 439
	at org.postgresql.core.v3.QueryExecutorImpl.receiveErrorResponse(QueryExecutorImpl.java:2182)
	at org.postgresql.core.v3.QueryExecutorImpl.processResults(QueryExecutorImpl.java:1911)
	at org.postgresql.core.v3.QueryExecutorImpl.execute(QueryExecutorImpl.java:173)
	at org.postgresql.jdbc.PgStatement.execute(PgStatement.java:622)
	at org.postgresql.jdbc.PgStatement.executeWithFlags(PgStatement.java:472)
	at org.postgresql.jdbc.PgStatement.execute(PgStatement.java:465)
	at com.zaxxer.hikari.proxy.PreparedStatementProxy.execute(PreparedStatementProxy.java:44)
	at com.zaxxer.hikari.proxy.PreparedStatementJavassistProxy.execute(PreparedStatementJavassistProxy.java)
	at org.jooq.tools.jdbc.DefaultPreparedStatement.execute(DefaultPreparedStatement.java:194)
	at org.jooq.impl.AbstractResultQuery.execute(AbstractResultQuery.java:262)
	at org.jooq.impl.AbstractQuery.execute(AbstractQuery.java:342)
	... 15 common frames omitted
15:00:21.716 - ERRserver(SQL [select "mic_core"."winery"."winery_id", "mic_core"."winery"."is_valid", "mic_core"."winery"."winery_name_usr", "mic_core"."winery"."winery_name_eng", "mic_core"."winery"."winery_name_chs", "mic_core"."winery"."winery_name_cht", "mic_core"."winery_region"."region_name_eng", "mic_core"."winery_country"."country_name_eng" from "mic_core"."winery" join "mic_core"."winery_country" on "mic_core"."winery_region"."country_id" = "mic_core"."winery_country"."country_id"]; ERROR: missing FROM-clause entry for table "winery_region"
  Position: 383 %%% ERROR: missing FROM-clause entry for table "winery_region"
  Position: 383) REQUEST Received = (0:0:0:0:0:0:0:1)(/1/eng/b/Winery/Query) [HTTP/1.1][POST] {0:0:0:0:0:0:0:1}<<<HEADER>>>{Host=[localhost:8888], Connection=[keep-alive], Content-Length=[395], Cache-Control=[no-cache], Origin=[chrome-extension://fhbjgbiflinjbdggehcddcbncdddomop], Content-Type=[application/json], User-Agent=[Mozilla/5.0 (Macintosh; Intel Mac OS X 10_10_5) AppleWebKit/537.36 (KHTML, like Gecko) Chrome/48.0.2564.109 Safari/537.36], Postman-Token=[adffe2dd-d8d4-efe6-e2df-6f04a6eb6b20], Accept=[*/*], Accept-Encoding=[gzip, deflate], Accept-Language=[en-US,en;q=0.8]}
org.jooq.exception.DataAccessException: SQL [select "mic_core"."winery"."winery_id", "mic_core"."winery"."is_valid", "mic_core"."winery"."winery_name_usr", "mic_core"."winery"."winery_name_eng", "mic_core"."winery"."winery_name_chs", "mic_core"."winery"."winery_name_cht", "mic_core"."winery_region"."region_name_eng", "mic_core"."winery_country"."country_name_eng" from "mic_core"."winery" join "mic_core"."winery_country" on "mic_core"."winery_region"."country_id" = "mic_core"."winery_country"."country_id"]; ERROR: missing FROM-clause entry for table "winery_region"
  Position: 383
	at org.jooq.impl.Utils.translate(Utils.java:1690)
	at org.jooq.impl.DefaultExecuteContext.sqlException(DefaultExecuteContext.java:660)
	at org.jooq.impl.AbstractQuery.execute(AbstractQuery.java:356)
	at org.jooq.impl.AbstractResultQuery.fetch(AbstractResultQuery.java:305)
	at org.jooq.impl.SelectImpl.fetch(SelectImpl.java:2577)
	at myicellar.api.admin.handler.JoinWineryHandler.lambda$handle$1(JoinWineryHandler.java:57)
	at ratpack.exec.Promise.lambda$null$12(Promise.java:323)
	at ratpack.exec.Blocking$1.lambda$get$0(Blocking.java:70)
	at ratpack.exec.Blocking.intercept(Blocking.java:241)
	at ratpack.exec.Blocking.access$000(Blocking.java:35)
	at ratpack.exec.Blocking$1.get(Blocking.java:68)
	at ratpack.exec.Blocking$1.get(Blocking.java:61)
	at java.util.concurrent.CompletableFuture$AsyncSupply.run(CompletableFuture.java:1590)
	at java.util.concurrent.ThreadPoolExecutor.runWorker(ThreadPoolExecutor.java:1142)
	at java.util.concurrent.ThreadPoolExecutor$Worker.run(ThreadPoolExecutor.java:617)
	at ratpack.exec.internal.DefaultExecController$ExecControllerBindingThreadFactory.lambda$newThread$0(DefaultExecController.java:113)
	at io.netty.util.concurrent.DefaultThreadFactory$DefaultRunnableDecorator.run(DefaultThreadFactory.java:137)
	at java.lang.Thread.run(Thread.java:745)
Caused by: org.postgresql.util.PSQLException: ERROR: missing FROM-clause entry for table "winery_region"
  Position: 383
	at org.postgresql.core.v3.QueryExecutorImpl.receiveErrorResponse(QueryExecutorImpl.java:2182)
	at org.postgresql.core.v3.QueryExecutorImpl.processResults(QueryExecutorImpl.java:1911)
	at org.postgresql.core.v3.QueryExecutorImpl.execute(QueryExecutorImpl.java:173)
	at org.postgresql.jdbc.PgStatement.execute(PgStatement.java:622)
	at org.postgresql.jdbc.PgStatement.executeWithFlags(PgStatement.java:472)
	at org.postgresql.jdbc.PgStatement.execute(PgStatement.java:465)
	at com.zaxxer.hikari.proxy.PreparedStatementProxy.execute(PreparedStatementProxy.java:44)
	at com.zaxxer.hikari.proxy.PreparedStatementJavassistProxy.execute(PreparedStatementJavassistProxy.java)
	at org.jooq.tools.jdbc.DefaultPreparedStatement.execute(DefaultPreparedStatement.java:194)
	at org.jooq.impl.AbstractResultQuery.execute(AbstractResultQuery.java:262)
	at org.jooq.impl.AbstractQuery.execute(AbstractQuery.java:342)
	... 15 common frames omitted
16:55:42.460 - ERRserver(Unexpected character ('}' (code 125)): was expecting double-quote to start field name
 at [Source: io.netty.buffer.ByteBufInputStream@3b584920; line: 19, column: 5]) REQUEST Received = (0:0:0:0:0:0:0:1)(/1/eng/a/WineryRegion/Detail) [HTTP/1.1][POST] {0:0:0:0:0:0:0:1}<<<HEADER>>>{Host=[localhost:8888], Connection=[keep-alive], Content-Length=[437], Cache-Control=[no-cache], Origin=[chrome-extension://fhbjgbiflinjbdggehcddcbncdddomop], Content-Type=[application/json], User-Agent=[Mozilla/5.0 (Macintosh; Intel Mac OS X 10_10_5) AppleWebKit/537.36 (KHTML, like Gecko) Chrome/48.0.2564.109 Safari/537.36], Postman-Token=[10876a57-48bc-2ba0-d2c2-6a93e58a31d0], Accept=[*/*], Accept-Encoding=[gzip, deflate], Accept-Language=[en-US,en;q=0.8]}
com.fasterxml.jackson.core.JsonParseException: Unexpected character ('}' (code 125)): was expecting double-quote to start field name
 at [Source: io.netty.buffer.ByteBufInputStream@3b584920; line: 19, column: 5]
	at com.fasterxml.jackson.core.JsonParser._constructError(JsonParser.java:1581)
	at com.fasterxml.jackson.core.base.ParserMinimalBase._reportError(ParserMinimalBase.java:533)
	at com.fasterxml.jackson.core.base.ParserMinimalBase._reportUnexpectedChar(ParserMinimalBase.java:462)
	at com.fasterxml.jackson.core.json.UTF8StreamJsonParser._handleOddName(UTF8StreamJsonParser.java:2000)
	at com.fasterxml.jackson.core.json.UTF8StreamJsonParser._parseName(UTF8StreamJsonParser.java:1647)
	at com.fasterxml.jackson.core.json.UTF8StreamJsonParser.nextFieldName(UTF8StreamJsonParser.java:1007)
	at com.fasterxml.jackson.databind.deser.std.BaseNodeDeserializer.deserializeObject(JsonNodeDeserializer.java:219)
	at com.fasterxml.jackson.databind.deser.std.BaseNodeDeserializer.deserializeObject(JsonNodeDeserializer.java:224)
	at com.fasterxml.jackson.databind.deser.std.JsonNodeDeserializer.deserialize(JsonNodeDeserializer.java:69)
	at com.fasterxml.jackson.databind.deser.std.JsonNodeDeserializer.deserialize(JsonNodeDeserializer.java:15)
	at com.fasterxml.jackson.databind.ObjectMapper._readMapAndClose(ObjectMapper.java:3731)
	at com.fasterxml.jackson.databind.ObjectMapper.readTree(ObjectMapper.java:2212)
	at ratpack.jackson.internal.JsonParser.parse(JsonParser.java:51)
	at ratpack.handling.internal.DefaultContext.lambda$parse$6(DefaultContext.java:326)
	at ratpack.registry.Registry.first(Registry.java:197)
	at ratpack.registry.internal.HierarchicalRegistry.first(HierarchicalRegistry.java:57)
	at ratpack.handling.internal.DefaultContext.parse(DefaultContext.java:339)
	at ratpack.handling.internal.DefaultContext.lambda$parse$5(DefaultContext.java:314)
	at ratpack.exec.Promise.lambda$null$9(Promise.java:303)
	at ratpack.exec.Downstream$1.success(Downstream.java:73)
	at ratpack.exec.Promise.lambda$null$9(Promise.java:304)
	at ratpack.exec.Downstream$1.success(Downstream.java:73)
	at ratpack.exec.internal.DefaultExecution$2.lambda$success$1(DefaultExecution.java:161)
	at ratpack.exec.internal.DefaultExecution$SingleEventExecStream.exec(DefaultExecution.java:419)
	at ratpack.exec.internal.DefaultExecution.exec(DefaultExecution.java:248)
	at ratpack.exec.internal.DefaultExecution.intercept(DefaultExecution.java:240)
	at ratpack.exec.internal.DefaultExecution.drain(DefaultExecution.java:220)
	at ratpack.exec.internal.DefaultExecution.<init>(DefaultExecution.java:96)
	at ratpack.exec.internal.DefaultExecController$1.lambda$start$0(DefaultExecController.java:172)
	at io.netty.util.concurrent.PromiseTask.run(PromiseTask.java:73)
	at io.netty.util.concurrent.SingleThreadEventExecutor.runAllTasks(SingleThreadEventExecutor.java:339)
	at io.netty.channel.nio.NioEventLoop.run(NioEventLoop.java:356)
	at io.netty.util.concurrent.SingleThreadEventExecutor$5.run(SingleThreadEventExecutor.java:742)
	at ratpack.exec.internal.DefaultExecController$ExecControllerBindingThreadFactory.lambda$newThread$0(DefaultExecController.java:113)
	at io.netty.util.concurrent.DefaultThreadFactory$DefaultRunnableDecorator.run(DefaultThreadFactory.java:137)
	at java.lang.Thread.run(Thread.java:745)
16:56:00.829 - ERRserver(No matching constructor found on type class myicellar.jooq.pojos.WineryRegion for record org.jooq.impl.DefaultRecordMapper@1ce45bb) REQUEST Received = (0:0:0:0:0:0:0:1)(/1/eng/a/WineryRegion/Detail) [HTTP/1.1][POST] {0:0:0:0:0:0:0:1}<<<HEADER>>>{Host=[localhost:8888], Connection=[keep-alive], Content-Length=[436], Cache-Control=[no-cache], Origin=[chrome-extension://fhbjgbiflinjbdggehcddcbncdddomop], Content-Type=[application/json], User-Agent=[Mozilla/5.0 (Macintosh; Intel Mac OS X 10_10_5) AppleWebKit/537.36 (KHTML, like Gecko) Chrome/48.0.2564.109 Safari/537.36], Postman-Token=[5be2ebe9-e497-695f-3fb5-6c5e4abd71d4], Accept=[*/*], Accept-Encoding=[gzip, deflate], Accept-Language=[en-US,en;q=0.8]}
org.jooq.exception.MappingException: No matching constructor found on type class myicellar.jooq.pojos.WineryRegion for record org.jooq.impl.DefaultRecordMapper@1ce45bb
	at org.jooq.impl.DefaultRecordMapper.init(DefaultRecordMapper.java:342)
	at org.jooq.impl.DefaultRecordMapper.<init>(DefaultRecordMapper.java:278)
	at org.jooq.impl.DefaultRecordMapper.<init>(DefaultRecordMapper.java:266)
	at org.jooq.impl.DefaultRecordMapperProvider.provide(DefaultRecordMapperProvider.java:81)
	at org.jooq.impl.ResultImpl.into(ResultImpl.java:2074)
	at myicellar.api.admin.handler.WineryRegionHandlerQuery.lambda$handle$31(WineryRegionHandlerQuery.java:60)
	at ratpack.exec.Promise.lambda$null$9(Promise.java:303)
	at ratpack.exec.Downstream$1.success(Downstream.java:73)
	at ratpack.exec.Promise.lambda$null$35(Promise.java:857)
	at ratpack.exec.Downstream$1.success(Downstream.java:73)
	at ratpack.exec.internal.DefaultPromise$1.success(DefaultPromise.java:42)
	at ratpack.exec.Downstream$2.success(Downstream.java:104)
	at ratpack.exec.Downstream.accept(Downstream.java:180)
	at ratpack.exec.Blocking.lambda$null$0(Blocking.java:84)
	at ratpack.exec.internal.DefaultExecution$SingleEventExecStream.exec(DefaultExecution.java:419)
	at ratpack.exec.internal.DefaultExecution.exec(DefaultExecution.java:246)
	at ratpack.exec.internal.DefaultExecution.intercept(DefaultExecution.java:240)
	at ratpack.exec.internal.DefaultExecution.drain(DefaultExecution.java:220)
	at ratpack.exec.internal.DefaultExecution.access$100(DefaultExecution.java:45)
	at ratpack.exec.internal.DefaultExecution$SingleEventExecStream.resume(DefaultExecution.java:452)
	at ratpack.exec.Blocking.lambda$null$1(Blocking.java:84)
	at java.util.concurrent.CompletableFuture.uniAccept(CompletableFuture.java:656)
	at java.util.concurrent.CompletableFuture$UniAccept.tryFire(CompletableFuture.java:632)
	at java.util.concurrent.CompletableFuture$Completion.run(CompletableFuture.java:442)
	at io.netty.util.concurrent.SingleThreadEventExecutor.runAllTasks(SingleThreadEventExecutor.java:339)
	at io.netty.channel.nio.NioEventLoop.run(NioEventLoop.java:356)
	at io.netty.util.concurrent.SingleThreadEventExecutor$5.run(SingleThreadEventExecutor.java:742)
	at ratpack.exec.internal.DefaultExecController$ExecControllerBindingThreadFactory.lambda$newThread$0(DefaultExecController.java:113)
	at io.netty.util.concurrent.DefaultThreadFactory$DefaultRunnableDecorator.run(DefaultThreadFactory.java:137)
	at java.lang.Thread.run(Thread.java:745)
17:01:40.542 - ERRserver(No matching constructor found on type class myicellar.jooq.pojos.WineryRegion for record org.jooq.impl.DefaultRecordMapper@fb74547) REQUEST Received = (0:0:0:0:0:0:0:1)(/1/eng/a/WineryRegion/Detail) [HTTP/1.1][POST] {0:0:0:0:0:0:0:1}<<<HEADER>>>{Host=[localhost:8888], Connection=[keep-alive], Content-Length=[453], Cache-Control=[no-cache], Origin=[chrome-extension://fhbjgbiflinjbdggehcddcbncdddomop], Content-Type=[application/json], User-Agent=[Mozilla/5.0 (Macintosh; Intel Mac OS X 10_10_5) AppleWebKit/537.36 (KHTML, like Gecko) Chrome/48.0.2564.109 Safari/537.36], Postman-Token=[01c5bf94-32e2-2c35-d393-e1bc60fdaccb], Accept=[*/*], Accept-Encoding=[gzip, deflate], Accept-Language=[en-US,en;q=0.8]}
org.jooq.exception.MappingException: No matching constructor found on type class myicellar.jooq.pojos.WineryRegion for record org.jooq.impl.DefaultRecordMapper@fb74547
	at org.jooq.impl.DefaultRecordMapper.init(DefaultRecordMapper.java:342)
	at org.jooq.impl.DefaultRecordMapper.<init>(DefaultRecordMapper.java:278)
	at org.jooq.impl.DefaultRecordMapper.<init>(DefaultRecordMapper.java:266)
	at org.jooq.impl.DefaultRecordMapperProvider.provide(DefaultRecordMapperProvider.java:81)
	at org.jooq.impl.ResultImpl.into(ResultImpl.java:2074)
	at myicellar.api.admin.handler.WineryRegionHandlerQuery.lambda$handle$31(WineryRegionHandlerQuery.java:60)
	at ratpack.exec.Promise.lambda$null$9(Promise.java:303)
	at ratpack.exec.Downstream$1.success(Downstream.java:73)
	at ratpack.exec.Promise.lambda$null$35(Promise.java:857)
	at ratpack.exec.Downstream$1.success(Downstream.java:73)
	at ratpack.exec.internal.DefaultPromise$1.success(DefaultPromise.java:42)
	at ratpack.exec.Downstream$2.success(Downstream.java:104)
	at ratpack.exec.Downstream.accept(Downstream.java:180)
	at ratpack.exec.Blocking.lambda$null$0(Blocking.java:84)
	at ratpack.exec.internal.DefaultExecution$SingleEventExecStream.exec(DefaultExecution.java:419)
	at ratpack.exec.internal.DefaultExecution.exec(DefaultExecution.java:246)
	at ratpack.exec.internal.DefaultExecution.intercept(DefaultExecution.java:240)
	at ratpack.exec.internal.DefaultExecution.drain(DefaultExecution.java:220)
	at ratpack.exec.internal.DefaultExecution.access$100(DefaultExecution.java:45)
	at ratpack.exec.internal.DefaultExecution$SingleEventExecStream.resume(DefaultExecution.java:452)
	at ratpack.exec.Blocking.lambda$null$1(Blocking.java:84)
	at java.util.concurrent.CompletableFuture.uniAccept(CompletableFuture.java:656)
	at java.util.concurrent.CompletableFuture$UniAccept.tryFire(CompletableFuture.java:632)
	at java.util.concurrent.CompletableFuture$Completion.run(CompletableFuture.java:442)
	at io.netty.util.concurrent.SingleThreadEventExecutor.runAllTasks(SingleThreadEventExecutor.java:339)
	at io.netty.channel.nio.NioEventLoop.run(NioEventLoop.java:356)
	at io.netty.util.concurrent.SingleThreadEventExecutor$5.run(SingleThreadEventExecutor.java:742)
	at ratpack.exec.internal.DefaultExecController$ExecControllerBindingThreadFactory.lambda$newThread$0(DefaultExecController.java:113)
	at io.netty.util.concurrent.DefaultThreadFactory$DefaultRunnableDecorator.run(DefaultThreadFactory.java:137)
	at java.lang.Thread.run(Thread.java:745)
