16:41:11.265 - ERRserver(No content to map due to end-of-input
 at [Source: io.netty.buffer.ByteBufInputStream@6dc938e2; line: 1, column: 1]) REQUEST Received = (0:0:0:0:0:0:0:1)(/1/eng/a/WineryRegion/add) [HTTP/1.1][GET] {0:0:0:0:0:0:0:1}<<<HEADER>>>{Host=[localhost:8888], Connection=[keep-alive], User-Agent=[Mozilla/5.0 (Macintosh; Intel Mac OS X 10_10_5) AppleWebKit/537.36 (KHTML, like Gecko) Chrome/48.0.2564.109 Safari/537.36], Cache-Control=[no-cache], Postman-Token=[9858b14e-fbd2-84fe-d59d-967610a6cbeb], Content-Type=[application/json], Accept=[*/*], Accept-Encoding=[gzip, deflate, sdch], Accept-Language=[en-US,en;q=0.8]}
com.fasterxml.jackson.databind.JsonMappingException: No content to map due to end-of-input
 at [Source: io.netty.buffer.ByteBufInputStream@6dc938e2; line: 1, column: 1]
	at com.fasterxml.jackson.databind.JsonMappingException.from(JsonMappingException.java:148)
	at com.fasterxml.jackson.databind.ObjectMapper._initForReading(ObjectMapper.java:3776)
	at com.fasterxml.jackson.databind.ObjectMapper._readMapAndClose(ObjectMapper.java:3716)
	at com.fasterxml.jackson.databind.ObjectMapper.readTree(ObjectMapper.java:2212)
	at ratpack.jackson.internal.JsonParser.parse(JsonParser.java:51)
	at ratpack.handling.internal.DefaultContext.lambda$parse$6(DefaultContext.java:326)
	at ratpack.registry.Registry.first(Registry.java:197)
	at ratpack.registry.internal.HierarchicalRegistry.first(HierarchicalRegistry.java:57)
	at ratpack.handling.internal.DefaultContext.parse(DefaultContext.java:339)
	at ratpack.handling.internal.DefaultContext.lambda$parse$5(DefaultContext.java:314)
	at ratpack.exec.Promise.lambda$null$9(Promise.java:303)
	at ratpack.exec.Downstream$1.success(Downstream.java:73)
	at ratpack.exec.internal.DefaultExecution$2.lambda$success$1(DefaultExecution.java:161)
	at ratpack.exec.internal.DefaultExecution$SingleEventExecStream.exec(DefaultExecution.java:419)
	at ratpack.exec.internal.DefaultExecution.exec(DefaultExecution.java:248)
	at ratpack.exec.internal.DefaultExecution.intercept(DefaultExecution.java:240)
	at ratpack.exec.internal.DefaultExecution.drain(DefaultExecution.java:220)
	at ratpack.exec.internal.DefaultExecution.<init>(DefaultExecution.java:96)
	at ratpack.exec.internal.DefaultExecController$1.lambda$start$0(DefaultExecController.java:172)
	at io.netty.util.concurrent.PromiseTask.run(PromiseTask.java:73)
	at io.netty.util.concurrent.SingleThreadEventExecutor.runAllTasks(SingleThreadEventExecutor.java:339)
	at io.netty.channel.nio.NioEventLoop.run(NioEventLoop.java:356)
	at io.netty.util.concurrent.SingleThreadEventExecutor$5.run(SingleThreadEventExecutor.java:742)
	at ratpack.exec.internal.DefaultExecController$ExecControllerBindingThreadFactory.lambda$newThread$0(DefaultExecController.java:113)
	at io.netty.util.concurrent.DefaultThreadFactory$DefaultRunnableDecorator.run(DefaultThreadFactory.java:137)
	at java.lang.Thread.run(Thread.java:745)
16:41:25.001 - ERRserver(No content to map due to end-of-input
 at [Source: io.netty.buffer.ByteBufInputStream@11ddbba4; line: 1, column: 1]) REQUEST Received = (0:0:0:0:0:0:0:1)(/1/eng/a/WineryRegion/add) [HTTP/1.1][GET] {0:0:0:0:0:0:0:1}<<<HEADER>>>{Host=[localhost:8888], Connection=[keep-alive], User-Agent=[Mozilla/5.0 (Macintosh; Intel Mac OS X 10_10_5) AppleWebKit/537.36 (KHTML, like Gecko) Chrome/48.0.2564.109 Safari/537.36], Cache-Control=[no-cache], Postman-Token=[cc06d967-5ac7-4751-7e30-7843131d4b22], Content-Type=[application/json], Accept=[*/*], Accept-Encoding=[gzip, deflate, sdch], Accept-Language=[en-US,en;q=0.8]}
com.fasterxml.jackson.databind.JsonMappingException: No content to map due to end-of-input
 at [Source: io.netty.buffer.ByteBufInputStream@11ddbba4; line: 1, column: 1]
	at com.fasterxml.jackson.databind.JsonMappingException.from(JsonMappingException.java:148)
	at com.fasterxml.jackson.databind.ObjectMapper._initForReading(ObjectMapper.java:3776)
	at com.fasterxml.jackson.databind.ObjectMapper._readMapAndClose(ObjectMapper.java:3716)
	at com.fasterxml.jackson.databind.ObjectMapper.readTree(ObjectMapper.java:2212)
	at ratpack.jackson.internal.JsonParser.parse(JsonParser.java:51)
	at ratpack.handling.internal.DefaultContext.lambda$parse$6(DefaultContext.java:326)
	at ratpack.registry.Registry.first(Registry.java:197)
	at ratpack.registry.internal.HierarchicalRegistry.first(HierarchicalRegistry.java:57)
	at ratpack.handling.internal.DefaultContext.parse(DefaultContext.java:339)
	at ratpack.handling.internal.DefaultContext.lambda$parse$5(DefaultContext.java:314)
	at ratpack.exec.Promise.lambda$null$9(Promise.java:303)
	at ratpack.exec.Downstream$1.success(Downstream.java:73)
	at ratpack.exec.internal.DefaultExecution$2.lambda$success$1(DefaultExecution.java:161)
	at ratpack.exec.internal.DefaultExecution$SingleEventExecStream.exec(DefaultExecution.java:419)
	at ratpack.exec.internal.DefaultExecution.exec(DefaultExecution.java:248)
	at ratpack.exec.internal.DefaultExecution.intercept(DefaultExecution.java:240)
	at ratpack.exec.internal.DefaultExecution.drain(DefaultExecution.java:220)
	at ratpack.exec.internal.DefaultExecution.<init>(DefaultExecution.java:96)
	at ratpack.exec.internal.DefaultExecController$1.lambda$start$0(DefaultExecController.java:172)
	at io.netty.util.concurrent.PromiseTask.run(PromiseTask.java:73)
	at io.netty.util.concurrent.SingleThreadEventExecutor.runAllTasks(SingleThreadEventExecutor.java:339)
	at io.netty.channel.nio.NioEventLoop.run(NioEventLoop.java:356)
	at io.netty.util.concurrent.SingleThreadEventExecutor$5.run(SingleThreadEventExecutor.java:742)
	at ratpack.exec.internal.DefaultExecController$ExecControllerBindingThreadFactory.lambda$newThread$0(DefaultExecController.java:113)
	at io.netty.util.concurrent.DefaultThreadFactory$DefaultRunnableDecorator.run(DefaultThreadFactory.java:137)
	at java.lang.Thread.run(Thread.java:745)
16:53:46.935 - ERRserver(No content to map due to end-of-input
 at [Source: io.netty.buffer.ByteBufInputStream@41a97d9; line: 1, column: 1]) REQUEST Received = (0:0:0:0:0:0:0:1)(/1/eng/a/WineryRegion/add) [HTTP/1.1][GET] {0:0:0:0:0:0:0:1}<<<HEADER>>>{Host=[localhost:8888], Connection=[keep-alive], User-Agent=[Mozilla/5.0 (Macintosh; Intel Mac OS X 10_10_5) AppleWebKit/537.36 (KHTML, like Gecko) Chrome/48.0.2564.109 Safari/537.36], Cache-Control=[no-cache], Postman-Token=[bda4b9f9-8a5c-c5e4-fd3b-d2f85c3a5fc4], Content-Type=[application/json], Accept=[*/*], Accept-Encoding=[gzip, deflate, sdch], Accept-Language=[en-US,en;q=0.8]}
com.fasterxml.jackson.databind.JsonMappingException: No content to map due to end-of-input
 at [Source: io.netty.buffer.ByteBufInputStream@41a97d9; line: 1, column: 1]
	at com.fasterxml.jackson.databind.JsonMappingException.from(JsonMappingException.java:148)
	at com.fasterxml.jackson.databind.ObjectMapper._initForReading(ObjectMapper.java:3776)
	at com.fasterxml.jackson.databind.ObjectMapper._readMapAndClose(ObjectMapper.java:3716)
	at com.fasterxml.jackson.databind.ObjectMapper.readTree(ObjectMapper.java:2212)
	at ratpack.jackson.internal.JsonParser.parse(JsonParser.java:51)
	at ratpack.handling.internal.DefaultContext.lambda$parse$6(DefaultContext.java:326)
	at ratpack.registry.Registry.first(Registry.java:197)
	at ratpack.registry.internal.HierarchicalRegistry.first(HierarchicalRegistry.java:57)
	at ratpack.handling.internal.DefaultContext.parse(DefaultContext.java:339)
	at ratpack.handling.internal.DefaultContext.lambda$parse$5(DefaultContext.java:314)
	at ratpack.exec.Promise.lambda$null$9(Promise.java:303)
	at ratpack.exec.Downstream$1.success(Downstream.java:73)
	at ratpack.exec.internal.DefaultExecution$2.lambda$success$1(DefaultExecution.java:161)
	at ratpack.exec.internal.DefaultExecution$SingleEventExecStream.exec(DefaultExecution.java:419)
	at ratpack.exec.internal.DefaultExecution.exec(DefaultExecution.java:248)
	at ratpack.exec.internal.DefaultExecution.intercept(DefaultExecution.java:240)
	at ratpack.exec.internal.DefaultExecution.drain(DefaultExecution.java:220)
	at ratpack.exec.internal.DefaultExecution.<init>(DefaultExecution.java:96)
	at ratpack.exec.internal.DefaultExecController$1.lambda$start$0(DefaultExecController.java:172)
	at io.netty.util.concurrent.PromiseTask.run(PromiseTask.java:73)
	at io.netty.util.concurrent.SingleThreadEventExecutor.runAllTasks(SingleThreadEventExecutor.java:339)
	at io.netty.channel.nio.NioEventLoop.run(NioEventLoop.java:356)
	at io.netty.util.concurrent.SingleThreadEventExecutor$5.run(SingleThreadEventExecutor.java:742)
	at ratpack.exec.internal.DefaultExecController$ExecControllerBindingThreadFactory.lambda$newThread$0(DefaultExecController.java:113)
	at io.netty.util.concurrent.DefaultThreadFactory$DefaultRunnableDecorator.run(DefaultThreadFactory.java:137)
	at java.lang.Thread.run(Thread.java:745)
