12:48:38.820 - ERRserver(SQL [update "mic_core"."winery_region" set ("is_valid", "region_alt_id", "country_id", "region_name_eng", "region_name_cht", "region_name_chs", "note", "seo_url") = (?, ?, ?, ?, ?, ?, ?, ?) where "mic_core"."winery_region"."region_id" = ?]; ERROR: null value in column "region_alt_id" violates not-null constraint
  Detail: Failing row contains (3, null, 3, null, null, null, null, null, null, null, -503). %%% ERROR: null value in column "region_alt_id" violates not-null constraint
  Detail: Failing row contains (3, null, 3, null, null, null, null, null, null, null, -503).) REQUEST Received = (0:0:0:0:0:0:0:1)(/1/eng/a/WineryRegion/Update) [HTTP/1.1][POST] {0:0:0:0:0:0:0:1}<<<HEADER>>>{Host=[localhost:8888], Connection=[keep-alive], Content-Length=[259], Cache-Control=[no-cache], Origin=[chrome-extension://fhbjgbiflinjbdggehcddcbncdddomop], Content-Type=[application/json], User-Agent=[Mozilla/5.0 (Macintosh; Intel Mac OS X 10_10_5) AppleWebKit/537.36 (KHTML, like Gecko) Chrome/48.0.2564.109 Safari/537.36], Postman-Token=[034db791-f8d2-4585-e731-8760993f46b5], Accept=[*/*], Accept-Encoding=[gzip, deflate], Accept-Language=[en-US,en;q=0.8]}
org.jooq.exception.DataAccessException: SQL [update "mic_core"."winery_region" set ("is_valid", "region_alt_id", "country_id", "region_name_eng", "region_name_cht", "region_name_chs", "note", "seo_url") = (?, ?, ?, ?, ?, ?, ?, ?) where "mic_core"."winery_region"."region_id" = ?]; ERROR: null value in column "region_alt_id" violates not-null constraint
  Detail: Failing row contains (3, null, 3, null, null, null, null, null, null, null, -503).
	at org.jooq.impl.Tools.translate(Tools.java:1690)
	at org.jooq.impl.DefaultExecuteContext.sqlException(DefaultExecuteContext.java:660)
	at org.jooq.impl.AbstractQuery.execute(AbstractQuery.java:354)
	at org.jooq.impl.AbstractDelegatingQuery.execute(AbstractDelegatingQuery.java:133)
	at myicellar.api.admin.handler.WineryRegionHandlerUpdate.lambda$handle$105(WineryRegionHandlerUpdate.java:46)
	at ratpack.exec.Promise.lambda$null$12(Promise.java:323)
	at ratpack.exec.Blocking$1.lambda$get$0(Blocking.java:70)
	at ratpack.exec.Blocking.intercept(Blocking.java:241)
	at ratpack.exec.Blocking.access$000(Blocking.java:35)
	at ratpack.exec.Blocking$1.get(Blocking.java:68)
	at ratpack.exec.Blocking$1.get(Blocking.java:61)
	at java.util.concurrent.CompletableFuture$AsyncSupply.run(CompletableFuture.java:1590)
	at java.util.concurrent.ThreadPoolExecutor.runWorker(ThreadPoolExecutor.java:1142)
	at java.util.concurrent.ThreadPoolExecutor$Worker.run(ThreadPoolExecutor.java:617)
	at ratpack.exec.internal.DefaultExecController$ExecControllerBindingThreadFactory.lambda$newThread$0(DefaultExecController.java:113)
	at io.netty.util.concurrent.DefaultThreadFactory$DefaultRunnableDecorator.run(DefaultThreadFactory.java:137)
	at java.lang.Thread.run(Thread.java:745)
Caused by: org.postgresql.util.PSQLException: ERROR: null value in column "region_alt_id" violates not-null constraint
  Detail: Failing row contains (3, null, 3, null, null, null, null, null, null, null, -503).
	at org.postgresql.core.v3.QueryExecutorImpl.receiveErrorResponse(QueryExecutorImpl.java:2182)
	at org.postgresql.core.v3.QueryExecutorImpl.processResults(QueryExecutorImpl.java:1911)
	at org.postgresql.core.v3.QueryExecutorImpl.execute(QueryExecutorImpl.java:173)
	at org.postgresql.jdbc.PgStatement.execute(PgStatement.java:622)
	at org.postgresql.jdbc.PgStatement.executeWithFlags(PgStatement.java:472)
	at org.postgresql.jdbc.PgStatement.execute(PgStatement.java:465)
	at com.zaxxer.hikari.proxy.PreparedStatementProxy.execute(PreparedStatementProxy.java:44)
	at com.zaxxer.hikari.proxy.PreparedStatementJavassistProxy.execute(PreparedStatementJavassistProxy.java)
	at org.jooq.tools.jdbc.DefaultPreparedStatement.execute(DefaultPreparedStatement.java:194)
	at org.jooq.impl.AbstractQuery.execute(AbstractQuery.java:408)
	at org.jooq.impl.AbstractDMLQuery.execute(AbstractDMLQuery.java:284)
	at org.jooq.impl.AbstractQuery.execute(AbstractQuery.java:340)
	... 14 common frames omitted
14:58:34.815 - ERRserver(Expect {content : WineryRegion} %%% Unrecognized field "Note" (class myicellar.jooq.pojos.WineryRegion), not marked as ignorable (11 known properties: "regionAltId", "countryId", "note", "regionId", "regionNameCht", "isValid", "regionNameEng", "regionNameChs", "regionImg", "seoUrl", "lastUpdMictime"])
 at [Source: N/A; line: -1, column: -1] (through reference chain: myicellar.jooq.pojos.WineryRegion["Note"])) REQUEST Received = (0:0:0:0:0:0:0:1)(/1/eng/a/WineryRegion/Update) [HTTP/1.1][POST] {0:0:0:0:0:0:0:1}<<<HEADER>>>{Host=[localhost:8888], Connection=[keep-alive], Content-Length=[294], Origin=[null], User-Agent=[Mozilla/5.0 (Macintosh; Intel Mac OS X 10_10_5) AppleWebKit/537.36 (KHTML, like Gecko) Chrome/48.0.2564.109 Safari/537.36], Content-type=[application/json], Accept=[*/*], Accept-Encoding=[gzip, deflate], Accept-Language=[en-US,en;q=0.8]}
java.lang.RuntimeException: Expect {content : WineryRegion}
	at myicellar.api.admin.util.MicRequUtil.parseRequCntnObj(MicRequUtil.java:49)
	at myicellar.api.admin.handler.WineryRegionHandlerUpdate.lambda$handle$104(WineryRegionHandlerUpdate.java:33)
	at ratpack.exec.Promise.lambda$null$9(Promise.java:303)
	at ratpack.exec.Downstream$1.success(Downstream.java:73)
	at ratpack.exec.Promise.lambda$null$9(Promise.java:304)
	at ratpack.exec.Downstream$1.success(Downstream.java:73)
	at ratpack.exec.Promise.lambda$null$9(Promise.java:304)
	at ratpack.exec.Downstream$1.success(Downstream.java:73)
	at ratpack.exec.internal.DefaultExecution$2.lambda$success$1(DefaultExecution.java:161)
	at ratpack.exec.internal.DefaultExecution$SingleEventExecStream.exec(DefaultExecution.java:419)
	at ratpack.exec.internal.DefaultExecution.exec(DefaultExecution.java:248)
	at ratpack.exec.internal.DefaultExecution.intercept(DefaultExecution.java:240)
	at ratpack.exec.internal.DefaultExecution.drain(DefaultExecution.java:220)
	at ratpack.exec.internal.DefaultExecution.<init>(DefaultExecution.java:96)
	at ratpack.exec.internal.DefaultExecController$1.lambda$start$0(DefaultExecController.java:172)
	at io.netty.util.concurrent.PromiseTask.run(PromiseTask.java:73)
	at io.netty.util.concurrent.SingleThreadEventExecutor.runAllTasks(SingleThreadEventExecutor.java:339)
	at io.netty.channel.nio.NioEventLoop.run(NioEventLoop.java:356)
	at io.netty.util.concurrent.SingleThreadEventExecutor$5.run(SingleThreadEventExecutor.java:742)
	at ratpack.exec.internal.DefaultExecController$ExecControllerBindingThreadFactory.lambda$newThread$0(DefaultExecController.java:113)
	at io.netty.util.concurrent.DefaultThreadFactory$DefaultRunnableDecorator.run(DefaultThreadFactory.java:137)
	at java.lang.Thread.run(Thread.java:745)
Caused by: com.fasterxml.jackson.databind.exc.UnrecognizedPropertyException: Unrecognized field "Note" (class myicellar.jooq.pojos.WineryRegion), not marked as ignorable (11 known properties: "regionAltId", "countryId", "note", "regionId", "regionNameCht", "isValid", "regionNameEng", "regionNameChs", "regionImg", "seoUrl", "lastUpdMictime"])
 at [Source: N/A; line: -1, column: -1] (through reference chain: myicellar.jooq.pojos.WineryRegion["Note"])
	at com.fasterxml.jackson.databind.exc.UnrecognizedPropertyException.from(UnrecognizedPropertyException.java:51)
	at com.fasterxml.jackson.databind.DeserializationContext.reportUnknownProperty(DeserializationContext.java:836)
	at com.fasterxml.jackson.databind.deser.std.StdDeserializer.handleUnknownProperty(StdDeserializer.java:1045)
	at com.fasterxml.jackson.databind.deser.BeanDeserializerBase.handleUnknownProperty(BeanDeserializerBase.java:1352)
	at com.fasterxml.jackson.databind.deser.BeanDeserializerBase.handleUnknownProperties(BeanDeserializerBase.java:1306)
	at com.fasterxml.jackson.databind.deser.BeanDeserializer._deserializeUsingPropertyBased(BeanDeserializer.java:451)
	at com.fasterxml.jackson.databind.deser.BeanDeserializerBase.deserializeFromObjectUsingNonDefault(BeanDeserializerBase.java:1099)
	at com.fasterxml.jackson.databind.deser.BeanDeserializer.deserializeFromObject(BeanDeserializer.java:294)
	at com.fasterxml.jackson.databind.deser.BeanDeserializer.deserialize(BeanDeserializer.java:131)
	at com.fasterxml.jackson.databind.ObjectReader._bindAndClose(ObjectReader.java:1511)
	at com.fasterxml.jackson.databind.ObjectReader.readValue(ObjectReader.java:1216)
	at myicellar.api.admin.util.MicRequUtil.parseRequCntnObj(MicRequUtil.java:47)
	... 21 common frames omitted
14:59:07.133 - ERRserver(Expect {content : WineryRegion} %%% Unrecognized field "Note" (class myicellar.jooq.pojos.WineryRegion), not marked as ignorable (11 known properties: "regionAltId", "countryId", "note", "regionId", "regionNameCht", "isValid", "regionNameEng", "regionNameChs", "regionImg", "seoUrl", "lastUpdMictime"])
 at [Source: N/A; line: -1, column: -1] (through reference chain: myicellar.jooq.pojos.WineryRegion["Note"])) REQUEST Received = (0:0:0:0:0:0:0:1)(/1/eng/a/WineryRegion/Update) [HTTP/1.1][POST] {0:0:0:0:0:0:0:1}<<<HEADER>>>{Host=[localhost:8888], Connection=[keep-alive], Content-Length=[294], Origin=[null], User-Agent=[Mozilla/5.0 (Macintosh; Intel Mac OS X 10_10_5) AppleWebKit/537.36 (KHTML, like Gecko) Chrome/48.0.2564.109 Safari/537.36], Content-type=[application/json], Accept=[*/*], Accept-Encoding=[gzip, deflate], Accept-Language=[en-US,en;q=0.8]}
java.lang.RuntimeException: Expect {content : WineryRegion}
	at myicellar.api.admin.util.MicRequUtil.parseRequCntnObj(MicRequUtil.java:49)
	at myicellar.api.admin.handler.WineryRegionHandlerUpdate.lambda$handle$104(WineryRegionHandlerUpdate.java:33)
	at ratpack.exec.Promise.lambda$null$9(Promise.java:303)
	at ratpack.exec.Downstream$1.success(Downstream.java:73)
	at ratpack.exec.Promise.lambda$null$9(Promise.java:304)
	at ratpack.exec.Downstream$1.success(Downstream.java:73)
	at ratpack.exec.Promise.lambda$null$9(Promise.java:304)
	at ratpack.exec.Downstream$1.success(Downstream.java:73)
	at ratpack.exec.internal.DefaultExecution$2.lambda$success$1(DefaultExecution.java:161)
	at ratpack.exec.internal.DefaultExecution$SingleEventExecStream.exec(DefaultExecution.java:419)
	at ratpack.exec.internal.DefaultExecution.exec(DefaultExecution.java:248)
	at ratpack.exec.internal.DefaultExecution.intercept(DefaultExecution.java:240)
	at ratpack.exec.internal.DefaultExecution.drain(DefaultExecution.java:220)
	at ratpack.exec.internal.DefaultExecution.<init>(DefaultExecution.java:96)
	at ratpack.exec.internal.DefaultExecController$1.lambda$start$0(DefaultExecController.java:172)
	at io.netty.util.concurrent.PromiseTask.run(PromiseTask.java:73)
	at io.netty.util.concurrent.SingleThreadEventExecutor.runAllTasks(SingleThreadEventExecutor.java:339)
	at io.netty.channel.nio.NioEventLoop.run(NioEventLoop.java:356)
	at io.netty.util.concurrent.SingleThreadEventExecutor$5.run(SingleThreadEventExecutor.java:742)
	at ratpack.exec.internal.DefaultExecController$ExecControllerBindingThreadFactory.lambda$newThread$0(DefaultExecController.java:113)
	at io.netty.util.concurrent.DefaultThreadFactory$DefaultRunnableDecorator.run(DefaultThreadFactory.java:137)
	at java.lang.Thread.run(Thread.java:745)
Caused by: com.fasterxml.jackson.databind.exc.UnrecognizedPropertyException: Unrecognized field "Note" (class myicellar.jooq.pojos.WineryRegion), not marked as ignorable (11 known properties: "regionAltId", "countryId", "note", "regionId", "regionNameCht", "isValid", "regionNameEng", "regionNameChs", "regionImg", "seoUrl", "lastUpdMictime"])
 at [Source: N/A; line: -1, column: -1] (through reference chain: myicellar.jooq.pojos.WineryRegion["Note"])
	at com.fasterxml.jackson.databind.exc.UnrecognizedPropertyException.from(UnrecognizedPropertyException.java:51)
	at com.fasterxml.jackson.databind.DeserializationContext.reportUnknownProperty(DeserializationContext.java:836)
	at com.fasterxml.jackson.databind.deser.std.StdDeserializer.handleUnknownProperty(StdDeserializer.java:1045)
	at com.fasterxml.jackson.databind.deser.BeanDeserializerBase.handleUnknownProperty(BeanDeserializerBase.java:1352)
	at com.fasterxml.jackson.databind.deser.BeanDeserializerBase.handleUnknownProperties(BeanDeserializerBase.java:1306)
	at com.fasterxml.jackson.databind.deser.BeanDeserializer._deserializeUsingPropertyBased(BeanDeserializer.java:451)
	at com.fasterxml.jackson.databind.deser.BeanDeserializerBase.deserializeFromObjectUsingNonDefault(BeanDeserializerBase.java:1099)
	at com.fasterxml.jackson.databind.deser.BeanDeserializer.deserializeFromObject(BeanDeserializer.java:294)
	at com.fasterxml.jackson.databind.deser.BeanDeserializer.deserialize(BeanDeserializer.java:131)
	at com.fasterxml.jackson.databind.ObjectReader._bindAndClose(ObjectReader.java:1511)
	at com.fasterxml.jackson.databind.ObjectReader.readValue(ObjectReader.java:1216)
	at myicellar.api.admin.util.MicRequUtil.parseRequCntnObj(MicRequUtil.java:47)
	... 21 common frames omitted
14:59:19.428 - ERRserver(Expect {content : WineryRegion} %%% Unrecognized field "Note" (class myicellar.jooq.pojos.WineryRegion), not marked as ignorable (11 known properties: "regionAltId", "countryId", "note", "regionId", "regionNameCht", "isValid", "regionNameEng", "regionNameChs", "regionImg", "seoUrl", "lastUpdMictime"])
 at [Source: N/A; line: -1, column: -1] (through reference chain: myicellar.jooq.pojos.WineryRegion["Note"])) REQUEST Received = (0:0:0:0:0:0:0:1)(/1/eng/a/WineryRegion/Update) [HTTP/1.1][POST] {0:0:0:0:0:0:0:1}<<<HEADER>>>{Host=[localhost:8888], Connection=[keep-alive], Content-Length=[283], Origin=[null], User-Agent=[Mozilla/5.0 (Macintosh; Intel Mac OS X 10_10_5) AppleWebKit/537.36 (KHTML, like Gecko) Chrome/48.0.2564.109 Safari/537.36], Content-type=[application/json], Accept=[*/*], Accept-Encoding=[gzip, deflate], Accept-Language=[en-US,en;q=0.8]}
java.lang.RuntimeException: Expect {content : WineryRegion}
	at myicellar.api.admin.util.MicRequUtil.parseRequCntnObj(MicRequUtil.java:49)
	at myicellar.api.admin.handler.WineryRegionHandlerUpdate.lambda$handle$104(WineryRegionHandlerUpdate.java:33)
	at ratpack.exec.Promise.lambda$null$9(Promise.java:303)
	at ratpack.exec.Downstream$1.success(Downstream.java:73)
	at ratpack.exec.Promise.lambda$null$9(Promise.java:304)
	at ratpack.exec.Downstream$1.success(Downstream.java:73)
	at ratpack.exec.Promise.lambda$null$9(Promise.java:304)
	at ratpack.exec.Downstream$1.success(Downstream.java:73)
	at ratpack.exec.internal.DefaultExecution$2.lambda$success$1(DefaultExecution.java:161)
	at ratpack.exec.internal.DefaultExecution$SingleEventExecStream.exec(DefaultExecution.java:419)
	at ratpack.exec.internal.DefaultExecution.exec(DefaultExecution.java:246)
	at ratpack.exec.internal.DefaultExecution.intercept(DefaultExecution.java:240)
	at ratpack.exec.internal.DefaultExecution.drain(DefaultExecution.java:220)
	at io.netty.util.concurrent.SingleThreadEventExecutor.runAllTasks(SingleThreadEventExecutor.java:339)
	at io.netty.channel.nio.NioEventLoop.run(NioEventLoop.java:356)
	at io.netty.util.concurrent.SingleThreadEventExecutor$5.run(SingleThreadEventExecutor.java:742)
	at ratpack.exec.internal.DefaultExecController$ExecControllerBindingThreadFactory.lambda$newThread$0(DefaultExecController.java:113)
	at io.netty.util.concurrent.DefaultThreadFactory$DefaultRunnableDecorator.run(DefaultThreadFactory.java:137)
	at java.lang.Thread.run(Thread.java:745)
Caused by: com.fasterxml.jackson.databind.exc.UnrecognizedPropertyException: Unrecognized field "Note" (class myicellar.jooq.pojos.WineryRegion), not marked as ignorable (11 known properties: "regionAltId", "countryId", "note", "regionId", "regionNameCht", "isValid", "regionNameEng", "regionNameChs", "regionImg", "seoUrl", "lastUpdMictime"])
 at [Source: N/A; line: -1, column: -1] (through reference chain: myicellar.jooq.pojos.WineryRegion["Note"])
	at com.fasterxml.jackson.databind.exc.UnrecognizedPropertyException.from(UnrecognizedPropertyException.java:51)
	at com.fasterxml.jackson.databind.DeserializationContext.reportUnknownProperty(DeserializationContext.java:836)
	at com.fasterxml.jackson.databind.deser.std.StdDeserializer.handleUnknownProperty(StdDeserializer.java:1045)
	at com.fasterxml.jackson.databind.deser.BeanDeserializerBase.handleUnknownProperty(BeanDeserializerBase.java:1352)
	at com.fasterxml.jackson.databind.deser.BeanDeserializerBase.handleUnknownProperties(BeanDeserializerBase.java:1306)
	at com.fasterxml.jackson.databind.deser.BeanDeserializer._deserializeUsingPropertyBased(BeanDeserializer.java:451)
	at com.fasterxml.jackson.databind.deser.BeanDeserializerBase.deserializeFromObjectUsingNonDefault(BeanDeserializerBase.java:1099)
	at com.fasterxml.jackson.databind.deser.BeanDeserializer.deserializeFromObject(BeanDeserializer.java:294)
	at com.fasterxml.jackson.databind.deser.BeanDeserializer.deserialize(BeanDeserializer.java:131)
	at com.fasterxml.jackson.databind.ObjectReader._bindAndClose(ObjectReader.java:1511)
	at com.fasterxml.jackson.databind.ObjectReader.readValue(ObjectReader.java:1216)
	at myicellar.api.admin.util.MicRequUtil.parseRequCntnObj(MicRequUtil.java:47)
	... 18 common frames omitted
14:59:29.789 - ERRserver(Expect {content : WineryRegion} %%% Unrecognized field "Note" (class myicellar.jooq.pojos.WineryRegion), not marked as ignorable (11 known properties: "regionAltId", "countryId", "note", "regionId", "regionNameCht", "isValid", "regionNameEng", "regionNameChs", "regionImg", "seoUrl", "lastUpdMictime"])
 at [Source: N/A; line: -1, column: -1] (through reference chain: myicellar.jooq.pojos.WineryRegion["Note"])) REQUEST Received = (0:0:0:0:0:0:0:1)(/1/eng/a/WineryRegion/Update) [HTTP/1.1][POST] {0:0:0:0:0:0:0:1}<<<HEADER>>>{Host=[localhost:8888], Connection=[keep-alive], Content-Length=[283], Origin=[null], User-Agent=[Mozilla/5.0 (Macintosh; Intel Mac OS X 10_10_5) AppleWebKit/537.36 (KHTML, like Gecko) Chrome/48.0.2564.109 Safari/537.36], Content-type=[application/json], Accept=[*/*], Accept-Encoding=[gzip, deflate], Accept-Language=[en-US,en;q=0.8]}
java.lang.RuntimeException: Expect {content : WineryRegion}
	at myicellar.api.admin.util.MicRequUtil.parseRequCntnObj(MicRequUtil.java:49)
	at myicellar.api.admin.handler.WineryRegionHandlerUpdate.lambda$handle$104(WineryRegionHandlerUpdate.java:33)
	at ratpack.exec.Promise.lambda$null$9(Promise.java:303)
	at ratpack.exec.Downstream$1.success(Downstream.java:73)
	at ratpack.exec.Promise.lambda$null$9(Promise.java:304)
	at ratpack.exec.Downstream$1.success(Downstream.java:73)
	at ratpack.exec.Promise.lambda$null$9(Promise.java:304)
	at ratpack.exec.Downstream$1.success(Downstream.java:73)
	at ratpack.exec.internal.DefaultExecution$2.lambda$success$1(DefaultExecution.java:161)
	at ratpack.exec.internal.DefaultExecution$SingleEventExecStream.exec(DefaultExecution.java:419)
	at ratpack.exec.internal.DefaultExecution.exec(DefaultExecution.java:248)
	at ratpack.exec.internal.DefaultExecution.intercept(DefaultExecution.java:240)
	at ratpack.exec.internal.DefaultExecution.drain(DefaultExecution.java:220)
	at ratpack.exec.internal.DefaultExecution.<init>(DefaultExecution.java:96)
	at ratpack.exec.internal.DefaultExecController$1.lambda$start$0(DefaultExecController.java:172)
	at io.netty.util.concurrent.PromiseTask.run(PromiseTask.java:73)
	at io.netty.util.concurrent.SingleThreadEventExecutor.runAllTasks(SingleThreadEventExecutor.java:339)
	at io.netty.channel.nio.NioEventLoop.run(NioEventLoop.java:356)
	at io.netty.util.concurrent.SingleThreadEventExecutor$5.run(SingleThreadEventExecutor.java:742)
	at ratpack.exec.internal.DefaultExecController$ExecControllerBindingThreadFactory.lambda$newThread$0(DefaultExecController.java:113)
	at io.netty.util.concurrent.DefaultThreadFactory$DefaultRunnableDecorator.run(DefaultThreadFactory.java:137)
	at java.lang.Thread.run(Thread.java:745)
Caused by: com.fasterxml.jackson.databind.exc.UnrecognizedPropertyException: Unrecognized field "Note" (class myicellar.jooq.pojos.WineryRegion), not marked as ignorable (11 known properties: "regionAltId", "countryId", "note", "regionId", "regionNameCht", "isValid", "regionNameEng", "regionNameChs", "regionImg", "seoUrl", "lastUpdMictime"])
 at [Source: N/A; line: -1, column: -1] (through reference chain: myicellar.jooq.pojos.WineryRegion["Note"])
	at com.fasterxml.jackson.databind.exc.UnrecognizedPropertyException.from(UnrecognizedPropertyException.java:51)
	at com.fasterxml.jackson.databind.DeserializationContext.reportUnknownProperty(DeserializationContext.java:836)
	at com.fasterxml.jackson.databind.deser.std.StdDeserializer.handleUnknownProperty(StdDeserializer.java:1045)
	at com.fasterxml.jackson.databind.deser.BeanDeserializerBase.handleUnknownProperty(BeanDeserializerBase.java:1352)
	at com.fasterxml.jackson.databind.deser.BeanDeserializerBase.handleUnknownProperties(BeanDeserializerBase.java:1306)
	at com.fasterxml.jackson.databind.deser.BeanDeserializer._deserializeUsingPropertyBased(BeanDeserializer.java:451)
	at com.fasterxml.jackson.databind.deser.BeanDeserializerBase.deserializeFromObjectUsingNonDefault(BeanDeserializerBase.java:1099)
	at com.fasterxml.jackson.databind.deser.BeanDeserializer.deserializeFromObject(BeanDeserializer.java:294)
	at com.fasterxml.jackson.databind.deser.BeanDeserializer.deserialize(BeanDeserializer.java:131)
	at com.fasterxml.jackson.databind.ObjectReader._bindAndClose(ObjectReader.java:1511)
	at com.fasterxml.jackson.databind.ObjectReader.readValue(ObjectReader.java:1216)
	at myicellar.api.admin.util.MicRequUtil.parseRequCntnObj(MicRequUtil.java:47)
	... 21 common frames omitted
14:59:43.615 - ERRserver(Expect {content : WineryRegion} %%% Unrecognized field "Note" (class myicellar.jooq.pojos.WineryRegion), not marked as ignorable (11 known properties: "regionAltId", "countryId", "note", "regionId", "regionNameCht", "isValid", "regionNameEng", "regionNameChs", "regionImg", "seoUrl", "lastUpdMictime"])
 at [Source: N/A; line: -1, column: -1] (through reference chain: myicellar.jooq.pojos.WineryRegion["Note"])) REQUEST Received = (0:0:0:0:0:0:0:1)(/1/eng/a/WineryRegion/Update) [HTTP/1.1][POST] {0:0:0:0:0:0:0:1}<<<HEADER>>>{Host=[localhost:8888], Connection=[keep-alive], Content-Length=[285], Origin=[null], User-Agent=[Mozilla/5.0 (Macintosh; Intel Mac OS X 10_10_5) AppleWebKit/537.36 (KHTML, like Gecko) Chrome/48.0.2564.109 Safari/537.36], Content-type=[application/json], Accept=[*/*], Accept-Encoding=[gzip, deflate], Accept-Language=[en-US,en;q=0.8]}
java.lang.RuntimeException: Expect {content : WineryRegion}
	at myicellar.api.admin.util.MicRequUtil.parseRequCntnObj(MicRequUtil.java:49)
	at myicellar.api.admin.handler.WineryRegionHandlerUpdate.lambda$handle$104(WineryRegionHandlerUpdate.java:33)
	at ratpack.exec.Promise.lambda$null$9(Promise.java:303)
	at ratpack.exec.Downstream$1.success(Downstream.java:73)
	at ratpack.exec.Promise.lambda$null$9(Promise.java:304)
	at ratpack.exec.Downstream$1.success(Downstream.java:73)
	at ratpack.exec.Promise.lambda$null$9(Promise.java:304)
	at ratpack.exec.Downstream$1.success(Downstream.java:73)
	at ratpack.exec.internal.DefaultExecution$2.lambda$success$1(DefaultExecution.java:161)
	at ratpack.exec.internal.DefaultExecution$SingleEventExecStream.exec(DefaultExecution.java:419)
	at ratpack.exec.internal.DefaultExecution.exec(DefaultExecution.java:246)
	at ratpack.exec.internal.DefaultExecution.intercept(DefaultExecution.java:240)
	at ratpack.exec.internal.DefaultExecution.drain(DefaultExecution.java:220)
	at io.netty.util.concurrent.SingleThreadEventExecutor.runAllTasks(SingleThreadEventExecutor.java:339)
	at io.netty.channel.nio.NioEventLoop.run(NioEventLoop.java:356)
	at io.netty.util.concurrent.SingleThreadEventExecutor$5.run(SingleThreadEventExecutor.java:742)
	at ratpack.exec.internal.DefaultExecController$ExecControllerBindingThreadFactory.lambda$newThread$0(DefaultExecController.java:113)
	at io.netty.util.concurrent.DefaultThreadFactory$DefaultRunnableDecorator.run(DefaultThreadFactory.java:137)
	at java.lang.Thread.run(Thread.java:745)
Caused by: com.fasterxml.jackson.databind.exc.UnrecognizedPropertyException: Unrecognized field "Note" (class myicellar.jooq.pojos.WineryRegion), not marked as ignorable (11 known properties: "regionAltId", "countryId", "note", "regionId", "regionNameCht", "isValid", "regionNameEng", "regionNameChs", "regionImg", "seoUrl", "lastUpdMictime"])
 at [Source: N/A; line: -1, column: -1] (through reference chain: myicellar.jooq.pojos.WineryRegion["Note"])
	at com.fasterxml.jackson.databind.exc.UnrecognizedPropertyException.from(UnrecognizedPropertyException.java:51)
	at com.fasterxml.jackson.databind.DeserializationContext.reportUnknownProperty(DeserializationContext.java:836)
	at com.fasterxml.jackson.databind.deser.std.StdDeserializer.handleUnknownProperty(StdDeserializer.java:1045)
	at com.fasterxml.jackson.databind.deser.BeanDeserializerBase.handleUnknownProperty(BeanDeserializerBase.java:1352)
	at com.fasterxml.jackson.databind.deser.BeanDeserializerBase.handleUnknownProperties(BeanDeserializerBase.java:1306)
	at com.fasterxml.jackson.databind.deser.BeanDeserializer._deserializeUsingPropertyBased(BeanDeserializer.java:451)
	at com.fasterxml.jackson.databind.deser.BeanDeserializerBase.deserializeFromObjectUsingNonDefault(BeanDeserializerBase.java:1099)
	at com.fasterxml.jackson.databind.deser.BeanDeserializer.deserializeFromObject(BeanDeserializer.java:294)
	at com.fasterxml.jackson.databind.deser.BeanDeserializer.deserialize(BeanDeserializer.java:131)
	at com.fasterxml.jackson.databind.ObjectReader._bindAndClose(ObjectReader.java:1511)
	at com.fasterxml.jackson.databind.ObjectReader.readValue(ObjectReader.java:1216)
	at myicellar.api.admin.util.MicRequUtil.parseRequCntnObj(MicRequUtil.java:47)
	... 18 common frames omitted
14:59:55.305 - ERRserver(Expect {content : WineryRegion} %%% Unrecognized field "Note" (class myicellar.jooq.pojos.WineryRegion), not marked as ignorable (11 known properties: "regionAltId", "countryId", "note", "regionId", "regionNameCht", "isValid", "regionNameEng", "regionNameChs", "regionImg", "seoUrl", "lastUpdMictime"])
 at [Source: N/A; line: -1, column: -1] (through reference chain: myicellar.jooq.pojos.WineryRegion["Note"])) REQUEST Received = (0:0:0:0:0:0:0:1)(/1/eng/a/WineryRegion/Update) [HTTP/1.1][POST] {0:0:0:0:0:0:0:1}<<<HEADER>>>{Host=[localhost:8888], Connection=[keep-alive], Content-Length=[285], Origin=[null], User-Agent=[Mozilla/5.0 (Macintosh; Intel Mac OS X 10_10_5) AppleWebKit/537.36 (KHTML, like Gecko) Chrome/48.0.2564.109 Safari/537.36], Content-type=[application/json], Accept=[*/*], Accept-Encoding=[gzip, deflate], Accept-Language=[en-US,en;q=0.8]}
java.lang.RuntimeException: Expect {content : WineryRegion}
	at myicellar.api.admin.util.MicRequUtil.parseRequCntnObj(MicRequUtil.java:49)
	at myicellar.api.admin.handler.WineryRegionHandlerUpdate.lambda$handle$104(WineryRegionHandlerUpdate.java:33)
	at ratpack.exec.Promise.lambda$null$9(Promise.java:303)
	at ratpack.exec.Downstream$1.success(Downstream.java:73)
	at ratpack.exec.Promise.lambda$null$9(Promise.java:304)
	at ratpack.exec.Downstream$1.success(Downstream.java:73)
	at ratpack.exec.Promise.lambda$null$9(Promise.java:304)
	at ratpack.exec.Downstream$1.success(Downstream.java:73)
	at ratpack.exec.internal.DefaultExecution$2.lambda$success$1(DefaultExecution.java:161)
	at ratpack.exec.internal.DefaultExecution$SingleEventExecStream.exec(DefaultExecution.java:419)
	at ratpack.exec.internal.DefaultExecution.exec(DefaultExecution.java:248)
	at ratpack.exec.internal.DefaultExecution.intercept(DefaultExecution.java:240)
	at ratpack.exec.internal.DefaultExecution.drain(DefaultExecution.java:220)
	at ratpack.exec.internal.DefaultExecution.<init>(DefaultExecution.java:96)
	at ratpack.exec.internal.DefaultExecController$1.lambda$start$0(DefaultExecController.java:172)
	at io.netty.util.concurrent.PromiseTask.run(PromiseTask.java:73)
	at io.netty.util.concurrent.SingleThreadEventExecutor.runAllTasks(SingleThreadEventExecutor.java:339)
	at io.netty.channel.nio.NioEventLoop.run(NioEventLoop.java:356)
	at io.netty.util.concurrent.SingleThreadEventExecutor$5.run(SingleThreadEventExecutor.java:742)
	at ratpack.exec.internal.DefaultExecController$ExecControllerBindingThreadFactory.lambda$newThread$0(DefaultExecController.java:113)
	at io.netty.util.concurrent.DefaultThreadFactory$DefaultRunnableDecorator.run(DefaultThreadFactory.java:137)
	at java.lang.Thread.run(Thread.java:745)
Caused by: com.fasterxml.jackson.databind.exc.UnrecognizedPropertyException: Unrecognized field "Note" (class myicellar.jooq.pojos.WineryRegion), not marked as ignorable (11 known properties: "regionAltId", "countryId", "note", "regionId", "regionNameCht", "isValid", "regionNameEng", "regionNameChs", "regionImg", "seoUrl", "lastUpdMictime"])
 at [Source: N/A; line: -1, column: -1] (through reference chain: myicellar.jooq.pojos.WineryRegion["Note"])
	at com.fasterxml.jackson.databind.exc.UnrecognizedPropertyException.from(UnrecognizedPropertyException.java:51)
	at com.fasterxml.jackson.databind.DeserializationContext.reportUnknownProperty(DeserializationContext.java:836)
	at com.fasterxml.jackson.databind.deser.std.StdDeserializer.handleUnknownProperty(StdDeserializer.java:1045)
	at com.fasterxml.jackson.databind.deser.BeanDeserializerBase.handleUnknownProperty(BeanDeserializerBase.java:1352)
	at com.fasterxml.jackson.databind.deser.BeanDeserializerBase.handleUnknownProperties(BeanDeserializerBase.java:1306)
	at com.fasterxml.jackson.databind.deser.BeanDeserializer._deserializeUsingPropertyBased(BeanDeserializer.java:451)
	at com.fasterxml.jackson.databind.deser.BeanDeserializerBase.deserializeFromObjectUsingNonDefault(BeanDeserializerBase.java:1099)
	at com.fasterxml.jackson.databind.deser.BeanDeserializer.deserializeFromObject(BeanDeserializer.java:294)
	at com.fasterxml.jackson.databind.deser.BeanDeserializer.deserialize(BeanDeserializer.java:131)
	at com.fasterxml.jackson.databind.ObjectReader._bindAndClose(ObjectReader.java:1511)
	at com.fasterxml.jackson.databind.ObjectReader.readValue(ObjectReader.java:1216)
	at myicellar.api.admin.util.MicRequUtil.parseRequCntnObj(MicRequUtil.java:47)
	... 21 common frames omitted
14:59:56.337 - ERRserver(Expect {content : WineryRegion} %%% Unrecognized field "Note" (class myicellar.jooq.pojos.WineryRegion), not marked as ignorable (11 known properties: "regionAltId", "countryId", "note", "regionId", "regionNameCht", "isValid", "regionNameEng", "regionNameChs", "regionImg", "seoUrl", "lastUpdMictime"])
 at [Source: N/A; line: -1, column: -1] (through reference chain: myicellar.jooq.pojos.WineryRegion["Note"])) REQUEST Received = (0:0:0:0:0:0:0:1)(/1/eng/a/WineryRegion/Update) [HTTP/1.1][POST] {0:0:0:0:0:0:0:1}<<<HEADER>>>{Host=[localhost:8888], Connection=[keep-alive], Content-Length=[285], Origin=[null], User-Agent=[Mozilla/5.0 (Macintosh; Intel Mac OS X 10_10_5) AppleWebKit/537.36 (KHTML, like Gecko) Chrome/48.0.2564.109 Safari/537.36], Content-type=[application/json], Accept=[*/*], Accept-Encoding=[gzip, deflate], Accept-Language=[en-US,en;q=0.8]}
java.lang.RuntimeException: Expect {content : WineryRegion}
	at myicellar.api.admin.util.MicRequUtil.parseRequCntnObj(MicRequUtil.java:49)
	at myicellar.api.admin.handler.WineryRegionHandlerUpdate.lambda$handle$104(WineryRegionHandlerUpdate.java:33)
	at ratpack.exec.Promise.lambda$null$9(Promise.java:303)
	at ratpack.exec.Downstream$1.success(Downstream.java:73)
	at ratpack.exec.Promise.lambda$null$9(Promise.java:304)
	at ratpack.exec.Downstream$1.success(Downstream.java:73)
	at ratpack.exec.Promise.lambda$null$9(Promise.java:304)
	at ratpack.exec.Downstream$1.success(Downstream.java:73)
	at ratpack.exec.internal.DefaultExecution$2.lambda$success$1(DefaultExecution.java:161)
	at ratpack.exec.internal.DefaultExecution$SingleEventExecStream.exec(DefaultExecution.java:419)
	at ratpack.exec.internal.DefaultExecution.exec(DefaultExecution.java:248)
	at ratpack.exec.internal.DefaultExecution.intercept(DefaultExecution.java:240)
	at ratpack.exec.internal.DefaultExecution.drain(DefaultExecution.java:220)
	at ratpack.exec.internal.DefaultExecution.<init>(DefaultExecution.java:96)
	at ratpack.exec.internal.DefaultExecController$1.lambda$start$0(DefaultExecController.java:172)
	at io.netty.util.concurrent.PromiseTask.run(PromiseTask.java:73)
	at io.netty.util.concurrent.SingleThreadEventExecutor.runAllTasks(SingleThreadEventExecutor.java:339)
	at io.netty.channel.nio.NioEventLoop.run(NioEventLoop.java:356)
	at io.netty.util.concurrent.SingleThreadEventExecutor$5.run(SingleThreadEventExecutor.java:742)
	at ratpack.exec.internal.DefaultExecController$ExecControllerBindingThreadFactory.lambda$newThread$0(DefaultExecController.java:113)
	at io.netty.util.concurrent.DefaultThreadFactory$DefaultRunnableDecorator.run(DefaultThreadFactory.java:137)
	at java.lang.Thread.run(Thread.java:745)
Caused by: com.fasterxml.jackson.databind.exc.UnrecognizedPropertyException: Unrecognized field "Note" (class myicellar.jooq.pojos.WineryRegion), not marked as ignorable (11 known properties: "regionAltId", "countryId", "note", "regionId", "regionNameCht", "isValid", "regionNameEng", "regionNameChs", "regionImg", "seoUrl", "lastUpdMictime"])
 at [Source: N/A; line: -1, column: -1] (through reference chain: myicellar.jooq.pojos.WineryRegion["Note"])
	at com.fasterxml.jackson.databind.exc.UnrecognizedPropertyException.from(UnrecognizedPropertyException.java:51)
	at com.fasterxml.jackson.databind.DeserializationContext.reportUnknownProperty(DeserializationContext.java:836)
	at com.fasterxml.jackson.databind.deser.std.StdDeserializer.handleUnknownProperty(StdDeserializer.java:1045)
	at com.fasterxml.jackson.databind.deser.BeanDeserializerBase.handleUnknownProperty(BeanDeserializerBase.java:1352)
	at com.fasterxml.jackson.databind.deser.BeanDeserializerBase.handleUnknownProperties(BeanDeserializerBase.java:1306)
	at com.fasterxml.jackson.databind.deser.BeanDeserializer._deserializeUsingPropertyBased(BeanDeserializer.java:451)
	at com.fasterxml.jackson.databind.deser.BeanDeserializerBase.deserializeFromObjectUsingNonDefault(BeanDeserializerBase.java:1099)
	at com.fasterxml.jackson.databind.deser.BeanDeserializer.deserializeFromObject(BeanDeserializer.java:294)
	at com.fasterxml.jackson.databind.deser.BeanDeserializer.deserialize(BeanDeserializer.java:131)
	at com.fasterxml.jackson.databind.ObjectReader._bindAndClose(ObjectReader.java:1511)
	at com.fasterxml.jackson.databind.ObjectReader.readValue(ObjectReader.java:1216)
	at myicellar.api.admin.util.MicRequUtil.parseRequCntnObj(MicRequUtil.java:47)
	... 21 common frames omitted
15:00:12.130 - ERRserver(Expect {content : WineryRegion} %%% Unrecognized field "Note" (class myicellar.jooq.pojos.WineryRegion), not marked as ignorable (11 known properties: "regionAltId", "countryId", "note", "regionId", "regionNameCht", "isValid", "regionNameEng", "regionNameChs", "regionImg", "seoUrl", "lastUpdMictime"])
 at [Source: N/A; line: -1, column: -1] (through reference chain: myicellar.jooq.pojos.WineryRegion["Note"])) REQUEST Received = (0:0:0:0:0:0:0:1)(/1/eng/a/WineryRegion/Update) [HTTP/1.1][POST] {0:0:0:0:0:0:0:1}<<<HEADER>>>{Host=[localhost:8888], Connection=[keep-alive], Content-Length=[285], Origin=[null], User-Agent=[Mozilla/5.0 (Macintosh; Intel Mac OS X 10_10_5) AppleWebKit/537.36 (KHTML, like Gecko) Chrome/48.0.2564.109 Safari/537.36], Content-type=[application/json], Accept=[*/*], Accept-Encoding=[gzip, deflate], Accept-Language=[en-US,en;q=0.8]}
java.lang.RuntimeException: Expect {content : WineryRegion}
	at myicellar.api.admin.util.MicRequUtil.parseRequCntnObj(MicRequUtil.java:49)
	at myicellar.api.admin.handler.WineryRegionHandlerUpdate.lambda$handle$104(WineryRegionHandlerUpdate.java:33)
	at ratpack.exec.Promise.lambda$null$9(Promise.java:303)
	at ratpack.exec.Downstream$1.success(Downstream.java:73)
	at ratpack.exec.Promise.lambda$null$9(Promise.java:304)
	at ratpack.exec.Downstream$1.success(Downstream.java:73)
	at ratpack.exec.Promise.lambda$null$9(Promise.java:304)
	at ratpack.exec.Downstream$1.success(Downstream.java:73)
	at ratpack.exec.internal.DefaultExecution$2.lambda$success$1(DefaultExecution.java:161)
	at ratpack.exec.internal.DefaultExecution$SingleEventExecStream.exec(DefaultExecution.java:419)
	at ratpack.exec.internal.DefaultExecution.exec(DefaultExecution.java:248)
	at ratpack.exec.internal.DefaultExecution.intercept(DefaultExecution.java:240)
	at ratpack.exec.internal.DefaultExecution.drain(DefaultExecution.java:220)
	at ratpack.exec.internal.DefaultExecution.<init>(DefaultExecution.java:96)
	at ratpack.exec.internal.DefaultExecController$1.lambda$start$0(DefaultExecController.java:172)
	at io.netty.util.concurrent.PromiseTask.run(PromiseTask.java:73)
	at io.netty.util.concurrent.SingleThreadEventExecutor.runAllTasks(SingleThreadEventExecutor.java:339)
	at io.netty.channel.nio.NioEventLoop.run(NioEventLoop.java:356)
	at io.netty.util.concurrent.SingleThreadEventExecutor$5.run(SingleThreadEventExecutor.java:742)
	at ratpack.exec.internal.DefaultExecController$ExecControllerBindingThreadFactory.lambda$newThread$0(DefaultExecController.java:113)
	at io.netty.util.concurrent.DefaultThreadFactory$DefaultRunnableDecorator.run(DefaultThreadFactory.java:137)
	at java.lang.Thread.run(Thread.java:745)
Caused by: com.fasterxml.jackson.databind.exc.UnrecognizedPropertyException: Unrecognized field "Note" (class myicellar.jooq.pojos.WineryRegion), not marked as ignorable (11 known properties: "regionAltId", "countryId", "note", "regionId", "regionNameCht", "isValid", "regionNameEng", "regionNameChs", "regionImg", "seoUrl", "lastUpdMictime"])
 at [Source: N/A; line: -1, column: -1] (through reference chain: myicellar.jooq.pojos.WineryRegion["Note"])
	at com.fasterxml.jackson.databind.exc.UnrecognizedPropertyException.from(UnrecognizedPropertyException.java:51)
	at com.fasterxml.jackson.databind.DeserializationContext.reportUnknownProperty(DeserializationContext.java:836)
	at com.fasterxml.jackson.databind.deser.std.StdDeserializer.handleUnknownProperty(StdDeserializer.java:1045)
	at com.fasterxml.jackson.databind.deser.BeanDeserializerBase.handleUnknownProperty(BeanDeserializerBase.java:1352)
	at com.fasterxml.jackson.databind.deser.BeanDeserializerBase.handleUnknownProperties(BeanDeserializerBase.java:1306)
	at com.fasterxml.jackson.databind.deser.BeanDeserializer._deserializeUsingPropertyBased(BeanDeserializer.java:451)
	at com.fasterxml.jackson.databind.deser.BeanDeserializerBase.deserializeFromObjectUsingNonDefault(BeanDeserializerBase.java:1099)
	at com.fasterxml.jackson.databind.deser.BeanDeserializer.deserializeFromObject(BeanDeserializer.java:294)
	at com.fasterxml.jackson.databind.deser.BeanDeserializer.deserialize(BeanDeserializer.java:131)
	at com.fasterxml.jackson.databind.ObjectReader._bindAndClose(ObjectReader.java:1511)
	at com.fasterxml.jackson.databind.ObjectReader.readValue(ObjectReader.java:1216)
	at myicellar.api.admin.util.MicRequUtil.parseRequCntnObj(MicRequUtil.java:47)
	... 21 common frames omitted
15:01:34.212 - ERRserver(Expect {content : WineryRegion} %%% Unrecognized field "Note" (class myicellar.jooq.pojos.WineryRegion), not marked as ignorable (11 known properties: "regionAltId", "countryId", "note", "regionId", "regionNameCht", "isValid", "regionNameEng", "regionNameChs", "regionImg", "seoUrl", "lastUpdMictime"])
 at [Source: N/A; line: -1, column: -1] (through reference chain: myicellar.jooq.pojos.WineryRegion["Note"])) REQUEST Received = (0:0:0:0:0:0:0:1)(/1/eng/a/WineryRegion/Update) [HTTP/1.1][POST] {0:0:0:0:0:0:0:1}<<<HEADER>>>{Host=[localhost:8888], Connection=[keep-alive], Content-Length=[285], Origin=[null], User-Agent=[Mozilla/5.0 (Macintosh; Intel Mac OS X 10_10_5) AppleWebKit/537.36 (KHTML, like Gecko) Chrome/48.0.2564.109 Safari/537.36], Content-type=[application/json], Accept=[*/*], Accept-Encoding=[gzip, deflate], Accept-Language=[en-US,en;q=0.8]}
java.lang.RuntimeException: Expect {content : WineryRegion}
	at myicellar.api.admin.util.MicRequUtil.parseRequCntnObj(MicRequUtil.java:49)
	at myicellar.api.admin.handler.WineryRegionHandlerUpdate.lambda$handle$104(WineryRegionHandlerUpdate.java:33)
	at ratpack.exec.Promise.lambda$null$9(Promise.java:303)
	at ratpack.exec.Downstream$1.success(Downstream.java:73)
	at ratpack.exec.Promise.lambda$null$9(Promise.java:304)
	at ratpack.exec.Downstream$1.success(Downstream.java:73)
	at ratpack.exec.Promise.lambda$null$9(Promise.java:304)
	at ratpack.exec.Downstream$1.success(Downstream.java:73)
	at ratpack.exec.internal.DefaultExecution$2.lambda$success$1(DefaultExecution.java:161)
	at ratpack.exec.internal.DefaultExecution$SingleEventExecStream.exec(DefaultExecution.java:419)
	at ratpack.exec.internal.DefaultExecution.exec(DefaultExecution.java:248)
	at ratpack.exec.internal.DefaultExecution.intercept(DefaultExecution.java:240)
	at ratpack.exec.internal.DefaultExecution.drain(DefaultExecution.java:220)
	at ratpack.exec.internal.DefaultExecution.<init>(DefaultExecution.java:96)
	at ratpack.exec.internal.DefaultExecController$1.lambda$start$0(DefaultExecController.java:172)
	at io.netty.util.concurrent.PromiseTask.run(PromiseTask.java:73)
	at io.netty.util.concurrent.SingleThreadEventExecutor.runAllTasks(SingleThreadEventExecutor.java:339)
	at io.netty.channel.nio.NioEventLoop.run(NioEventLoop.java:356)
	at io.netty.util.concurrent.SingleThreadEventExecutor$5.run(SingleThreadEventExecutor.java:742)
	at ratpack.exec.internal.DefaultExecController$ExecControllerBindingThreadFactory.lambda$newThread$0(DefaultExecController.java:113)
	at io.netty.util.concurrent.DefaultThreadFactory$DefaultRunnableDecorator.run(DefaultThreadFactory.java:137)
	at java.lang.Thread.run(Thread.java:745)
Caused by: com.fasterxml.jackson.databind.exc.UnrecognizedPropertyException: Unrecognized field "Note" (class myicellar.jooq.pojos.WineryRegion), not marked as ignorable (11 known properties: "regionAltId", "countryId", "note", "regionId", "regionNameCht", "isValid", "regionNameEng", "regionNameChs", "regionImg", "seoUrl", "lastUpdMictime"])
 at [Source: N/A; line: -1, column: -1] (through reference chain: myicellar.jooq.pojos.WineryRegion["Note"])
	at com.fasterxml.jackson.databind.exc.UnrecognizedPropertyException.from(UnrecognizedPropertyException.java:51)
	at com.fasterxml.jackson.databind.DeserializationContext.reportUnknownProperty(DeserializationContext.java:836)
	at com.fasterxml.jackson.databind.deser.std.StdDeserializer.handleUnknownProperty(StdDeserializer.java:1045)
	at com.fasterxml.jackson.databind.deser.BeanDeserializerBase.handleUnknownProperty(BeanDeserializerBase.java:1352)
	at com.fasterxml.jackson.databind.deser.BeanDeserializerBase.handleUnknownProperties(BeanDeserializerBase.java:1306)
	at com.fasterxml.jackson.databind.deser.BeanDeserializer._deserializeUsingPropertyBased(BeanDeserializer.java:451)
	at com.fasterxml.jackson.databind.deser.BeanDeserializerBase.deserializeFromObjectUsingNonDefault(BeanDeserializerBase.java:1099)
	at com.fasterxml.jackson.databind.deser.BeanDeserializer.deserializeFromObject(BeanDeserializer.java:294)
	at com.fasterxml.jackson.databind.deser.BeanDeserializer.deserialize(BeanDeserializer.java:131)
	at com.fasterxml.jackson.databind.ObjectReader._bindAndClose(ObjectReader.java:1511)
	at com.fasterxml.jackson.databind.ObjectReader.readValue(ObjectReader.java:1216)
	at myicellar.api.admin.util.MicRequUtil.parseRequCntnObj(MicRequUtil.java:47)
	... 21 common frames omitted
15:01:42.962 - ERRserver(Expect {content : WineryRegion} %%% Unrecognized field "Note" (class myicellar.jooq.pojos.WineryRegion), not marked as ignorable (11 known properties: "regionAltId", "countryId", "note", "regionId", "regionNameCht", "isValid", "regionNameEng", "regionNameChs", "regionImg", "seoUrl", "lastUpdMictime"])
 at [Source: N/A; line: -1, column: -1] (through reference chain: myicellar.jooq.pojos.WineryRegion["Note"])) REQUEST Received = (0:0:0:0:0:0:0:1)(/1/eng/a/WineryRegion/Update) [HTTP/1.1][POST] {0:0:0:0:0:0:0:1}<<<HEADER>>>{Host=[localhost:8888], Connection=[keep-alive], Content-Length=[285], Origin=[null], User-Agent=[Mozilla/5.0 (Macintosh; Intel Mac OS X 10_10_5) AppleWebKit/537.36 (KHTML, like Gecko) Chrome/48.0.2564.109 Safari/537.36], Content-type=[application/json], Accept=[*/*], Accept-Encoding=[gzip, deflate], Accept-Language=[en-US,en;q=0.8]}
java.lang.RuntimeException: Expect {content : WineryRegion}
	at myicellar.api.admin.util.MicRequUtil.parseRequCntnObj(MicRequUtil.java:49)
	at myicellar.api.admin.handler.WineryRegionHandlerUpdate.lambda$handle$104(WineryRegionHandlerUpdate.java:33)
	at ratpack.exec.Promise.lambda$null$9(Promise.java:303)
	at ratpack.exec.Downstream$1.success(Downstream.java:73)
	at ratpack.exec.Promise.lambda$null$9(Promise.java:304)
	at ratpack.exec.Downstream$1.success(Downstream.java:73)
	at ratpack.exec.Promise.lambda$null$9(Promise.java:304)
	at ratpack.exec.Downstream$1.success(Downstream.java:73)
	at ratpack.exec.internal.DefaultExecution$2.lambda$success$1(DefaultExecution.java:161)
	at ratpack.exec.internal.DefaultExecution$SingleEventExecStream.exec(DefaultExecution.java:419)
	at ratpack.exec.internal.DefaultExecution.exec(DefaultExecution.java:248)
	at ratpack.exec.internal.DefaultExecution.intercept(DefaultExecution.java:240)
	at ratpack.exec.internal.DefaultExecution.drain(DefaultExecution.java:220)
	at ratpack.exec.internal.DefaultExecution.<init>(DefaultExecution.java:96)
	at ratpack.exec.internal.DefaultExecController$1.lambda$start$0(DefaultExecController.java:172)
	at io.netty.util.concurrent.PromiseTask.run(PromiseTask.java:73)
	at io.netty.util.concurrent.SingleThreadEventExecutor.runAllTasks(SingleThreadEventExecutor.java:339)
	at io.netty.channel.nio.NioEventLoop.run(NioEventLoop.java:356)
	at io.netty.util.concurrent.SingleThreadEventExecutor$5.run(SingleThreadEventExecutor.java:742)
	at ratpack.exec.internal.DefaultExecController$ExecControllerBindingThreadFactory.lambda$newThread$0(DefaultExecController.java:113)
	at io.netty.util.concurrent.DefaultThreadFactory$DefaultRunnableDecorator.run(DefaultThreadFactory.java:137)
	at java.lang.Thread.run(Thread.java:745)
Caused by: com.fasterxml.jackson.databind.exc.UnrecognizedPropertyException: Unrecognized field "Note" (class myicellar.jooq.pojos.WineryRegion), not marked as ignorable (11 known properties: "regionAltId", "countryId", "note", "regionId", "regionNameCht", "isValid", "regionNameEng", "regionNameChs", "regionImg", "seoUrl", "lastUpdMictime"])
 at [Source: N/A; line: -1, column: -1] (through reference chain: myicellar.jooq.pojos.WineryRegion["Note"])
	at com.fasterxml.jackson.databind.exc.UnrecognizedPropertyException.from(UnrecognizedPropertyException.java:51)
	at com.fasterxml.jackson.databind.DeserializationContext.reportUnknownProperty(DeserializationContext.java:836)
	at com.fasterxml.jackson.databind.deser.std.StdDeserializer.handleUnknownProperty(StdDeserializer.java:1045)
	at com.fasterxml.jackson.databind.deser.BeanDeserializerBase.handleUnknownProperty(BeanDeserializerBase.java:1352)
	at com.fasterxml.jackson.databind.deser.BeanDeserializerBase.handleUnknownProperties(BeanDeserializerBase.java:1306)
	at com.fasterxml.jackson.databind.deser.BeanDeserializer._deserializeUsingPropertyBased(BeanDeserializer.java:451)
	at com.fasterxml.jackson.databind.deser.BeanDeserializerBase.deserializeFromObjectUsingNonDefault(BeanDeserializerBase.java:1099)
	at com.fasterxml.jackson.databind.deser.BeanDeserializer.deserializeFromObject(BeanDeserializer.java:294)
	at com.fasterxml.jackson.databind.deser.BeanDeserializer.deserialize(BeanDeserializer.java:131)
	at com.fasterxml.jackson.databind.ObjectReader._bindAndClose(ObjectReader.java:1511)
	at com.fasterxml.jackson.databind.ObjectReader.readValue(ObjectReader.java:1216)
	at myicellar.api.admin.util.MicRequUtil.parseRequCntnObj(MicRequUtil.java:47)
	... 21 common frames omitted
17:27:27.830 - ERRserver(SQL [insert into "mic_core"."winery_region" ("is_valid", "region_alt_id", "country_id", "region_name_eng", "region_name_cht", "region_name_chs", "note", "seo_url") values (?, ?, ?, ?, ?, ?, ?, ?)]; ERROR: null value in column "region_alt_id" violates not-null constraint
  Detail: Failing row contains (101, null, null, null, null, null, null, null, null, null, 1657). %%% ERROR: null value in column "region_alt_id" violates not-null constraint
  Detail: Failing row contains (101, null, null, null, null, null, null, null, null, null, 1657).) REQUEST Received = (0:0:0:0:0:0:0:1)(/1/eng/a/WineryRegion/Create) [HTTP/1.1][POST] {0:0:0:0:0:0:0:1}<<<HEADER>>>{Host=[localhost:8888], Connection=[keep-alive], Content-Length=[129], Origin=[null], User-Agent=[Mozilla/5.0 (Macintosh; Intel Mac OS X 10_10_5) AppleWebKit/537.36 (KHTML, like Gecko) Chrome/48.0.2564.109 Safari/537.36], Content-type=[application/json], Accept=[*/*], Accept-Encoding=[gzip, deflate], Accept-Language=[en-US,en;q=0.8]}
org.jooq.exception.DataAccessException: SQL [insert into "mic_core"."winery_region" ("is_valid", "region_alt_id", "country_id", "region_name_eng", "region_name_cht", "region_name_chs", "note", "seo_url") values (?, ?, ?, ?, ?, ?, ?, ?)]; ERROR: null value in column "region_alt_id" violates not-null constraint
  Detail: Failing row contains (101, null, null, null, null, null, null, null, null, null, 1657).
	at org.jooq.impl.Tools.translate(Tools.java:1690)
	at org.jooq.impl.DefaultExecuteContext.sqlException(DefaultExecuteContext.java:660)
	at org.jooq.impl.AbstractQuery.execute(AbstractQuery.java:354)
	at org.jooq.impl.AbstractDelegatingQuery.execute(AbstractDelegatingQuery.java:133)
	at myicellar.api.admin.handler.WineryRegionHandlerCreate.lambda$handle$97(WineryRegionHandlerCreate.java:44)
	at ratpack.exec.Promise.lambda$null$12(Promise.java:323)
	at ratpack.exec.Blocking$1.lambda$get$0(Blocking.java:70)
	at ratpack.exec.Blocking.intercept(Blocking.java:241)
	at ratpack.exec.Blocking.access$000(Blocking.java:35)
	at ratpack.exec.Blocking$1.get(Blocking.java:68)
	at ratpack.exec.Blocking$1.get(Blocking.java:61)
	at java.util.concurrent.CompletableFuture$AsyncSupply.run(CompletableFuture.java:1590)
	at java.util.concurrent.ThreadPoolExecutor.runWorker(ThreadPoolExecutor.java:1142)
	at java.util.concurrent.ThreadPoolExecutor$Worker.run(ThreadPoolExecutor.java:617)
	at ratpack.exec.internal.DefaultExecController$ExecControllerBindingThreadFactory.lambda$newThread$0(DefaultExecController.java:113)
	at io.netty.util.concurrent.DefaultThreadFactory$DefaultRunnableDecorator.run(DefaultThreadFactory.java:137)
	at java.lang.Thread.run(Thread.java:745)
Caused by: org.postgresql.util.PSQLException: ERROR: null value in column "region_alt_id" violates not-null constraint
  Detail: Failing row contains (101, null, null, null, null, null, null, null, null, null, 1657).
	at org.postgresql.core.v3.QueryExecutorImpl.receiveErrorResponse(QueryExecutorImpl.java:2182)
	at org.postgresql.core.v3.QueryExecutorImpl.processResults(QueryExecutorImpl.java:1911)
	at org.postgresql.core.v3.QueryExecutorImpl.execute(QueryExecutorImpl.java:173)
	at org.postgresql.jdbc.PgStatement.execute(PgStatement.java:622)
	at org.postgresql.jdbc.PgStatement.executeWithFlags(PgStatement.java:472)
	at org.postgresql.jdbc.PgStatement.execute(PgStatement.java:465)
	at com.zaxxer.hikari.proxy.PreparedStatementProxy.execute(PreparedStatementProxy.java:44)
	at com.zaxxer.hikari.proxy.PreparedStatementJavassistProxy.execute(PreparedStatementJavassistProxy.java)
	at org.jooq.tools.jdbc.DefaultPreparedStatement.execute(DefaultPreparedStatement.java:194)
	at org.jooq.impl.AbstractQuery.execute(AbstractQuery.java:408)
	at org.jooq.impl.AbstractDMLQuery.execute(AbstractDMLQuery.java:284)
	at org.jooq.impl.AbstractQuery.execute(AbstractQuery.java:340)
	... 14 common frames omitted
17:30:22.630 - ERRserver(SQL [insert into "mic_core"."winery_region" ("is_valid", "region_alt_id", "country_id", "region_name_eng", "region_name_cht", "region_name_chs", "note", "seo_url") values (?, ?, ?, ?, ?, ?, ?, ?)]; ERROR: null value in column "region_alt_id" violates not-null constraint
  Detail: Failing row contains (102, null, null, null, null, null, null, null, null, null, 1658). %%% ERROR: null value in column "region_alt_id" violates not-null constraint
  Detail: Failing row contains (102, null, null, null, null, null, null, null, null, null, 1658).) REQUEST Received = (0:0:0:0:0:0:0:1)(/1/eng/a/WineryRegion/Create) [HTTP/1.1][POST] {0:0:0:0:0:0:0:1}<<<HEADER>>>{Host=[localhost:8888], Connection=[keep-alive], Content-Length=[129], Origin=[null], User-Agent=[Mozilla/5.0 (Macintosh; Intel Mac OS X 10_10_5) AppleWebKit/537.36 (KHTML, like Gecko) Chrome/48.0.2564.109 Safari/537.36], Content-type=[application/json], Accept=[*/*], Accept-Encoding=[gzip, deflate], Accept-Language=[en-US,en;q=0.8]}
org.jooq.exception.DataAccessException: SQL [insert into "mic_core"."winery_region" ("is_valid", "region_alt_id", "country_id", "region_name_eng", "region_name_cht", "region_name_chs", "note", "seo_url") values (?, ?, ?, ?, ?, ?, ?, ?)]; ERROR: null value in column "region_alt_id" violates not-null constraint
  Detail: Failing row contains (102, null, null, null, null, null, null, null, null, null, 1658).
	at org.jooq.impl.Tools.translate(Tools.java:1690)
	at org.jooq.impl.DefaultExecuteContext.sqlException(DefaultExecuteContext.java:660)
	at org.jooq.impl.AbstractQuery.execute(AbstractQuery.java:354)
	at org.jooq.impl.AbstractDelegatingQuery.execute(AbstractDelegatingQuery.java:133)
	at myicellar.api.admin.handler.WineryRegionHandlerCreate.lambda$handle$97(WineryRegionHandlerCreate.java:44)
	at ratpack.exec.Promise.lambda$null$12(Promise.java:323)
	at ratpack.exec.Blocking$1.lambda$get$0(Blocking.java:70)
	at ratpack.exec.Blocking.intercept(Blocking.java:241)
	at ratpack.exec.Blocking.access$000(Blocking.java:35)
	at ratpack.exec.Blocking$1.get(Blocking.java:68)
	at ratpack.exec.Blocking$1.get(Blocking.java:61)
	at java.util.concurrent.CompletableFuture$AsyncSupply.run(CompletableFuture.java:1590)
	at java.util.concurrent.ThreadPoolExecutor.runWorker(ThreadPoolExecutor.java:1142)
	at java.util.concurrent.ThreadPoolExecutor$Worker.run(ThreadPoolExecutor.java:617)
	at ratpack.exec.internal.DefaultExecController$ExecControllerBindingThreadFactory.lambda$newThread$0(DefaultExecController.java:113)
	at io.netty.util.concurrent.DefaultThreadFactory$DefaultRunnableDecorator.run(DefaultThreadFactory.java:137)
	at java.lang.Thread.run(Thread.java:745)
Caused by: org.postgresql.util.PSQLException: ERROR: null value in column "region_alt_id" violates not-null constraint
  Detail: Failing row contains (102, null, null, null, null, null, null, null, null, null, 1658).
	at org.postgresql.core.v3.QueryExecutorImpl.receiveErrorResponse(QueryExecutorImpl.java:2182)
	at org.postgresql.core.v3.QueryExecutorImpl.processResults(QueryExecutorImpl.java:1911)
	at org.postgresql.core.v3.QueryExecutorImpl.execute(QueryExecutorImpl.java:173)
	at org.postgresql.jdbc.PgStatement.execute(PgStatement.java:622)
	at org.postgresql.jdbc.PgStatement.executeWithFlags(PgStatement.java:472)
	at org.postgresql.jdbc.PgStatement.execute(PgStatement.java:465)
	at com.zaxxer.hikari.proxy.PreparedStatementProxy.execute(PreparedStatementProxy.java:44)
	at com.zaxxer.hikari.proxy.PreparedStatementJavassistProxy.execute(PreparedStatementJavassistProxy.java)
	at org.jooq.tools.jdbc.DefaultPreparedStatement.execute(DefaultPreparedStatement.java:194)
	at org.jooq.impl.AbstractQuery.execute(AbstractQuery.java:408)
	at org.jooq.impl.AbstractDMLQuery.execute(AbstractDMLQuery.java:284)
	at org.jooq.impl.AbstractQuery.execute(AbstractQuery.java:340)
	... 14 common frames omitted
17:30:36.126 - ERRserver(SQL [insert into "mic_core"."winery_region" ("is_valid", "region_alt_id", "country_id", "region_name_eng", "region_name_cht", "region_name_chs", "note", "seo_url") values (?, ?, ?, ?, ?, ?, ?, ?)]; ERROR: null value in column "region_alt_id" violates not-null constraint
  Detail: Failing row contains (103, null, null, null, null, null, null, null, null, null, 1658). %%% ERROR: null value in column "region_alt_id" violates not-null constraint
  Detail: Failing row contains (103, null, null, null, null, null, null, null, null, null, 1658).) REQUEST Received = (0:0:0:0:0:0:0:1)(/1/eng/a/WineryRegion/Create) [HTTP/1.1][POST] {0:0:0:0:0:0:0:1}<<<HEADER>>>{Host=[localhost:8888], Connection=[keep-alive], Content-Length=[129], Origin=[null], User-Agent=[Mozilla/5.0 (Macintosh; Intel Mac OS X 10_10_5) AppleWebKit/537.36 (KHTML, like Gecko) Chrome/48.0.2564.109 Safari/537.36], Content-type=[application/json], Accept=[*/*], Accept-Encoding=[gzip, deflate], Accept-Language=[en-US,en;q=0.8]}
org.jooq.exception.DataAccessException: SQL [insert into "mic_core"."winery_region" ("is_valid", "region_alt_id", "country_id", "region_name_eng", "region_name_cht", "region_name_chs", "note", "seo_url") values (?, ?, ?, ?, ?, ?, ?, ?)]; ERROR: null value in column "region_alt_id" violates not-null constraint
  Detail: Failing row contains (103, null, null, null, null, null, null, null, null, null, 1658).
	at org.jooq.impl.Tools.translate(Tools.java:1690)
	at org.jooq.impl.DefaultExecuteContext.sqlException(DefaultExecuteContext.java:660)
	at org.jooq.impl.AbstractQuery.execute(AbstractQuery.java:354)
	at org.jooq.impl.AbstractDelegatingQuery.execute(AbstractDelegatingQuery.java:133)
	at myicellar.api.admin.handler.WineryRegionHandlerCreate.lambda$handle$97(WineryRegionHandlerCreate.java:44)
	at ratpack.exec.Promise.lambda$null$12(Promise.java:323)
	at ratpack.exec.Blocking$1.lambda$get$0(Blocking.java:70)
	at ratpack.exec.Blocking.intercept(Blocking.java:241)
	at ratpack.exec.Blocking.access$000(Blocking.java:35)
	at ratpack.exec.Blocking$1.get(Blocking.java:68)
	at ratpack.exec.Blocking$1.get(Blocking.java:61)
	at java.util.concurrent.CompletableFuture$AsyncSupply.run(CompletableFuture.java:1590)
	at java.util.concurrent.ThreadPoolExecutor.runWorker(ThreadPoolExecutor.java:1142)
	at java.util.concurrent.ThreadPoolExecutor$Worker.run(ThreadPoolExecutor.java:617)
	at ratpack.exec.internal.DefaultExecController$ExecControllerBindingThreadFactory.lambda$newThread$0(DefaultExecController.java:113)
	at io.netty.util.concurrent.DefaultThreadFactory$DefaultRunnableDecorator.run(DefaultThreadFactory.java:137)
	at java.lang.Thread.run(Thread.java:745)
Caused by: org.postgresql.util.PSQLException: ERROR: null value in column "region_alt_id" violates not-null constraint
  Detail: Failing row contains (103, null, null, null, null, null, null, null, null, null, 1658).
	at org.postgresql.core.v3.QueryExecutorImpl.receiveErrorResponse(QueryExecutorImpl.java:2182)
	at org.postgresql.core.v3.QueryExecutorImpl.processResults(QueryExecutorImpl.java:1911)
	at org.postgresql.core.v3.QueryExecutorImpl.execute(QueryExecutorImpl.java:173)
	at org.postgresql.jdbc.PgStatement.execute(PgStatement.java:622)
	at org.postgresql.jdbc.PgStatement.executeWithFlags(PgStatement.java:472)
	at org.postgresql.jdbc.PgStatement.execute(PgStatement.java:465)
	at com.zaxxer.hikari.proxy.PreparedStatementProxy.execute(PreparedStatementProxy.java:44)
	at com.zaxxer.hikari.proxy.PreparedStatementJavassistProxy.execute(PreparedStatementJavassistProxy.java)
	at org.jooq.tools.jdbc.DefaultPreparedStatement.execute(DefaultPreparedStatement.java:194)
	at org.jooq.impl.AbstractQuery.execute(AbstractQuery.java:408)
	at org.jooq.impl.AbstractDMLQuery.execute(AbstractDMLQuery.java:284)
	at org.jooq.impl.AbstractQuery.execute(AbstractQuery.java:340)
	... 14 common frames omitted
17:38:13.894 - ERRserver(SQL [insert into "mic_core"."winery_region" ("is_valid", "region_alt_id", "country_id", "region_name_eng", "region_name_cht", "region_name_chs", "note", "seo_url") values (?, ?, ?, ?, ?, ?, ?, ?)]; ERROR: null value in column "region_alt_id" violates not-null constraint
  Detail: Failing row contains (104, null, null, null, null, null, null, null, null, null, 1658). %%% ERROR: null value in column "region_alt_id" violates not-null constraint
  Detail: Failing row contains (104, null, null, null, null, null, null, null, null, null, 1658).) REQUEST Received = (0:0:0:0:0:0:0:1)(/1/eng/a/WineryRegion/Create) [HTTP/1.1][POST] {0:0:0:0:0:0:0:1}<<<HEADER>>>{Host=[localhost:8888], Connection=[keep-alive], Content-Length=[129], Origin=[null], User-Agent=[Mozilla/5.0 (Macintosh; Intel Mac OS X 10_10_5) AppleWebKit/537.36 (KHTML, like Gecko) Chrome/48.0.2564.109 Safari/537.36], Content-type=[application/json], Accept=[*/*], Accept-Encoding=[gzip, deflate], Accept-Language=[en-US,en;q=0.8]}
org.jooq.exception.DataAccessException: SQL [insert into "mic_core"."winery_region" ("is_valid", "region_alt_id", "country_id", "region_name_eng", "region_name_cht", "region_name_chs", "note", "seo_url") values (?, ?, ?, ?, ?, ?, ?, ?)]; ERROR: null value in column "region_alt_id" violates not-null constraint
  Detail: Failing row contains (104, null, null, null, null, null, null, null, null, null, 1658).
	at org.jooq.impl.Tools.translate(Tools.java:1690)
	at org.jooq.impl.DefaultExecuteContext.sqlException(DefaultExecuteContext.java:660)
	at org.jooq.impl.AbstractQuery.execute(AbstractQuery.java:354)
	at org.jooq.impl.AbstractDelegatingQuery.execute(AbstractDelegatingQuery.java:133)
	at myicellar.api.admin.handler.WineryRegionHandlerCreate.lambda$handle$97(WineryRegionHandlerCreate.java:44)
	at ratpack.exec.Promise.lambda$null$12(Promise.java:323)
	at ratpack.exec.Blocking$1.lambda$get$0(Blocking.java:70)
	at ratpack.exec.Blocking.intercept(Blocking.java:241)
	at ratpack.exec.Blocking.access$000(Blocking.java:35)
	at ratpack.exec.Blocking$1.get(Blocking.java:68)
	at ratpack.exec.Blocking$1.get(Blocking.java:61)
	at java.util.concurrent.CompletableFuture$AsyncSupply.run(CompletableFuture.java:1590)
	at java.util.concurrent.ThreadPoolExecutor.runWorker(ThreadPoolExecutor.java:1142)
	at java.util.concurrent.ThreadPoolExecutor$Worker.run(ThreadPoolExecutor.java:617)
	at ratpack.exec.internal.DefaultExecController$ExecControllerBindingThreadFactory.lambda$newThread$0(DefaultExecController.java:113)
	at io.netty.util.concurrent.DefaultThreadFactory$DefaultRunnableDecorator.run(DefaultThreadFactory.java:137)
	at java.lang.Thread.run(Thread.java:745)
Caused by: org.postgresql.util.PSQLException: ERROR: null value in column "region_alt_id" violates not-null constraint
  Detail: Failing row contains (104, null, null, null, null, null, null, null, null, null, 1658).
	at org.postgresql.core.v3.QueryExecutorImpl.receiveErrorResponse(QueryExecutorImpl.java:2182)
	at org.postgresql.core.v3.QueryExecutorImpl.processResults(QueryExecutorImpl.java:1911)
	at org.postgresql.core.v3.QueryExecutorImpl.execute(QueryExecutorImpl.java:173)
	at org.postgresql.jdbc.PgStatement.execute(PgStatement.java:622)
	at org.postgresql.jdbc.PgStatement.executeWithFlags(PgStatement.java:472)
	at org.postgresql.jdbc.PgStatement.execute(PgStatement.java:465)
	at com.zaxxer.hikari.proxy.PreparedStatementProxy.execute(PreparedStatementProxy.java:44)
	at com.zaxxer.hikari.proxy.PreparedStatementJavassistProxy.execute(PreparedStatementJavassistProxy.java)
	at org.jooq.tools.jdbc.DefaultPreparedStatement.execute(DefaultPreparedStatement.java:194)
	at org.jooq.impl.AbstractQuery.execute(AbstractQuery.java:408)
	at org.jooq.impl.AbstractDMLQuery.execute(AbstractDMLQuery.java:284)
	at org.jooq.impl.AbstractQuery.execute(AbstractQuery.java:340)
	... 14 common frames omitted
17:41:56.236 - ERRserver(SQL [insert into "mic_core"."winery_region" ("is_valid", "region_alt_id", "country_id", "region_name_eng", "region_name_cht", "region_name_chs", "note", "seo_url") values (?, ?, ?, ?, ?, ?, ?, ?)]; ERROR: null value in column "region_alt_id" violates not-null constraint
  Detail: Failing row contains (105, null, null, null, null, null, null, null, null, null, 1658). %%% ERROR: null value in column "region_alt_id" violates not-null constraint
  Detail: Failing row contains (105, null, null, null, null, null, null, null, null, null, 1658).) REQUEST Received = (0:0:0:0:0:0:0:1)(/1/eng/a/WineryRegion/Create) [HTTP/1.1][POST] {0:0:0:0:0:0:0:1}<<<HEADER>>>{Host=[localhost:8888], Connection=[keep-alive], Content-Length=[129], Origin=[null], User-Agent=[Mozilla/5.0 (Macintosh; Intel Mac OS X 10_10_5) AppleWebKit/537.36 (KHTML, like Gecko) Chrome/48.0.2564.109 Safari/537.36], Content-type=[application/json], Accept=[*/*], Accept-Encoding=[gzip, deflate], Accept-Language=[en-US,en;q=0.8]}
org.jooq.exception.DataAccessException: SQL [insert into "mic_core"."winery_region" ("is_valid", "region_alt_id", "country_id", "region_name_eng", "region_name_cht", "region_name_chs", "note", "seo_url") values (?, ?, ?, ?, ?, ?, ?, ?)]; ERROR: null value in column "region_alt_id" violates not-null constraint
  Detail: Failing row contains (105, null, null, null, null, null, null, null, null, null, 1658).
	at org.jooq.impl.Tools.translate(Tools.java:1690)
	at org.jooq.impl.DefaultExecuteContext.sqlException(DefaultExecuteContext.java:660)
	at org.jooq.impl.AbstractQuery.execute(AbstractQuery.java:354)
	at org.jooq.impl.AbstractDelegatingQuery.execute(AbstractDelegatingQuery.java:133)
	at myicellar.api.admin.handler.WineryRegionHandlerCreate.lambda$handle$97(WineryRegionHandlerCreate.java:44)
	at ratpack.exec.Promise.lambda$null$12(Promise.java:323)
	at ratpack.exec.Blocking$1.lambda$get$0(Blocking.java:70)
	at ratpack.exec.Blocking.intercept(Blocking.java:241)
	at ratpack.exec.Blocking.access$000(Blocking.java:35)
	at ratpack.exec.Blocking$1.get(Blocking.java:68)
	at ratpack.exec.Blocking$1.get(Blocking.java:61)
	at java.util.concurrent.CompletableFuture$AsyncSupply.run(CompletableFuture.java:1590)
	at java.util.concurrent.ThreadPoolExecutor.runWorker(ThreadPoolExecutor.java:1142)
	at java.util.concurrent.ThreadPoolExecutor$Worker.run(ThreadPoolExecutor.java:617)
	at ratpack.exec.internal.DefaultExecController$ExecControllerBindingThreadFactory.lambda$newThread$0(DefaultExecController.java:113)
	at io.netty.util.concurrent.DefaultThreadFactory$DefaultRunnableDecorator.run(DefaultThreadFactory.java:137)
	at java.lang.Thread.run(Thread.java:745)
Caused by: org.postgresql.util.PSQLException: ERROR: null value in column "region_alt_id" violates not-null constraint
  Detail: Failing row contains (105, null, null, null, null, null, null, null, null, null, 1658).
	at org.postgresql.core.v3.QueryExecutorImpl.receiveErrorResponse(QueryExecutorImpl.java:2182)
	at org.postgresql.core.v3.QueryExecutorImpl.processResults(QueryExecutorImpl.java:1911)
	at org.postgresql.core.v3.QueryExecutorImpl.execute(QueryExecutorImpl.java:173)
	at org.postgresql.jdbc.PgStatement.execute(PgStatement.java:622)
	at org.postgresql.jdbc.PgStatement.executeWithFlags(PgStatement.java:472)
	at org.postgresql.jdbc.PgStatement.execute(PgStatement.java:465)
	at com.zaxxer.hikari.proxy.PreparedStatementProxy.execute(PreparedStatementProxy.java:44)
	at com.zaxxer.hikari.proxy.PreparedStatementJavassistProxy.execute(PreparedStatementJavassistProxy.java)
	at org.jooq.tools.jdbc.DefaultPreparedStatement.execute(DefaultPreparedStatement.java:194)
	at org.jooq.impl.AbstractQuery.execute(AbstractQuery.java:408)
	at org.jooq.impl.AbstractDMLQuery.execute(AbstractDMLQuery.java:284)
	at org.jooq.impl.AbstractQuery.execute(AbstractQuery.java:340)
	... 14 common frames omitted
