14:44:43.283 - ERRserver(Expect {content : Wine} %%% Unrecognized field "wineNameUsr" (class myicellar.jooq.pojos.Wine), not marked as ignorable (8 known properties: "lastUpdMictime", "note", "wineId", "wineImg", "wineryId", "wineTypeId", "isValid", "seoUrl"])
 at [Source: N/A; line: -1, column: -1] (through reference chain: myicellar.jooq.pojos.Wine["wineNameUsr"])) REQUEST Received = (0:0:0:0:0:0:0:1)(/1/eng/c/Wine/Detail) [HTTP/1.1][POST] {0:0:0:0:0:0:0:1}<<<HEADER>>>{Host=[localhost:8888], Connection=[keep-alive], Content-Length=[441], Cache-Control=[no-cache], Origin=[chrome-extension://fhbjgbiflinjbdggehcddcbncdddomop], Content-Type=[application/json], User-Agent=[Mozilla/5.0 (Macintosh; Intel Mac OS X 10_10_5) AppleWebKit/537.36 (KHTML, like Gecko) Chrome/48.0.2564.109 Safari/537.36], Postman-Token=[1ac44150-ac8f-abd3-e487-1ce3a596a739], Accept=[*/*], Accept-Encoding=[gzip, deflate], Accept-Language=[en-US,en;q=0.8]}
java.lang.RuntimeException: Expect {content : Wine}
	at myicellar.api.admin.util.MicRequUtil.parseRequCntnObj(MicRequUtil.java:49)
	at myicellar.api.admin.handler.WineHandlerQuery.lambda$handle$12(WineHandlerQuery.java:46)
	at ratpack.exec.Promise.lambda$null$9(Promise.java:303)
	at ratpack.exec.Downstream$1.success(Downstream.java:73)
	at ratpack.exec.Promise.lambda$null$9(Promise.java:304)
	at ratpack.exec.Downstream$1.success(Downstream.java:73)
	at ratpack.exec.Promise.lambda$null$9(Promise.java:304)
	at ratpack.exec.Downstream$1.success(Downstream.java:73)
	at ratpack.exec.internal.DefaultExecution$2.lambda$success$1(DefaultExecution.java:161)
	at ratpack.exec.internal.DefaultExecution$SingleEventExecStream.exec(DefaultExecution.java:419)
	at ratpack.exec.internal.DefaultExecution.exec(DefaultExecution.java:248)
	at ratpack.exec.internal.DefaultExecution.intercept(DefaultExecution.java:240)
	at ratpack.exec.internal.DefaultExecution.drain(DefaultExecution.java:220)
	at ratpack.exec.internal.DefaultExecution.<init>(DefaultExecution.java:96)
	at ratpack.exec.internal.DefaultExecController$1.lambda$start$0(DefaultExecController.java:172)
	at io.netty.util.concurrent.PromiseTask.run(PromiseTask.java:73)
	at io.netty.util.concurrent.SingleThreadEventExecutor.runAllTasks(SingleThreadEventExecutor.java:339)
	at io.netty.channel.nio.NioEventLoop.run(NioEventLoop.java:356)
	at io.netty.util.concurrent.SingleThreadEventExecutor$5.run(SingleThreadEventExecutor.java:742)
	at ratpack.exec.internal.DefaultExecController$ExecControllerBindingThreadFactory.lambda$newThread$0(DefaultExecController.java:113)
	at io.netty.util.concurrent.DefaultThreadFactory$DefaultRunnableDecorator.run(DefaultThreadFactory.java:137)
	at java.lang.Thread.run(Thread.java:745)
Caused by: com.fasterxml.jackson.databind.exc.UnrecognizedPropertyException: Unrecognized field "wineNameUsr" (class myicellar.jooq.pojos.Wine), not marked as ignorable (8 known properties: "lastUpdMictime", "note", "wineId", "wineImg", "wineryId", "wineTypeId", "isValid", "seoUrl"])
 at [Source: N/A; line: -1, column: -1] (through reference chain: myicellar.jooq.pojos.Wine["wineNameUsr"])
	at com.fasterxml.jackson.databind.exc.UnrecognizedPropertyException.from(UnrecognizedPropertyException.java:51)
	at com.fasterxml.jackson.databind.DeserializationContext.reportUnknownProperty(DeserializationContext.java:836)
	at com.fasterxml.jackson.databind.deser.std.StdDeserializer.handleUnknownProperty(StdDeserializer.java:1045)
	at com.fasterxml.jackson.databind.deser.BeanDeserializerBase.handleUnknownProperty(BeanDeserializerBase.java:1352)
	at com.fasterxml.jackson.databind.deser.BeanDeserializerBase.handleUnknownProperties(BeanDeserializerBase.java:1306)
	at com.fasterxml.jackson.databind.deser.BeanDeserializer._deserializeUsingPropertyBased(BeanDeserializer.java:451)
	at com.fasterxml.jackson.databind.deser.BeanDeserializerBase.deserializeFromObjectUsingNonDefault(BeanDeserializerBase.java:1099)
	at com.fasterxml.jackson.databind.deser.BeanDeserializer.deserializeFromObject(BeanDeserializer.java:294)
	at com.fasterxml.jackson.databind.deser.BeanDeserializer.deserialize(BeanDeserializer.java:131)
	at com.fasterxml.jackson.databind.ObjectReader._bindAndClose(ObjectReader.java:1511)
	at com.fasterxml.jackson.databind.ObjectReader.readValue(ObjectReader.java:1216)
	at myicellar.api.admin.util.MicRequUtil.parseRequCntnObj(MicRequUtil.java:47)
	... 21 common frames omitted
14:46:52.728 - ERRserver(Expect {content : Wine} %%% Unrecognized field "getWineTypeId" (class myicellar.jooq.pojos.Wine), not marked as ignorable (8 known properties: "lastUpdMictime", "note", "wineId", "wineImg", "wineryId", "wineTypeId", "isValid", "seoUrl"])
 at [Source: N/A; line: -1, column: -1] (through reference chain: myicellar.jooq.pojos.Wine["getWineTypeId"])) REQUEST Received = (0:0:0:0:0:0:0:1)(/1/eng/c/Wine/Detail) [HTTP/1.1][POST] {0:0:0:0:0:0:0:1}<<<HEADER>>>{Host=[localhost:8888], Connection=[keep-alive], Content-Length=[384], Cache-Control=[no-cache], Origin=[chrome-extension://fhbjgbiflinjbdggehcddcbncdddomop], Content-Type=[application/json], User-Agent=[Mozilla/5.0 (Macintosh; Intel Mac OS X 10_10_5) AppleWebKit/537.36 (KHTML, like Gecko) Chrome/48.0.2564.109 Safari/537.36], Postman-Token=[9f392ebd-149a-4f0c-e80a-3d3d8c703dcb], Accept=[*/*], Accept-Encoding=[gzip, deflate], Accept-Language=[en-US,en;q=0.8]}
java.lang.RuntimeException: Expect {content : Wine}
	at myicellar.api.admin.util.MicRequUtil.parseRequCntnObj(MicRequUtil.java:49)
	at myicellar.api.admin.handler.WineHandlerQuery.lambda$handle$12(WineHandlerQuery.java:46)
	at ratpack.exec.Promise.lambda$null$9(Promise.java:303)
	at ratpack.exec.Downstream$1.success(Downstream.java:73)
	at ratpack.exec.Promise.lambda$null$9(Promise.java:304)
	at ratpack.exec.Downstream$1.success(Downstream.java:73)
	at ratpack.exec.Promise.lambda$null$9(Promise.java:304)
	at ratpack.exec.Downstream$1.success(Downstream.java:73)
	at ratpack.exec.internal.DefaultExecution$2.lambda$success$1(DefaultExecution.java:161)
	at ratpack.exec.internal.DefaultExecution$SingleEventExecStream.exec(DefaultExecution.java:419)
	at ratpack.exec.internal.DefaultExecution.exec(DefaultExecution.java:248)
	at ratpack.exec.internal.DefaultExecution.intercept(DefaultExecution.java:240)
	at ratpack.exec.internal.DefaultExecution.drain(DefaultExecution.java:220)
	at ratpack.exec.internal.DefaultExecution.<init>(DefaultExecution.java:96)
	at ratpack.exec.internal.DefaultExecController$1.lambda$start$0(DefaultExecController.java:172)
	at io.netty.util.concurrent.PromiseTask.run(PromiseTask.java:73)
	at io.netty.util.concurrent.SingleThreadEventExecutor.runAllTasks(SingleThreadEventExecutor.java:339)
	at io.netty.channel.nio.NioEventLoop.run(NioEventLoop.java:356)
	at io.netty.util.concurrent.SingleThreadEventExecutor$5.run(SingleThreadEventExecutor.java:742)
	at ratpack.exec.internal.DefaultExecController$ExecControllerBindingThreadFactory.lambda$newThread$0(DefaultExecController.java:113)
	at io.netty.util.concurrent.DefaultThreadFactory$DefaultRunnableDecorator.run(DefaultThreadFactory.java:137)
	at java.lang.Thread.run(Thread.java:745)
Caused by: com.fasterxml.jackson.databind.exc.UnrecognizedPropertyException: Unrecognized field "getWineTypeId" (class myicellar.jooq.pojos.Wine), not marked as ignorable (8 known properties: "lastUpdMictime", "note", "wineId", "wineImg", "wineryId", "wineTypeId", "isValid", "seoUrl"])
 at [Source: N/A; line: -1, column: -1] (through reference chain: myicellar.jooq.pojos.Wine["getWineTypeId"])
	at com.fasterxml.jackson.databind.exc.UnrecognizedPropertyException.from(UnrecognizedPropertyException.java:51)
	at com.fasterxml.jackson.databind.DeserializationContext.reportUnknownProperty(DeserializationContext.java:836)
	at com.fasterxml.jackson.databind.deser.std.StdDeserializer.handleUnknownProperty(StdDeserializer.java:1045)
	at com.fasterxml.jackson.databind.deser.BeanDeserializerBase.handleUnknownProperty(BeanDeserializerBase.java:1352)
	at com.fasterxml.jackson.databind.deser.BeanDeserializerBase.handleUnknownProperties(BeanDeserializerBase.java:1306)
	at com.fasterxml.jackson.databind.deser.BeanDeserializer._deserializeUsingPropertyBased(BeanDeserializer.java:451)
	at com.fasterxml.jackson.databind.deser.BeanDeserializerBase.deserializeFromObjectUsingNonDefault(BeanDeserializerBase.java:1099)
	at com.fasterxml.jackson.databind.deser.BeanDeserializer.deserializeFromObject(BeanDeserializer.java:294)
	at com.fasterxml.jackson.databind.deser.BeanDeserializer.deserialize(BeanDeserializer.java:131)
	at com.fasterxml.jackson.databind.ObjectReader._bindAndClose(ObjectReader.java:1511)
	at com.fasterxml.jackson.databind.ObjectReader.readValue(ObjectReader.java:1216)
	at myicellar.api.admin.util.MicRequUtil.parseRequCntnObj(MicRequUtil.java:47)
	... 21 common frames omitted
14:47:36.225 - ERRserver(Expect {content : Wine} %%% Unrecognized field "getWineTypeId" (class myicellar.jooq.pojos.Wine), not marked as ignorable (8 known properties: "lastUpdMictime", "note", "wineId", "wineImg", "wineryId", "wineTypeId", "isValid", "seoUrl"])
 at [Source: N/A; line: -1, column: -1] (through reference chain: myicellar.jooq.pojos.Wine["getWineTypeId"])) REQUEST Received = (0:0:0:0:0:0:0:1)(/1/eng/c/Wine/Detail) [HTTP/1.1][POST] {0:0:0:0:0:0:0:1}<<<HEADER>>>{Host=[localhost:8888], Connection=[keep-alive], Content-Length=[381], Cache-Control=[no-cache], Origin=[chrome-extension://fhbjgbiflinjbdggehcddcbncdddomop], Content-Type=[application/json], User-Agent=[Mozilla/5.0 (Macintosh; Intel Mac OS X 10_10_5) AppleWebKit/537.36 (KHTML, like Gecko) Chrome/48.0.2564.109 Safari/537.36], Postman-Token=[5200f44b-8b32-a448-a46d-f3a360e23b51], Accept=[*/*], Accept-Encoding=[gzip, deflate], Accept-Language=[en-US,en;q=0.8]}
java.lang.RuntimeException: Expect {content : Wine}
	at myicellar.api.admin.util.MicRequUtil.parseRequCntnObj(MicRequUtil.java:49)
	at myicellar.api.admin.handler.WineHandlerQuery.lambda$handle$12(WineHandlerQuery.java:46)
	at ratpack.exec.Promise.lambda$null$9(Promise.java:303)
	at ratpack.exec.Downstream$1.success(Downstream.java:73)
	at ratpack.exec.Promise.lambda$null$9(Promise.java:304)
	at ratpack.exec.Downstream$1.success(Downstream.java:73)
	at ratpack.exec.Promise.lambda$null$9(Promise.java:304)
	at ratpack.exec.Downstream$1.success(Downstream.java:73)
	at ratpack.exec.internal.DefaultExecution$2.lambda$success$1(DefaultExecution.java:161)
	at ratpack.exec.internal.DefaultExecution$SingleEventExecStream.exec(DefaultExecution.java:419)
	at ratpack.exec.internal.DefaultExecution.exec(DefaultExecution.java:248)
	at ratpack.exec.internal.DefaultExecution.intercept(DefaultExecution.java:240)
	at ratpack.exec.internal.DefaultExecution.drain(DefaultExecution.java:220)
	at ratpack.exec.internal.DefaultExecution.<init>(DefaultExecution.java:96)
	at ratpack.exec.internal.DefaultExecController$1.lambda$start$0(DefaultExecController.java:172)
	at io.netty.util.concurrent.PromiseTask.run(PromiseTask.java:73)
	at io.netty.util.concurrent.SingleThreadEventExecutor.runAllTasks(SingleThreadEventExecutor.java:339)
	at io.netty.channel.nio.NioEventLoop.run(NioEventLoop.java:356)
	at io.netty.util.concurrent.SingleThreadEventExecutor$5.run(SingleThreadEventExecutor.java:742)
	at ratpack.exec.internal.DefaultExecController$ExecControllerBindingThreadFactory.lambda$newThread$0(DefaultExecController.java:113)
	at io.netty.util.concurrent.DefaultThreadFactory$DefaultRunnableDecorator.run(DefaultThreadFactory.java:137)
	at java.lang.Thread.run(Thread.java:745)
Caused by: com.fasterxml.jackson.databind.exc.UnrecognizedPropertyException: Unrecognized field "getWineTypeId" (class myicellar.jooq.pojos.Wine), not marked as ignorable (8 known properties: "lastUpdMictime", "note", "wineId", "wineImg", "wineryId", "wineTypeId", "isValid", "seoUrl"])
 at [Source: N/A; line: -1, column: -1] (through reference chain: myicellar.jooq.pojos.Wine["getWineTypeId"])
	at com.fasterxml.jackson.databind.exc.UnrecognizedPropertyException.from(UnrecognizedPropertyException.java:51)
	at com.fasterxml.jackson.databind.DeserializationContext.reportUnknownProperty(DeserializationContext.java:836)
	at com.fasterxml.jackson.databind.deser.std.StdDeserializer.handleUnknownProperty(StdDeserializer.java:1045)
	at com.fasterxml.jackson.databind.deser.BeanDeserializerBase.handleUnknownProperty(BeanDeserializerBase.java:1352)
	at com.fasterxml.jackson.databind.deser.BeanDeserializerBase.handleUnknownProperties(BeanDeserializerBase.java:1306)
	at com.fasterxml.jackson.databind.deser.BeanDeserializer._deserializeUsingPropertyBased(BeanDeserializer.java:451)
	at com.fasterxml.jackson.databind.deser.BeanDeserializerBase.deserializeFromObjectUsingNonDefault(BeanDeserializerBase.java:1099)
	at com.fasterxml.jackson.databind.deser.BeanDeserializer.deserializeFromObject(BeanDeserializer.java:294)
	at com.fasterxml.jackson.databind.deser.BeanDeserializer.deserialize(BeanDeserializer.java:131)
	at com.fasterxml.jackson.databind.ObjectReader._bindAndClose(ObjectReader.java:1511)
	at com.fasterxml.jackson.databind.ObjectReader.readValue(ObjectReader.java:1216)
	at myicellar.api.admin.util.MicRequUtil.parseRequCntnObj(MicRequUtil.java:47)
	... 21 common frames omitted
14:47:52.457 - ERRserver(Expect {content : Wine} %%% Unrecognized field "getWineTypeId" (class myicellar.jooq.pojos.Wine), not marked as ignorable (8 known properties: "lastUpdMictime", "note", "wineId", "wineImg", "wineryId", "wineTypeId", "isValid", "seoUrl"])
 at [Source: N/A; line: -1, column: -1] (through reference chain: myicellar.jooq.pojos.Wine["getWineTypeId"])) REQUEST Received = (0:0:0:0:0:0:0:1)(/1/eng/c/Wine/Detail) [HTTP/1.1][POST] {0:0:0:0:0:0:0:1}<<<HEADER>>>{Host=[localhost:8888], Connection=[keep-alive], Content-Length=[381], Cache-Control=[no-cache], Origin=[chrome-extension://fhbjgbiflinjbdggehcddcbncdddomop], Content-Type=[application/json], User-Agent=[Mozilla/5.0 (Macintosh; Intel Mac OS X 10_10_5) AppleWebKit/537.36 (KHTML, like Gecko) Chrome/48.0.2564.109 Safari/537.36], Postman-Token=[f16da9c4-d7d1-9619-8ce6-b2887601f9f0], Accept=[*/*], Accept-Encoding=[gzip, deflate], Accept-Language=[en-US,en;q=0.8]}
java.lang.RuntimeException: Expect {content : Wine}
	at myicellar.api.admin.util.MicRequUtil.parseRequCntnObj(MicRequUtil.java:49)
	at myicellar.api.admin.handler.WineHandlerQuery.lambda$handle$12(WineHandlerQuery.java:46)
	at ratpack.exec.Promise.lambda$null$9(Promise.java:303)
	at ratpack.exec.Downstream$1.success(Downstream.java:73)
	at ratpack.exec.Promise.lambda$null$9(Promise.java:304)
	at ratpack.exec.Downstream$1.success(Downstream.java:73)
	at ratpack.exec.Promise.lambda$null$9(Promise.java:304)
	at ratpack.exec.Downstream$1.success(Downstream.java:73)
	at ratpack.exec.internal.DefaultExecution$2.lambda$success$1(DefaultExecution.java:161)
	at ratpack.exec.internal.DefaultExecution$SingleEventExecStream.exec(DefaultExecution.java:419)
	at ratpack.exec.internal.DefaultExecution.exec(DefaultExecution.java:248)
	at ratpack.exec.internal.DefaultExecution.intercept(DefaultExecution.java:240)
	at ratpack.exec.internal.DefaultExecution.drain(DefaultExecution.java:220)
	at ratpack.exec.internal.DefaultExecution.<init>(DefaultExecution.java:96)
	at ratpack.exec.internal.DefaultExecController$1.lambda$start$0(DefaultExecController.java:172)
	at io.netty.util.concurrent.PromiseTask.run(PromiseTask.java:73)
	at io.netty.util.concurrent.SingleThreadEventExecutor.runAllTasks(SingleThreadEventExecutor.java:339)
	at io.netty.channel.nio.NioEventLoop.run(NioEventLoop.java:356)
	at io.netty.util.concurrent.SingleThreadEventExecutor$5.run(SingleThreadEventExecutor.java:742)
	at ratpack.exec.internal.DefaultExecController$ExecControllerBindingThreadFactory.lambda$newThread$0(DefaultExecController.java:113)
	at io.netty.util.concurrent.DefaultThreadFactory$DefaultRunnableDecorator.run(DefaultThreadFactory.java:137)
	at java.lang.Thread.run(Thread.java:745)
Caused by: com.fasterxml.jackson.databind.exc.UnrecognizedPropertyException: Unrecognized field "getWineTypeId" (class myicellar.jooq.pojos.Wine), not marked as ignorable (8 known properties: "lastUpdMictime", "note", "wineId", "wineImg", "wineryId", "wineTypeId", "isValid", "seoUrl"])
 at [Source: N/A; line: -1, column: -1] (through reference chain: myicellar.jooq.pojos.Wine["getWineTypeId"])
	at com.fasterxml.jackson.databind.exc.UnrecognizedPropertyException.from(UnrecognizedPropertyException.java:51)
	at com.fasterxml.jackson.databind.DeserializationContext.reportUnknownProperty(DeserializationContext.java:836)
	at com.fasterxml.jackson.databind.deser.std.StdDeserializer.handleUnknownProperty(StdDeserializer.java:1045)
	at com.fasterxml.jackson.databind.deser.BeanDeserializerBase.handleUnknownProperty(BeanDeserializerBase.java:1352)
	at com.fasterxml.jackson.databind.deser.BeanDeserializerBase.handleUnknownProperties(BeanDeserializerBase.java:1306)
	at com.fasterxml.jackson.databind.deser.BeanDeserializer._deserializeUsingPropertyBased(BeanDeserializer.java:451)
	at com.fasterxml.jackson.databind.deser.BeanDeserializerBase.deserializeFromObjectUsingNonDefault(BeanDeserializerBase.java:1099)
	at com.fasterxml.jackson.databind.deser.BeanDeserializer.deserializeFromObject(BeanDeserializer.java:294)
	at com.fasterxml.jackson.databind.deser.BeanDeserializer.deserialize(BeanDeserializer.java:131)
	at com.fasterxml.jackson.databind.ObjectReader._bindAndClose(ObjectReader.java:1511)
	at com.fasterxml.jackson.databind.ObjectReader.readValue(ObjectReader.java:1216)
	at myicellar.api.admin.util.MicRequUtil.parseRequCntnObj(MicRequUtil.java:47)
	... 21 common frames omitted
14:56:29.363 - ERRserver(Expect {content : Wine} %%% Unrecognized field "getWineTypeId" (class myicellar.jooq.pojos.Wine), not marked as ignorable (8 known properties: "lastUpdMictime", "note", "wineId", "wineImg", "wineryId", "wineTypeId", "isValid", "seoUrl"])
 at [Source: N/A; line: -1, column: -1] (through reference chain: myicellar.jooq.pojos.Wine["getWineTypeId"])) REQUEST Received = (0:0:0:0:0:0:0:1)(/1/eng/c/Wine/Detail) [HTTP/1.1][POST] {0:0:0:0:0:0:0:1}<<<HEADER>>>{Host=[localhost:8888], Connection=[keep-alive], Content-Length=[381], Cache-Control=[no-cache], Origin=[chrome-extension://fhbjgbiflinjbdggehcddcbncdddomop], Content-Type=[application/json], User-Agent=[Mozilla/5.0 (Macintosh; Intel Mac OS X 10_10_5) AppleWebKit/537.36 (KHTML, like Gecko) Chrome/48.0.2564.109 Safari/537.36], Postman-Token=[5567bd7e-693e-17f8-50b6-3c0308b01827], Accept=[*/*], Accept-Encoding=[gzip, deflate], Accept-Language=[en-US,en;q=0.8]}
java.lang.RuntimeException: Expect {content : Wine}
	at myicellar.api.admin.util.MicRequUtil.parseRequCntnObj(MicRequUtil.java:49)
	at myicellar.api.admin.handler.WineHandlerQuery.lambda$handle$12(WineHandlerQuery.java:46)
	at ratpack.exec.Promise.lambda$null$9(Promise.java:303)
	at ratpack.exec.Downstream$1.success(Downstream.java:73)
	at ratpack.exec.Promise.lambda$null$9(Promise.java:304)
	at ratpack.exec.Downstream$1.success(Downstream.java:73)
	at ratpack.exec.Promise.lambda$null$9(Promise.java:304)
	at ratpack.exec.Downstream$1.success(Downstream.java:73)
	at ratpack.exec.internal.DefaultExecution$2.lambda$success$1(DefaultExecution.java:161)
	at ratpack.exec.internal.DefaultExecution$SingleEventExecStream.exec(DefaultExecution.java:419)
	at ratpack.exec.internal.DefaultExecution.exec(DefaultExecution.java:248)
	at ratpack.exec.internal.DefaultExecution.intercept(DefaultExecution.java:240)
	at ratpack.exec.internal.DefaultExecution.drain(DefaultExecution.java:220)
	at ratpack.exec.internal.DefaultExecution.<init>(DefaultExecution.java:96)
	at ratpack.exec.internal.DefaultExecController$1.lambda$start$0(DefaultExecController.java:172)
	at io.netty.util.concurrent.PromiseTask.run(PromiseTask.java:73)
	at io.netty.util.concurrent.SingleThreadEventExecutor.runAllTasks(SingleThreadEventExecutor.java:339)
	at io.netty.channel.nio.NioEventLoop.run(NioEventLoop.java:356)
	at io.netty.util.concurrent.SingleThreadEventExecutor$5.run(SingleThreadEventExecutor.java:742)
	at ratpack.exec.internal.DefaultExecController$ExecControllerBindingThreadFactory.lambda$newThread$0(DefaultExecController.java:113)
	at io.netty.util.concurrent.DefaultThreadFactory$DefaultRunnableDecorator.run(DefaultThreadFactory.java:137)
	at java.lang.Thread.run(Thread.java:745)
Caused by: com.fasterxml.jackson.databind.exc.UnrecognizedPropertyException: Unrecognized field "getWineTypeId" (class myicellar.jooq.pojos.Wine), not marked as ignorable (8 known properties: "lastUpdMictime", "note", "wineId", "wineImg", "wineryId", "wineTypeId", "isValid", "seoUrl"])
 at [Source: N/A; line: -1, column: -1] (through reference chain: myicellar.jooq.pojos.Wine["getWineTypeId"])
	at com.fasterxml.jackson.databind.exc.UnrecognizedPropertyException.from(UnrecognizedPropertyException.java:51)
	at com.fasterxml.jackson.databind.DeserializationContext.reportUnknownProperty(DeserializationContext.java:836)
	at com.fasterxml.jackson.databind.deser.std.StdDeserializer.handleUnknownProperty(StdDeserializer.java:1045)
	at com.fasterxml.jackson.databind.deser.BeanDeserializerBase.handleUnknownProperty(BeanDeserializerBase.java:1352)
	at com.fasterxml.jackson.databind.deser.BeanDeserializerBase.handleUnknownProperties(BeanDeserializerBase.java:1306)
	at com.fasterxml.jackson.databind.deser.BeanDeserializer._deserializeUsingPropertyBased(BeanDeserializer.java:451)
	at com.fasterxml.jackson.databind.deser.BeanDeserializerBase.deserializeFromObjectUsingNonDefault(BeanDeserializerBase.java:1099)
	at com.fasterxml.jackson.databind.deser.BeanDeserializer.deserializeFromObject(BeanDeserializer.java:294)
	at com.fasterxml.jackson.databind.deser.BeanDeserializer.deserialize(BeanDeserializer.java:131)
	at com.fasterxml.jackson.databind.ObjectReader._bindAndClose(ObjectReader.java:1511)
	at com.fasterxml.jackson.databind.ObjectReader.readValue(ObjectReader.java:1216)
	at myicellar.api.admin.util.MicRequUtil.parseRequCntnObj(MicRequUtil.java:47)
	... 21 common frames omitted
14:59:17.855 - ERRserver(Expect {content : Wine} %%% Unrecognized field "getwineTypeId" (class myicellar.jooq.pojos.Wine), not marked as ignorable (8 known properties: "lastUpdMictime", "note", "wineId", "wineImg", "wineryId", "wineTypeId", "isValid", "seoUrl"])
 at [Source: N/A; line: -1, column: -1] (through reference chain: myicellar.jooq.pojos.Wine["getwineTypeId"])) REQUEST Received = (0:0:0:0:0:0:0:1)(/1/eng/c/Wine/Detail) [HTTP/1.1][POST] {0:0:0:0:0:0:0:1}<<<HEADER>>>{Host=[localhost:8888], Connection=[keep-alive], Content-Length=[381], Cache-Control=[no-cache], Origin=[chrome-extension://fhbjgbiflinjbdggehcddcbncdddomop], Content-Type=[application/json], User-Agent=[Mozilla/5.0 (Macintosh; Intel Mac OS X 10_10_5) AppleWebKit/537.36 (KHTML, like Gecko) Chrome/48.0.2564.109 Safari/537.36], Postman-Token=[1019198a-fcf0-73c7-1178-889c7a3fcf75], Accept=[*/*], Accept-Encoding=[gzip, deflate], Accept-Language=[en-US,en;q=0.8]}
java.lang.RuntimeException: Expect {content : Wine}
	at myicellar.api.admin.util.MicRequUtil.parseRequCntnObj(MicRequUtil.java:49)
	at myicellar.api.admin.handler.WineHandlerQuery.lambda$handle$12(WineHandlerQuery.java:46)
	at ratpack.exec.Promise.lambda$null$9(Promise.java:303)
	at ratpack.exec.Downstream$1.success(Downstream.java:73)
	at ratpack.exec.Promise.lambda$null$9(Promise.java:304)
	at ratpack.exec.Downstream$1.success(Downstream.java:73)
	at ratpack.exec.Promise.lambda$null$9(Promise.java:304)
	at ratpack.exec.Downstream$1.success(Downstream.java:73)
	at ratpack.exec.internal.DefaultExecution$2.lambda$success$1(DefaultExecution.java:161)
	at ratpack.exec.internal.DefaultExecution$SingleEventExecStream.exec(DefaultExecution.java:419)
	at ratpack.exec.internal.DefaultExecution.exec(DefaultExecution.java:248)
	at ratpack.exec.internal.DefaultExecution.intercept(DefaultExecution.java:240)
	at ratpack.exec.internal.DefaultExecution.drain(DefaultExecution.java:220)
	at ratpack.exec.internal.DefaultExecution.<init>(DefaultExecution.java:96)
	at ratpack.exec.internal.DefaultExecController$1.lambda$start$0(DefaultExecController.java:172)
	at io.netty.util.concurrent.PromiseTask.run(PromiseTask.java:73)
	at io.netty.util.concurrent.SingleThreadEventExecutor.runAllTasks(SingleThreadEventExecutor.java:339)
	at io.netty.channel.nio.NioEventLoop.run(NioEventLoop.java:356)
	at io.netty.util.concurrent.SingleThreadEventExecutor$5.run(SingleThreadEventExecutor.java:742)
	at ratpack.exec.internal.DefaultExecController$ExecControllerBindingThreadFactory.lambda$newThread$0(DefaultExecController.java:113)
	at io.netty.util.concurrent.DefaultThreadFactory$DefaultRunnableDecorator.run(DefaultThreadFactory.java:137)
	at java.lang.Thread.run(Thread.java:745)
Caused by: com.fasterxml.jackson.databind.exc.UnrecognizedPropertyException: Unrecognized field "getwineTypeId" (class myicellar.jooq.pojos.Wine), not marked as ignorable (8 known properties: "lastUpdMictime", "note", "wineId", "wineImg", "wineryId", "wineTypeId", "isValid", "seoUrl"])
 at [Source: N/A; line: -1, column: -1] (through reference chain: myicellar.jooq.pojos.Wine["getwineTypeId"])
	at com.fasterxml.jackson.databind.exc.UnrecognizedPropertyException.from(UnrecognizedPropertyException.java:51)
	at com.fasterxml.jackson.databind.DeserializationContext.reportUnknownProperty(DeserializationContext.java:836)
	at com.fasterxml.jackson.databind.deser.std.StdDeserializer.handleUnknownProperty(StdDeserializer.java:1045)
	at com.fasterxml.jackson.databind.deser.BeanDeserializerBase.handleUnknownProperty(BeanDeserializerBase.java:1352)
	at com.fasterxml.jackson.databind.deser.BeanDeserializerBase.handleUnknownProperties(BeanDeserializerBase.java:1306)
	at com.fasterxml.jackson.databind.deser.BeanDeserializer._deserializeUsingPropertyBased(BeanDeserializer.java:451)
	at com.fasterxml.jackson.databind.deser.BeanDeserializerBase.deserializeFromObjectUsingNonDefault(BeanDeserializerBase.java:1099)
	at com.fasterxml.jackson.databind.deser.BeanDeserializer.deserializeFromObject(BeanDeserializer.java:294)
	at com.fasterxml.jackson.databind.deser.BeanDeserializer.deserialize(BeanDeserializer.java:131)
	at com.fasterxml.jackson.databind.ObjectReader._bindAndClose(ObjectReader.java:1511)
	at com.fasterxml.jackson.databind.ObjectReader.readValue(ObjectReader.java:1216)
	at myicellar.api.admin.util.MicRequUtil.parseRequCntnObj(MicRequUtil.java:47)
	... 21 common frames omitted
15:00:26.537 - ERRserver(Expect {content : Wine} %%% Unrecognized field "getWineTypeId" (class myicellar.jooq.pojos.Wine), not marked as ignorable (8 known properties: "lastUpdMictime", "note", "wineId", "wineImg", "wineryId", "wineTypeId", "isValid", "seoUrl"])
 at [Source: N/A; line: -1, column: -1] (through reference chain: myicellar.jooq.pojos.Wine["getWineTypeId"])) REQUEST Received = (0:0:0:0:0:0:0:1)(/1/eng/c/Wine/Detail) [HTTP/1.1][POST] {0:0:0:0:0:0:0:1}<<<HEADER>>>{Host=[localhost:8888], Connection=[keep-alive], Content-Length=[381], Cache-Control=[no-cache], Origin=[chrome-extension://fhbjgbiflinjbdggehcddcbncdddomop], Content-Type=[application/json], User-Agent=[Mozilla/5.0 (Macintosh; Intel Mac OS X 10_10_5) AppleWebKit/537.36 (KHTML, like Gecko) Chrome/48.0.2564.109 Safari/537.36], Postman-Token=[ae8c8e7b-0211-b081-7dff-ee21206e7bf9], Accept=[*/*], Accept-Encoding=[gzip, deflate], Accept-Language=[en-US,en;q=0.8]}
java.lang.RuntimeException: Expect {content : Wine}
	at myicellar.api.admin.util.MicRequUtil.parseRequCntnObj(MicRequUtil.java:49)
	at myicellar.api.admin.handler.WineHandlerQuery.lambda$handle$12(WineHandlerQuery.java:46)
	at ratpack.exec.Promise.lambda$null$9(Promise.java:303)
	at ratpack.exec.Downstream$1.success(Downstream.java:73)
	at ratpack.exec.Promise.lambda$null$9(Promise.java:304)
	at ratpack.exec.Downstream$1.success(Downstream.java:73)
	at ratpack.exec.Promise.lambda$null$9(Promise.java:304)
	at ratpack.exec.Downstream$1.success(Downstream.java:73)
	at ratpack.exec.internal.DefaultExecution$2.lambda$success$1(DefaultExecution.java:161)
	at ratpack.exec.internal.DefaultExecution$SingleEventExecStream.exec(DefaultExecution.java:419)
	at ratpack.exec.internal.DefaultExecution.exec(DefaultExecution.java:248)
	at ratpack.exec.internal.DefaultExecution.intercept(DefaultExecution.java:240)
	at ratpack.exec.internal.DefaultExecution.drain(DefaultExecution.java:220)
	at ratpack.exec.internal.DefaultExecution.<init>(DefaultExecution.java:96)
	at ratpack.exec.internal.DefaultExecController$1.lambda$start$0(DefaultExecController.java:172)
	at io.netty.util.concurrent.PromiseTask.run(PromiseTask.java:73)
	at io.netty.util.concurrent.SingleThreadEventExecutor.runAllTasks(SingleThreadEventExecutor.java:339)
	at io.netty.channel.nio.NioEventLoop.run(NioEventLoop.java:356)
	at io.netty.util.concurrent.SingleThreadEventExecutor$5.run(SingleThreadEventExecutor.java:742)
	at ratpack.exec.internal.DefaultExecController$ExecControllerBindingThreadFactory.lambda$newThread$0(DefaultExecController.java:113)
	at io.netty.util.concurrent.DefaultThreadFactory$DefaultRunnableDecorator.run(DefaultThreadFactory.java:137)
	at java.lang.Thread.run(Thread.java:745)
Caused by: com.fasterxml.jackson.databind.exc.UnrecognizedPropertyException: Unrecognized field "getWineTypeId" (class myicellar.jooq.pojos.Wine), not marked as ignorable (8 known properties: "lastUpdMictime", "note", "wineId", "wineImg", "wineryId", "wineTypeId", "isValid", "seoUrl"])
 at [Source: N/A; line: -1, column: -1] (through reference chain: myicellar.jooq.pojos.Wine["getWineTypeId"])
	at com.fasterxml.jackson.databind.exc.UnrecognizedPropertyException.from(UnrecognizedPropertyException.java:51)
	at com.fasterxml.jackson.databind.DeserializationContext.reportUnknownProperty(DeserializationContext.java:836)
	at com.fasterxml.jackson.databind.deser.std.StdDeserializer.handleUnknownProperty(StdDeserializer.java:1045)
	at com.fasterxml.jackson.databind.deser.BeanDeserializerBase.handleUnknownProperty(BeanDeserializerBase.java:1352)
	at com.fasterxml.jackson.databind.deser.BeanDeserializerBase.handleUnknownProperties(BeanDeserializerBase.java:1306)
	at com.fasterxml.jackson.databind.deser.BeanDeserializer._deserializeUsingPropertyBased(BeanDeserializer.java:451)
	at com.fasterxml.jackson.databind.deser.BeanDeserializerBase.deserializeFromObjectUsingNonDefault(BeanDeserializerBase.java:1099)
	at com.fasterxml.jackson.databind.deser.BeanDeserializer.deserializeFromObject(BeanDeserializer.java:294)
	at com.fasterxml.jackson.databind.deser.BeanDeserializer.deserialize(BeanDeserializer.java:131)
	at com.fasterxml.jackson.databind.ObjectReader._bindAndClose(ObjectReader.java:1511)
	at com.fasterxml.jackson.databind.ObjectReader.readValue(ObjectReader.java:1216)
	at myicellar.api.admin.util.MicRequUtil.parseRequCntnObj(MicRequUtil.java:47)
	... 21 common frames omitted
15:07:06.624 - ERRserver(Expect {content : Wine} %%% Unrecognized field "getWineTypeId" (class myicellar.jooq.pojos.Wine), not marked as ignorable (8 known properties: "lastUpdMictime", "note", "wineId", "wineImg", "wineryId", "wineTypeId", "isValid", "seoUrl"])
 at [Source: N/A; line: -1, column: -1] (through reference chain: myicellar.jooq.pojos.Wine["getWineTypeId"])) REQUEST Received = (0:0:0:0:0:0:0:1)(/1/eng/c/Wine/Detail) [HTTP/1.1][POST] {0:0:0:0:0:0:0:1}<<<HEADER>>>{Host=[localhost:8888], Connection=[keep-alive], Content-Length=[381], Cache-Control=[no-cache], Origin=[chrome-extension://fhbjgbiflinjbdggehcddcbncdddomop], Content-Type=[application/json], User-Agent=[Mozilla/5.0 (Macintosh; Intel Mac OS X 10_10_5) AppleWebKit/537.36 (KHTML, like Gecko) Chrome/48.0.2564.109 Safari/537.36], Postman-Token=[399cf28e-f40f-125f-15f2-d97390410357], Accept=[*/*], Accept-Encoding=[gzip, deflate], Accept-Language=[en-US,en;q=0.8]}
java.lang.RuntimeException: Expect {content : Wine}
	at myicellar.api.admin.util.MicRequUtil.parseRequCntnObj(MicRequUtil.java:49)
	at myicellar.api.admin.handler.WineHandlerQuery.lambda$handle$12(WineHandlerQuery.java:46)
	at ratpack.exec.Promise.lambda$null$9(Promise.java:303)
	at ratpack.exec.Downstream$1.success(Downstream.java:73)
	at ratpack.exec.Promise.lambda$null$9(Promise.java:304)
	at ratpack.exec.Downstream$1.success(Downstream.java:73)
	at ratpack.exec.Promise.lambda$null$9(Promise.java:304)
	at ratpack.exec.Downstream$1.success(Downstream.java:73)
	at ratpack.exec.internal.DefaultExecution$2.lambda$success$1(DefaultExecution.java:161)
	at ratpack.exec.internal.DefaultExecution$SingleEventExecStream.exec(DefaultExecution.java:419)
	at ratpack.exec.internal.DefaultExecution.exec(DefaultExecution.java:248)
	at ratpack.exec.internal.DefaultExecution.intercept(DefaultExecution.java:240)
	at ratpack.exec.internal.DefaultExecution.drain(DefaultExecution.java:220)
	at ratpack.exec.internal.DefaultExecution.<init>(DefaultExecution.java:96)
	at ratpack.exec.internal.DefaultExecController$1.lambda$start$0(DefaultExecController.java:172)
	at io.netty.util.concurrent.PromiseTask.run(PromiseTask.java:73)
	at io.netty.util.concurrent.SingleThreadEventExecutor.runAllTasks(SingleThreadEventExecutor.java:339)
	at io.netty.channel.nio.NioEventLoop.run(NioEventLoop.java:356)
	at io.netty.util.concurrent.SingleThreadEventExecutor$5.run(SingleThreadEventExecutor.java:742)
	at ratpack.exec.internal.DefaultExecController$ExecControllerBindingThreadFactory.lambda$newThread$0(DefaultExecController.java:113)
	at io.netty.util.concurrent.DefaultThreadFactory$DefaultRunnableDecorator.run(DefaultThreadFactory.java:137)
	at java.lang.Thread.run(Thread.java:745)
Caused by: com.fasterxml.jackson.databind.exc.UnrecognizedPropertyException: Unrecognized field "getWineTypeId" (class myicellar.jooq.pojos.Wine), not marked as ignorable (8 known properties: "lastUpdMictime", "note", "wineId", "wineImg", "wineryId", "wineTypeId", "isValid", "seoUrl"])
 at [Source: N/A; line: -1, column: -1] (through reference chain: myicellar.jooq.pojos.Wine["getWineTypeId"])
	at com.fasterxml.jackson.databind.exc.UnrecognizedPropertyException.from(UnrecognizedPropertyException.java:51)
	at com.fasterxml.jackson.databind.DeserializationContext.reportUnknownProperty(DeserializationContext.java:836)
	at com.fasterxml.jackson.databind.deser.std.StdDeserializer.handleUnknownProperty(StdDeserializer.java:1045)
	at com.fasterxml.jackson.databind.deser.BeanDeserializerBase.handleUnknownProperty(BeanDeserializerBase.java:1352)
	at com.fasterxml.jackson.databind.deser.BeanDeserializerBase.handleUnknownProperties(BeanDeserializerBase.java:1306)
	at com.fasterxml.jackson.databind.deser.BeanDeserializer._deserializeUsingPropertyBased(BeanDeserializer.java:451)
	at com.fasterxml.jackson.databind.deser.BeanDeserializerBase.deserializeFromObjectUsingNonDefault(BeanDeserializerBase.java:1099)
	at com.fasterxml.jackson.databind.deser.BeanDeserializer.deserializeFromObject(BeanDeserializer.java:294)
	at com.fasterxml.jackson.databind.deser.BeanDeserializer.deserialize(BeanDeserializer.java:131)
	at com.fasterxml.jackson.databind.ObjectReader._bindAndClose(ObjectReader.java:1511)
	at com.fasterxml.jackson.databind.ObjectReader.readValue(ObjectReader.java:1216)
	at myicellar.api.admin.util.MicRequUtil.parseRequCntnObj(MicRequUtil.java:47)
	... 21 common frames omitted
15:07:31.863 - ERRserver(Expect {content : Wine} %%% Unrecognized field "getWineTypeId" (class myicellar.jooq.pojos.Wine), not marked as ignorable (8 known properties: "lastUpdMictime", "note", "wineId", "wineImg", "wineryId", "wineTypeId", "isValid", "seoUrl"])
 at [Source: N/A; line: -1, column: -1] (through reference chain: myicellar.jooq.pojos.Wine["getWineTypeId"])) REQUEST Received = (0:0:0:0:0:0:0:1)(/1/eng/c/Wine/Detail) [HTTP/1.1][POST] {0:0:0:0:0:0:0:1}<<<HEADER>>>{Host=[localhost:8888], Connection=[keep-alive], Content-Length=[381], Cache-Control=[no-cache], Origin=[chrome-extension://fhbjgbiflinjbdggehcddcbncdddomop], Content-Type=[application/json], User-Agent=[Mozilla/5.0 (Macintosh; Intel Mac OS X 10_10_5) AppleWebKit/537.36 (KHTML, like Gecko) Chrome/48.0.2564.109 Safari/537.36], Postman-Token=[da43f24d-23eb-079e-9e2f-f44a3f50aec7], Accept=[*/*], Accept-Encoding=[gzip, deflate], Accept-Language=[en-US,en;q=0.8]}
java.lang.RuntimeException: Expect {content : Wine}
	at myicellar.api.admin.util.MicRequUtil.parseRequCntnObj(MicRequUtil.java:49)
	at myicellar.api.admin.handler.WineHandlerQuery.lambda$handle$12(WineHandlerQuery.java:46)
	at ratpack.exec.Promise.lambda$null$9(Promise.java:303)
	at ratpack.exec.Downstream$1.success(Downstream.java:73)
	at ratpack.exec.Promise.lambda$null$9(Promise.java:304)
	at ratpack.exec.Downstream$1.success(Downstream.java:73)
	at ratpack.exec.Promise.lambda$null$9(Promise.java:304)
	at ratpack.exec.Downstream$1.success(Downstream.java:73)
	at ratpack.exec.internal.DefaultExecution$2.lambda$success$1(DefaultExecution.java:161)
	at ratpack.exec.internal.DefaultExecution$SingleEventExecStream.exec(DefaultExecution.java:419)
	at ratpack.exec.internal.DefaultExecution.exec(DefaultExecution.java:248)
	at ratpack.exec.internal.DefaultExecution.intercept(DefaultExecution.java:240)
	at ratpack.exec.internal.DefaultExecution.drain(DefaultExecution.java:220)
	at ratpack.exec.internal.DefaultExecution.<init>(DefaultExecution.java:96)
	at ratpack.exec.internal.DefaultExecController$1.lambda$start$0(DefaultExecController.java:172)
	at io.netty.util.concurrent.PromiseTask.run(PromiseTask.java:73)
	at io.netty.util.concurrent.SingleThreadEventExecutor.runAllTasks(SingleThreadEventExecutor.java:339)
	at io.netty.channel.nio.NioEventLoop.run(NioEventLoop.java:356)
	at io.netty.util.concurrent.SingleThreadEventExecutor$5.run(SingleThreadEventExecutor.java:742)
	at ratpack.exec.internal.DefaultExecController$ExecControllerBindingThreadFactory.lambda$newThread$0(DefaultExecController.java:113)
	at io.netty.util.concurrent.DefaultThreadFactory$DefaultRunnableDecorator.run(DefaultThreadFactory.java:137)
	at java.lang.Thread.run(Thread.java:745)
Caused by: com.fasterxml.jackson.databind.exc.UnrecognizedPropertyException: Unrecognized field "getWineTypeId" (class myicellar.jooq.pojos.Wine), not marked as ignorable (8 known properties: "lastUpdMictime", "note", "wineId", "wineImg", "wineryId", "wineTypeId", "isValid", "seoUrl"])
 at [Source: N/A; line: -1, column: -1] (through reference chain: myicellar.jooq.pojos.Wine["getWineTypeId"])
	at com.fasterxml.jackson.databind.exc.UnrecognizedPropertyException.from(UnrecognizedPropertyException.java:51)
	at com.fasterxml.jackson.databind.DeserializationContext.reportUnknownProperty(DeserializationContext.java:836)
	at com.fasterxml.jackson.databind.deser.std.StdDeserializer.handleUnknownProperty(StdDeserializer.java:1045)
	at com.fasterxml.jackson.databind.deser.BeanDeserializerBase.handleUnknownProperty(BeanDeserializerBase.java:1352)
	at com.fasterxml.jackson.databind.deser.BeanDeserializerBase.handleUnknownProperties(BeanDeserializerBase.java:1306)
	at com.fasterxml.jackson.databind.deser.BeanDeserializer._deserializeUsingPropertyBased(BeanDeserializer.java:451)
	at com.fasterxml.jackson.databind.deser.BeanDeserializerBase.deserializeFromObjectUsingNonDefault(BeanDeserializerBase.java:1099)
	at com.fasterxml.jackson.databind.deser.BeanDeserializer.deserializeFromObject(BeanDeserializer.java:294)
	at com.fasterxml.jackson.databind.deser.BeanDeserializer.deserialize(BeanDeserializer.java:131)
	at com.fasterxml.jackson.databind.ObjectReader._bindAndClose(ObjectReader.java:1511)
	at com.fasterxml.jackson.databind.ObjectReader.readValue(ObjectReader.java:1216)
	at myicellar.api.admin.util.MicRequUtil.parseRequCntnObj(MicRequUtil.java:47)
	... 21 common frames omitted
15:09:27.751 - ERRserver(Expect {content : Wine} %%% Unrecognized field "getWineryId" (class myicellar.jooq.pojos.Wine), not marked as ignorable (8 known properties: "lastUpdMictime", "note", "wineId", "wineImg", "wineryId", "wineTypeId", "isValid", "seoUrl"])
 at [Source: N/A; line: -1, column: -1] (through reference chain: myicellar.jooq.pojos.Wine["getWineryId"])) REQUEST Received = (0:0:0:0:0:0:0:1)(/1/eng/c/Wine/Detail) [HTTP/1.1][POST] {0:0:0:0:0:0:0:1}<<<HEADER>>>{Host=[localhost:8888], Connection=[keep-alive], Content-Length=[354], Cache-Control=[no-cache], Origin=[chrome-extension://fhbjgbiflinjbdggehcddcbncdddomop], Content-Type=[application/json], User-Agent=[Mozilla/5.0 (Macintosh; Intel Mac OS X 10_10_5) AppleWebKit/537.36 (KHTML, like Gecko) Chrome/48.0.2564.109 Safari/537.36], Postman-Token=[c27c3d9a-327b-d568-d961-9c5f6c363707], Accept=[*/*], Accept-Encoding=[gzip, deflate], Accept-Language=[en-US,en;q=0.8]}
java.lang.RuntimeException: Expect {content : Wine}
	at myicellar.api.admin.util.MicRequUtil.parseRequCntnObj(MicRequUtil.java:49)
	at myicellar.api.admin.handler.WineHandlerQuery.lambda$handle$12(WineHandlerQuery.java:46)
	at ratpack.exec.Promise.lambda$null$9(Promise.java:303)
	at ratpack.exec.Downstream$1.success(Downstream.java:73)
	at ratpack.exec.Promise.lambda$null$9(Promise.java:304)
	at ratpack.exec.Downstream$1.success(Downstream.java:73)
	at ratpack.exec.Promise.lambda$null$9(Promise.java:304)
	at ratpack.exec.Downstream$1.success(Downstream.java:73)
	at ratpack.exec.internal.DefaultExecution$2.lambda$success$1(DefaultExecution.java:161)
	at ratpack.exec.internal.DefaultExecution$SingleEventExecStream.exec(DefaultExecution.java:419)
	at ratpack.exec.internal.DefaultExecution.exec(DefaultExecution.java:248)
	at ratpack.exec.internal.DefaultExecution.intercept(DefaultExecution.java:240)
	at ratpack.exec.internal.DefaultExecution.drain(DefaultExecution.java:220)
	at ratpack.exec.internal.DefaultExecution.<init>(DefaultExecution.java:96)
	at ratpack.exec.internal.DefaultExecController$1.lambda$start$0(DefaultExecController.java:172)
	at io.netty.util.concurrent.PromiseTask.run(PromiseTask.java:73)
	at io.netty.util.concurrent.SingleThreadEventExecutor.runAllTasks(SingleThreadEventExecutor.java:339)
	at io.netty.channel.nio.NioEventLoop.run(NioEventLoop.java:356)
	at io.netty.util.concurrent.SingleThreadEventExecutor$5.run(SingleThreadEventExecutor.java:742)
	at ratpack.exec.internal.DefaultExecController$ExecControllerBindingThreadFactory.lambda$newThread$0(DefaultExecController.java:113)
	at io.netty.util.concurrent.DefaultThreadFactory$DefaultRunnableDecorator.run(DefaultThreadFactory.java:137)
	at java.lang.Thread.run(Thread.java:745)
Caused by: com.fasterxml.jackson.databind.exc.UnrecognizedPropertyException: Unrecognized field "getWineryId" (class myicellar.jooq.pojos.Wine), not marked as ignorable (8 known properties: "lastUpdMictime", "note", "wineId", "wineImg", "wineryId", "wineTypeId", "isValid", "seoUrl"])
 at [Source: N/A; line: -1, column: -1] (through reference chain: myicellar.jooq.pojos.Wine["getWineryId"])
	at com.fasterxml.jackson.databind.exc.UnrecognizedPropertyException.from(UnrecognizedPropertyException.java:51)
	at com.fasterxml.jackson.databind.DeserializationContext.reportUnknownProperty(DeserializationContext.java:836)
	at com.fasterxml.jackson.databind.deser.std.StdDeserializer.handleUnknownProperty(StdDeserializer.java:1045)
	at com.fasterxml.jackson.databind.deser.BeanDeserializerBase.handleUnknownProperty(BeanDeserializerBase.java:1352)
	at com.fasterxml.jackson.databind.deser.BeanDeserializerBase.handleUnknownProperties(BeanDeserializerBase.java:1306)
	at com.fasterxml.jackson.databind.deser.BeanDeserializer._deserializeUsingPropertyBased(BeanDeserializer.java:451)
	at com.fasterxml.jackson.databind.deser.BeanDeserializerBase.deserializeFromObjectUsingNonDefault(BeanDeserializerBase.java:1099)
	at com.fasterxml.jackson.databind.deser.BeanDeserializer.deserializeFromObject(BeanDeserializer.java:294)
	at com.fasterxml.jackson.databind.deser.BeanDeserializer.deserialize(BeanDeserializer.java:131)
	at com.fasterxml.jackson.databind.ObjectReader._bindAndClose(ObjectReader.java:1511)
	at com.fasterxml.jackson.databind.ObjectReader.readValue(ObjectReader.java:1216)
	at myicellar.api.admin.util.MicRequUtil.parseRequCntnObj(MicRequUtil.java:47)
	... 21 common frames omitted
15:09:45.004 - ERRserver(Expect {content : Wine} %%% Unrecognized field "getWineTypeId" (class myicellar.jooq.pojos.Wine), not marked as ignorable (8 known properties: "lastUpdMictime", "note", "wineId", "wineImg", "wineryId", "wineTypeId", "isValid", "seoUrl"])
 at [Source: N/A; line: -1, column: -1] (through reference chain: myicellar.jooq.pojos.Wine["getWineTypeId"])) REQUEST Received = (0:0:0:0:0:0:0:1)(/1/eng/c/Wine/Detail) [HTTP/1.1][POST] {0:0:0:0:0:0:0:1}<<<HEADER>>>{Host=[localhost:8888], Connection=[keep-alive], Content-Length=[384], Cache-Control=[no-cache], Origin=[chrome-extension://fhbjgbiflinjbdggehcddcbncdddomop], Content-Type=[application/json], User-Agent=[Mozilla/5.0 (Macintosh; Intel Mac OS X 10_10_5) AppleWebKit/537.36 (KHTML, like Gecko) Chrome/48.0.2564.109 Safari/537.36], Postman-Token=[0ea2ae7b-f949-34fa-8f2e-545b02e79212], Accept=[*/*], Accept-Encoding=[gzip, deflate], Accept-Language=[en-US,en;q=0.8]}
java.lang.RuntimeException: Expect {content : Wine}
	at myicellar.api.admin.util.MicRequUtil.parseRequCntnObj(MicRequUtil.java:49)
	at myicellar.api.admin.handler.WineHandlerQuery.lambda$handle$12(WineHandlerQuery.java:46)
	at ratpack.exec.Promise.lambda$null$9(Promise.java:303)
	at ratpack.exec.Downstream$1.success(Downstream.java:73)
	at ratpack.exec.Promise.lambda$null$9(Promise.java:304)
	at ratpack.exec.Downstream$1.success(Downstream.java:73)
	at ratpack.exec.Promise.lambda$null$9(Promise.java:304)
	at ratpack.exec.Downstream$1.success(Downstream.java:73)
	at ratpack.exec.internal.DefaultExecution$2.lambda$success$1(DefaultExecution.java:161)
	at ratpack.exec.internal.DefaultExecution$SingleEventExecStream.exec(DefaultExecution.java:419)
	at ratpack.exec.internal.DefaultExecution.exec(DefaultExecution.java:248)
	at ratpack.exec.internal.DefaultExecution.intercept(DefaultExecution.java:240)
	at ratpack.exec.internal.DefaultExecution.drain(DefaultExecution.java:220)
	at ratpack.exec.internal.DefaultExecution.<init>(DefaultExecution.java:96)
	at ratpack.exec.internal.DefaultExecController$1.lambda$start$0(DefaultExecController.java:172)
	at io.netty.util.concurrent.PromiseTask.run(PromiseTask.java:73)
	at io.netty.util.concurrent.SingleThreadEventExecutor.runAllTasks(SingleThreadEventExecutor.java:339)
	at io.netty.channel.nio.NioEventLoop.run(NioEventLoop.java:356)
	at io.netty.util.concurrent.SingleThreadEventExecutor$5.run(SingleThreadEventExecutor.java:742)
	at ratpack.exec.internal.DefaultExecController$ExecControllerBindingThreadFactory.lambda$newThread$0(DefaultExecController.java:113)
	at io.netty.util.concurrent.DefaultThreadFactory$DefaultRunnableDecorator.run(DefaultThreadFactory.java:137)
	at java.lang.Thread.run(Thread.java:745)
Caused by: com.fasterxml.jackson.databind.exc.UnrecognizedPropertyException: Unrecognized field "getWineTypeId" (class myicellar.jooq.pojos.Wine), not marked as ignorable (8 known properties: "lastUpdMictime", "note", "wineId", "wineImg", "wineryId", "wineTypeId", "isValid", "seoUrl"])
 at [Source: N/A; line: -1, column: -1] (through reference chain: myicellar.jooq.pojos.Wine["getWineTypeId"])
	at com.fasterxml.jackson.databind.exc.UnrecognizedPropertyException.from(UnrecognizedPropertyException.java:51)
	at com.fasterxml.jackson.databind.DeserializationContext.reportUnknownProperty(DeserializationContext.java:836)
	at com.fasterxml.jackson.databind.deser.std.StdDeserializer.handleUnknownProperty(StdDeserializer.java:1045)
	at com.fasterxml.jackson.databind.deser.BeanDeserializerBase.handleUnknownProperty(BeanDeserializerBase.java:1352)
	at com.fasterxml.jackson.databind.deser.BeanDeserializerBase.handleUnknownProperties(BeanDeserializerBase.java:1306)
	at com.fasterxml.jackson.databind.deser.BeanDeserializer._deserializeUsingPropertyBased(BeanDeserializer.java:451)
	at com.fasterxml.jackson.databind.deser.BeanDeserializerBase.deserializeFromObjectUsingNonDefault(BeanDeserializerBase.java:1099)
	at com.fasterxml.jackson.databind.deser.BeanDeserializer.deserializeFromObject(BeanDeserializer.java:294)
	at com.fasterxml.jackson.databind.deser.BeanDeserializer.deserialize(BeanDeserializer.java:131)
	at com.fasterxml.jackson.databind.ObjectReader._bindAndClose(ObjectReader.java:1511)
	at com.fasterxml.jackson.databind.ObjectReader.readValue(ObjectReader.java:1216)
	at myicellar.api.admin.util.MicRequUtil.parseRequCntnObj(MicRequUtil.java:47)
	... 21 common frames omitted
