12:06:30.987 - ERRserver(SQL [insert into "mic_core"."winery" ("is_valid", "winery_name_usr", "winery_name_eng", "winery_name_cht", "winery_name_chs", "region_id", "region_alt_id", "country_id", "note", "seo_url") values (?, ?, ?, ?, ?, ?, ?, ?, ?, ?)]; ERROR: null value in column "country_id" violates not-null constraint
  Detail: Failing row contains (461, create, a, new, winery, 4, 4, null, null, null, t, null, null, 1748). %%% ERROR: null value in column "country_id" violates not-null constraint
  Detail: Failing row contains (461, create, a, new, winery, 4, 4, null, null, null, t, null, null, 1748).) REQUEST Received = (0:0:0:0:0:0:0:1)(/1/eng/b/Winery/Create) [HTTP/1.1][POST] {0:0:0:0:0:0:0:1}<<<HEADER>>>{Host=[localhost:8888], Connection=[keep-alive], Content-Length=[252], Origin=[null], User-Agent=[Mozilla/5.0 (Macintosh; Intel Mac OS X 10_10_5) AppleWebKit/537.36 (KHTML, like Gecko) Chrome/48.0.2564.109 Safari/537.36], Content-type=[application/json], Accept=[*/*], Accept-Encoding=[gzip, deflate], Accept-Language=[en-US,en;q=0.8]}
org.jooq.exception.DataAccessException: SQL [insert into "mic_core"."winery" ("is_valid", "winery_name_usr", "winery_name_eng", "winery_name_cht", "winery_name_chs", "region_id", "region_alt_id", "country_id", "note", "seo_url") values (?, ?, ?, ?, ?, ?, ?, ?, ?, ?)]; ERROR: null value in column "country_id" violates not-null constraint
  Detail: Failing row contains (461, create, a, new, winery, 4, 4, null, null, null, t, null, null, 1748).
	at org.jooq.impl.Tools.translate(Tools.java:1690)
	at org.jooq.impl.DefaultExecuteContext.sqlException(DefaultExecuteContext.java:660)
	at org.jooq.impl.AbstractQuery.execute(AbstractQuery.java:354)
	at org.jooq.impl.AbstractDelegatingQuery.execute(AbstractDelegatingQuery.java:133)
	at myicellar.api.admin.handler.WineryHandlerCreate.lambda$handle$85(WineryHandlerCreate.java:44)
	at ratpack.exec.Promise.lambda$null$12(Promise.java:323)
	at ratpack.exec.Blocking$1.lambda$get$0(Blocking.java:70)
	at ratpack.exec.Blocking.intercept(Blocking.java:241)
	at ratpack.exec.Blocking.access$000(Blocking.java:35)
	at ratpack.exec.Blocking$1.get(Blocking.java:68)
	at ratpack.exec.Blocking$1.get(Blocking.java:61)
	at java.util.concurrent.CompletableFuture$AsyncSupply.run(CompletableFuture.java:1590)
	at java.util.concurrent.ThreadPoolExecutor.runWorker(ThreadPoolExecutor.java:1142)
	at java.util.concurrent.ThreadPoolExecutor$Worker.run(ThreadPoolExecutor.java:617)
	at ratpack.exec.internal.DefaultExecController$ExecControllerBindingThreadFactory.lambda$newThread$0(DefaultExecController.java:113)
	at io.netty.util.concurrent.DefaultThreadFactory$DefaultRunnableDecorator.run(DefaultThreadFactory.java:137)
	at java.lang.Thread.run(Thread.java:745)
Caused by: org.postgresql.util.PSQLException: ERROR: null value in column "country_id" violates not-null constraint
  Detail: Failing row contains (461, create, a, new, winery, 4, 4, null, null, null, t, null, null, 1748).
	at org.postgresql.core.v3.QueryExecutorImpl.receiveErrorResponse(QueryExecutorImpl.java:2182)
	at org.postgresql.core.v3.QueryExecutorImpl.processResults(QueryExecutorImpl.java:1911)
	at org.postgresql.core.v3.QueryExecutorImpl.execute(QueryExecutorImpl.java:173)
	at org.postgresql.jdbc.PgStatement.execute(PgStatement.java:622)
	at org.postgresql.jdbc.PgStatement.executeWithFlags(PgStatement.java:472)
	at org.postgresql.jdbc.PgStatement.execute(PgStatement.java:465)
	at com.zaxxer.hikari.proxy.PreparedStatementProxy.execute(PreparedStatementProxy.java:44)
	at com.zaxxer.hikari.proxy.PreparedStatementJavassistProxy.execute(PreparedStatementJavassistProxy.java)
	at org.jooq.tools.jdbc.DefaultPreparedStatement.execute(DefaultPreparedStatement.java:194)
	at org.jooq.impl.AbstractQuery.execute(AbstractQuery.java:408)
	at org.jooq.impl.AbstractDMLQuery.execute(AbstractDMLQuery.java:284)
	at org.jooq.impl.AbstractQuery.execute(AbstractQuery.java:340)
	... 14 common frames omitted
12:07:07.932 - ERRserver(SQL [insert into "mic_core"."winery" ("is_valid", "winery_name_usr", "winery_name_eng", "winery_name_cht", "winery_name_chs", "region_id", "region_alt_id", "country_id", "note", "seo_url") values (?, ?, ?, ?, ?, ?, ?, ?, ?, ?)]; ERROR: null value in column "country_id" violates not-null constraint
  Detail: Failing row contains (462, create, a, new, winery, 4, 4, null, null, null, t, null, null, 1748). %%% ERROR: null value in column "country_id" violates not-null constraint
  Detail: Failing row contains (462, create, a, new, winery, 4, 4, null, null, null, t, null, null, 1748).) REQUEST Received = (0:0:0:0:0:0:0:1)(/1/eng/b/Winery/Create) [HTTP/1.1][POST] {0:0:0:0:0:0:0:1}<<<HEADER>>>{Host=[localhost:8888], Connection=[keep-alive], Content-Length=[252], Origin=[null], User-Agent=[Mozilla/5.0 (Macintosh; Intel Mac OS X 10_10_5) AppleWebKit/537.36 (KHTML, like Gecko) Chrome/48.0.2564.109 Safari/537.36], Content-type=[application/json], Accept=[*/*], Accept-Encoding=[gzip, deflate], Accept-Language=[en-US,en;q=0.8]}
org.jooq.exception.DataAccessException: SQL [insert into "mic_core"."winery" ("is_valid", "winery_name_usr", "winery_name_eng", "winery_name_cht", "winery_name_chs", "region_id", "region_alt_id", "country_id", "note", "seo_url") values (?, ?, ?, ?, ?, ?, ?, ?, ?, ?)]; ERROR: null value in column "country_id" violates not-null constraint
  Detail: Failing row contains (462, create, a, new, winery, 4, 4, null, null, null, t, null, null, 1748).
	at org.jooq.impl.Tools.translate(Tools.java:1690)
	at org.jooq.impl.DefaultExecuteContext.sqlException(DefaultExecuteContext.java:660)
	at org.jooq.impl.AbstractQuery.execute(AbstractQuery.java:354)
	at org.jooq.impl.AbstractDelegatingQuery.execute(AbstractDelegatingQuery.java:133)
	at myicellar.api.admin.handler.WineryHandlerCreate.lambda$handle$85(WineryHandlerCreate.java:44)
	at ratpack.exec.Promise.lambda$null$12(Promise.java:323)
	at ratpack.exec.Blocking$1.lambda$get$0(Blocking.java:70)
	at ratpack.exec.Blocking.intercept(Blocking.java:241)
	at ratpack.exec.Blocking.access$000(Blocking.java:35)
	at ratpack.exec.Blocking$1.get(Blocking.java:68)
	at ratpack.exec.Blocking$1.get(Blocking.java:61)
	at java.util.concurrent.CompletableFuture$AsyncSupply.run(CompletableFuture.java:1590)
	at java.util.concurrent.ThreadPoolExecutor.runWorker(ThreadPoolExecutor.java:1142)
	at java.util.concurrent.ThreadPoolExecutor$Worker.run(ThreadPoolExecutor.java:617)
	at ratpack.exec.internal.DefaultExecController$ExecControllerBindingThreadFactory.lambda$newThread$0(DefaultExecController.java:113)
	at io.netty.util.concurrent.DefaultThreadFactory$DefaultRunnableDecorator.run(DefaultThreadFactory.java:137)
	at java.lang.Thread.run(Thread.java:745)
Caused by: org.postgresql.util.PSQLException: ERROR: null value in column "country_id" violates not-null constraint
  Detail: Failing row contains (462, create, a, new, winery, 4, 4, null, null, null, t, null, null, 1748).
	at org.postgresql.core.v3.QueryExecutorImpl.receiveErrorResponse(QueryExecutorImpl.java:2182)
	at org.postgresql.core.v3.QueryExecutorImpl.processResults(QueryExecutorImpl.java:1911)
	at org.postgresql.core.v3.QueryExecutorImpl.execute(QueryExecutorImpl.java:173)
	at org.postgresql.jdbc.PgStatement.execute(PgStatement.java:622)
	at org.postgresql.jdbc.PgStatement.executeWithFlags(PgStatement.java:472)
	at org.postgresql.jdbc.PgStatement.execute(PgStatement.java:465)
	at com.zaxxer.hikari.proxy.PreparedStatementProxy.execute(PreparedStatementProxy.java:44)
	at com.zaxxer.hikari.proxy.PreparedStatementJavassistProxy.execute(PreparedStatementJavassistProxy.java)
	at org.jooq.tools.jdbc.DefaultPreparedStatement.execute(DefaultPreparedStatement.java:194)
	at org.jooq.impl.AbstractQuery.execute(AbstractQuery.java:408)
	at org.jooq.impl.AbstractDMLQuery.execute(AbstractDMLQuery.java:284)
	at org.jooq.impl.AbstractQuery.execute(AbstractQuery.java:340)
	... 14 common frames omitted
12:07:42.523 - ERRserver(SQL [insert into "mic_core"."winery" ("is_valid", "winery_name_usr", "winery_name_eng", "winery_name_cht", "winery_name_chs", "region_id", "region_alt_id", "country_id", "note", "seo_url") values (?, ?, ?, ?, ?, ?, ?, ?, ?, ?)]; ERROR: null value in column "country_id" violates not-null constraint
  Detail: Failing row contains (463, create, a, new, winery, 4, 4, null, null, null, t, null, null, 1748). %%% ERROR: null value in column "country_id" violates not-null constraint
  Detail: Failing row contains (463, create, a, new, winery, 4, 4, null, null, null, t, null, null, 1748).) REQUEST Received = (0:0:0:0:0:0:0:1)(/1/eng/b/Winery/Create) [HTTP/1.1][POST] {0:0:0:0:0:0:0:1}<<<HEADER>>>{Host=[localhost:8888], Connection=[keep-alive], Content-Length=[252], Origin=[null], User-Agent=[Mozilla/5.0 (Macintosh; Intel Mac OS X 10_10_5) AppleWebKit/537.36 (KHTML, like Gecko) Chrome/48.0.2564.109 Safari/537.36], Content-type=[application/json], Accept=[*/*], Accept-Encoding=[gzip, deflate], Accept-Language=[en-US,en;q=0.8]}
org.jooq.exception.DataAccessException: SQL [insert into "mic_core"."winery" ("is_valid", "winery_name_usr", "winery_name_eng", "winery_name_cht", "winery_name_chs", "region_id", "region_alt_id", "country_id", "note", "seo_url") values (?, ?, ?, ?, ?, ?, ?, ?, ?, ?)]; ERROR: null value in column "country_id" violates not-null constraint
  Detail: Failing row contains (463, create, a, new, winery, 4, 4, null, null, null, t, null, null, 1748).
	at org.jooq.impl.Tools.translate(Tools.java:1690)
	at org.jooq.impl.DefaultExecuteContext.sqlException(DefaultExecuteContext.java:660)
	at org.jooq.impl.AbstractQuery.execute(AbstractQuery.java:354)
	at org.jooq.impl.AbstractDelegatingQuery.execute(AbstractDelegatingQuery.java:133)
	at myicellar.api.admin.handler.WineryHandlerCreate.lambda$handle$85(WineryHandlerCreate.java:44)
	at ratpack.exec.Promise.lambda$null$12(Promise.java:323)
	at ratpack.exec.Blocking$1.lambda$get$0(Blocking.java:70)
	at ratpack.exec.Blocking.intercept(Blocking.java:241)
	at ratpack.exec.Blocking.access$000(Blocking.java:35)
	at ratpack.exec.Blocking$1.get(Blocking.java:68)
	at ratpack.exec.Blocking$1.get(Blocking.java:61)
	at java.util.concurrent.CompletableFuture$AsyncSupply.run(CompletableFuture.java:1590)
	at java.util.concurrent.ThreadPoolExecutor.runWorker(ThreadPoolExecutor.java:1142)
	at java.util.concurrent.ThreadPoolExecutor$Worker.run(ThreadPoolExecutor.java:617)
	at ratpack.exec.internal.DefaultExecController$ExecControllerBindingThreadFactory.lambda$newThread$0(DefaultExecController.java:113)
	at io.netty.util.concurrent.DefaultThreadFactory$DefaultRunnableDecorator.run(DefaultThreadFactory.java:137)
	at java.lang.Thread.run(Thread.java:745)
Caused by: org.postgresql.util.PSQLException: ERROR: null value in column "country_id" violates not-null constraint
  Detail: Failing row contains (463, create, a, new, winery, 4, 4, null, null, null, t, null, null, 1748).
	at org.postgresql.core.v3.QueryExecutorImpl.receiveErrorResponse(QueryExecutorImpl.java:2182)
	at org.postgresql.core.v3.QueryExecutorImpl.processResults(QueryExecutorImpl.java:1911)
	at org.postgresql.core.v3.QueryExecutorImpl.execute(QueryExecutorImpl.java:173)
	at org.postgresql.jdbc.PgStatement.execute(PgStatement.java:622)
	at org.postgresql.jdbc.PgStatement.executeWithFlags(PgStatement.java:472)
	at org.postgresql.jdbc.PgStatement.execute(PgStatement.java:465)
	at com.zaxxer.hikari.proxy.PreparedStatementProxy.execute(PreparedStatementProxy.java:44)
	at com.zaxxer.hikari.proxy.PreparedStatementJavassistProxy.execute(PreparedStatementJavassistProxy.java)
	at org.jooq.tools.jdbc.DefaultPreparedStatement.execute(DefaultPreparedStatement.java:194)
	at org.jooq.impl.AbstractQuery.execute(AbstractQuery.java:408)
	at org.jooq.impl.AbstractDMLQuery.execute(AbstractDMLQuery.java:284)
	at org.jooq.impl.AbstractQuery.execute(AbstractQuery.java:340)
	... 14 common frames omitted
12:07:52.738 - ERRserver(SQL [insert into "mic_core"."winery" ("is_valid", "winery_name_usr", "winery_name_eng", "winery_name_cht", "winery_name_chs", "region_id", "region_alt_id", "country_id", "note", "seo_url") values (?, ?, ?, ?, ?, ?, ?, ?, ?, ?)]; ERROR: null value in column "country_id" violates not-null constraint
  Detail: Failing row contains (464, testing, by, creating, a, 4, 4, null, new, null, t, winery, null, 1748). %%% ERROR: null value in column "country_id" violates not-null constraint
  Detail: Failing row contains (464, testing, by, creating, a, 4, 4, null, new, null, t, winery, null, 1748).) REQUEST Received = (0:0:0:0:0:0:0:1)(/1/eng/b/Winery/Create) [HTTP/1.1][POST] {0:0:0:0:0:0:0:1}<<<HEADER>>>{Host=[localhost:8888], Connection=[keep-alive], Content-Length=[285], Origin=[null], User-Agent=[Mozilla/5.0 (Macintosh; Intel Mac OS X 10_10_5) AppleWebKit/537.36 (KHTML, like Gecko) Chrome/48.0.2564.109 Safari/537.36], Content-type=[application/json], Accept=[*/*], Accept-Encoding=[gzip, deflate], Accept-Language=[en-US,en;q=0.8]}
org.jooq.exception.DataAccessException: SQL [insert into "mic_core"."winery" ("is_valid", "winery_name_usr", "winery_name_eng", "winery_name_cht", "winery_name_chs", "region_id", "region_alt_id", "country_id", "note", "seo_url") values (?, ?, ?, ?, ?, ?, ?, ?, ?, ?)]; ERROR: null value in column "country_id" violates not-null constraint
  Detail: Failing row contains (464, testing, by, creating, a, 4, 4, null, new, null, t, winery, null, 1748).
	at org.jooq.impl.Tools.translate(Tools.java:1690)
	at org.jooq.impl.DefaultExecuteContext.sqlException(DefaultExecuteContext.java:660)
	at org.jooq.impl.AbstractQuery.execute(AbstractQuery.java:354)
	at org.jooq.impl.AbstractDelegatingQuery.execute(AbstractDelegatingQuery.java:133)
	at myicellar.api.admin.handler.WineryHandlerCreate.lambda$handle$85(WineryHandlerCreate.java:44)
	at ratpack.exec.Promise.lambda$null$12(Promise.java:323)
	at ratpack.exec.Blocking$1.lambda$get$0(Blocking.java:70)
	at ratpack.exec.Blocking.intercept(Blocking.java:241)
	at ratpack.exec.Blocking.access$000(Blocking.java:35)
	at ratpack.exec.Blocking$1.get(Blocking.java:68)
	at ratpack.exec.Blocking$1.get(Blocking.java:61)
	at java.util.concurrent.CompletableFuture$AsyncSupply.run(CompletableFuture.java:1590)
	at java.util.concurrent.ThreadPoolExecutor.runWorker(ThreadPoolExecutor.java:1142)
	at java.util.concurrent.ThreadPoolExecutor$Worker.run(ThreadPoolExecutor.java:617)
	at ratpack.exec.internal.DefaultExecController$ExecControllerBindingThreadFactory.lambda$newThread$0(DefaultExecController.java:113)
	at io.netty.util.concurrent.DefaultThreadFactory$DefaultRunnableDecorator.run(DefaultThreadFactory.java:137)
	at java.lang.Thread.run(Thread.java:745)
Caused by: org.postgresql.util.PSQLException: ERROR: null value in column "country_id" violates not-null constraint
  Detail: Failing row contains (464, testing, by, creating, a, 4, 4, null, new, null, t, winery, null, 1748).
	at org.postgresql.core.v3.QueryExecutorImpl.receiveErrorResponse(QueryExecutorImpl.java:2182)
	at org.postgresql.core.v3.QueryExecutorImpl.processResults(QueryExecutorImpl.java:1911)
	at org.postgresql.core.v3.QueryExecutorImpl.execute(QueryExecutorImpl.java:173)
	at org.postgresql.jdbc.PgStatement.execute(PgStatement.java:622)
	at org.postgresql.jdbc.PgStatement.executeWithFlags(PgStatement.java:472)
	at org.postgresql.jdbc.PgStatement.execute(PgStatement.java:465)
	at com.zaxxer.hikari.proxy.PreparedStatementProxy.execute(PreparedStatementProxy.java:44)
	at com.zaxxer.hikari.proxy.PreparedStatementJavassistProxy.execute(PreparedStatementJavassistProxy.java)
	at org.jooq.tools.jdbc.DefaultPreparedStatement.execute(DefaultPreparedStatement.java:194)
	at org.jooq.impl.AbstractQuery.execute(AbstractQuery.java:408)
	at org.jooq.impl.AbstractDMLQuery.execute(AbstractDMLQuery.java:284)
	at org.jooq.impl.AbstractQuery.execute(AbstractQuery.java:340)
	... 14 common frames omitted
12:09:10.671 - ERRserver(SQL [insert into "mic_core"."winery" ("is_valid", "winery_name_usr", "winery_name_eng", "winery_name_cht", "winery_name_chs", "region_id", "region_alt_id", "country_id", "note", "seo_url") values (?, ?, ?, ?, ?, ?, ?, ?, ?, ?)]; ERROR: null value in column "country_id" violates not-null constraint
  Detail: Failing row contains (465, testing, by, creating, a, 4, 4, null, new, null, t, region, null, 1748). %%% ERROR: null value in column "country_id" violates not-null constraint
  Detail: Failing row contains (465, testing, by, creating, a, 4, 4, null, new, null, t, region, null, 1748).) REQUEST Received = (0:0:0:0:0:0:0:1)(/1/eng/b/Winery/Create) [HTTP/1.1][POST] {0:0:0:0:0:0:0:1}<<<HEADER>>>{Host=[localhost:8888], Connection=[keep-alive], Content-Length=[285], Origin=[null], User-Agent=[Mozilla/5.0 (Macintosh; Intel Mac OS X 10_10_5) AppleWebKit/537.36 (KHTML, like Gecko) Chrome/48.0.2564.109 Safari/537.36], Content-type=[application/json], Accept=[*/*], Accept-Encoding=[gzip, deflate], Accept-Language=[en-US,en;q=0.8]}
org.jooq.exception.DataAccessException: SQL [insert into "mic_core"."winery" ("is_valid", "winery_name_usr", "winery_name_eng", "winery_name_cht", "winery_name_chs", "region_id", "region_alt_id", "country_id", "note", "seo_url") values (?, ?, ?, ?, ?, ?, ?, ?, ?, ?)]; ERROR: null value in column "country_id" violates not-null constraint
  Detail: Failing row contains (465, testing, by, creating, a, 4, 4, null, new, null, t, region, null, 1748).
	at org.jooq.impl.Tools.translate(Tools.java:1690)
	at org.jooq.impl.DefaultExecuteContext.sqlException(DefaultExecuteContext.java:660)
	at org.jooq.impl.AbstractQuery.execute(AbstractQuery.java:354)
	at org.jooq.impl.AbstractDelegatingQuery.execute(AbstractDelegatingQuery.java:133)
	at myicellar.api.admin.handler.WineryHandlerCreate.lambda$handle$85(WineryHandlerCreate.java:44)
	at ratpack.exec.Promise.lambda$null$12(Promise.java:323)
	at ratpack.exec.Blocking$1.lambda$get$0(Blocking.java:70)
	at ratpack.exec.Blocking.intercept(Blocking.java:241)
	at ratpack.exec.Blocking.access$000(Blocking.java:35)
	at ratpack.exec.Blocking$1.get(Blocking.java:68)
	at ratpack.exec.Blocking$1.get(Blocking.java:61)
	at java.util.concurrent.CompletableFuture$AsyncSupply.run(CompletableFuture.java:1590)
	at java.util.concurrent.ThreadPoolExecutor.runWorker(ThreadPoolExecutor.java:1142)
	at java.util.concurrent.ThreadPoolExecutor$Worker.run(ThreadPoolExecutor.java:617)
	at ratpack.exec.internal.DefaultExecController$ExecControllerBindingThreadFactory.lambda$newThread$0(DefaultExecController.java:113)
	at io.netty.util.concurrent.DefaultThreadFactory$DefaultRunnableDecorator.run(DefaultThreadFactory.java:137)
	at java.lang.Thread.run(Thread.java:745)
Caused by: org.postgresql.util.PSQLException: ERROR: null value in column "country_id" violates not-null constraint
  Detail: Failing row contains (465, testing, by, creating, a, 4, 4, null, new, null, t, region, null, 1748).
	at org.postgresql.core.v3.QueryExecutorImpl.receiveErrorResponse(QueryExecutorImpl.java:2182)
	at org.postgresql.core.v3.QueryExecutorImpl.processResults(QueryExecutorImpl.java:1911)
	at org.postgresql.core.v3.QueryExecutorImpl.execute(QueryExecutorImpl.java:173)
	at org.postgresql.jdbc.PgStatement.execute(PgStatement.java:622)
	at org.postgresql.jdbc.PgStatement.executeWithFlags(PgStatement.java:472)
	at org.postgresql.jdbc.PgStatement.execute(PgStatement.java:465)
	at com.zaxxer.hikari.proxy.PreparedStatementProxy.execute(PreparedStatementProxy.java:44)
	at com.zaxxer.hikari.proxy.PreparedStatementJavassistProxy.execute(PreparedStatementJavassistProxy.java)
	at org.jooq.tools.jdbc.DefaultPreparedStatement.execute(DefaultPreparedStatement.java:194)
	at org.jooq.impl.AbstractQuery.execute(AbstractQuery.java:408)
	at org.jooq.impl.AbstractDMLQuery.execute(AbstractDMLQuery.java:284)
	at org.jooq.impl.AbstractQuery.execute(AbstractQuery.java:340)
	... 14 common frames omitted
14:56:58.342 - ERRserver(myicellar/jooq/pojos/WineryRegion %%% myicellar.jooq.pojos.WineryRegion) REQUEST Received = (0:0:0:0:0:0:0:1)(/1/eng/a/WineryRegion/Detail) [HTTP/1.1][POST] {0:0:0:0:0:0:0:1}<<<HEADER>>>{Host=[localhost:8888], Connection=[keep-alive], Content-Length=[143], Origin=[null], User-Agent=[Mozilla/5.0 (Macintosh; Intel Mac OS X 10_10_5) AppleWebKit/537.36 (KHTML, like Gecko) Chrome/48.0.2564.109 Safari/537.36], Content-type=[application/json], Accept=[*/*], Accept-Encoding=[gzip, deflate], Accept-Language=[en-US,en;q=0.8]}
java.lang.NoClassDefFoundError: myicellar/jooq/pojos/WineryRegion
	at myicellar.api.admin.handler.WineryRegionHandlerQuery.lambda$handle$100(WineryRegionHandlerQuery.java:35)
	at ratpack.exec.Promise.lambda$null$9(Promise.java:303)
	at ratpack.exec.Downstream$1.success(Downstream.java:73)
	at ratpack.exec.Promise.lambda$null$9(Promise.java:304)
	at ratpack.exec.Downstream$1.success(Downstream.java:73)
	at ratpack.exec.Promise.lambda$null$9(Promise.java:304)
	at ratpack.exec.Downstream$1.success(Downstream.java:73)
	at ratpack.exec.internal.DefaultExecution$2.lambda$success$1(DefaultExecution.java:161)
	at ratpack.exec.internal.DefaultExecution$SingleEventExecStream.exec(DefaultExecution.java:419)
	at ratpack.exec.internal.DefaultExecution.exec(DefaultExecution.java:248)
	at ratpack.exec.internal.DefaultExecution.intercept(DefaultExecution.java:240)
	at ratpack.exec.internal.DefaultExecution.drain(DefaultExecution.java:220)
	at ratpack.exec.internal.DefaultExecution.<init>(DefaultExecution.java:96)
	at ratpack.exec.internal.DefaultExecController$1.lambda$start$0(DefaultExecController.java:172)
	at io.netty.util.concurrent.PromiseTask.run(PromiseTask.java:73)
	at io.netty.util.concurrent.SingleThreadEventExecutor.runAllTasks(SingleThreadEventExecutor.java:339)
	at io.netty.channel.nio.NioEventLoop.run(NioEventLoop.java:356)
	at io.netty.util.concurrent.SingleThreadEventExecutor$5.run(SingleThreadEventExecutor.java:742)
	at ratpack.exec.internal.DefaultExecController$ExecControllerBindingThreadFactory.lambda$newThread$0(DefaultExecController.java:113)
	at io.netty.util.concurrent.DefaultThreadFactory$DefaultRunnableDecorator.run(DefaultThreadFactory.java:137)
	at java.lang.Thread.run(Thread.java:745)
Caused by: java.lang.ClassNotFoundException: myicellar.jooq.pojos.WineryRegion
	at java.net.URLClassLoader.findClass(URLClassLoader.java:381)
	at java.lang.ClassLoader.loadClass(ClassLoader.java:424)
	at sun.misc.Launcher$AppClassLoader.loadClass(Launcher.java:331)
	at java.lang.ClassLoader.loadClass(ClassLoader.java:357)
	... 21 common frames omitted
14:57:10.264 - ERRserver(myicellar/jooq/pojos/WineryRegion) REQUEST Received = (0:0:0:0:0:0:0:1)(/1/eng/a/WineryRegion/Detail) [HTTP/1.1][POST] {0:0:0:0:0:0:0:1}<<<HEADER>>>{Host=[localhost:8888], Connection=[keep-alive], Content-Length=[143], Origin=[null], User-Agent=[Mozilla/5.0 (Macintosh; Intel Mac OS X 10_10_5) AppleWebKit/537.36 (KHTML, like Gecko) Chrome/48.0.2564.109 Safari/537.36], Content-type=[application/json], Accept=[*/*], Accept-Encoding=[gzip, deflate], Accept-Language=[en-US,en;q=0.8]}
java.lang.NoClassDefFoundError: myicellar/jooq/pojos/WineryRegion
	at myicellar.api.admin.handler.WineryRegionHandlerQuery.lambda$handle$100(WineryRegionHandlerQuery.java:35)
	at ratpack.exec.Promise.lambda$null$9(Promise.java:303)
	at ratpack.exec.Downstream$1.success(Downstream.java:73)
	at ratpack.exec.Promise.lambda$null$9(Promise.java:304)
	at ratpack.exec.Downstream$1.success(Downstream.java:73)
	at ratpack.exec.Promise.lambda$null$9(Promise.java:304)
	at ratpack.exec.Downstream$1.success(Downstream.java:73)
	at ratpack.exec.internal.DefaultExecution$2.lambda$success$1(DefaultExecution.java:161)
	at ratpack.exec.internal.DefaultExecution$SingleEventExecStream.exec(DefaultExecution.java:419)
	at ratpack.exec.internal.DefaultExecution.exec(DefaultExecution.java:246)
	at ratpack.exec.internal.DefaultExecution.intercept(DefaultExecution.java:240)
	at ratpack.exec.internal.DefaultExecution.drain(DefaultExecution.java:220)
	at io.netty.util.concurrent.SingleThreadEventExecutor.runAllTasks(SingleThreadEventExecutor.java:339)
	at io.netty.channel.nio.NioEventLoop.run(NioEventLoop.java:356)
	at io.netty.util.concurrent.SingleThreadEventExecutor$5.run(SingleThreadEventExecutor.java:742)
	at ratpack.exec.internal.DefaultExecController$ExecControllerBindingThreadFactory.lambda$newThread$0(DefaultExecController.java:113)
	at io.netty.util.concurrent.DefaultThreadFactory$DefaultRunnableDecorator.run(DefaultThreadFactory.java:137)
	at java.lang.Thread.run(Thread.java:745)
14:57:38.734 - ERRserver(myicellar/jooq/records/WineryJQR %%% myicellar.jooq.records.WineryJQR) REQUEST Received = (0:0:0:0:0:0:0:1)(/1/eng/b/Winery/Detail) [HTTP/1.1][POST] {0:0:0:0:0:0:0:1}<<<HEADER>>>{Host=[localhost:8888], Connection=[keep-alive], Content-Length=[145], Origin=[null], User-Agent=[Mozilla/5.0 (Macintosh; Intel Mac OS X 10_10_5) AppleWebKit/537.36 (KHTML, like Gecko) Chrome/48.0.2564.109 Safari/537.36], Content-type=[application/json], Accept=[*/*], Accept-Encoding=[gzip, deflate], Accept-Language=[en-US,en;q=0.8]}
java.lang.NoClassDefFoundError: myicellar/jooq/records/WineryJQR
	at myicellar.jooq.tables.TblWinery.getRecordType(TblWinery.java:41)
	at org.jooq.impl.SelectQueryImpl.getRecordType(SelectQueryImpl.java:1658)
	at org.jooq.impl.AbstractResultQuery.execute(AbstractResultQuery.java:272)
	at org.jooq.impl.AbstractQuery.execute(AbstractQuery.java:340)
	at org.jooq.impl.AbstractResultQuery.fetch(AbstractResultQuery.java:305)
	at org.jooq.impl.SelectImpl.fetch(SelectImpl.java:2577)
	at myicellar.api.admin.handler.WineryHandlerQuery.lambda$handle$89(WineryHandlerQuery.java:51)
	at ratpack.exec.Promise.lambda$null$12(Promise.java:323)
	at ratpack.exec.Blocking$1.lambda$get$0(Blocking.java:70)
	at ratpack.exec.Blocking.intercept(Blocking.java:241)
	at ratpack.exec.Blocking.access$000(Blocking.java:35)
	at ratpack.exec.Blocking$1.get(Blocking.java:68)
	at ratpack.exec.Blocking$1.get(Blocking.java:61)
	at java.util.concurrent.CompletableFuture$AsyncSupply.run(CompletableFuture.java:1590)
	at java.util.concurrent.ThreadPoolExecutor.runWorker(ThreadPoolExecutor.java:1142)
	at java.util.concurrent.ThreadPoolExecutor$Worker.run(ThreadPoolExecutor.java:617)
	at ratpack.exec.internal.DefaultExecController$ExecControllerBindingThreadFactory.lambda$newThread$0(DefaultExecController.java:113)
	at io.netty.util.concurrent.DefaultThreadFactory$DefaultRunnableDecorator.run(DefaultThreadFactory.java:137)
	at java.lang.Thread.run(Thread.java:745)
Caused by: java.lang.ClassNotFoundException: myicellar.jooq.records.WineryJQR
	at java.net.URLClassLoader.findClass(URLClassLoader.java:381)
	at java.lang.ClassLoader.loadClass(ClassLoader.java:424)
	at sun.misc.Launcher$AppClassLoader.loadClass(Launcher.java:331)
	at java.lang.ClassLoader.loadClass(ClassLoader.java:357)
	... 19 common frames omitted
14:58:02.556 - ERRserver(myicellar/jooq/records/WineryJQR) REQUEST Received = (0:0:0:0:0:0:0:1)(/1/eng/b/Winery/Detail) [HTTP/1.1][POST] {0:0:0:0:0:0:0:1}<<<HEADER>>>{Host=[localhost:8888], Connection=[keep-alive], Content-Length=[145], Origin=[null], User-Agent=[Mozilla/5.0 (Macintosh; Intel Mac OS X 10_10_5) AppleWebKit/537.36 (KHTML, like Gecko) Chrome/48.0.2564.109 Safari/537.36], Content-type=[application/json], Accept=[*/*], Accept-Encoding=[gzip, deflate], Accept-Language=[en-US,en;q=0.8]}
java.lang.NoClassDefFoundError: myicellar/jooq/records/WineryJQR
	at myicellar.jooq.tables.TblWinery.getRecordType(TblWinery.java:41)
	at org.jooq.impl.SelectQueryImpl.getRecordType(SelectQueryImpl.java:1658)
	at org.jooq.impl.AbstractResultQuery.execute(AbstractResultQuery.java:272)
	at org.jooq.impl.AbstractQuery.execute(AbstractQuery.java:340)
	at org.jooq.impl.AbstractResultQuery.fetch(AbstractResultQuery.java:305)
	at org.jooq.impl.SelectImpl.fetch(SelectImpl.java:2577)
	at myicellar.api.admin.handler.WineryHandlerQuery.lambda$handle$89(WineryHandlerQuery.java:51)
	at ratpack.exec.Promise.lambda$null$12(Promise.java:323)
	at ratpack.exec.Blocking$1.lambda$get$0(Blocking.java:70)
	at ratpack.exec.Blocking.intercept(Blocking.java:241)
	at ratpack.exec.Blocking.access$000(Blocking.java:35)
	at ratpack.exec.Blocking$1.get(Blocking.java:68)
	at ratpack.exec.Blocking$1.get(Blocking.java:61)
	at java.util.concurrent.CompletableFuture$AsyncSupply.run(CompletableFuture.java:1590)
	at java.util.concurrent.ThreadPoolExecutor.runWorker(ThreadPoolExecutor.java:1142)
	at java.util.concurrent.ThreadPoolExecutor$Worker.run(ThreadPoolExecutor.java:617)
	at ratpack.exec.internal.DefaultExecController$ExecControllerBindingThreadFactory.lambda$newThread$0(DefaultExecController.java:113)
	at io.netty.util.concurrent.DefaultThreadFactory$DefaultRunnableDecorator.run(DefaultThreadFactory.java:137)
	at java.lang.Thread.run(Thread.java:745)
14:58:07.742 - ERRserver(myicellar/jooq/records/WineryJQR) REQUEST Received = (0:0:0:0:0:0:0:1)(/1/eng/b/Winery/Detail) [HTTP/1.1][POST] {0:0:0:0:0:0:0:1}<<<HEADER>>>{Host=[localhost:8888], Connection=[keep-alive], Content-Length=[145], Origin=[null], User-Agent=[Mozilla/5.0 (Macintosh; Intel Mac OS X 10_10_5) AppleWebKit/537.36 (KHTML, like Gecko) Chrome/48.0.2564.109 Safari/537.36], Content-type=[application/json], Accept=[*/*], Accept-Encoding=[gzip, deflate], Accept-Language=[en-US,en;q=0.8]}
java.lang.NoClassDefFoundError: myicellar/jooq/records/WineryJQR
	at myicellar.jooq.tables.TblWinery.getRecordType(TblWinery.java:41)
	at org.jooq.impl.SelectQueryImpl.getRecordType(SelectQueryImpl.java:1658)
	at org.jooq.impl.AbstractResultQuery.execute(AbstractResultQuery.java:272)
	at org.jooq.impl.AbstractQuery.execute(AbstractQuery.java:340)
	at org.jooq.impl.AbstractResultQuery.fetch(AbstractResultQuery.java:305)
	at org.jooq.impl.SelectImpl.fetch(SelectImpl.java:2577)
	at myicellar.api.admin.handler.WineryHandlerQuery.lambda$handle$89(WineryHandlerQuery.java:51)
	at ratpack.exec.Promise.lambda$null$12(Promise.java:323)
	at ratpack.exec.Blocking$1.lambda$get$0(Blocking.java:70)
	at ratpack.exec.Blocking.intercept(Blocking.java:241)
	at ratpack.exec.Blocking.access$000(Blocking.java:35)
	at ratpack.exec.Blocking$1.get(Blocking.java:68)
	at ratpack.exec.Blocking$1.get(Blocking.java:61)
	at java.util.concurrent.CompletableFuture$AsyncSupply.run(CompletableFuture.java:1590)
	at java.util.concurrent.ThreadPoolExecutor.runWorker(ThreadPoolExecutor.java:1142)
	at java.util.concurrent.ThreadPoolExecutor$Worker.run(ThreadPoolExecutor.java:617)
	at ratpack.exec.internal.DefaultExecController$ExecControllerBindingThreadFactory.lambda$newThread$0(DefaultExecController.java:113)
	at io.netty.util.concurrent.DefaultThreadFactory$DefaultRunnableDecorator.run(DefaultThreadFactory.java:137)
	at java.lang.Thread.run(Thread.java:745)
14:58:18.212 - ERRserver(myicellar/jooq/records/WineryJQR) REQUEST Received = (0:0:0:0:0:0:0:1)(/1/eng/b/Winery/Detail) [HTTP/1.1][POST] {0:0:0:0:0:0:0:1}<<<HEADER>>>{Host=[localhost:8888], Connection=[keep-alive], Content-Length=[145], Origin=[null], User-Agent=[Mozilla/5.0 (Macintosh; Intel Mac OS X 10_10_5) AppleWebKit/537.36 (KHTML, like Gecko) Chrome/48.0.2564.109 Safari/537.36], Content-type=[application/json], Accept=[*/*], Accept-Encoding=[gzip, deflate], Accept-Language=[en-US,en;q=0.8]}
java.lang.NoClassDefFoundError: myicellar/jooq/records/WineryJQR
	at myicellar.jooq.tables.TblWinery.getRecordType(TblWinery.java:41)
	at org.jooq.impl.SelectQueryImpl.getRecordType(SelectQueryImpl.java:1658)
	at org.jooq.impl.AbstractResultQuery.execute(AbstractResultQuery.java:272)
	at org.jooq.impl.AbstractQuery.execute(AbstractQuery.java:340)
	at org.jooq.impl.AbstractResultQuery.fetch(AbstractResultQuery.java:305)
	at org.jooq.impl.SelectImpl.fetch(SelectImpl.java:2577)
	at myicellar.api.admin.handler.WineryHandlerQuery.lambda$handle$89(WineryHandlerQuery.java:51)
	at ratpack.exec.Promise.lambda$null$12(Promise.java:323)
	at ratpack.exec.Blocking$1.lambda$get$0(Blocking.java:70)
	at ratpack.exec.Blocking.intercept(Blocking.java:241)
	at ratpack.exec.Blocking.access$000(Blocking.java:35)
	at ratpack.exec.Blocking$1.get(Blocking.java:68)
	at ratpack.exec.Blocking$1.get(Blocking.java:61)
	at java.util.concurrent.CompletableFuture$AsyncSupply.run(CompletableFuture.java:1590)
	at java.util.concurrent.ThreadPoolExecutor.runWorker(ThreadPoolExecutor.java:1142)
	at java.util.concurrent.ThreadPoolExecutor$Worker.run(ThreadPoolExecutor.java:617)
	at ratpack.exec.internal.DefaultExecController$ExecControllerBindingThreadFactory.lambda$newThread$0(DefaultExecController.java:113)
	at io.netty.util.concurrent.DefaultThreadFactory$DefaultRunnableDecorator.run(DefaultThreadFactory.java:137)
	at java.lang.Thread.run(Thread.java:745)
14:58:29.958 - ERRserver(myicellar/jooq/records/WineryJQR) REQUEST Received = (0:0:0:0:0:0:0:1)(/1/eng/b/Winery/Detail) [HTTP/1.1][POST] {0:0:0:0:0:0:0:1}<<<HEADER>>>{Host=[localhost:8888], Connection=[keep-alive], Content-Length=[145], Origin=[null], User-Agent=[Mozilla/5.0 (Macintosh; Intel Mac OS X 10_10_5) AppleWebKit/537.36 (KHTML, like Gecko) Chrome/48.0.2564.109 Safari/537.36], Content-type=[application/json], Accept=[*/*], Accept-Encoding=[gzip, deflate], Accept-Language=[en-US,en;q=0.8]}
java.lang.NoClassDefFoundError: myicellar/jooq/records/WineryJQR
	at myicellar.jooq.tables.TblWinery.getRecordType(TblWinery.java:41)
	at org.jooq.impl.SelectQueryImpl.getRecordType(SelectQueryImpl.java:1658)
	at org.jooq.impl.AbstractResultQuery.execute(AbstractResultQuery.java:272)
	at org.jooq.impl.AbstractQuery.execute(AbstractQuery.java:340)
	at org.jooq.impl.AbstractResultQuery.fetch(AbstractResultQuery.java:305)
	at org.jooq.impl.SelectImpl.fetch(SelectImpl.java:2577)
	at myicellar.api.admin.handler.WineryHandlerQuery.lambda$handle$89(WineryHandlerQuery.java:51)
	at ratpack.exec.Promise.lambda$null$12(Promise.java:323)
	at ratpack.exec.Blocking$1.lambda$get$0(Blocking.java:70)
	at ratpack.exec.Blocking.intercept(Blocking.java:241)
	at ratpack.exec.Blocking.access$000(Blocking.java:35)
	at ratpack.exec.Blocking$1.get(Blocking.java:68)
	at ratpack.exec.Blocking$1.get(Blocking.java:61)
	at java.util.concurrent.CompletableFuture$AsyncSupply.run(CompletableFuture.java:1590)
	at java.util.concurrent.ThreadPoolExecutor.runWorker(ThreadPoolExecutor.java:1142)
	at java.util.concurrent.ThreadPoolExecutor$Worker.run(ThreadPoolExecutor.java:617)
	at ratpack.exec.internal.DefaultExecController$ExecControllerBindingThreadFactory.lambda$newThread$0(DefaultExecController.java:113)
	at io.netty.util.concurrent.DefaultThreadFactory$DefaultRunnableDecorator.run(DefaultThreadFactory.java:137)
	at java.lang.Thread.run(Thread.java:745)
14:58:35.615 - ERRserver(myicellar/jooq/pojos/WineryRegion) REQUEST Received = (0:0:0:0:0:0:0:1)(/1/eng/a/WineryRegion/Detail) [HTTP/1.1][POST] {0:0:0:0:0:0:0:1}<<<HEADER>>>{Host=[localhost:8888], Connection=[keep-alive], Content-Length=[143], Origin=[null], User-Agent=[Mozilla/5.0 (Macintosh; Intel Mac OS X 10_10_5) AppleWebKit/537.36 (KHTML, like Gecko) Chrome/48.0.2564.109 Safari/537.36], Content-type=[application/json], Accept=[*/*], Accept-Encoding=[gzip, deflate], Accept-Language=[en-US,en;q=0.8]}
java.lang.NoClassDefFoundError: myicellar/jooq/pojos/WineryRegion
	at myicellar.api.admin.handler.WineryRegionHandlerQuery.lambda$handle$100(WineryRegionHandlerQuery.java:35)
	at ratpack.exec.Promise.lambda$null$9(Promise.java:303)
	at ratpack.exec.Downstream$1.success(Downstream.java:73)
	at ratpack.exec.Promise.lambda$null$9(Promise.java:304)
	at ratpack.exec.Downstream$1.success(Downstream.java:73)
	at ratpack.exec.Promise.lambda$null$9(Promise.java:304)
	at ratpack.exec.Downstream$1.success(Downstream.java:73)
	at ratpack.exec.internal.DefaultExecution$2.lambda$success$1(DefaultExecution.java:161)
	at ratpack.exec.internal.DefaultExecution$SingleEventExecStream.exec(DefaultExecution.java:419)
	at ratpack.exec.internal.DefaultExecution.exec(DefaultExecution.java:248)
	at ratpack.exec.internal.DefaultExecution.intercept(DefaultExecution.java:240)
	at ratpack.exec.internal.DefaultExecution.drain(DefaultExecution.java:220)
	at ratpack.exec.internal.DefaultExecution.<init>(DefaultExecution.java:96)
	at ratpack.exec.internal.DefaultExecController$1.lambda$start$0(DefaultExecController.java:172)
	at io.netty.util.concurrent.PromiseTask.run(PromiseTask.java:73)
	at io.netty.util.concurrent.SingleThreadEventExecutor.runAllTasks(SingleThreadEventExecutor.java:339)
	at io.netty.channel.nio.NioEventLoop.run(NioEventLoop.java:356)
	at io.netty.util.concurrent.SingleThreadEventExecutor$5.run(SingleThreadEventExecutor.java:742)
	at ratpack.exec.internal.DefaultExecController$ExecControllerBindingThreadFactory.lambda$newThread$0(DefaultExecController.java:113)
	at io.netty.util.concurrent.DefaultThreadFactory$DefaultRunnableDecorator.run(DefaultThreadFactory.java:137)
	at java.lang.Thread.run(Thread.java:745)
15:08:46.527 - ERRserver(myicellar/jooq/pojos/WinesTypeNameRegionCountry %%% myicellar.jooq.pojos.WinesTypeNameRegionCountry) REQUEST Received = (0:0:0:0:0:0:0:1)(/1/eng/c/Wine/Summary) [HTTP/1.1][POST] {0:0:0:0:0:0:0:1}<<<HEADER>>>{Host=[localhost:8888], Connection=[keep-alive], Content-Length=[187], Cache-Control=[no-cache], Origin=[chrome-extension://fhbjgbiflinjbdggehcddcbncdddomop], Content-Type=[application/json], User-Agent=[Mozilla/5.0 (Macintosh; Intel Mac OS X 10_10_5) AppleWebKit/537.36 (KHTML, like Gecko) Chrome/48.0.2564.109 Safari/537.36], Postman-Token=[4f4ae3b7-dba9-540d-5332-19cd86fe850b], Accept=[*/*], Accept-Encoding=[gzip, deflate], Accept-Language=[en-US,en;q=0.8]}
java.lang.NoClassDefFoundError: myicellar/jooq/pojos/WinesTypeNameRegionCountry
	at myicellar.api.admin.handler.JoinWineHandler.lambda$handle$0(JoinWineHandler.java:45)
	at ratpack.exec.Promise.lambda$null$9(Promise.java:303)
	at ratpack.exec.Downstream$1.success(Downstream.java:73)
	at ratpack.exec.Promise.lambda$null$9(Promise.java:304)
	at ratpack.exec.Downstream$1.success(Downstream.java:73)
	at ratpack.exec.Promise.lambda$null$9(Promise.java:304)
	at ratpack.exec.Downstream$1.success(Downstream.java:73)
	at ratpack.exec.internal.DefaultExecution$2.lambda$success$1(DefaultExecution.java:161)
	at ratpack.exec.internal.DefaultExecution$SingleEventExecStream.exec(DefaultExecution.java:419)
	at ratpack.exec.internal.DefaultExecution.exec(DefaultExecution.java:248)
	at ratpack.exec.internal.DefaultExecution.intercept(DefaultExecution.java:240)
	at ratpack.exec.internal.DefaultExecution.drain(DefaultExecution.java:220)
	at ratpack.exec.internal.DefaultExecution.<init>(DefaultExecution.java:96)
	at ratpack.exec.internal.DefaultExecController$1.lambda$start$0(DefaultExecController.java:172)
	at io.netty.util.concurrent.PromiseTask.run(PromiseTask.java:73)
	at io.netty.util.concurrent.SingleThreadEventExecutor.runAllTasks(SingleThreadEventExecutor.java:339)
	at io.netty.channel.nio.NioEventLoop.run(NioEventLoop.java:356)
	at io.netty.util.concurrent.SingleThreadEventExecutor$5.run(SingleThreadEventExecutor.java:742)
	at ratpack.exec.internal.DefaultExecController$ExecControllerBindingThreadFactory.lambda$newThread$0(DefaultExecController.java:113)
	at io.netty.util.concurrent.DefaultThreadFactory$DefaultRunnableDecorator.run(DefaultThreadFactory.java:137)
	at java.lang.Thread.run(Thread.java:745)
Caused by: java.lang.ClassNotFoundException: myicellar.jooq.pojos.WinesTypeNameRegionCountry
	at java.net.URLClassLoader.findClass(URLClassLoader.java:381)
	at java.lang.ClassLoader.loadClass(ClassLoader.java:424)
	at sun.misc.Launcher$AppClassLoader.loadClass(Launcher.java:331)
	at java.lang.ClassLoader.loadClass(ClassLoader.java:357)
	... 21 common frames omitted
15:15:43.579 - ERRserver(No matching constructor found on type class myicellar.jooq.pojos.WinesTypeNameRegionCountry for record org.jooq.impl.DefaultRecordMapper@7771c893) REQUEST Received = (0:0:0:0:0:0:0:1)(/1/eng/c/Wine/Summary) [HTTP/1.1][POST] {0:0:0:0:0:0:0:1}<<<HEADER>>>{Host=[localhost:8888], Connection=[keep-alive], Content-Length=[187], Cache-Control=[no-cache], Origin=[chrome-extension://fhbjgbiflinjbdggehcddcbncdddomop], Content-Type=[application/json], User-Agent=[Mozilla/5.0 (Macintosh; Intel Mac OS X 10_10_5) AppleWebKit/537.36 (KHTML, like Gecko) Chrome/48.0.2564.109 Safari/537.36], Postman-Token=[de26ab00-dcb4-e531-ba8f-b67b7af6117e], Accept=[*/*], Accept-Encoding=[gzip, deflate], Accept-Language=[en-US,en;q=0.8]}
org.jooq.exception.MappingException: No matching constructor found on type class myicellar.jooq.pojos.WinesTypeNameRegionCountry for record org.jooq.impl.DefaultRecordMapper@7771c893
	at org.jooq.impl.DefaultRecordMapper.init(DefaultRecordMapper.java:342)
	at org.jooq.impl.DefaultRecordMapper.<init>(DefaultRecordMapper.java:278)
	at org.jooq.impl.DefaultRecordMapper.<init>(DefaultRecordMapper.java:266)
	at org.jooq.impl.DefaultRecordMapperProvider.provide(DefaultRecordMapperProvider.java:81)
	at org.jooq.impl.ResultImpl.into(ResultImpl.java:2085)
	at myicellar.api.admin.handler.JoinWineHandler.lambda$handle$3(JoinWineHandler.java:64)
	at ratpack.exec.Promise.lambda$null$9(Promise.java:303)
	at ratpack.exec.Downstream$1.success(Downstream.java:73)
	at ratpack.exec.Promise.lambda$null$35(Promise.java:857)
	at ratpack.exec.Downstream$1.success(Downstream.java:73)
	at ratpack.exec.internal.DefaultPromise$1.success(DefaultPromise.java:42)
	at ratpack.exec.Downstream$2.success(Downstream.java:104)
	at ratpack.exec.Downstream.accept(Downstream.java:180)
	at ratpack.exec.Blocking.lambda$null$0(Blocking.java:84)
	at ratpack.exec.internal.DefaultExecution$SingleEventExecStream.exec(DefaultExecution.java:419)
	at ratpack.exec.internal.DefaultExecution.exec(DefaultExecution.java:246)
	at ratpack.exec.internal.DefaultExecution.intercept(DefaultExecution.java:240)
	at ratpack.exec.internal.DefaultExecution.drain(DefaultExecution.java:220)
	at ratpack.exec.internal.DefaultExecution.access$100(DefaultExecution.java:45)
	at ratpack.exec.internal.DefaultExecution$SingleEventExecStream.resume(DefaultExecution.java:452)
	at ratpack.exec.Blocking.lambda$null$1(Blocking.java:84)
	at java.util.concurrent.CompletableFuture.uniAccept(CompletableFuture.java:656)
	at java.util.concurrent.CompletableFuture$UniAccept.tryFire(CompletableFuture.java:632)
	at java.util.concurrent.CompletableFuture$Completion.run(CompletableFuture.java:442)
	at io.netty.util.concurrent.SingleThreadEventExecutor.runAllTasks(SingleThreadEventExecutor.java:339)
	at io.netty.channel.nio.NioEventLoop.run(NioEventLoop.java:356)
	at io.netty.util.concurrent.SingleThreadEventExecutor$5.run(SingleThreadEventExecutor.java:742)
	at ratpack.exec.internal.DefaultExecController$ExecControllerBindingThreadFactory.lambda$newThread$0(DefaultExecController.java:113)
	at io.netty.util.concurrent.DefaultThreadFactory$DefaultRunnableDecorator.run(DefaultThreadFactory.java:137)
	at java.lang.Thread.run(Thread.java:745)
15:46:11.221 - ERRserver(Expect {content : WineDetailJoin} %%% Unrecognized field "regionId" (class myicellar.jooq.pojos.WineDetailJoin), not marked as ignorable (8 known properties: "wineNameUsr", "isValid", "wineId", "wineNameEng", "wineNameCht", "wineTypeId", "wineNameChs", "wineryId"])
 at [Source: N/A; line: -1, column: -1] (through reference chain: myicellar.jooq.pojos.WineDetailJoin["regionId"])) REQUEST Received = (0:0:0:0:0:0:0:1)(/1/eng/c/Wine/Detail) [HTTP/1.1][POST] {0:0:0:0:0:0:0:1}<<<HEADER>>>{Host=[localhost:8888], Connection=[keep-alive], Content-Length=[145], Origin=[null], User-Agent=[Mozilla/5.0 (Macintosh; Intel Mac OS X 10_10_5) AppleWebKit/537.36 (KHTML, like Gecko) Chrome/48.0.2564.109 Safari/537.36], Content-type=[application/json], Accept=[*/*], Accept-Encoding=[gzip, deflate], Accept-Language=[en-US,en;q=0.8]}
java.lang.RuntimeException: Expect {content : WineDetailJoin}
	at myicellar.api.admin.util.MicRequUtil.parseRequCntnObj(MicRequUtil.java:49)
	at myicellar.api.admin.handler.WineDetailQueryHandler.lambda$handle$56(WineDetailQueryHandler.java:45)
	at ratpack.exec.Promise.lambda$null$9(Promise.java:303)
	at ratpack.exec.Downstream$1.success(Downstream.java:73)
	at ratpack.exec.Promise.lambda$null$9(Promise.java:304)
	at ratpack.exec.Downstream$1.success(Downstream.java:73)
	at ratpack.exec.Promise.lambda$null$9(Promise.java:304)
	at ratpack.exec.Downstream$1.success(Downstream.java:73)
	at ratpack.exec.internal.DefaultExecution$2.lambda$success$1(DefaultExecution.java:161)
	at ratpack.exec.internal.DefaultExecution$SingleEventExecStream.exec(DefaultExecution.java:419)
	at ratpack.exec.internal.DefaultExecution.exec(DefaultExecution.java:248)
	at ratpack.exec.internal.DefaultExecution.intercept(DefaultExecution.java:240)
	at ratpack.exec.internal.DefaultExecution.drain(DefaultExecution.java:220)
	at ratpack.exec.internal.DefaultExecution.<init>(DefaultExecution.java:96)
	at ratpack.exec.internal.DefaultExecController$1.lambda$start$0(DefaultExecController.java:172)
	at io.netty.util.concurrent.PromiseTask.run(PromiseTask.java:73)
	at io.netty.util.concurrent.SingleThreadEventExecutor.runAllTasks(SingleThreadEventExecutor.java:339)
	at io.netty.channel.nio.NioEventLoop.run(NioEventLoop.java:356)
	at io.netty.util.concurrent.SingleThreadEventExecutor$5.run(SingleThreadEventExecutor.java:742)
	at ratpack.exec.internal.DefaultExecController$ExecControllerBindingThreadFactory.lambda$newThread$0(DefaultExecController.java:113)
	at io.netty.util.concurrent.DefaultThreadFactory$DefaultRunnableDecorator.run(DefaultThreadFactory.java:137)
	at java.lang.Thread.run(Thread.java:745)
Caused by: com.fasterxml.jackson.databind.exc.UnrecognizedPropertyException: Unrecognized field "regionId" (class myicellar.jooq.pojos.WineDetailJoin), not marked as ignorable (8 known properties: "wineNameUsr", "isValid", "wineId", "wineNameEng", "wineNameCht", "wineTypeId", "wineNameChs", "wineryId"])
 at [Source: N/A; line: -1, column: -1] (through reference chain: myicellar.jooq.pojos.WineDetailJoin["regionId"])
	at com.fasterxml.jackson.databind.exc.UnrecognizedPropertyException.from(UnrecognizedPropertyException.java:51)
	at com.fasterxml.jackson.databind.DeserializationContext.reportUnknownProperty(DeserializationContext.java:836)
	at com.fasterxml.jackson.databind.deser.std.StdDeserializer.handleUnknownProperty(StdDeserializer.java:1045)
	at com.fasterxml.jackson.databind.deser.BeanDeserializerBase.handleUnknownProperty(BeanDeserializerBase.java:1352)
	at com.fasterxml.jackson.databind.deser.BeanDeserializerBase.handleUnknownProperties(BeanDeserializerBase.java:1306)
	at com.fasterxml.jackson.databind.deser.BeanDeserializer._deserializeUsingPropertyBased(BeanDeserializer.java:451)
	at com.fasterxml.jackson.databind.deser.BeanDeserializerBase.deserializeFromObjectUsingNonDefault(BeanDeserializerBase.java:1099)
	at com.fasterxml.jackson.databind.deser.BeanDeserializer.deserializeFromObject(BeanDeserializer.java:294)
	at com.fasterxml.jackson.databind.deser.BeanDeserializer.deserialize(BeanDeserializer.java:131)
	at com.fasterxml.jackson.databind.ObjectReader._bindAndClose(ObjectReader.java:1511)
	at com.fasterxml.jackson.databind.ObjectReader.readValue(ObjectReader.java:1216)
	at myicellar.api.admin.util.MicRequUtil.parseRequCntnObj(MicRequUtil.java:47)
	... 21 common frames omitted
15:49:20.975 - ERRserver(Expect {content : WineDetailJoin} %%% Unrecognized field "regionId" (class myicellar.jooq.pojos.WineDetailJoin), not marked as ignorable (8 known properties: "wineNameUsr", "isValid", "wineId", "wineNameEng", "wineNameCht", "wineTypeId", "wineNameChs", "wineryId"])
 at [Source: N/A; line: -1, column: -1] (through reference chain: myicellar.jooq.pojos.WineDetailJoin["regionId"])) REQUEST Received = (0:0:0:0:0:0:0:1)(/1/eng/c/Wine/Detail) [HTTP/1.1][POST] {0:0:0:0:0:0:0:1}<<<HEADER>>>{Host=[localhost:8888], Connection=[keep-alive], Content-Length=[145], Origin=[null], User-Agent=[Mozilla/5.0 (Macintosh; Intel Mac OS X 10_10_5) AppleWebKit/537.36 (KHTML, like Gecko) Chrome/48.0.2564.109 Safari/537.36], Content-type=[application/json], Accept=[*/*], Accept-Encoding=[gzip, deflate], Accept-Language=[en-US,en;q=0.8]}
java.lang.RuntimeException: Expect {content : WineDetailJoin}
	at myicellar.api.admin.util.MicRequUtil.parseRequCntnObj(MicRequUtil.java:49)
	at myicellar.api.admin.handler.WineDetailQueryHandler.lambda$handle$56(WineDetailQueryHandler.java:45)
	at ratpack.exec.Promise.lambda$null$9(Promise.java:303)
	at ratpack.exec.Downstream$1.success(Downstream.java:73)
	at ratpack.exec.Promise.lambda$null$9(Promise.java:304)
	at ratpack.exec.Downstream$1.success(Downstream.java:73)
	at ratpack.exec.Promise.lambda$null$9(Promise.java:304)
	at ratpack.exec.Downstream$1.success(Downstream.java:73)
	at ratpack.exec.internal.DefaultExecution$2.lambda$success$1(DefaultExecution.java:161)
	at ratpack.exec.internal.DefaultExecution$SingleEventExecStream.exec(DefaultExecution.java:419)
	at ratpack.exec.internal.DefaultExecution.exec(DefaultExecution.java:248)
	at ratpack.exec.internal.DefaultExecution.intercept(DefaultExecution.java:240)
	at ratpack.exec.internal.DefaultExecution.drain(DefaultExecution.java:220)
	at ratpack.exec.internal.DefaultExecution.<init>(DefaultExecution.java:96)
	at ratpack.exec.internal.DefaultExecController$1.lambda$start$0(DefaultExecController.java:172)
	at io.netty.util.concurrent.PromiseTask.run(PromiseTask.java:73)
	at io.netty.util.concurrent.SingleThreadEventExecutor.runAllTasks(SingleThreadEventExecutor.java:339)
	at io.netty.channel.nio.NioEventLoop.run(NioEventLoop.java:356)
	at io.netty.util.concurrent.SingleThreadEventExecutor$5.run(SingleThreadEventExecutor.java:742)
	at ratpack.exec.internal.DefaultExecController$ExecControllerBindingThreadFactory.lambda$newThread$0(DefaultExecController.java:113)
	at io.netty.util.concurrent.DefaultThreadFactory$DefaultRunnableDecorator.run(DefaultThreadFactory.java:137)
	at java.lang.Thread.run(Thread.java:745)
Caused by: com.fasterxml.jackson.databind.exc.UnrecognizedPropertyException: Unrecognized field "regionId" (class myicellar.jooq.pojos.WineDetailJoin), not marked as ignorable (8 known properties: "wineNameUsr", "isValid", "wineId", "wineNameEng", "wineNameCht", "wineTypeId", "wineNameChs", "wineryId"])
 at [Source: N/A; line: -1, column: -1] (through reference chain: myicellar.jooq.pojos.WineDetailJoin["regionId"])
	at com.fasterxml.jackson.databind.exc.UnrecognizedPropertyException.from(UnrecognizedPropertyException.java:51)
	at com.fasterxml.jackson.databind.DeserializationContext.reportUnknownProperty(DeserializationContext.java:836)
	at com.fasterxml.jackson.databind.deser.std.StdDeserializer.handleUnknownProperty(StdDeserializer.java:1045)
	at com.fasterxml.jackson.databind.deser.BeanDeserializerBase.handleUnknownProperty(BeanDeserializerBase.java:1352)
	at com.fasterxml.jackson.databind.deser.BeanDeserializerBase.handleUnknownProperties(BeanDeserializerBase.java:1306)
	at com.fasterxml.jackson.databind.deser.BeanDeserializer._deserializeUsingPropertyBased(BeanDeserializer.java:451)
	at com.fasterxml.jackson.databind.deser.BeanDeserializerBase.deserializeFromObjectUsingNonDefault(BeanDeserializerBase.java:1099)
	at com.fasterxml.jackson.databind.deser.BeanDeserializer.deserializeFromObject(BeanDeserializer.java:294)
	at com.fasterxml.jackson.databind.deser.BeanDeserializer.deserialize(BeanDeserializer.java:131)
	at com.fasterxml.jackson.databind.ObjectReader._bindAndClose(ObjectReader.java:1511)
	at com.fasterxml.jackson.databind.ObjectReader.readValue(ObjectReader.java:1216)
	at myicellar.api.admin.util.MicRequUtil.parseRequCntnObj(MicRequUtil.java:47)
	... 21 common frames omitted
15:54:55.707 - ERRserver(Expect {content : WineDetailJoin} %%% Unrecognized field "regionId" (class myicellar.jooq.pojos.WineDetailJoin), not marked as ignorable (8 known properties: "wineNameUsr", "isValid", "wineId", "wineNameEng", "wineNameCht", "wineTypeId", "wineNameChs", "wineryId"])
 at [Source: N/A; line: -1, column: -1] (through reference chain: myicellar.jooq.pojos.WineDetailJoin["regionId"])) REQUEST Received = (0:0:0:0:0:0:0:1)(/1/eng/c/Wine/Detail) [HTTP/1.1][POST] {0:0:0:0:0:0:0:1}<<<HEADER>>>{Host=[localhost:8888], Connection=[keep-alive], Content-Length=[145], Origin=[null], User-Agent=[Mozilla/5.0 (Macintosh; Intel Mac OS X 10_10_5) AppleWebKit/537.36 (KHTML, like Gecko) Chrome/48.0.2564.109 Safari/537.36], Content-type=[application/json], Accept=[*/*], Accept-Encoding=[gzip, deflate], Accept-Language=[en-US,en;q=0.8]}
java.lang.RuntimeException: Expect {content : WineDetailJoin}
	at myicellar.api.admin.util.MicRequUtil.parseRequCntnObj(MicRequUtil.java:49)
	at myicellar.api.admin.handler.WineDetailQueryHandler.lambda$handle$56(WineDetailQueryHandler.java:45)
	at ratpack.exec.Promise.lambda$null$9(Promise.java:303)
	at ratpack.exec.Downstream$1.success(Downstream.java:73)
	at ratpack.exec.Promise.lambda$null$9(Promise.java:304)
	at ratpack.exec.Downstream$1.success(Downstream.java:73)
	at ratpack.exec.Promise.lambda$null$9(Promise.java:304)
	at ratpack.exec.Downstream$1.success(Downstream.java:73)
	at ratpack.exec.internal.DefaultExecution$2.lambda$success$1(DefaultExecution.java:161)
	at ratpack.exec.internal.DefaultExecution$SingleEventExecStream.exec(DefaultExecution.java:419)
	at ratpack.exec.internal.DefaultExecution.exec(DefaultExecution.java:248)
	at ratpack.exec.internal.DefaultExecution.intercept(DefaultExecution.java:240)
	at ratpack.exec.internal.DefaultExecution.drain(DefaultExecution.java:220)
	at ratpack.exec.internal.DefaultExecution.<init>(DefaultExecution.java:96)
	at ratpack.exec.internal.DefaultExecController$1.lambda$start$0(DefaultExecController.java:172)
	at io.netty.util.concurrent.PromiseTask.run(PromiseTask.java:73)
	at io.netty.util.concurrent.SingleThreadEventExecutor.runAllTasks(SingleThreadEventExecutor.java:339)
	at io.netty.channel.nio.NioEventLoop.run(NioEventLoop.java:356)
	at io.netty.util.concurrent.SingleThreadEventExecutor$5.run(SingleThreadEventExecutor.java:742)
	at ratpack.exec.internal.DefaultExecController$ExecControllerBindingThreadFactory.lambda$newThread$0(DefaultExecController.java:113)
	at io.netty.util.concurrent.DefaultThreadFactory$DefaultRunnableDecorator.run(DefaultThreadFactory.java:137)
	at java.lang.Thread.run(Thread.java:745)
Caused by: com.fasterxml.jackson.databind.exc.UnrecognizedPropertyException: Unrecognized field "regionId" (class myicellar.jooq.pojos.WineDetailJoin), not marked as ignorable (8 known properties: "wineNameUsr", "isValid", "wineId", "wineNameEng", "wineNameCht", "wineTypeId", "wineNameChs", "wineryId"])
 at [Source: N/A; line: -1, column: -1] (through reference chain: myicellar.jooq.pojos.WineDetailJoin["regionId"])
	at com.fasterxml.jackson.databind.exc.UnrecognizedPropertyException.from(UnrecognizedPropertyException.java:51)
	at com.fasterxml.jackson.databind.DeserializationContext.reportUnknownProperty(DeserializationContext.java:836)
	at com.fasterxml.jackson.databind.deser.std.StdDeserializer.handleUnknownProperty(StdDeserializer.java:1045)
	at com.fasterxml.jackson.databind.deser.BeanDeserializerBase.handleUnknownProperty(BeanDeserializerBase.java:1352)
	at com.fasterxml.jackson.databind.deser.BeanDeserializerBase.handleUnknownProperties(BeanDeserializerBase.java:1306)
	at com.fasterxml.jackson.databind.deser.BeanDeserializer._deserializeUsingPropertyBased(BeanDeserializer.java:451)
	at com.fasterxml.jackson.databind.deser.BeanDeserializerBase.deserializeFromObjectUsingNonDefault(BeanDeserializerBase.java:1099)
	at com.fasterxml.jackson.databind.deser.BeanDeserializer.deserializeFromObject(BeanDeserializer.java:294)
	at com.fasterxml.jackson.databind.deser.BeanDeserializer.deserialize(BeanDeserializer.java:131)
	at com.fasterxml.jackson.databind.ObjectReader._bindAndClose(ObjectReader.java:1511)
	at com.fasterxml.jackson.databind.ObjectReader.readValue(ObjectReader.java:1216)
	at myicellar.api.admin.util.MicRequUtil.parseRequCntnObj(MicRequUtil.java:47)
	... 21 common frames omitted
15:55:13.851 - ERRserver(Expect {content : WineDetailJoin} %%% Unrecognized field "regionId" (class myicellar.jooq.pojos.WineDetailJoin), not marked as ignorable (8 known properties: "wineNameUsr", "isValid", "wineId", "wineNameEng", "wineNameCht", "wineTypeId", "wineNameChs", "wineryId"])
 at [Source: N/A; line: -1, column: -1] (through reference chain: myicellar.jooq.pojos.WineDetailJoin["regionId"])) REQUEST Received = (0:0:0:0:0:0:0:1)(/1/eng/c/Wine/Detail) [HTTP/1.1][POST] {0:0:0:0:0:0:0:1}<<<HEADER>>>{Host=[localhost:8888], Connection=[keep-alive], Content-Length=[145], Origin=[null], User-Agent=[Mozilla/5.0 (Macintosh; Intel Mac OS X 10_10_5) AppleWebKit/537.36 (KHTML, like Gecko) Chrome/48.0.2564.109 Safari/537.36], Content-type=[application/json], Accept=[*/*], Accept-Encoding=[gzip, deflate], Accept-Language=[en-US,en;q=0.8]}
java.lang.RuntimeException: Expect {content : WineDetailJoin}
	at myicellar.api.admin.util.MicRequUtil.parseRequCntnObj(MicRequUtil.java:49)
	at myicellar.api.admin.handler.WineDetailQueryHandler.lambda$handle$56(WineDetailQueryHandler.java:45)
	at ratpack.exec.Promise.lambda$null$9(Promise.java:303)
	at ratpack.exec.Downstream$1.success(Downstream.java:73)
	at ratpack.exec.Promise.lambda$null$9(Promise.java:304)
	at ratpack.exec.Downstream$1.success(Downstream.java:73)
	at ratpack.exec.Promise.lambda$null$9(Promise.java:304)
	at ratpack.exec.Downstream$1.success(Downstream.java:73)
	at ratpack.exec.internal.DefaultExecution$2.lambda$success$1(DefaultExecution.java:161)
	at ratpack.exec.internal.DefaultExecution$SingleEventExecStream.exec(DefaultExecution.java:419)
	at ratpack.exec.internal.DefaultExecution.exec(DefaultExecution.java:248)
	at ratpack.exec.internal.DefaultExecution.intercept(DefaultExecution.java:240)
	at ratpack.exec.internal.DefaultExecution.drain(DefaultExecution.java:220)
	at ratpack.exec.internal.DefaultExecution.<init>(DefaultExecution.java:96)
	at ratpack.exec.internal.DefaultExecController$1.lambda$start$0(DefaultExecController.java:172)
	at io.netty.util.concurrent.PromiseTask.run(PromiseTask.java:73)
	at io.netty.util.concurrent.SingleThreadEventExecutor.runAllTasks(SingleThreadEventExecutor.java:339)
	at io.netty.channel.nio.NioEventLoop.run(NioEventLoop.java:356)
	at io.netty.util.concurrent.SingleThreadEventExecutor$5.run(SingleThreadEventExecutor.java:742)
	at ratpack.exec.internal.DefaultExecController$ExecControllerBindingThreadFactory.lambda$newThread$0(DefaultExecController.java:113)
	at io.netty.util.concurrent.DefaultThreadFactory$DefaultRunnableDecorator.run(DefaultThreadFactory.java:137)
	at java.lang.Thread.run(Thread.java:745)
Caused by: com.fasterxml.jackson.databind.exc.UnrecognizedPropertyException: Unrecognized field "regionId" (class myicellar.jooq.pojos.WineDetailJoin), not marked as ignorable (8 known properties: "wineNameUsr", "isValid", "wineId", "wineNameEng", "wineNameCht", "wineTypeId", "wineNameChs", "wineryId"])
 at [Source: N/A; line: -1, column: -1] (through reference chain: myicellar.jooq.pojos.WineDetailJoin["regionId"])
	at com.fasterxml.jackson.databind.exc.UnrecognizedPropertyException.from(UnrecognizedPropertyException.java:51)
	at com.fasterxml.jackson.databind.DeserializationContext.reportUnknownProperty(DeserializationContext.java:836)
	at com.fasterxml.jackson.databind.deser.std.StdDeserializer.handleUnknownProperty(StdDeserializer.java:1045)
	at com.fasterxml.jackson.databind.deser.BeanDeserializerBase.handleUnknownProperty(BeanDeserializerBase.java:1352)
	at com.fasterxml.jackson.databind.deser.BeanDeserializerBase.handleUnknownProperties(BeanDeserializerBase.java:1306)
	at com.fasterxml.jackson.databind.deser.BeanDeserializer._deserializeUsingPropertyBased(BeanDeserializer.java:451)
	at com.fasterxml.jackson.databind.deser.BeanDeserializerBase.deserializeFromObjectUsingNonDefault(BeanDeserializerBase.java:1099)
	at com.fasterxml.jackson.databind.deser.BeanDeserializer.deserializeFromObject(BeanDeserializer.java:294)
	at com.fasterxml.jackson.databind.deser.BeanDeserializer.deserialize(BeanDeserializer.java:131)
	at com.fasterxml.jackson.databind.ObjectReader._bindAndClose(ObjectReader.java:1511)
	at com.fasterxml.jackson.databind.ObjectReader.readValue(ObjectReader.java:1216)
	at myicellar.api.admin.util.MicRequUtil.parseRequCntnObj(MicRequUtil.java:47)
	... 21 common frames omitted
15:57:42.657 - ERRserver(Expect {content : WineDetailJoin} %%% Unrecognized field "regionId" (class myicellar.jooq.pojos.WineDetailJoin), not marked as ignorable (8 known properties: "wineNameUsr", "isValid", "wineId", "wineNameEng", "wineNameCht", "wineTypeId", "wineNameChs", "wineryId"])
 at [Source: N/A; line: -1, column: -1] (through reference chain: myicellar.jooq.pojos.WineDetailJoin["regionId"])) REQUEST Received = (0:0:0:0:0:0:0:1)(/1/eng/c/Wine/Detail) [HTTP/1.1][POST] {0:0:0:0:0:0:0:1}<<<HEADER>>>{Host=[localhost:8888], Connection=[keep-alive], Content-Length=[145], Origin=[null], User-Agent=[Mozilla/5.0 (Macintosh; Intel Mac OS X 10_10_5) AppleWebKit/537.36 (KHTML, like Gecko) Chrome/48.0.2564.109 Safari/537.36], Content-type=[application/json], Accept=[*/*], Accept-Encoding=[gzip, deflate], Accept-Language=[en-US,en;q=0.8]}
java.lang.RuntimeException: Expect {content : WineDetailJoin}
	at myicellar.api.admin.util.MicRequUtil.parseRequCntnObj(MicRequUtil.java:49)
	at myicellar.api.admin.handler.WineDetailQueryHandler.lambda$handle$56(WineDetailQueryHandler.java:45)
	at ratpack.exec.Promise.lambda$null$9(Promise.java:303)
	at ratpack.exec.Downstream$1.success(Downstream.java:73)
	at ratpack.exec.Promise.lambda$null$9(Promise.java:304)
	at ratpack.exec.Downstream$1.success(Downstream.java:73)
	at ratpack.exec.Promise.lambda$null$9(Promise.java:304)
	at ratpack.exec.Downstream$1.success(Downstream.java:73)
	at ratpack.exec.internal.DefaultExecution$2.lambda$success$1(DefaultExecution.java:161)
	at ratpack.exec.internal.DefaultExecution$SingleEventExecStream.exec(DefaultExecution.java:419)
	at ratpack.exec.internal.DefaultExecution.exec(DefaultExecution.java:248)
	at ratpack.exec.internal.DefaultExecution.intercept(DefaultExecution.java:240)
	at ratpack.exec.internal.DefaultExecution.drain(DefaultExecution.java:220)
	at ratpack.exec.internal.DefaultExecution.<init>(DefaultExecution.java:96)
	at ratpack.exec.internal.DefaultExecController$1.lambda$start$0(DefaultExecController.java:172)
	at io.netty.util.concurrent.PromiseTask.run(PromiseTask.java:73)
	at io.netty.util.concurrent.SingleThreadEventExecutor.runAllTasks(SingleThreadEventExecutor.java:339)
	at io.netty.channel.nio.NioEventLoop.run(NioEventLoop.java:356)
	at io.netty.util.concurrent.SingleThreadEventExecutor$5.run(SingleThreadEventExecutor.java:742)
	at ratpack.exec.internal.DefaultExecController$ExecControllerBindingThreadFactory.lambda$newThread$0(DefaultExecController.java:113)
	at io.netty.util.concurrent.DefaultThreadFactory$DefaultRunnableDecorator.run(DefaultThreadFactory.java:137)
	at java.lang.Thread.run(Thread.java:745)
Caused by: com.fasterxml.jackson.databind.exc.UnrecognizedPropertyException: Unrecognized field "regionId" (class myicellar.jooq.pojos.WineDetailJoin), not marked as ignorable (8 known properties: "wineNameUsr", "isValid", "wineId", "wineNameEng", "wineNameCht", "wineTypeId", "wineNameChs", "wineryId"])
 at [Source: N/A; line: -1, column: -1] (through reference chain: myicellar.jooq.pojos.WineDetailJoin["regionId"])
	at com.fasterxml.jackson.databind.exc.UnrecognizedPropertyException.from(UnrecognizedPropertyException.java:51)
	at com.fasterxml.jackson.databind.DeserializationContext.reportUnknownProperty(DeserializationContext.java:836)
	at com.fasterxml.jackson.databind.deser.std.StdDeserializer.handleUnknownProperty(StdDeserializer.java:1045)
	at com.fasterxml.jackson.databind.deser.BeanDeserializerBase.handleUnknownProperty(BeanDeserializerBase.java:1352)
	at com.fasterxml.jackson.databind.deser.BeanDeserializerBase.handleUnknownProperties(BeanDeserializerBase.java:1306)
	at com.fasterxml.jackson.databind.deser.BeanDeserializer._deserializeUsingPropertyBased(BeanDeserializer.java:451)
	at com.fasterxml.jackson.databind.deser.BeanDeserializerBase.deserializeFromObjectUsingNonDefault(BeanDeserializerBase.java:1099)
	at com.fasterxml.jackson.databind.deser.BeanDeserializer.deserializeFromObject(BeanDeserializer.java:294)
	at com.fasterxml.jackson.databind.deser.BeanDeserializer.deserialize(BeanDeserializer.java:131)
	at com.fasterxml.jackson.databind.ObjectReader._bindAndClose(ObjectReader.java:1511)
	at com.fasterxml.jackson.databind.ObjectReader.readValue(ObjectReader.java:1216)
	at myicellar.api.admin.util.MicRequUtil.parseRequCntnObj(MicRequUtil.java:47)
	... 21 common frames omitted
15:58:15.776 - ERRserver(No matching constructor found on type class myicellar.jooq.pojos.WinesTypeNameRegionCountry for record org.jooq.impl.DefaultRecordMapper@7c656588) REQUEST Received = (0:0:0:0:0:0:0:1)(/1/eng/c/Wine/Summary) [HTTP/1.1][POST] {0:0:0:0:0:0:0:1}<<<HEADER>>>{Host=[localhost:8888], Connection=[keep-alive], Content-Length=[129], Origin=[null], User-Agent=[Mozilla/5.0 (Macintosh; Intel Mac OS X 10_10_5) AppleWebKit/537.36 (KHTML, like Gecko) Chrome/48.0.2564.109 Safari/537.36], Content-type=[application/json], Accept=[*/*], Accept-Encoding=[gzip, deflate], Accept-Language=[en-US,en;q=0.8]}
org.jooq.exception.MappingException: No matching constructor found on type class myicellar.jooq.pojos.WinesTypeNameRegionCountry for record org.jooq.impl.DefaultRecordMapper@7c656588
	at org.jooq.impl.DefaultRecordMapper.init(DefaultRecordMapper.java:342)
	at org.jooq.impl.DefaultRecordMapper.<init>(DefaultRecordMapper.java:278)
	at org.jooq.impl.DefaultRecordMapper.<init>(DefaultRecordMapper.java:266)
	at org.jooq.impl.DefaultRecordMapperProvider.provide(DefaultRecordMapperProvider.java:81)
	at org.jooq.impl.ResultImpl.into(ResultImpl.java:2085)
	at myicellar.api.admin.handler.JoinWineHandler.lambda$handle$3(JoinWineHandler.java:64)
	at ratpack.exec.Promise.lambda$null$9(Promise.java:303)
	at ratpack.exec.Downstream$1.success(Downstream.java:73)
	at ratpack.exec.Promise.lambda$null$35(Promise.java:857)
	at ratpack.exec.Downstream$1.success(Downstream.java:73)
	at ratpack.exec.internal.DefaultPromise$1.success(DefaultPromise.java:42)
	at ratpack.exec.Downstream$2.success(Downstream.java:104)
	at ratpack.exec.Downstream.accept(Downstream.java:180)
	at ratpack.exec.Blocking.lambda$null$0(Blocking.java:84)
	at ratpack.exec.internal.DefaultExecution$SingleEventExecStream.exec(DefaultExecution.java:419)
	at ratpack.exec.internal.DefaultExecution.exec(DefaultExecution.java:246)
	at ratpack.exec.internal.DefaultExecution.intercept(DefaultExecution.java:240)
	at ratpack.exec.internal.DefaultExecution.drain(DefaultExecution.java:220)
	at ratpack.exec.internal.DefaultExecution.access$100(DefaultExecution.java:45)
	at ratpack.exec.internal.DefaultExecution$SingleEventExecStream.resume(DefaultExecution.java:452)
	at ratpack.exec.Blocking.lambda$null$1(Blocking.java:84)
	at java.util.concurrent.CompletableFuture.uniAccept(CompletableFuture.java:656)
	at java.util.concurrent.CompletableFuture$UniAccept.tryFire(CompletableFuture.java:632)
	at java.util.concurrent.CompletableFuture$Completion.run(CompletableFuture.java:442)
	at io.netty.util.concurrent.SingleThreadEventExecutor.runAllTasks(SingleThreadEventExecutor.java:339)
	at io.netty.channel.nio.NioEventLoop.run(NioEventLoop.java:356)
	at io.netty.util.concurrent.SingleThreadEventExecutor$5.run(SingleThreadEventExecutor.java:742)
	at ratpack.exec.internal.DefaultExecController$ExecControllerBindingThreadFactory.lambda$newThread$0(DefaultExecController.java:113)
	at io.netty.util.concurrent.DefaultThreadFactory$DefaultRunnableDecorator.run(DefaultThreadFactory.java:137)
	at java.lang.Thread.run(Thread.java:745)
15:59:12.035 - ERRserver(No matching constructor found on type class myicellar.jooq.pojos.WinesTypeNameRegionCountry for record org.jooq.impl.DefaultRecordMapper@6932ac4c) REQUEST Received = (0:0:0:0:0:0:0:1)(/1/eng/c/Wine/Summary) [HTTP/1.1][POST] {0:0:0:0:0:0:0:1}<<<HEADER>>>{Host=[localhost:8888], Connection=[keep-alive], Content-Length=[187], Cache-Control=[no-cache], Origin=[chrome-extension://fhbjgbiflinjbdggehcddcbncdddomop], Content-Type=[application/json], User-Agent=[Mozilla/5.0 (Macintosh; Intel Mac OS X 10_10_5) AppleWebKit/537.36 (KHTML, like Gecko) Chrome/48.0.2564.109 Safari/537.36], Postman-Token=[7a3d5724-13e7-e66d-c254-1d1305a055f6], Accept=[*/*], Accept-Encoding=[gzip, deflate], Accept-Language=[en-US,en;q=0.8]}
org.jooq.exception.MappingException: No matching constructor found on type class myicellar.jooq.pojos.WinesTypeNameRegionCountry for record org.jooq.impl.DefaultRecordMapper@6932ac4c
	at org.jooq.impl.DefaultRecordMapper.init(DefaultRecordMapper.java:342)
	at org.jooq.impl.DefaultRecordMapper.<init>(DefaultRecordMapper.java:278)
	at org.jooq.impl.DefaultRecordMapper.<init>(DefaultRecordMapper.java:266)
	at org.jooq.impl.DefaultRecordMapperProvider.provide(DefaultRecordMapperProvider.java:81)
	at org.jooq.impl.ResultImpl.into(ResultImpl.java:2085)
	at myicellar.api.admin.handler.JoinWineHandler.lambda$handle$3(JoinWineHandler.java:64)
	at ratpack.exec.Promise.lambda$null$9(Promise.java:303)
	at ratpack.exec.Downstream$1.success(Downstream.java:73)
	at ratpack.exec.Promise.lambda$null$35(Promise.java:857)
	at ratpack.exec.Downstream$1.success(Downstream.java:73)
	at ratpack.exec.internal.DefaultPromise$1.success(DefaultPromise.java:42)
	at ratpack.exec.Downstream$2.success(Downstream.java:104)
	at ratpack.exec.Downstream.accept(Downstream.java:180)
	at ratpack.exec.Blocking.lambda$null$0(Blocking.java:84)
	at ratpack.exec.internal.DefaultExecution$SingleEventExecStream.exec(DefaultExecution.java:419)
	at ratpack.exec.internal.DefaultExecution.exec(DefaultExecution.java:246)
	at ratpack.exec.internal.DefaultExecution.intercept(DefaultExecution.java:240)
	at ratpack.exec.internal.DefaultExecution.drain(DefaultExecution.java:220)
	at ratpack.exec.internal.DefaultExecution.access$100(DefaultExecution.java:45)
	at ratpack.exec.internal.DefaultExecution$SingleEventExecStream.resume(DefaultExecution.java:452)
	at ratpack.exec.Blocking.lambda$null$1(Blocking.java:84)
	at java.util.concurrent.CompletableFuture.uniAccept(CompletableFuture.java:656)
	at java.util.concurrent.CompletableFuture$UniAccept.tryFire(CompletableFuture.java:632)
	at java.util.concurrent.CompletableFuture$Completion.run(CompletableFuture.java:442)
	at io.netty.util.concurrent.SingleThreadEventExecutor.runAllTasks(SingleThreadEventExecutor.java:339)
	at io.netty.channel.nio.NioEventLoop.run(NioEventLoop.java:356)
	at io.netty.util.concurrent.SingleThreadEventExecutor$5.run(SingleThreadEventExecutor.java:742)
	at ratpack.exec.internal.DefaultExecController$ExecControllerBindingThreadFactory.lambda$newThread$0(DefaultExecController.java:113)
	at io.netty.util.concurrent.DefaultThreadFactory$DefaultRunnableDecorator.run(DefaultThreadFactory.java:137)
	at java.lang.Thread.run(Thread.java:745)
15:59:32.702 - ERRserver(No matching constructor found on type class myicellar.jooq.pojos.WinesTypeNameRegionCountry for record org.jooq.impl.DefaultRecordMapper@329fa12b) REQUEST Received = (0:0:0:0:0:0:0:1)(/1/eng/c/Wine/Summary) [HTTP/1.1][POST] {0:0:0:0:0:0:0:1}<<<HEADER>>>{Host=[localhost:8888], Connection=[keep-alive], Content-Length=[187], Cache-Control=[no-cache], Origin=[chrome-extension://fhbjgbiflinjbdggehcddcbncdddomop], Content-Type=[application/json], User-Agent=[Mozilla/5.0 (Macintosh; Intel Mac OS X 10_10_5) AppleWebKit/537.36 (KHTML, like Gecko) Chrome/48.0.2564.109 Safari/537.36], Postman-Token=[6415a1e9-ac74-3e63-5e60-900582ea6cf9], Accept=[*/*], Accept-Encoding=[gzip, deflate], Accept-Language=[en-US,en;q=0.8]}
org.jooq.exception.MappingException: No matching constructor found on type class myicellar.jooq.pojos.WinesTypeNameRegionCountry for record org.jooq.impl.DefaultRecordMapper@329fa12b
	at org.jooq.impl.DefaultRecordMapper.init(DefaultRecordMapper.java:342)
	at org.jooq.impl.DefaultRecordMapper.<init>(DefaultRecordMapper.java:278)
	at org.jooq.impl.DefaultRecordMapper.<init>(DefaultRecordMapper.java:266)
	at org.jooq.impl.DefaultRecordMapperProvider.provide(DefaultRecordMapperProvider.java:81)
	at org.jooq.impl.ResultImpl.into(ResultImpl.java:2085)
	at myicellar.api.admin.handler.JoinWineHandler.lambda$handle$3(JoinWineHandler.java:64)
	at ratpack.exec.Promise.lambda$null$9(Promise.java:303)
	at ratpack.exec.Downstream$1.success(Downstream.java:73)
	at ratpack.exec.Promise.lambda$null$35(Promise.java:857)
	at ratpack.exec.Downstream$1.success(Downstream.java:73)
	at ratpack.exec.internal.DefaultPromise$1.success(DefaultPromise.java:42)
	at ratpack.exec.Downstream$2.success(Downstream.java:104)
	at ratpack.exec.Downstream.accept(Downstream.java:180)
	at ratpack.exec.Blocking.lambda$null$0(Blocking.java:84)
	at ratpack.exec.internal.DefaultExecution$SingleEventExecStream.exec(DefaultExecution.java:419)
	at ratpack.exec.internal.DefaultExecution.exec(DefaultExecution.java:246)
	at ratpack.exec.internal.DefaultExecution.intercept(DefaultExecution.java:240)
	at ratpack.exec.internal.DefaultExecution.drain(DefaultExecution.java:220)
	at ratpack.exec.internal.DefaultExecution.access$100(DefaultExecution.java:45)
	at ratpack.exec.internal.DefaultExecution$SingleEventExecStream.resume(DefaultExecution.java:452)
	at ratpack.exec.Blocking.lambda$null$1(Blocking.java:84)
	at java.util.concurrent.CompletableFuture.uniAccept(CompletableFuture.java:656)
	at java.util.concurrent.CompletableFuture$UniAccept.tryFire(CompletableFuture.java:632)
	at java.util.concurrent.CompletableFuture$Completion.run(CompletableFuture.java:442)
	at io.netty.util.concurrent.SingleThreadEventExecutor.runAllTasks(SingleThreadEventExecutor.java:339)
	at io.netty.channel.nio.NioEventLoop.run(NioEventLoop.java:356)
	at io.netty.util.concurrent.SingleThreadEventExecutor$5.run(SingleThreadEventExecutor.java:742)
	at ratpack.exec.internal.DefaultExecController$ExecControllerBindingThreadFactory.lambda$newThread$0(DefaultExecController.java:113)
	at io.netty.util.concurrent.DefaultThreadFactory$DefaultRunnableDecorator.run(DefaultThreadFactory.java:137)
	at java.lang.Thread.run(Thread.java:745)
16:01:53.872 - ERRserver(Expect {content : WineDetailJoin} %%% Unrecognized field "regionId" (class myicellar.jooq.pojos.WineDetailJoin), not marked as ignorable (8 known properties: "wineNameUsr", "isValid", "wineId", "wineNameEng", "wineNameCht", "wineTypeId", "wineNameChs", "wineryId"])
 at [Source: N/A; line: -1, column: -1] (through reference chain: myicellar.jooq.pojos.WineDetailJoin["regionId"])) REQUEST Received = (0:0:0:0:0:0:0:1)(/1/eng/c/Wine/Detail) [HTTP/1.1][POST] {0:0:0:0:0:0:0:1}<<<HEADER>>>{Host=[localhost:8888], Connection=[keep-alive], Content-Length=[145], Origin=[null], User-Agent=[Mozilla/5.0 (Macintosh; Intel Mac OS X 10_10_5) AppleWebKit/537.36 (KHTML, like Gecko) Chrome/48.0.2564.109 Safari/537.36], Content-type=[application/json], Accept=[*/*], Accept-Encoding=[gzip, deflate], Accept-Language=[en-US,en;q=0.8]}
java.lang.RuntimeException: Expect {content : WineDetailJoin}
	at myicellar.api.admin.util.MicRequUtil.parseRequCntnObj(MicRequUtil.java:49)
	at myicellar.api.admin.handler.WineDetailQueryHandler.lambda$handle$56(WineDetailQueryHandler.java:45)
	at ratpack.exec.Promise.lambda$null$9(Promise.java:303)
	at ratpack.exec.Downstream$1.success(Downstream.java:73)
	at ratpack.exec.Promise.lambda$null$9(Promise.java:304)
	at ratpack.exec.Downstream$1.success(Downstream.java:73)
	at ratpack.exec.Promise.lambda$null$9(Promise.java:304)
	at ratpack.exec.Downstream$1.success(Downstream.java:73)
	at ratpack.exec.internal.DefaultExecution$2.lambda$success$1(DefaultExecution.java:161)
	at ratpack.exec.internal.DefaultExecution$SingleEventExecStream.exec(DefaultExecution.java:419)
	at ratpack.exec.internal.DefaultExecution.exec(DefaultExecution.java:248)
	at ratpack.exec.internal.DefaultExecution.intercept(DefaultExecution.java:240)
	at ratpack.exec.internal.DefaultExecution.drain(DefaultExecution.java:220)
	at ratpack.exec.internal.DefaultExecution.<init>(DefaultExecution.java:96)
	at ratpack.exec.internal.DefaultExecController$1.lambda$start$0(DefaultExecController.java:172)
	at io.netty.util.concurrent.PromiseTask.run(PromiseTask.java:73)
	at io.netty.util.concurrent.SingleThreadEventExecutor.runAllTasks(SingleThreadEventExecutor.java:339)
	at io.netty.channel.nio.NioEventLoop.run(NioEventLoop.java:356)
	at io.netty.util.concurrent.SingleThreadEventExecutor$5.run(SingleThreadEventExecutor.java:742)
	at ratpack.exec.internal.DefaultExecController$ExecControllerBindingThreadFactory.lambda$newThread$0(DefaultExecController.java:113)
	at io.netty.util.concurrent.DefaultThreadFactory$DefaultRunnableDecorator.run(DefaultThreadFactory.java:137)
	at java.lang.Thread.run(Thread.java:745)
Caused by: com.fasterxml.jackson.databind.exc.UnrecognizedPropertyException: Unrecognized field "regionId" (class myicellar.jooq.pojos.WineDetailJoin), not marked as ignorable (8 known properties: "wineNameUsr", "isValid", "wineId", "wineNameEng", "wineNameCht", "wineTypeId", "wineNameChs", "wineryId"])
 at [Source: N/A; line: -1, column: -1] (through reference chain: myicellar.jooq.pojos.WineDetailJoin["regionId"])
	at com.fasterxml.jackson.databind.exc.UnrecognizedPropertyException.from(UnrecognizedPropertyException.java:51)
	at com.fasterxml.jackson.databind.DeserializationContext.reportUnknownProperty(DeserializationContext.java:836)
	at com.fasterxml.jackson.databind.deser.std.StdDeserializer.handleUnknownProperty(StdDeserializer.java:1045)
	at com.fasterxml.jackson.databind.deser.BeanDeserializerBase.handleUnknownProperty(BeanDeserializerBase.java:1352)
	at com.fasterxml.jackson.databind.deser.BeanDeserializerBase.handleUnknownProperties(BeanDeserializerBase.java:1306)
	at com.fasterxml.jackson.databind.deser.BeanDeserializer._deserializeUsingPropertyBased(BeanDeserializer.java:451)
	at com.fasterxml.jackson.databind.deser.BeanDeserializerBase.deserializeFromObjectUsingNonDefault(BeanDeserializerBase.java:1099)
	at com.fasterxml.jackson.databind.deser.BeanDeserializer.deserializeFromObject(BeanDeserializer.java:294)
	at com.fasterxml.jackson.databind.deser.BeanDeserializer.deserialize(BeanDeserializer.java:131)
	at com.fasterxml.jackson.databind.ObjectReader._bindAndClose(ObjectReader.java:1511)
	at com.fasterxml.jackson.databind.ObjectReader.readValue(ObjectReader.java:1216)
	at myicellar.api.admin.util.MicRequUtil.parseRequCntnObj(MicRequUtil.java:47)
	... 21 common frames omitted
16:04:18.518 - ERRserver(Expect {content : WineDetailJoin} %%% Unrecognized field "regionId" (class myicellar.jooq.pojos.WineDetailJoin), not marked as ignorable (8 known properties: "wineNameUsr", "isValid", "wineId", "wineNameEng", "wineNameCht", "wineTypeId", "wineNameChs", "wineryId"])
 at [Source: N/A; line: -1, column: -1] (through reference chain: myicellar.jooq.pojos.WineDetailJoin["regionId"])) REQUEST Received = (0:0:0:0:0:0:0:1)(/1/eng/c/Wine/Detail) [HTTP/1.1][POST] {0:0:0:0:0:0:0:1}<<<HEADER>>>{Host=[localhost:8888], Connection=[keep-alive], Content-Length=[145], Origin=[null], User-Agent=[Mozilla/5.0 (Macintosh; Intel Mac OS X 10_10_5) AppleWebKit/537.36 (KHTML, like Gecko) Chrome/48.0.2564.109 Safari/537.36], Content-type=[application/json], Accept=[*/*], Accept-Encoding=[gzip, deflate], Accept-Language=[en-US,en;q=0.8]}
java.lang.RuntimeException: Expect {content : WineDetailJoin}
	at myicellar.api.admin.util.MicRequUtil.parseRequCntnObj(MicRequUtil.java:49)
	at myicellar.api.admin.handler.WineDetailQueryHandler.lambda$handle$56(WineDetailQueryHandler.java:45)
	at ratpack.exec.Promise.lambda$null$9(Promise.java:303)
	at ratpack.exec.Downstream$1.success(Downstream.java:73)
	at ratpack.exec.Promise.lambda$null$9(Promise.java:304)
	at ratpack.exec.Downstream$1.success(Downstream.java:73)
	at ratpack.exec.Promise.lambda$null$9(Promise.java:304)
	at ratpack.exec.Downstream$1.success(Downstream.java:73)
	at ratpack.exec.internal.DefaultExecution$2.lambda$success$1(DefaultExecution.java:161)
	at ratpack.exec.internal.DefaultExecution$SingleEventExecStream.exec(DefaultExecution.java:419)
	at ratpack.exec.internal.DefaultExecution.exec(DefaultExecution.java:248)
	at ratpack.exec.internal.DefaultExecution.intercept(DefaultExecution.java:240)
	at ratpack.exec.internal.DefaultExecution.drain(DefaultExecution.java:220)
	at ratpack.exec.internal.DefaultExecution.<init>(DefaultExecution.java:96)
	at ratpack.exec.internal.DefaultExecController$1.lambda$start$0(DefaultExecController.java:172)
	at io.netty.util.concurrent.PromiseTask.run(PromiseTask.java:73)
	at io.netty.util.concurrent.SingleThreadEventExecutor.runAllTasks(SingleThreadEventExecutor.java:339)
	at io.netty.channel.nio.NioEventLoop.run(NioEventLoop.java:356)
	at io.netty.util.concurrent.SingleThreadEventExecutor$5.run(SingleThreadEventExecutor.java:742)
	at ratpack.exec.internal.DefaultExecController$ExecControllerBindingThreadFactory.lambda$newThread$0(DefaultExecController.java:113)
	at io.netty.util.concurrent.DefaultThreadFactory$DefaultRunnableDecorator.run(DefaultThreadFactory.java:137)
	at java.lang.Thread.run(Thread.java:745)
Caused by: com.fasterxml.jackson.databind.exc.UnrecognizedPropertyException: Unrecognized field "regionId" (class myicellar.jooq.pojos.WineDetailJoin), not marked as ignorable (8 known properties: "wineNameUsr", "isValid", "wineId", "wineNameEng", "wineNameCht", "wineTypeId", "wineNameChs", "wineryId"])
 at [Source: N/A; line: -1, column: -1] (through reference chain: myicellar.jooq.pojos.WineDetailJoin["regionId"])
	at com.fasterxml.jackson.databind.exc.UnrecognizedPropertyException.from(UnrecognizedPropertyException.java:51)
	at com.fasterxml.jackson.databind.DeserializationContext.reportUnknownProperty(DeserializationContext.java:836)
	at com.fasterxml.jackson.databind.deser.std.StdDeserializer.handleUnknownProperty(StdDeserializer.java:1045)
	at com.fasterxml.jackson.databind.deser.BeanDeserializerBase.handleUnknownProperty(BeanDeserializerBase.java:1352)
	at com.fasterxml.jackson.databind.deser.BeanDeserializerBase.handleUnknownProperties(BeanDeserializerBase.java:1306)
	at com.fasterxml.jackson.databind.deser.BeanDeserializer._deserializeUsingPropertyBased(BeanDeserializer.java:451)
	at com.fasterxml.jackson.databind.deser.BeanDeserializerBase.deserializeFromObjectUsingNonDefault(BeanDeserializerBase.java:1099)
	at com.fasterxml.jackson.databind.deser.BeanDeserializer.deserializeFromObject(BeanDeserializer.java:294)
	at com.fasterxml.jackson.databind.deser.BeanDeserializer.deserialize(BeanDeserializer.java:131)
	at com.fasterxml.jackson.databind.ObjectReader._bindAndClose(ObjectReader.java:1511)
	at com.fasterxml.jackson.databind.ObjectReader.readValue(ObjectReader.java:1216)
	at myicellar.api.admin.util.MicRequUtil.parseRequCntnObj(MicRequUtil.java:47)
	... 21 common frames omitted
16:26:37.733 - ERRserver(Unexpected character (')' (code 41)): was expecting double-quote to start field name
 at [Source: io.netty.buffer.ByteBufInputStream@776f2baf; line: 9, column: 3]) REQUEST Received = (0:0:0:0:0:0:0:1)(/1/eng/f/WineType/Summary) [HTTP/1.1][POST] {0:0:0:0:0:0:0:1}<<<HEADER>>>{Host=[localhost:8888], Connection=[keep-alive], Content-Length=[198], Cache-Control=[no-cache], Origin=[chrome-extension://fhbjgbiflinjbdggehcddcbncdddomop], Content-Type=[application/json], User-Agent=[Mozilla/5.0 (Macintosh; Intel Mac OS X 10_10_5) AppleWebKit/537.36 (KHTML, like Gecko) Chrome/48.0.2564.109 Safari/537.36], Postman-Token=[3452771d-3fad-33e9-6cd5-c7001723b692], Accept=[*/*], Accept-Encoding=[gzip, deflate], Accept-Language=[en-US,en;q=0.8]}
com.fasterxml.jackson.core.JsonParseException: Unexpected character (')' (code 41)): was expecting double-quote to start field name
 at [Source: io.netty.buffer.ByteBufInputStream@776f2baf; line: 9, column: 3]
	at com.fasterxml.jackson.core.JsonParser._constructError(JsonParser.java:1581)
	at com.fasterxml.jackson.core.base.ParserMinimalBase._reportError(ParserMinimalBase.java:533)
	at com.fasterxml.jackson.core.base.ParserMinimalBase._reportUnexpectedChar(ParserMinimalBase.java:462)
	at com.fasterxml.jackson.core.json.UTF8StreamJsonParser._handleOddName(UTF8StreamJsonParser.java:2000)
	at com.fasterxml.jackson.core.json.UTF8StreamJsonParser._parseName(UTF8StreamJsonParser.java:1647)
	at com.fasterxml.jackson.core.json.UTF8StreamJsonParser.nextFieldName(UTF8StreamJsonParser.java:1007)
	at com.fasterxml.jackson.databind.deser.std.BaseNodeDeserializer.deserializeObject(JsonNodeDeserializer.java:208)
	at com.fasterxml.jackson.databind.deser.std.BaseNodeDeserializer.deserializeObject(JsonNodeDeserializer.java:224)
	at com.fasterxml.jackson.databind.deser.std.JsonNodeDeserializer.deserialize(JsonNodeDeserializer.java:69)
	at com.fasterxml.jackson.databind.deser.std.JsonNodeDeserializer.deserialize(JsonNodeDeserializer.java:15)
	at com.fasterxml.jackson.databind.ObjectMapper._readMapAndClose(ObjectMapper.java:3731)
	at com.fasterxml.jackson.databind.ObjectMapper.readTree(ObjectMapper.java:2212)
	at ratpack.jackson.internal.JsonParser.parse(JsonParser.java:51)
	at ratpack.handling.internal.DefaultContext.lambda$parse$6(DefaultContext.java:326)
	at ratpack.registry.Registry.first(Registry.java:197)
	at ratpack.registry.internal.HierarchicalRegistry.first(HierarchicalRegistry.java:57)
	at ratpack.handling.internal.DefaultContext.parse(DefaultContext.java:339)
	at ratpack.handling.internal.DefaultContext.lambda$parse$5(DefaultContext.java:314)
	at ratpack.exec.Promise.lambda$null$9(Promise.java:303)
	at ratpack.exec.Downstream$1.success(Downstream.java:73)
	at ratpack.exec.Promise.lambda$null$9(Promise.java:304)
	at ratpack.exec.Downstream$1.success(Downstream.java:73)
	at ratpack.exec.internal.DefaultExecution$2.lambda$success$1(DefaultExecution.java:161)
	at ratpack.exec.internal.DefaultExecution$SingleEventExecStream.exec(DefaultExecution.java:419)
	at ratpack.exec.internal.DefaultExecution.exec(DefaultExecution.java:248)
	at ratpack.exec.internal.DefaultExecution.intercept(DefaultExecution.java:240)
	at ratpack.exec.internal.DefaultExecution.drain(DefaultExecution.java:220)
	at ratpack.exec.internal.DefaultExecution.<init>(DefaultExecution.java:96)
	at ratpack.exec.internal.DefaultExecController$1.lambda$start$0(DefaultExecController.java:172)
	at io.netty.util.concurrent.PromiseTask.run(PromiseTask.java:73)
	at io.netty.util.concurrent.SingleThreadEventExecutor.runAllTasks(SingleThreadEventExecutor.java:339)
	at io.netty.channel.nio.NioEventLoop.run(NioEventLoop.java:356)
	at io.netty.util.concurrent.SingleThreadEventExecutor$5.run(SingleThreadEventExecutor.java:742)
	at ratpack.exec.internal.DefaultExecController$ExecControllerBindingThreadFactory.lambda$newThread$0(DefaultExecController.java:113)
	at io.netty.util.concurrent.DefaultThreadFactory$DefaultRunnableDecorator.run(DefaultThreadFactory.java:137)
	at java.lang.Thread.run(Thread.java:745)
16:27:46.811 - ERRserver(Could not find parser able to produce object of type 'com.fasterxml.jackson.databind.JsonNode' from request of content type 'text/plain' and parse options 'JsonParseOpts{objectMapper=null}'. The following parsers were tried:
  - ratpack.jackson.internal.JsonParser (parses 'application/json' and types ending in '+json')) REQUEST Received = (0:0:0:0:0:0:0:1)(/1/eng/f/WineType/Summary) [HTTP/1.1][POST] {0:0:0:0:0:0:0:1}<<<HEADER>>>{Host=[localhost:8888], Connection=[keep-alive], Content-Length=[195], Cache-Control=[no-cache], Origin=[chrome-extension://fhbjgbiflinjbdggehcddcbncdddomop], Content-Type=[text/plain;charset=UTF-8], User-Agent=[Mozilla/5.0 (Macintosh; Intel Mac OS X 10_10_5) AppleWebKit/537.36 (KHTML, like Gecko) Chrome/48.0.2564.109 Safari/537.36], Postman-Token=[df46bcf7-47f3-0799-24bb-61430a1c092e], Accept=[*/*], Accept-Encoding=[gzip, deflate], Accept-Language=[en-US,en;q=0.8]}
ratpack.parse.NoSuchParserException: Could not find parser able to produce object of type 'com.fasterxml.jackson.databind.JsonNode' from request of content type 'text/plain' and parse options 'JsonParseOpts{objectMapper=null}'. The following parsers were tried:
  - ratpack.jackson.internal.JsonParser (parses 'application/json' and types ending in '+json')
	at ratpack.handling.internal.DefaultContext.lambda$parse$8(DefaultContext.java:340)
	at java.util.Optional.orElseThrow(Optional.java:290)
	at ratpack.handling.internal.DefaultContext.parse(DefaultContext.java:340)
	at ratpack.handling.internal.DefaultContext.lambda$parse$5(DefaultContext.java:314)
	at ratpack.exec.Promise.lambda$null$9(Promise.java:303)
	at ratpack.exec.Downstream$1.success(Downstream.java:73)
	at ratpack.exec.Promise.lambda$null$9(Promise.java:304)
	at ratpack.exec.Downstream$1.success(Downstream.java:73)
	at ratpack.exec.internal.DefaultExecution$2.lambda$success$1(DefaultExecution.java:161)
	at ratpack.exec.internal.DefaultExecution$SingleEventExecStream.exec(DefaultExecution.java:419)
	at ratpack.exec.internal.DefaultExecution.exec(DefaultExecution.java:248)
	at ratpack.exec.internal.DefaultExecution.intercept(DefaultExecution.java:240)
	at ratpack.exec.internal.DefaultExecution.drain(DefaultExecution.java:220)
	at ratpack.exec.internal.DefaultExecution.<init>(DefaultExecution.java:96)
	at ratpack.exec.internal.DefaultExecController$1.lambda$start$0(DefaultExecController.java:172)
	at io.netty.util.concurrent.PromiseTask.run(PromiseTask.java:73)
	at io.netty.util.concurrent.SingleThreadEventExecutor.runAllTasks(SingleThreadEventExecutor.java:339)
	at io.netty.channel.nio.NioEventLoop.run(NioEventLoop.java:356)
	at io.netty.util.concurrent.SingleThreadEventExecutor$5.run(SingleThreadEventExecutor.java:742)
	at ratpack.exec.internal.DefaultExecController$ExecControllerBindingThreadFactory.lambda$newThread$0(DefaultExecController.java:113)
	at io.netty.util.concurrent.DefaultThreadFactory$DefaultRunnableDecorator.run(DefaultThreadFactory.java:137)
	at java.lang.Thread.run(Thread.java:745)
20:14:55.379 - ERRserver(Expect {content : WineryRegion} %%% Unrecognized field "wineryId" (class myicellar.jooq.pojos.WineryRegion), not marked as ignorable (11 known properties: "regionAltId", "countryId", "note", "regionId", "regionNameCht", "isValid", "regionNameEng", "regionNameChs", "regionImg", "seoUrl", "lastUpdMictime"])
 at [Source: N/A; line: -1, column: -1] (through reference chain: myicellar.jooq.pojos.WineryRegion["wineryId"])) REQUEST Received = (0:0:0:0:0:0:0:1)(/1/eng/a/WineryRegion/Invalidate) [HTTP/1.1][POST] {0:0:0:0:0:0:0:1}<<<HEADER>>>{Host=[localhost:8888], Connection=[keep-alive], Content-Length=[157], Origin=[null], User-Agent=[Mozilla/5.0 (Macintosh; Intel Mac OS X 10_10_5) AppleWebKit/537.36 (KHTML, like Gecko) Chrome/48.0.2564.109 Safari/537.36], Content-type=[application/json], Accept=[*/*], Accept-Encoding=[gzip, deflate], Accept-Language=[en-US,en;q=0.8]}
java.lang.RuntimeException: Expect {content : WineryRegion}
	at myicellar.api.admin.util.MicRequUtil.parseRequCntnObj(MicRequUtil.java:49)
	at myicellar.api.admin.handler.WineryRegionHandlerInvalidate.lambda$handle$104(WineryRegionHandlerInvalidate.java:35)
	at ratpack.exec.Promise.lambda$null$9(Promise.java:303)
	at ratpack.exec.Downstream$1.success(Downstream.java:73)
	at ratpack.exec.Promise.lambda$null$9(Promise.java:304)
	at ratpack.exec.Downstream$1.success(Downstream.java:73)
	at ratpack.exec.Promise.lambda$null$9(Promise.java:304)
	at ratpack.exec.Downstream$1.success(Downstream.java:73)
	at ratpack.exec.internal.DefaultExecution$2.lambda$success$1(DefaultExecution.java:161)
	at ratpack.exec.internal.DefaultExecution$SingleEventExecStream.exec(DefaultExecution.java:419)
	at ratpack.exec.internal.DefaultExecution.exec(DefaultExecution.java:246)
	at ratpack.exec.internal.DefaultExecution.intercept(DefaultExecution.java:240)
	at ratpack.exec.internal.DefaultExecution.drain(DefaultExecution.java:220)
	at io.netty.util.concurrent.SingleThreadEventExecutor.runAllTasks(SingleThreadEventExecutor.java:339)
	at io.netty.channel.nio.NioEventLoop.run(NioEventLoop.java:356)
	at io.netty.util.concurrent.SingleThreadEventExecutor$5.run(SingleThreadEventExecutor.java:742)
	at ratpack.exec.internal.DefaultExecController$ExecControllerBindingThreadFactory.lambda$newThread$0(DefaultExecController.java:113)
	at io.netty.util.concurrent.DefaultThreadFactory$DefaultRunnableDecorator.run(DefaultThreadFactory.java:137)
	at java.lang.Thread.run(Thread.java:745)
Caused by: com.fasterxml.jackson.databind.exc.UnrecognizedPropertyException: Unrecognized field "wineryId" (class myicellar.jooq.pojos.WineryRegion), not marked as ignorable (11 known properties: "regionAltId", "countryId", "note", "regionId", "regionNameCht", "isValid", "regionNameEng", "regionNameChs", "regionImg", "seoUrl", "lastUpdMictime"])
 at [Source: N/A; line: -1, column: -1] (through reference chain: myicellar.jooq.pojos.WineryRegion["wineryId"])
	at com.fasterxml.jackson.databind.exc.UnrecognizedPropertyException.from(UnrecognizedPropertyException.java:51)
	at com.fasterxml.jackson.databind.DeserializationContext.reportUnknownProperty(DeserializationContext.java:836)
	at com.fasterxml.jackson.databind.deser.std.StdDeserializer.handleUnknownProperty(StdDeserializer.java:1045)
	at com.fasterxml.jackson.databind.deser.BeanDeserializerBase.handleUnknownProperty(BeanDeserializerBase.java:1352)
	at com.fasterxml.jackson.databind.deser.BeanDeserializerBase.handleUnknownProperties(BeanDeserializerBase.java:1306)
	at com.fasterxml.jackson.databind.deser.BeanDeserializer._deserializeUsingPropertyBased(BeanDeserializer.java:451)
	at com.fasterxml.jackson.databind.deser.BeanDeserializerBase.deserializeFromObjectUsingNonDefault(BeanDeserializerBase.java:1099)
	at com.fasterxml.jackson.databind.deser.BeanDeserializer.deserializeFromObject(BeanDeserializer.java:294)
	at com.fasterxml.jackson.databind.deser.BeanDeserializer.deserialize(BeanDeserializer.java:131)
	at com.fasterxml.jackson.databind.ObjectReader._bindAndClose(ObjectReader.java:1511)
	at com.fasterxml.jackson.databind.ObjectReader.readValue(ObjectReader.java:1216)
	at myicellar.api.admin.util.MicRequUtil.parseRequCntnObj(MicRequUtil.java:47)
	... 18 common frames omitted
