10:55:06.316 - ERRserver(Could not find parser able to produce object of type 'com.fasterxml.jackson.databind.JsonNode' from request of content type 'application/x-www-form-urlencoded' and parse options 'JsonParseOpts{objectMapper=null}'. The following parsers were tried:
  - ratpack.jackson.internal.JsonParser (parses 'application/json' and types ending in '+json')) REQUEST Received = (0:0:0:0:0:0:0:1)(/1/eng/a/WineryRegion/Summary) [HTTP/1.1][POST] {0:0:0:0:0:0:0:1}<<<HEADER>>>{Host=[localhost:8888], Connection=[keep-alive], Content-Length=[10], Accept=[*/*], Origin=[null], User-Agent=[Mozilla/5.0 (Macintosh; Intel Mac OS X 10_10_5) AppleWebKit/537.36 (KHTML, like Gecko) Chrome/48.0.2564.109 Safari/537.36], Content-Type=[application/x-www-form-urlencoded; charset=UTF-8], Accept-Encoding=[gzip, deflate], Accept-Language=[en-US,en;q=0.8]}
ratpack.parse.NoSuchParserException: Could not find parser able to produce object of type 'com.fasterxml.jackson.databind.JsonNode' from request of content type 'application/x-www-form-urlencoded' and parse options 'JsonParseOpts{objectMapper=null}'. The following parsers were tried:
  - ratpack.jackson.internal.JsonParser (parses 'application/json' and types ending in '+json')
	at ratpack.handling.internal.DefaultContext.lambda$parse$8(DefaultContext.java:340)
	at java.util.Optional.orElseThrow(Optional.java:290)
	at ratpack.handling.internal.DefaultContext.parse(DefaultContext.java:340)
	at ratpack.handling.internal.DefaultContext.lambda$parse$5(DefaultContext.java:314)
	at ratpack.exec.Promise.lambda$null$9(Promise.java:303)
	at ratpack.exec.Downstream$1.success(Downstream.java:73)
	at ratpack.exec.Promise.lambda$null$9(Promise.java:304)
	at ratpack.exec.Downstream$1.success(Downstream.java:73)
	at ratpack.exec.internal.DefaultExecution$2.lambda$success$1(DefaultExecution.java:161)
	at ratpack.exec.internal.DefaultExecution$SingleEventExecStream.exec(DefaultExecution.java:419)
	at ratpack.exec.internal.DefaultExecution.exec(DefaultExecution.java:248)
	at ratpack.exec.internal.DefaultExecution.intercept(DefaultExecution.java:240)
	at ratpack.exec.internal.DefaultExecution.drain(DefaultExecution.java:220)
	at ratpack.exec.internal.DefaultExecution.<init>(DefaultExecution.java:96)
	at ratpack.exec.internal.DefaultExecController$1.lambda$start$0(DefaultExecController.java:172)
	at io.netty.util.concurrent.PromiseTask.run(PromiseTask.java:73)
	at io.netty.util.concurrent.SingleThreadEventExecutor.runAllTasks(SingleThreadEventExecutor.java:339)
	at io.netty.channel.nio.NioEventLoop.run(NioEventLoop.java:356)
	at io.netty.util.concurrent.SingleThreadEventExecutor$5.run(SingleThreadEventExecutor.java:742)
	at ratpack.exec.internal.DefaultExecController$ExecControllerBindingThreadFactory.lambda$newThread$0(DefaultExecController.java:113)
	at io.netty.util.concurrent.DefaultThreadFactory$DefaultRunnableDecorator.run(DefaultThreadFactory.java:137)
	at java.lang.Thread.run(Thread.java:745)
10:55:18.170 - ERRserver(Could not find parser able to produce object of type 'com.fasterxml.jackson.databind.JsonNode' from request of content type 'application/x-www-form-urlencoded' and parse options 'JsonParseOpts{objectMapper=null}'. The following parsers were tried:
  - ratpack.jackson.internal.JsonParser (parses 'application/json' and types ending in '+json')) REQUEST Received = (0:0:0:0:0:0:0:1)(/1/eng/a/WineryRegion/Summary) [HTTP/1.1][POST] {0:0:0:0:0:0:0:1}<<<HEADER>>>{Host=[localhost:8888], Connection=[keep-alive], Content-Length=[10], Accept=[*/*], Origin=[null], User-Agent=[Mozilla/5.0 (Macintosh; Intel Mac OS X 10_10_5) AppleWebKit/537.36 (KHTML, like Gecko) Chrome/48.0.2564.109 Safari/537.36], Content-Type=[application/x-www-form-urlencoded; charset=UTF-8], Accept-Encoding=[gzip, deflate], Accept-Language=[en-US,en;q=0.8]}
ratpack.parse.NoSuchParserException: Could not find parser able to produce object of type 'com.fasterxml.jackson.databind.JsonNode' from request of content type 'application/x-www-form-urlencoded' and parse options 'JsonParseOpts{objectMapper=null}'. The following parsers were tried:
  - ratpack.jackson.internal.JsonParser (parses 'application/json' and types ending in '+json')
	at ratpack.handling.internal.DefaultContext.lambda$parse$8(DefaultContext.java:340)
	at java.util.Optional.orElseThrow(Optional.java:290)
	at ratpack.handling.internal.DefaultContext.parse(DefaultContext.java:340)
	at ratpack.handling.internal.DefaultContext.lambda$parse$5(DefaultContext.java:314)
	at ratpack.exec.Promise.lambda$null$9(Promise.java:303)
	at ratpack.exec.Downstream$1.success(Downstream.java:73)
	at ratpack.exec.Promise.lambda$null$9(Promise.java:304)
	at ratpack.exec.Downstream$1.success(Downstream.java:73)
	at ratpack.exec.internal.DefaultExecution$2.lambda$success$1(DefaultExecution.java:161)
	at ratpack.exec.internal.DefaultExecution$SingleEventExecStream.exec(DefaultExecution.java:419)
	at ratpack.exec.internal.DefaultExecution.exec(DefaultExecution.java:248)
	at ratpack.exec.internal.DefaultExecution.intercept(DefaultExecution.java:240)
	at ratpack.exec.internal.DefaultExecution.drain(DefaultExecution.java:220)
	at ratpack.exec.internal.DefaultExecution.<init>(DefaultExecution.java:96)
	at ratpack.exec.internal.DefaultExecController$1.lambda$start$0(DefaultExecController.java:172)
	at io.netty.util.concurrent.PromiseTask.run(PromiseTask.java:73)
	at io.netty.util.concurrent.SingleThreadEventExecutor.runAllTasks(SingleThreadEventExecutor.java:339)
	at io.netty.channel.nio.NioEventLoop.run(NioEventLoop.java:356)
	at io.netty.util.concurrent.SingleThreadEventExecutor$5.run(SingleThreadEventExecutor.java:742)
	at ratpack.exec.internal.DefaultExecController$ExecControllerBindingThreadFactory.lambda$newThread$0(DefaultExecController.java:113)
	at io.netty.util.concurrent.DefaultThreadFactory$DefaultRunnableDecorator.run(DefaultThreadFactory.java:137)
	at java.lang.Thread.run(Thread.java:745)
10:55:18.917 - ERRserver(Could not find parser able to produce object of type 'com.fasterxml.jackson.databind.JsonNode' from request of content type 'application/x-www-form-urlencoded' and parse options 'JsonParseOpts{objectMapper=null}'. The following parsers were tried:
  - ratpack.jackson.internal.JsonParser (parses 'application/json' and types ending in '+json')) REQUEST Received = (0:0:0:0:0:0:0:1)(/1/eng/a/WineryRegion/Summary) [HTTP/1.1][POST] {0:0:0:0:0:0:0:1}<<<HEADER>>>{Host=[localhost:8888], Connection=[keep-alive], Content-Length=[10], Accept=[*/*], Origin=[null], User-Agent=[Mozilla/5.0 (Macintosh; Intel Mac OS X 10_10_5) AppleWebKit/537.36 (KHTML, like Gecko) Chrome/48.0.2564.109 Safari/537.36], Content-Type=[application/x-www-form-urlencoded; charset=UTF-8], Accept-Encoding=[gzip, deflate], Accept-Language=[en-US,en;q=0.8]}
ratpack.parse.NoSuchParserException: Could not find parser able to produce object of type 'com.fasterxml.jackson.databind.JsonNode' from request of content type 'application/x-www-form-urlencoded' and parse options 'JsonParseOpts{objectMapper=null}'. The following parsers were tried:
  - ratpack.jackson.internal.JsonParser (parses 'application/json' and types ending in '+json')
	at ratpack.handling.internal.DefaultContext.lambda$parse$8(DefaultContext.java:340)
	at java.util.Optional.orElseThrow(Optional.java:290)
	at ratpack.handling.internal.DefaultContext.parse(DefaultContext.java:340)
	at ratpack.handling.internal.DefaultContext.lambda$parse$5(DefaultContext.java:314)
	at ratpack.exec.Promise.lambda$null$9(Promise.java:303)
	at ratpack.exec.Downstream$1.success(Downstream.java:73)
	at ratpack.exec.Promise.lambda$null$9(Promise.java:304)
	at ratpack.exec.Downstream$1.success(Downstream.java:73)
	at ratpack.exec.internal.DefaultExecution$2.lambda$success$1(DefaultExecution.java:161)
	at ratpack.exec.internal.DefaultExecution$SingleEventExecStream.exec(DefaultExecution.java:419)
	at ratpack.exec.internal.DefaultExecution.exec(DefaultExecution.java:248)
	at ratpack.exec.internal.DefaultExecution.intercept(DefaultExecution.java:240)
	at ratpack.exec.internal.DefaultExecution.drain(DefaultExecution.java:220)
	at ratpack.exec.internal.DefaultExecution.<init>(DefaultExecution.java:96)
	at ratpack.exec.internal.DefaultExecController$1.lambda$start$0(DefaultExecController.java:172)
	at io.netty.util.concurrent.PromiseTask.run(PromiseTask.java:73)
	at io.netty.util.concurrent.SingleThreadEventExecutor.runAllTasks(SingleThreadEventExecutor.java:339)
	at io.netty.channel.nio.NioEventLoop.run(NioEventLoop.java:356)
	at io.netty.util.concurrent.SingleThreadEventExecutor$5.run(SingleThreadEventExecutor.java:742)
	at ratpack.exec.internal.DefaultExecController$ExecControllerBindingThreadFactory.lambda$newThread$0(DefaultExecController.java:113)
	at io.netty.util.concurrent.DefaultThreadFactory$DefaultRunnableDecorator.run(DefaultThreadFactory.java:137)
	at java.lang.Thread.run(Thread.java:745)
10:55:19.131 - ERRserver(Could not find parser able to produce object of type 'com.fasterxml.jackson.databind.JsonNode' from request of content type 'application/x-www-form-urlencoded' and parse options 'JsonParseOpts{objectMapper=null}'. The following parsers were tried:
  - ratpack.jackson.internal.JsonParser (parses 'application/json' and types ending in '+json')) REQUEST Received = (0:0:0:0:0:0:0:1)(/1/eng/a/WineryRegion/Summary) [HTTP/1.1][POST] {0:0:0:0:0:0:0:1}<<<HEADER>>>{Host=[localhost:8888], Connection=[keep-alive], Content-Length=[10], Accept=[*/*], Origin=[null], User-Agent=[Mozilla/5.0 (Macintosh; Intel Mac OS X 10_10_5) AppleWebKit/537.36 (KHTML, like Gecko) Chrome/48.0.2564.109 Safari/537.36], Content-Type=[application/x-www-form-urlencoded; charset=UTF-8], Accept-Encoding=[gzip, deflate], Accept-Language=[en-US,en;q=0.8]}
ratpack.parse.NoSuchParserException: Could not find parser able to produce object of type 'com.fasterxml.jackson.databind.JsonNode' from request of content type 'application/x-www-form-urlencoded' and parse options 'JsonParseOpts{objectMapper=null}'. The following parsers were tried:
  - ratpack.jackson.internal.JsonParser (parses 'application/json' and types ending in '+json')
	at ratpack.handling.internal.DefaultContext.lambda$parse$8(DefaultContext.java:340)
	at java.util.Optional.orElseThrow(Optional.java:290)
	at ratpack.handling.internal.DefaultContext.parse(DefaultContext.java:340)
	at ratpack.handling.internal.DefaultContext.lambda$parse$5(DefaultContext.java:314)
	at ratpack.exec.Promise.lambda$null$9(Promise.java:303)
	at ratpack.exec.Downstream$1.success(Downstream.java:73)
	at ratpack.exec.Promise.lambda$null$9(Promise.java:304)
	at ratpack.exec.Downstream$1.success(Downstream.java:73)
	at ratpack.exec.internal.DefaultExecution$2.lambda$success$1(DefaultExecution.java:161)
	at ratpack.exec.internal.DefaultExecution$SingleEventExecStream.exec(DefaultExecution.java:419)
	at ratpack.exec.internal.DefaultExecution.exec(DefaultExecution.java:248)
	at ratpack.exec.internal.DefaultExecution.intercept(DefaultExecution.java:240)
	at ratpack.exec.internal.DefaultExecution.drain(DefaultExecution.java:220)
	at ratpack.exec.internal.DefaultExecution.<init>(DefaultExecution.java:96)
	at ratpack.exec.internal.DefaultExecController$1.lambda$start$0(DefaultExecController.java:172)
	at io.netty.util.concurrent.PromiseTask.run(PromiseTask.java:73)
	at io.netty.util.concurrent.SingleThreadEventExecutor.runAllTasks(SingleThreadEventExecutor.java:339)
	at io.netty.channel.nio.NioEventLoop.run(NioEventLoop.java:356)
	at io.netty.util.concurrent.SingleThreadEventExecutor$5.run(SingleThreadEventExecutor.java:742)
	at ratpack.exec.internal.DefaultExecController$ExecControllerBindingThreadFactory.lambda$newThread$0(DefaultExecController.java:113)
	at io.netty.util.concurrent.DefaultThreadFactory$DefaultRunnableDecorator.run(DefaultThreadFactory.java:137)
	at java.lang.Thread.run(Thread.java:745)
10:55:19.349 - ERRserver(Could not find parser able to produce object of type 'com.fasterxml.jackson.databind.JsonNode' from request of content type 'application/x-www-form-urlencoded' and parse options 'JsonParseOpts{objectMapper=null}'. The following parsers were tried:
  - ratpack.jackson.internal.JsonParser (parses 'application/json' and types ending in '+json')) REQUEST Received = (0:0:0:0:0:0:0:1)(/1/eng/a/WineryRegion/Summary) [HTTP/1.1][POST] {0:0:0:0:0:0:0:1}<<<HEADER>>>{Host=[localhost:8888], Connection=[keep-alive], Content-Length=[10], Accept=[*/*], Origin=[null], User-Agent=[Mozilla/5.0 (Macintosh; Intel Mac OS X 10_10_5) AppleWebKit/537.36 (KHTML, like Gecko) Chrome/48.0.2564.109 Safari/537.36], Content-Type=[application/x-www-form-urlencoded; charset=UTF-8], Accept-Encoding=[gzip, deflate], Accept-Language=[en-US,en;q=0.8]}
ratpack.parse.NoSuchParserException: Could not find parser able to produce object of type 'com.fasterxml.jackson.databind.JsonNode' from request of content type 'application/x-www-form-urlencoded' and parse options 'JsonParseOpts{objectMapper=null}'. The following parsers were tried:
  - ratpack.jackson.internal.JsonParser (parses 'application/json' and types ending in '+json')
	at ratpack.handling.internal.DefaultContext.lambda$parse$8(DefaultContext.java:340)
	at java.util.Optional.orElseThrow(Optional.java:290)
	at ratpack.handling.internal.DefaultContext.parse(DefaultContext.java:340)
	at ratpack.handling.internal.DefaultContext.lambda$parse$5(DefaultContext.java:314)
	at ratpack.exec.Promise.lambda$null$9(Promise.java:303)
	at ratpack.exec.Downstream$1.success(Downstream.java:73)
	at ratpack.exec.Promise.lambda$null$9(Promise.java:304)
	at ratpack.exec.Downstream$1.success(Downstream.java:73)
	at ratpack.exec.internal.DefaultExecution$2.lambda$success$1(DefaultExecution.java:161)
	at ratpack.exec.internal.DefaultExecution$SingleEventExecStream.exec(DefaultExecution.java:419)
	at ratpack.exec.internal.DefaultExecution.exec(DefaultExecution.java:248)
	at ratpack.exec.internal.DefaultExecution.intercept(DefaultExecution.java:240)
	at ratpack.exec.internal.DefaultExecution.drain(DefaultExecution.java:220)
	at ratpack.exec.internal.DefaultExecution.<init>(DefaultExecution.java:96)
	at ratpack.exec.internal.DefaultExecController$1.lambda$start$0(DefaultExecController.java:172)
	at io.netty.util.concurrent.PromiseTask.run(PromiseTask.java:73)
	at io.netty.util.concurrent.SingleThreadEventExecutor.runAllTasks(SingleThreadEventExecutor.java:339)
	at io.netty.channel.nio.NioEventLoop.run(NioEventLoop.java:356)
	at io.netty.util.concurrent.SingleThreadEventExecutor$5.run(SingleThreadEventExecutor.java:742)
	at ratpack.exec.internal.DefaultExecController$ExecControllerBindingThreadFactory.lambda$newThread$0(DefaultExecController.java:113)
	at io.netty.util.concurrent.DefaultThreadFactory$DefaultRunnableDecorator.run(DefaultThreadFactory.java:137)
	at java.lang.Thread.run(Thread.java:745)
10:55:19.583 - ERRserver(Could not find parser able to produce object of type 'com.fasterxml.jackson.databind.JsonNode' from request of content type 'application/x-www-form-urlencoded' and parse options 'JsonParseOpts{objectMapper=null}'. The following parsers were tried:
  - ratpack.jackson.internal.JsonParser (parses 'application/json' and types ending in '+json')) REQUEST Received = (0:0:0:0:0:0:0:1)(/1/eng/a/WineryRegion/Summary) [HTTP/1.1][POST] {0:0:0:0:0:0:0:1}<<<HEADER>>>{Host=[localhost:8888], Connection=[keep-alive], Content-Length=[10], Accept=[*/*], Origin=[null], User-Agent=[Mozilla/5.0 (Macintosh; Intel Mac OS X 10_10_5) AppleWebKit/537.36 (KHTML, like Gecko) Chrome/48.0.2564.109 Safari/537.36], Content-Type=[application/x-www-form-urlencoded; charset=UTF-8], Accept-Encoding=[gzip, deflate], Accept-Language=[en-US,en;q=0.8]}
ratpack.parse.NoSuchParserException: Could not find parser able to produce object of type 'com.fasterxml.jackson.databind.JsonNode' from request of content type 'application/x-www-form-urlencoded' and parse options 'JsonParseOpts{objectMapper=null}'. The following parsers were tried:
  - ratpack.jackson.internal.JsonParser (parses 'application/json' and types ending in '+json')
	at ratpack.handling.internal.DefaultContext.lambda$parse$8(DefaultContext.java:340)
	at java.util.Optional.orElseThrow(Optional.java:290)
	at ratpack.handling.internal.DefaultContext.parse(DefaultContext.java:340)
	at ratpack.handling.internal.DefaultContext.lambda$parse$5(DefaultContext.java:314)
	at ratpack.exec.Promise.lambda$null$9(Promise.java:303)
	at ratpack.exec.Downstream$1.success(Downstream.java:73)
	at ratpack.exec.Promise.lambda$null$9(Promise.java:304)
	at ratpack.exec.Downstream$1.success(Downstream.java:73)
	at ratpack.exec.internal.DefaultExecution$2.lambda$success$1(DefaultExecution.java:161)
	at ratpack.exec.internal.DefaultExecution$SingleEventExecStream.exec(DefaultExecution.java:419)
	at ratpack.exec.internal.DefaultExecution.exec(DefaultExecution.java:248)
	at ratpack.exec.internal.DefaultExecution.intercept(DefaultExecution.java:240)
	at ratpack.exec.internal.DefaultExecution.drain(DefaultExecution.java:220)
	at ratpack.exec.internal.DefaultExecution.<init>(DefaultExecution.java:96)
	at ratpack.exec.internal.DefaultExecController$1.lambda$start$0(DefaultExecController.java:172)
	at io.netty.util.concurrent.PromiseTask.run(PromiseTask.java:73)
	at io.netty.util.concurrent.SingleThreadEventExecutor.runAllTasks(SingleThreadEventExecutor.java:339)
	at io.netty.channel.nio.NioEventLoop.run(NioEventLoop.java:356)
	at io.netty.util.concurrent.SingleThreadEventExecutor$5.run(SingleThreadEventExecutor.java:742)
	at ratpack.exec.internal.DefaultExecController$ExecControllerBindingThreadFactory.lambda$newThread$0(DefaultExecController.java:113)
	at io.netty.util.concurrent.DefaultThreadFactory$DefaultRunnableDecorator.run(DefaultThreadFactory.java:137)
	at java.lang.Thread.run(Thread.java:745)
10:55:19.980 - ERRserver(Could not find parser able to produce object of type 'com.fasterxml.jackson.databind.JsonNode' from request of content type 'application/x-www-form-urlencoded' and parse options 'JsonParseOpts{objectMapper=null}'. The following parsers were tried:
  - ratpack.jackson.internal.JsonParser (parses 'application/json' and types ending in '+json')) REQUEST Received = (0:0:0:0:0:0:0:1)(/1/eng/a/WineryRegion/Summary) [HTTP/1.1][POST] {0:0:0:0:0:0:0:1}<<<HEADER>>>{Host=[localhost:8888], Connection=[keep-alive], Content-Length=[10], Accept=[*/*], Origin=[null], User-Agent=[Mozilla/5.0 (Macintosh; Intel Mac OS X 10_10_5) AppleWebKit/537.36 (KHTML, like Gecko) Chrome/48.0.2564.109 Safari/537.36], Content-Type=[application/x-www-form-urlencoded; charset=UTF-8], Accept-Encoding=[gzip, deflate], Accept-Language=[en-US,en;q=0.8]}
ratpack.parse.NoSuchParserException: Could not find parser able to produce object of type 'com.fasterxml.jackson.databind.JsonNode' from request of content type 'application/x-www-form-urlencoded' and parse options 'JsonParseOpts{objectMapper=null}'. The following parsers were tried:
  - ratpack.jackson.internal.JsonParser (parses 'application/json' and types ending in '+json')
	at ratpack.handling.internal.DefaultContext.lambda$parse$8(DefaultContext.java:340)
	at java.util.Optional.orElseThrow(Optional.java:290)
	at ratpack.handling.internal.DefaultContext.parse(DefaultContext.java:340)
	at ratpack.handling.internal.DefaultContext.lambda$parse$5(DefaultContext.java:314)
	at ratpack.exec.Promise.lambda$null$9(Promise.java:303)
	at ratpack.exec.Downstream$1.success(Downstream.java:73)
	at ratpack.exec.Promise.lambda$null$9(Promise.java:304)
	at ratpack.exec.Downstream$1.success(Downstream.java:73)
	at ratpack.exec.internal.DefaultExecution$2.lambda$success$1(DefaultExecution.java:161)
	at ratpack.exec.internal.DefaultExecution$SingleEventExecStream.exec(DefaultExecution.java:419)
	at ratpack.exec.internal.DefaultExecution.exec(DefaultExecution.java:248)
	at ratpack.exec.internal.DefaultExecution.intercept(DefaultExecution.java:240)
	at ratpack.exec.internal.DefaultExecution.drain(DefaultExecution.java:220)
	at ratpack.exec.internal.DefaultExecution.<init>(DefaultExecution.java:96)
	at ratpack.exec.internal.DefaultExecController$1.lambda$start$0(DefaultExecController.java:172)
	at io.netty.util.concurrent.PromiseTask.run(PromiseTask.java:73)
	at io.netty.util.concurrent.SingleThreadEventExecutor.runAllTasks(SingleThreadEventExecutor.java:339)
	at io.netty.channel.nio.NioEventLoop.run(NioEventLoop.java:356)
	at io.netty.util.concurrent.SingleThreadEventExecutor$5.run(SingleThreadEventExecutor.java:742)
	at ratpack.exec.internal.DefaultExecController$ExecControllerBindingThreadFactory.lambda$newThread$0(DefaultExecController.java:113)
	at io.netty.util.concurrent.DefaultThreadFactory$DefaultRunnableDecorator.run(DefaultThreadFactory.java:137)
	at java.lang.Thread.run(Thread.java:745)
10:55:20.194 - ERRserver(Could not find parser able to produce object of type 'com.fasterxml.jackson.databind.JsonNode' from request of content type 'application/x-www-form-urlencoded' and parse options 'JsonParseOpts{objectMapper=null}'. The following parsers were tried:
  - ratpack.jackson.internal.JsonParser (parses 'application/json' and types ending in '+json')) REQUEST Received = (0:0:0:0:0:0:0:1)(/1/eng/a/WineryRegion/Summary) [HTTP/1.1][POST] {0:0:0:0:0:0:0:1}<<<HEADER>>>{Host=[localhost:8888], Connection=[keep-alive], Content-Length=[10], Accept=[*/*], Origin=[null], User-Agent=[Mozilla/5.0 (Macintosh; Intel Mac OS X 10_10_5) AppleWebKit/537.36 (KHTML, like Gecko) Chrome/48.0.2564.109 Safari/537.36], Content-Type=[application/x-www-form-urlencoded; charset=UTF-8], Accept-Encoding=[gzip, deflate], Accept-Language=[en-US,en;q=0.8]}
ratpack.parse.NoSuchParserException: Could not find parser able to produce object of type 'com.fasterxml.jackson.databind.JsonNode' from request of content type 'application/x-www-form-urlencoded' and parse options 'JsonParseOpts{objectMapper=null}'. The following parsers were tried:
  - ratpack.jackson.internal.JsonParser (parses 'application/json' and types ending in '+json')
	at ratpack.handling.internal.DefaultContext.lambda$parse$8(DefaultContext.java:340)
	at java.util.Optional.orElseThrow(Optional.java:290)
	at ratpack.handling.internal.DefaultContext.parse(DefaultContext.java:340)
	at ratpack.handling.internal.DefaultContext.lambda$parse$5(DefaultContext.java:314)
	at ratpack.exec.Promise.lambda$null$9(Promise.java:303)
	at ratpack.exec.Downstream$1.success(Downstream.java:73)
	at ratpack.exec.Promise.lambda$null$9(Promise.java:304)
	at ratpack.exec.Downstream$1.success(Downstream.java:73)
	at ratpack.exec.internal.DefaultExecution$2.lambda$success$1(DefaultExecution.java:161)
	at ratpack.exec.internal.DefaultExecution$SingleEventExecStream.exec(DefaultExecution.java:419)
	at ratpack.exec.internal.DefaultExecution.exec(DefaultExecution.java:248)
	at ratpack.exec.internal.DefaultExecution.intercept(DefaultExecution.java:240)
	at ratpack.exec.internal.DefaultExecution.drain(DefaultExecution.java:220)
	at ratpack.exec.internal.DefaultExecution.<init>(DefaultExecution.java:96)
	at ratpack.exec.internal.DefaultExecController$1.lambda$start$0(DefaultExecController.java:172)
	at io.netty.util.concurrent.PromiseTask.run(PromiseTask.java:73)
	at io.netty.util.concurrent.SingleThreadEventExecutor.runAllTasks(SingleThreadEventExecutor.java:339)
	at io.netty.channel.nio.NioEventLoop.run(NioEventLoop.java:356)
	at io.netty.util.concurrent.SingleThreadEventExecutor$5.run(SingleThreadEventExecutor.java:742)
	at ratpack.exec.internal.DefaultExecController$ExecControllerBindingThreadFactory.lambda$newThread$0(DefaultExecController.java:113)
	at io.netty.util.concurrent.DefaultThreadFactory$DefaultRunnableDecorator.run(DefaultThreadFactory.java:137)
	at java.lang.Thread.run(Thread.java:745)
10:55:45.032 - ERRserver(Could not find parser able to produce object of type 'com.fasterxml.jackson.databind.JsonNode' from request of content type 'application/x-www-form-urlencoded' and parse options 'JsonParseOpts{objectMapper=null}'. The following parsers were tried:
  - ratpack.jackson.internal.JsonParser (parses 'application/json' and types ending in '+json')) REQUEST Received = (0:0:0:0:0:0:0:1)(/1/eng/a/WineryRegion/Detail) [HTTP/1.1][POST] {0:0:0:0:0:0:0:1}<<<HEADER>>>{Host=[localhost:8888], Connection=[keep-alive], Content-Length=[10], Accept=[*/*], Origin=[null], User-Agent=[Mozilla/5.0 (Macintosh; Intel Mac OS X 10_10_5) AppleWebKit/537.36 (KHTML, like Gecko) Chrome/48.0.2564.109 Safari/537.36], Content-Type=[application/x-www-form-urlencoded; charset=UTF-8], Accept-Encoding=[gzip, deflate], Accept-Language=[en-US,en;q=0.8]}
ratpack.parse.NoSuchParserException: Could not find parser able to produce object of type 'com.fasterxml.jackson.databind.JsonNode' from request of content type 'application/x-www-form-urlencoded' and parse options 'JsonParseOpts{objectMapper=null}'. The following parsers were tried:
  - ratpack.jackson.internal.JsonParser (parses 'application/json' and types ending in '+json')
	at ratpack.handling.internal.DefaultContext.lambda$parse$8(DefaultContext.java:340)
	at java.util.Optional.orElseThrow(Optional.java:290)
	at ratpack.handling.internal.DefaultContext.parse(DefaultContext.java:340)
	at ratpack.handling.internal.DefaultContext.lambda$parse$5(DefaultContext.java:314)
	at ratpack.exec.Promise.lambda$null$9(Promise.java:303)
	at ratpack.exec.Downstream$1.success(Downstream.java:73)
	at ratpack.exec.Promise.lambda$null$9(Promise.java:304)
	at ratpack.exec.Downstream$1.success(Downstream.java:73)
	at ratpack.exec.internal.DefaultExecution$2.lambda$success$1(DefaultExecution.java:161)
	at ratpack.exec.internal.DefaultExecution$SingleEventExecStream.exec(DefaultExecution.java:419)
	at ratpack.exec.internal.DefaultExecution.exec(DefaultExecution.java:248)
	at ratpack.exec.internal.DefaultExecution.intercept(DefaultExecution.java:240)
	at ratpack.exec.internal.DefaultExecution.drain(DefaultExecution.java:220)
	at ratpack.exec.internal.DefaultExecution.<init>(DefaultExecution.java:96)
	at ratpack.exec.internal.DefaultExecController$1.lambda$start$0(DefaultExecController.java:172)
	at io.netty.util.concurrent.PromiseTask.run(PromiseTask.java:73)
	at io.netty.util.concurrent.SingleThreadEventExecutor.runAllTasks(SingleThreadEventExecutor.java:339)
	at io.netty.channel.nio.NioEventLoop.run(NioEventLoop.java:356)
	at io.netty.util.concurrent.SingleThreadEventExecutor$5.run(SingleThreadEventExecutor.java:742)
	at ratpack.exec.internal.DefaultExecController$ExecControllerBindingThreadFactory.lambda$newThread$0(DefaultExecController.java:113)
	at io.netty.util.concurrent.DefaultThreadFactory$DefaultRunnableDecorator.run(DefaultThreadFactory.java:137)
	at java.lang.Thread.run(Thread.java:745)
10:55:46.101 - ERRserver(Could not find parser able to produce object of type 'com.fasterxml.jackson.databind.JsonNode' from request of content type 'application/x-www-form-urlencoded' and parse options 'JsonParseOpts{objectMapper=null}'. The following parsers were tried:
  - ratpack.jackson.internal.JsonParser (parses 'application/json' and types ending in '+json')) REQUEST Received = (0:0:0:0:0:0:0:1)(/1/eng/a/WineryRegion/Detail) [HTTP/1.1][POST] {0:0:0:0:0:0:0:1}<<<HEADER>>>{Host=[localhost:8888], Connection=[keep-alive], Content-Length=[10], Accept=[*/*], Origin=[null], User-Agent=[Mozilla/5.0 (Macintosh; Intel Mac OS X 10_10_5) AppleWebKit/537.36 (KHTML, like Gecko) Chrome/48.0.2564.109 Safari/537.36], Content-Type=[application/x-www-form-urlencoded; charset=UTF-8], Accept-Encoding=[gzip, deflate], Accept-Language=[en-US,en;q=0.8]}
ratpack.parse.NoSuchParserException: Could not find parser able to produce object of type 'com.fasterxml.jackson.databind.JsonNode' from request of content type 'application/x-www-form-urlencoded' and parse options 'JsonParseOpts{objectMapper=null}'. The following parsers were tried:
  - ratpack.jackson.internal.JsonParser (parses 'application/json' and types ending in '+json')
	at ratpack.handling.internal.DefaultContext.lambda$parse$8(DefaultContext.java:340)
	at java.util.Optional.orElseThrow(Optional.java:290)
	at ratpack.handling.internal.DefaultContext.parse(DefaultContext.java:340)
	at ratpack.handling.internal.DefaultContext.lambda$parse$5(DefaultContext.java:314)
	at ratpack.exec.Promise.lambda$null$9(Promise.java:303)
	at ratpack.exec.Downstream$1.success(Downstream.java:73)
	at ratpack.exec.Promise.lambda$null$9(Promise.java:304)
	at ratpack.exec.Downstream$1.success(Downstream.java:73)
	at ratpack.exec.internal.DefaultExecution$2.lambda$success$1(DefaultExecution.java:161)
	at ratpack.exec.internal.DefaultExecution$SingleEventExecStream.exec(DefaultExecution.java:419)
	at ratpack.exec.internal.DefaultExecution.exec(DefaultExecution.java:248)
	at ratpack.exec.internal.DefaultExecution.intercept(DefaultExecution.java:240)
	at ratpack.exec.internal.DefaultExecution.drain(DefaultExecution.java:220)
	at ratpack.exec.internal.DefaultExecution.<init>(DefaultExecution.java:96)
	at ratpack.exec.internal.DefaultExecController$1.lambda$start$0(DefaultExecController.java:172)
	at io.netty.util.concurrent.PromiseTask.run(PromiseTask.java:73)
	at io.netty.util.concurrent.SingleThreadEventExecutor.runAllTasks(SingleThreadEventExecutor.java:339)
	at io.netty.channel.nio.NioEventLoop.run(NioEventLoop.java:356)
	at io.netty.util.concurrent.SingleThreadEventExecutor$5.run(SingleThreadEventExecutor.java:742)
	at ratpack.exec.internal.DefaultExecController$ExecControllerBindingThreadFactory.lambda$newThread$0(DefaultExecController.java:113)
	at io.netty.util.concurrent.DefaultThreadFactory$DefaultRunnableDecorator.run(DefaultThreadFactory.java:137)
	at java.lang.Thread.run(Thread.java:745)
10:55:46.291 - ERRserver(Could not find parser able to produce object of type 'com.fasterxml.jackson.databind.JsonNode' from request of content type 'application/x-www-form-urlencoded' and parse options 'JsonParseOpts{objectMapper=null}'. The following parsers were tried:
  - ratpack.jackson.internal.JsonParser (parses 'application/json' and types ending in '+json')) REQUEST Received = (0:0:0:0:0:0:0:1)(/1/eng/a/WineryRegion/Detail) [HTTP/1.1][POST] {0:0:0:0:0:0:0:1}<<<HEADER>>>{Host=[localhost:8888], Connection=[keep-alive], Content-Length=[10], Accept=[*/*], Origin=[null], User-Agent=[Mozilla/5.0 (Macintosh; Intel Mac OS X 10_10_5) AppleWebKit/537.36 (KHTML, like Gecko) Chrome/48.0.2564.109 Safari/537.36], Content-Type=[application/x-www-form-urlencoded; charset=UTF-8], Accept-Encoding=[gzip, deflate], Accept-Language=[en-US,en;q=0.8]}
ratpack.parse.NoSuchParserException: Could not find parser able to produce object of type 'com.fasterxml.jackson.databind.JsonNode' from request of content type 'application/x-www-form-urlencoded' and parse options 'JsonParseOpts{objectMapper=null}'. The following parsers were tried:
  - ratpack.jackson.internal.JsonParser (parses 'application/json' and types ending in '+json')
	at ratpack.handling.internal.DefaultContext.lambda$parse$8(DefaultContext.java:340)
	at java.util.Optional.orElseThrow(Optional.java:290)
	at ratpack.handling.internal.DefaultContext.parse(DefaultContext.java:340)
	at ratpack.handling.internal.DefaultContext.lambda$parse$5(DefaultContext.java:314)
	at ratpack.exec.Promise.lambda$null$9(Promise.java:303)
	at ratpack.exec.Downstream$1.success(Downstream.java:73)
	at ratpack.exec.Promise.lambda$null$9(Promise.java:304)
	at ratpack.exec.Downstream$1.success(Downstream.java:73)
	at ratpack.exec.internal.DefaultExecution$2.lambda$success$1(DefaultExecution.java:161)
	at ratpack.exec.internal.DefaultExecution$SingleEventExecStream.exec(DefaultExecution.java:419)
	at ratpack.exec.internal.DefaultExecution.exec(DefaultExecution.java:248)
	at ratpack.exec.internal.DefaultExecution.intercept(DefaultExecution.java:240)
	at ratpack.exec.internal.DefaultExecution.drain(DefaultExecution.java:220)
	at ratpack.exec.internal.DefaultExecution.<init>(DefaultExecution.java:96)
	at ratpack.exec.internal.DefaultExecController$1.lambda$start$0(DefaultExecController.java:172)
	at io.netty.util.concurrent.PromiseTask.run(PromiseTask.java:73)
	at io.netty.util.concurrent.SingleThreadEventExecutor.runAllTasks(SingleThreadEventExecutor.java:339)
	at io.netty.channel.nio.NioEventLoop.run(NioEventLoop.java:356)
	at io.netty.util.concurrent.SingleThreadEventExecutor$5.run(SingleThreadEventExecutor.java:742)
	at ratpack.exec.internal.DefaultExecController$ExecControllerBindingThreadFactory.lambda$newThread$0(DefaultExecController.java:113)
	at io.netty.util.concurrent.DefaultThreadFactory$DefaultRunnableDecorator.run(DefaultThreadFactory.java:137)
	at java.lang.Thread.run(Thread.java:745)
10:55:46.468 - ERRserver(Could not find parser able to produce object of type 'com.fasterxml.jackson.databind.JsonNode' from request of content type 'application/x-www-form-urlencoded' and parse options 'JsonParseOpts{objectMapper=null}'. The following parsers were tried:
  - ratpack.jackson.internal.JsonParser (parses 'application/json' and types ending in '+json')) REQUEST Received = (0:0:0:0:0:0:0:1)(/1/eng/a/WineryRegion/Detail) [HTTP/1.1][POST] {0:0:0:0:0:0:0:1}<<<HEADER>>>{Host=[localhost:8888], Connection=[keep-alive], Content-Length=[10], Accept=[*/*], Origin=[null], User-Agent=[Mozilla/5.0 (Macintosh; Intel Mac OS X 10_10_5) AppleWebKit/537.36 (KHTML, like Gecko) Chrome/48.0.2564.109 Safari/537.36], Content-Type=[application/x-www-form-urlencoded; charset=UTF-8], Accept-Encoding=[gzip, deflate], Accept-Language=[en-US,en;q=0.8]}
ratpack.parse.NoSuchParserException: Could not find parser able to produce object of type 'com.fasterxml.jackson.databind.JsonNode' from request of content type 'application/x-www-form-urlencoded' and parse options 'JsonParseOpts{objectMapper=null}'. The following parsers were tried:
  - ratpack.jackson.internal.JsonParser (parses 'application/json' and types ending in '+json')
	at ratpack.handling.internal.DefaultContext.lambda$parse$8(DefaultContext.java:340)
	at java.util.Optional.orElseThrow(Optional.java:290)
	at ratpack.handling.internal.DefaultContext.parse(DefaultContext.java:340)
	at ratpack.handling.internal.DefaultContext.lambda$parse$5(DefaultContext.java:314)
	at ratpack.exec.Promise.lambda$null$9(Promise.java:303)
	at ratpack.exec.Downstream$1.success(Downstream.java:73)
	at ratpack.exec.Promise.lambda$null$9(Promise.java:304)
	at ratpack.exec.Downstream$1.success(Downstream.java:73)
	at ratpack.exec.internal.DefaultExecution$2.lambda$success$1(DefaultExecution.java:161)
	at ratpack.exec.internal.DefaultExecution$SingleEventExecStream.exec(DefaultExecution.java:419)
	at ratpack.exec.internal.DefaultExecution.exec(DefaultExecution.java:248)
	at ratpack.exec.internal.DefaultExecution.intercept(DefaultExecution.java:240)
	at ratpack.exec.internal.DefaultExecution.drain(DefaultExecution.java:220)
	at ratpack.exec.internal.DefaultExecution.<init>(DefaultExecution.java:96)
	at ratpack.exec.internal.DefaultExecController$1.lambda$start$0(DefaultExecController.java:172)
	at io.netty.util.concurrent.PromiseTask.run(PromiseTask.java:73)
	at io.netty.util.concurrent.SingleThreadEventExecutor.runAllTasks(SingleThreadEventExecutor.java:339)
	at io.netty.channel.nio.NioEventLoop.run(NioEventLoop.java:356)
	at io.netty.util.concurrent.SingleThreadEventExecutor$5.run(SingleThreadEventExecutor.java:742)
	at ratpack.exec.internal.DefaultExecController$ExecControllerBindingThreadFactory.lambda$newThread$0(DefaultExecController.java:113)
	at io.netty.util.concurrent.DefaultThreadFactory$DefaultRunnableDecorator.run(DefaultThreadFactory.java:137)
	at java.lang.Thread.run(Thread.java:745)
10:55:46.665 - ERRserver(Could not find parser able to produce object of type 'com.fasterxml.jackson.databind.JsonNode' from request of content type 'application/x-www-form-urlencoded' and parse options 'JsonParseOpts{objectMapper=null}'. The following parsers were tried:
  - ratpack.jackson.internal.JsonParser (parses 'application/json' and types ending in '+json')) REQUEST Received = (0:0:0:0:0:0:0:1)(/1/eng/a/WineryRegion/Detail) [HTTP/1.1][POST] {0:0:0:0:0:0:0:1}<<<HEADER>>>{Host=[localhost:8888], Connection=[keep-alive], Content-Length=[10], Accept=[*/*], Origin=[null], User-Agent=[Mozilla/5.0 (Macintosh; Intel Mac OS X 10_10_5) AppleWebKit/537.36 (KHTML, like Gecko) Chrome/48.0.2564.109 Safari/537.36], Content-Type=[application/x-www-form-urlencoded; charset=UTF-8], Accept-Encoding=[gzip, deflate], Accept-Language=[en-US,en;q=0.8]}
ratpack.parse.NoSuchParserException: Could not find parser able to produce object of type 'com.fasterxml.jackson.databind.JsonNode' from request of content type 'application/x-www-form-urlencoded' and parse options 'JsonParseOpts{objectMapper=null}'. The following parsers were tried:
  - ratpack.jackson.internal.JsonParser (parses 'application/json' and types ending in '+json')
	at ratpack.handling.internal.DefaultContext.lambda$parse$8(DefaultContext.java:340)
	at java.util.Optional.orElseThrow(Optional.java:290)
	at ratpack.handling.internal.DefaultContext.parse(DefaultContext.java:340)
	at ratpack.handling.internal.DefaultContext.lambda$parse$5(DefaultContext.java:314)
	at ratpack.exec.Promise.lambda$null$9(Promise.java:303)
	at ratpack.exec.Downstream$1.success(Downstream.java:73)
	at ratpack.exec.Promise.lambda$null$9(Promise.java:304)
	at ratpack.exec.Downstream$1.success(Downstream.java:73)
	at ratpack.exec.internal.DefaultExecution$2.lambda$success$1(DefaultExecution.java:161)
	at ratpack.exec.internal.DefaultExecution$SingleEventExecStream.exec(DefaultExecution.java:419)
	at ratpack.exec.internal.DefaultExecution.exec(DefaultExecution.java:248)
	at ratpack.exec.internal.DefaultExecution.intercept(DefaultExecution.java:240)
	at ratpack.exec.internal.DefaultExecution.drain(DefaultExecution.java:220)
	at ratpack.exec.internal.DefaultExecution.<init>(DefaultExecution.java:96)
	at ratpack.exec.internal.DefaultExecController$1.lambda$start$0(DefaultExecController.java:172)
	at io.netty.util.concurrent.PromiseTask.run(PromiseTask.java:73)
	at io.netty.util.concurrent.SingleThreadEventExecutor.runAllTasks(SingleThreadEventExecutor.java:339)
	at io.netty.channel.nio.NioEventLoop.run(NioEventLoop.java:356)
	at io.netty.util.concurrent.SingleThreadEventExecutor$5.run(SingleThreadEventExecutor.java:742)
	at ratpack.exec.internal.DefaultExecController$ExecControllerBindingThreadFactory.lambda$newThread$0(DefaultExecController.java:113)
	at io.netty.util.concurrent.DefaultThreadFactory$DefaultRunnableDecorator.run(DefaultThreadFactory.java:137)
	at java.lang.Thread.run(Thread.java:745)
10:55:46.854 - ERRserver(Could not find parser able to produce object of type 'com.fasterxml.jackson.databind.JsonNode' from request of content type 'application/x-www-form-urlencoded' and parse options 'JsonParseOpts{objectMapper=null}'. The following parsers were tried:
  - ratpack.jackson.internal.JsonParser (parses 'application/json' and types ending in '+json')) REQUEST Received = (0:0:0:0:0:0:0:1)(/1/eng/a/WineryRegion/Detail) [HTTP/1.1][POST] {0:0:0:0:0:0:0:1}<<<HEADER>>>{Host=[localhost:8888], Connection=[keep-alive], Content-Length=[10], Accept=[*/*], Origin=[null], User-Agent=[Mozilla/5.0 (Macintosh; Intel Mac OS X 10_10_5) AppleWebKit/537.36 (KHTML, like Gecko) Chrome/48.0.2564.109 Safari/537.36], Content-Type=[application/x-www-form-urlencoded; charset=UTF-8], Accept-Encoding=[gzip, deflate], Accept-Language=[en-US,en;q=0.8]}
ratpack.parse.NoSuchParserException: Could not find parser able to produce object of type 'com.fasterxml.jackson.databind.JsonNode' from request of content type 'application/x-www-form-urlencoded' and parse options 'JsonParseOpts{objectMapper=null}'. The following parsers were tried:
  - ratpack.jackson.internal.JsonParser (parses 'application/json' and types ending in '+json')
	at ratpack.handling.internal.DefaultContext.lambda$parse$8(DefaultContext.java:340)
	at java.util.Optional.orElseThrow(Optional.java:290)
	at ratpack.handling.internal.DefaultContext.parse(DefaultContext.java:340)
	at ratpack.handling.internal.DefaultContext.lambda$parse$5(DefaultContext.java:314)
	at ratpack.exec.Promise.lambda$null$9(Promise.java:303)
	at ratpack.exec.Downstream$1.success(Downstream.java:73)
	at ratpack.exec.Promise.lambda$null$9(Promise.java:304)
	at ratpack.exec.Downstream$1.success(Downstream.java:73)
	at ratpack.exec.internal.DefaultExecution$2.lambda$success$1(DefaultExecution.java:161)
	at ratpack.exec.internal.DefaultExecution$SingleEventExecStream.exec(DefaultExecution.java:419)
	at ratpack.exec.internal.DefaultExecution.exec(DefaultExecution.java:248)
	at ratpack.exec.internal.DefaultExecution.intercept(DefaultExecution.java:240)
	at ratpack.exec.internal.DefaultExecution.drain(DefaultExecution.java:220)
	at ratpack.exec.internal.DefaultExecution.<init>(DefaultExecution.java:96)
	at ratpack.exec.internal.DefaultExecController$1.lambda$start$0(DefaultExecController.java:172)
	at io.netty.util.concurrent.PromiseTask.run(PromiseTask.java:73)
	at io.netty.util.concurrent.SingleThreadEventExecutor.runAllTasks(SingleThreadEventExecutor.java:339)
	at io.netty.channel.nio.NioEventLoop.run(NioEventLoop.java:356)
	at io.netty.util.concurrent.SingleThreadEventExecutor$5.run(SingleThreadEventExecutor.java:742)
	at ratpack.exec.internal.DefaultExecController$ExecControllerBindingThreadFactory.lambda$newThread$0(DefaultExecController.java:113)
	at io.netty.util.concurrent.DefaultThreadFactory$DefaultRunnableDecorator.run(DefaultThreadFactory.java:137)
	at java.lang.Thread.run(Thread.java:745)
10:55:47.032 - ERRserver(Could not find parser able to produce object of type 'com.fasterxml.jackson.databind.JsonNode' from request of content type 'application/x-www-form-urlencoded' and parse options 'JsonParseOpts{objectMapper=null}'. The following parsers were tried:
  - ratpack.jackson.internal.JsonParser (parses 'application/json' and types ending in '+json')) REQUEST Received = (0:0:0:0:0:0:0:1)(/1/eng/a/WineryRegion/Detail) [HTTP/1.1][POST] {0:0:0:0:0:0:0:1}<<<HEADER>>>{Host=[localhost:8888], Connection=[keep-alive], Content-Length=[10], Accept=[*/*], Origin=[null], User-Agent=[Mozilla/5.0 (Macintosh; Intel Mac OS X 10_10_5) AppleWebKit/537.36 (KHTML, like Gecko) Chrome/48.0.2564.109 Safari/537.36], Content-Type=[application/x-www-form-urlencoded; charset=UTF-8], Accept-Encoding=[gzip, deflate], Accept-Language=[en-US,en;q=0.8]}
ratpack.parse.NoSuchParserException: Could not find parser able to produce object of type 'com.fasterxml.jackson.databind.JsonNode' from request of content type 'application/x-www-form-urlencoded' and parse options 'JsonParseOpts{objectMapper=null}'. The following parsers were tried:
  - ratpack.jackson.internal.JsonParser (parses 'application/json' and types ending in '+json')
	at ratpack.handling.internal.DefaultContext.lambda$parse$8(DefaultContext.java:340)
	at java.util.Optional.orElseThrow(Optional.java:290)
	at ratpack.handling.internal.DefaultContext.parse(DefaultContext.java:340)
	at ratpack.handling.internal.DefaultContext.lambda$parse$5(DefaultContext.java:314)
	at ratpack.exec.Promise.lambda$null$9(Promise.java:303)
	at ratpack.exec.Downstream$1.success(Downstream.java:73)
	at ratpack.exec.Promise.lambda$null$9(Promise.java:304)
	at ratpack.exec.Downstream$1.success(Downstream.java:73)
	at ratpack.exec.internal.DefaultExecution$2.lambda$success$1(DefaultExecution.java:161)
	at ratpack.exec.internal.DefaultExecution$SingleEventExecStream.exec(DefaultExecution.java:419)
	at ratpack.exec.internal.DefaultExecution.exec(DefaultExecution.java:248)
	at ratpack.exec.internal.DefaultExecution.intercept(DefaultExecution.java:240)
	at ratpack.exec.internal.DefaultExecution.drain(DefaultExecution.java:220)
	at ratpack.exec.internal.DefaultExecution.<init>(DefaultExecution.java:96)
	at ratpack.exec.internal.DefaultExecController$1.lambda$start$0(DefaultExecController.java:172)
	at io.netty.util.concurrent.PromiseTask.run(PromiseTask.java:73)
	at io.netty.util.concurrent.SingleThreadEventExecutor.runAllTasks(SingleThreadEventExecutor.java:339)
	at io.netty.channel.nio.NioEventLoop.run(NioEventLoop.java:356)
	at io.netty.util.concurrent.SingleThreadEventExecutor$5.run(SingleThreadEventExecutor.java:742)
	at ratpack.exec.internal.DefaultExecController$ExecControllerBindingThreadFactory.lambda$newThread$0(DefaultExecController.java:113)
	at io.netty.util.concurrent.DefaultThreadFactory$DefaultRunnableDecorator.run(DefaultThreadFactory.java:137)
	at java.lang.Thread.run(Thread.java:745)
10:55:47.210 - ERRserver(Could not find parser able to produce object of type 'com.fasterxml.jackson.databind.JsonNode' from request of content type 'application/x-www-form-urlencoded' and parse options 'JsonParseOpts{objectMapper=null}'. The following parsers were tried:
  - ratpack.jackson.internal.JsonParser (parses 'application/json' and types ending in '+json')) REQUEST Received = (0:0:0:0:0:0:0:1)(/1/eng/a/WineryRegion/Detail) [HTTP/1.1][POST] {0:0:0:0:0:0:0:1}<<<HEADER>>>{Host=[localhost:8888], Connection=[keep-alive], Content-Length=[10], Accept=[*/*], Origin=[null], User-Agent=[Mozilla/5.0 (Macintosh; Intel Mac OS X 10_10_5) AppleWebKit/537.36 (KHTML, like Gecko) Chrome/48.0.2564.109 Safari/537.36], Content-Type=[application/x-www-form-urlencoded; charset=UTF-8], Accept-Encoding=[gzip, deflate], Accept-Language=[en-US,en;q=0.8]}
ratpack.parse.NoSuchParserException: Could not find parser able to produce object of type 'com.fasterxml.jackson.databind.JsonNode' from request of content type 'application/x-www-form-urlencoded' and parse options 'JsonParseOpts{objectMapper=null}'. The following parsers were tried:
  - ratpack.jackson.internal.JsonParser (parses 'application/json' and types ending in '+json')
	at ratpack.handling.internal.DefaultContext.lambda$parse$8(DefaultContext.java:340)
	at java.util.Optional.orElseThrow(Optional.java:290)
	at ratpack.handling.internal.DefaultContext.parse(DefaultContext.java:340)
	at ratpack.handling.internal.DefaultContext.lambda$parse$5(DefaultContext.java:314)
	at ratpack.exec.Promise.lambda$null$9(Promise.java:303)
	at ratpack.exec.Downstream$1.success(Downstream.java:73)
	at ratpack.exec.Promise.lambda$null$9(Promise.java:304)
	at ratpack.exec.Downstream$1.success(Downstream.java:73)
	at ratpack.exec.internal.DefaultExecution$2.lambda$success$1(DefaultExecution.java:161)
	at ratpack.exec.internal.DefaultExecution$SingleEventExecStream.exec(DefaultExecution.java:419)
	at ratpack.exec.internal.DefaultExecution.exec(DefaultExecution.java:248)
	at ratpack.exec.internal.DefaultExecution.intercept(DefaultExecution.java:240)
	at ratpack.exec.internal.DefaultExecution.drain(DefaultExecution.java:220)
	at ratpack.exec.internal.DefaultExecution.<init>(DefaultExecution.java:96)
	at ratpack.exec.internal.DefaultExecController$1.lambda$start$0(DefaultExecController.java:172)
	at io.netty.util.concurrent.PromiseTask.run(PromiseTask.java:73)
	at io.netty.util.concurrent.SingleThreadEventExecutor.runAllTasks(SingleThreadEventExecutor.java:339)
	at io.netty.channel.nio.NioEventLoop.run(NioEventLoop.java:356)
	at io.netty.util.concurrent.SingleThreadEventExecutor$5.run(SingleThreadEventExecutor.java:742)
	at ratpack.exec.internal.DefaultExecController$ExecControllerBindingThreadFactory.lambda$newThread$0(DefaultExecController.java:113)
	at io.netty.util.concurrent.DefaultThreadFactory$DefaultRunnableDecorator.run(DefaultThreadFactory.java:137)
	at java.lang.Thread.run(Thread.java:745)
10:55:47.401 - ERRserver(Could not find parser able to produce object of type 'com.fasterxml.jackson.databind.JsonNode' from request of content type 'application/x-www-form-urlencoded' and parse options 'JsonParseOpts{objectMapper=null}'. The following parsers were tried:
  - ratpack.jackson.internal.JsonParser (parses 'application/json' and types ending in '+json')) REQUEST Received = (0:0:0:0:0:0:0:1)(/1/eng/a/WineryRegion/Detail) [HTTP/1.1][POST] {0:0:0:0:0:0:0:1}<<<HEADER>>>{Host=[localhost:8888], Connection=[keep-alive], Content-Length=[10], Accept=[*/*], Origin=[null], User-Agent=[Mozilla/5.0 (Macintosh; Intel Mac OS X 10_10_5) AppleWebKit/537.36 (KHTML, like Gecko) Chrome/48.0.2564.109 Safari/537.36], Content-Type=[application/x-www-form-urlencoded; charset=UTF-8], Accept-Encoding=[gzip, deflate], Accept-Language=[en-US,en;q=0.8]}
ratpack.parse.NoSuchParserException: Could not find parser able to produce object of type 'com.fasterxml.jackson.databind.JsonNode' from request of content type 'application/x-www-form-urlencoded' and parse options 'JsonParseOpts{objectMapper=null}'. The following parsers were tried:
  - ratpack.jackson.internal.JsonParser (parses 'application/json' and types ending in '+json')
	at ratpack.handling.internal.DefaultContext.lambda$parse$8(DefaultContext.java:340)
	at java.util.Optional.orElseThrow(Optional.java:290)
	at ratpack.handling.internal.DefaultContext.parse(DefaultContext.java:340)
	at ratpack.handling.internal.DefaultContext.lambda$parse$5(DefaultContext.java:314)
	at ratpack.exec.Promise.lambda$null$9(Promise.java:303)
	at ratpack.exec.Downstream$1.success(Downstream.java:73)
	at ratpack.exec.Promise.lambda$null$9(Promise.java:304)
	at ratpack.exec.Downstream$1.success(Downstream.java:73)
	at ratpack.exec.internal.DefaultExecution$2.lambda$success$1(DefaultExecution.java:161)
	at ratpack.exec.internal.DefaultExecution$SingleEventExecStream.exec(DefaultExecution.java:419)
	at ratpack.exec.internal.DefaultExecution.exec(DefaultExecution.java:248)
	at ratpack.exec.internal.DefaultExecution.intercept(DefaultExecution.java:240)
	at ratpack.exec.internal.DefaultExecution.drain(DefaultExecution.java:220)
	at ratpack.exec.internal.DefaultExecution.<init>(DefaultExecution.java:96)
	at ratpack.exec.internal.DefaultExecController$1.lambda$start$0(DefaultExecController.java:172)
	at io.netty.util.concurrent.PromiseTask.run(PromiseTask.java:73)
	at io.netty.util.concurrent.SingleThreadEventExecutor.runAllTasks(SingleThreadEventExecutor.java:339)
	at io.netty.channel.nio.NioEventLoop.run(NioEventLoop.java:356)
	at io.netty.util.concurrent.SingleThreadEventExecutor$5.run(SingleThreadEventExecutor.java:742)
	at ratpack.exec.internal.DefaultExecController$ExecControllerBindingThreadFactory.lambda$newThread$0(DefaultExecController.java:113)
	at io.netty.util.concurrent.DefaultThreadFactory$DefaultRunnableDecorator.run(DefaultThreadFactory.java:137)
	at java.lang.Thread.run(Thread.java:745)
10:55:47.600 - ERRserver(Could not find parser able to produce object of type 'com.fasterxml.jackson.databind.JsonNode' from request of content type 'application/x-www-form-urlencoded' and parse options 'JsonParseOpts{objectMapper=null}'. The following parsers were tried:
  - ratpack.jackson.internal.JsonParser (parses 'application/json' and types ending in '+json')) REQUEST Received = (0:0:0:0:0:0:0:1)(/1/eng/a/WineryRegion/Detail) [HTTP/1.1][POST] {0:0:0:0:0:0:0:1}<<<HEADER>>>{Host=[localhost:8888], Connection=[keep-alive], Content-Length=[10], Accept=[*/*], Origin=[null], User-Agent=[Mozilla/5.0 (Macintosh; Intel Mac OS X 10_10_5) AppleWebKit/537.36 (KHTML, like Gecko) Chrome/48.0.2564.109 Safari/537.36], Content-Type=[application/x-www-form-urlencoded; charset=UTF-8], Accept-Encoding=[gzip, deflate], Accept-Language=[en-US,en;q=0.8]}
ratpack.parse.NoSuchParserException: Could not find parser able to produce object of type 'com.fasterxml.jackson.databind.JsonNode' from request of content type 'application/x-www-form-urlencoded' and parse options 'JsonParseOpts{objectMapper=null}'. The following parsers were tried:
  - ratpack.jackson.internal.JsonParser (parses 'application/json' and types ending in '+json')
	at ratpack.handling.internal.DefaultContext.lambda$parse$8(DefaultContext.java:340)
	at java.util.Optional.orElseThrow(Optional.java:290)
	at ratpack.handling.internal.DefaultContext.parse(DefaultContext.java:340)
	at ratpack.handling.internal.DefaultContext.lambda$parse$5(DefaultContext.java:314)
	at ratpack.exec.Promise.lambda$null$9(Promise.java:303)
	at ratpack.exec.Downstream$1.success(Downstream.java:73)
	at ratpack.exec.Promise.lambda$null$9(Promise.java:304)
	at ratpack.exec.Downstream$1.success(Downstream.java:73)
	at ratpack.exec.internal.DefaultExecution$2.lambda$success$1(DefaultExecution.java:161)
	at ratpack.exec.internal.DefaultExecution$SingleEventExecStream.exec(DefaultExecution.java:419)
	at ratpack.exec.internal.DefaultExecution.exec(DefaultExecution.java:248)
	at ratpack.exec.internal.DefaultExecution.intercept(DefaultExecution.java:240)
	at ratpack.exec.internal.DefaultExecution.drain(DefaultExecution.java:220)
	at ratpack.exec.internal.DefaultExecution.<init>(DefaultExecution.java:96)
	at ratpack.exec.internal.DefaultExecController$1.lambda$start$0(DefaultExecController.java:172)
	at io.netty.util.concurrent.PromiseTask.run(PromiseTask.java:73)
	at io.netty.util.concurrent.SingleThreadEventExecutor.runAllTasks(SingleThreadEventExecutor.java:339)
	at io.netty.channel.nio.NioEventLoop.run(NioEventLoop.java:356)
	at io.netty.util.concurrent.SingleThreadEventExecutor$5.run(SingleThreadEventExecutor.java:742)
	at ratpack.exec.internal.DefaultExecController$ExecControllerBindingThreadFactory.lambda$newThread$0(DefaultExecController.java:113)
	at io.netty.util.concurrent.DefaultThreadFactory$DefaultRunnableDecorator.run(DefaultThreadFactory.java:137)
	at java.lang.Thread.run(Thread.java:745)
