#
# A fatal error has been detected by the Java Runtime Environment:
#
#  SIGBUS (0xa) at pc=0x0000000107296eb9, pid=11809, tid=23299
#
# JRE version: Java(TM) SE Runtime Environment (8.0_65-b17) (build 1.8.0_65-b17)
# Java VM: Java HotSpot(TM) 64-Bit Server VM (25.65-b01 mixed mode bsd-amd64 compressed oops)
# Problematic frame:
# C  [libzip.dylib+0x2eb9]  newEntry+0x154
#
# Failed to write core dump. Core dumps have been disabled. To enable core dumping, try "ulimit -c unlimited" before starting Java again
#
# If you would like to submit a bug report, please visit:
#   http://bugreport.java.com/bugreport/crash.jsp
# The crash happened outside the Java Virtual Machine in native code.
# See problematic frame for where to report the bug.
#

---------------  T H R E A D  ---------------

Current thread (0x00007f99344f3000):  JavaThread "ratpack-compute-1-1" [_thread_in_native, id=23299, stack(0x0000000121869000,0x0000000121969000)]

siginfo: si_signo: 10 (SIGBUS), si_code: 2 (BUS_ADRERR), si_addr: 0x000000011f3a38b9

Registers:
RAX=0x00007f99334382a0, RBX=0x000000011f3a38ad, RCX=0x0000000000000001, RDX=0x0000000000000c08
RSP=0x0000000121965d40, RBP=0x0000000121965da0, RSI=0x00007f9933600000, RDI=0x000000010588e400
R8 =0x0000000000000004, R9 =0x00000000fe000000, R10=0x0000000000000023, R11=0x00007f9933600000
R12=0x000000011f2e5000, R13=0x000000000001a070, R14=0x00000000e4a75d50, R15=0x00007f9933605af0
RIP=0x0000000107296eb9, EFLAGS=0x0000000000010202, ERR=0x0000000000000004
  TRAPNO=0x000000000000000e

Top of Stack: (sp=0x0000000121965d40)
0x0000000121965d40:   00007f9933706968 000000008562cc70
0x0000000121965d50:   0000000000002f00 0000000000000000
0x0000000121965d60:   0000000121965d80 00007f99334382a0
0x0000000121965d70:   00007f99336cc540 00007f99334382a0
0x0000000121965d80:   000000011f2e5000 000000000001a070
0x0000000121965d90:   00000000e4a75d50 00007f9933605af0
0x0000000121965da0:   0000000121965e00 0000000107297554
0x0000000121965db0:   0000000121965e4c 0000000121965e4b
0x0000000121965dc0:   0000002c00000000 0000002d014f3000
0x0000000121965dd0:   0000000121965e1e 0000000121966268
0x0000000121965de0:   000000000000002d 0000000121965e1e
0x0000000121965df0:   00007f99334382a0 00007f99344f31f8
0x0000000121965e00:   0000000121966250 000000010729634f
0x0000000121965e10:   00000035067d291e 6f63000100000001
0x0000000121965e20:   72657878617a2f6d 2f6972616b69682f
0x0000000121965e30:   6972442f6c697475 5361746144726576
0x0000000121965e40:   6c632e656372756f 0000000100737361
0x0000000121965e50:   ffffffc621965e90 0000000000000001
0x0000000121965e60:   00007fff8fdb59a9 000000000000003a
0x0000000121965e70:   0000000000000001 0000000000000001
0x0000000121965e80:   0000000000000000 0000000000000000
0x0000000121965e90:   0000000000000000 00000001205660e8
0x0000000121965ea0:   0000000121966628 0000000000000002
0x0000000121965eb0:   0000000121966300 0000000000000000
0x0000000121965ec0:   0000000000000000 000000000000003a
0x0000000121965ed0:   0000003a21966618 00000001219668c0
0x0000000121965ee0:   00000007955d49d8 00000001074fbf14
0x0000000121965ef0:   0000000740230e68 00000001076f9adc
0x0000000121965f00:   00000005fc42c7b4 5800000000000000
0x0000000121965f10:   0000000075b2a6b8 00000007955d49c0
0x0000000121965f20:   0000000000000000 0000000000000027
0x0000000121965f30:   0000000740230b70 000000010747563c 

Instructions: (pc=0x0000000107296eb9)
0x0000000107296e99:   49 8b 7f 38 e8 50 1b 00 00 4d 89 77 38 49 89 5f
0x0000000107296ea9:   40 4c 89 f0 48 85 c0 0f 84 11 05 00 00 48 89 c3
0x0000000107296eb9:   0f b6 43 0c 0f b6 4b 0d 48 c1 e1 08 48 01 c1 0f
0x0000000107296ec9:   b6 43 0e 0f b6 53 0f 48 c1 e2 08 48 01 c2 48 c1 

Register to memory mapping:

RAX=0x00007f99334382a0 is an unknown value
RBX=0x000000011f3a38ad is an unknown value
RCX=0x0000000000000001 is an unknown value
RDX=0x0000000000000c08 is an unknown value
RSP=0x0000000121965d40 is pointing into the stack for thread: 0x00007f99344f3000
RBP=0x0000000121965da0 is pointing into the stack for thread: 0x00007f99344f3000
RSI=0x00007f9933600000 is an unknown value
RDI=0x000000010588e400 is an unknown value
R8 =0x0000000000000004 is an unknown value
R9 =0x00000000fe000000 is an unknown value
R10=0x0000000000000023 is an unknown value
R11=0x00007f9933600000 is an unknown value
R12=0x000000011f2e5000 is an unknown value
R13=0x000000000001a070 is an unknown value
R14=0x00000000e4a75d50 is an unknown value
R15=0x00007f9933605af0 is an unknown value


Stack: [0x0000000121869000,0x0000000121969000],  sp=0x0000000121965d40,  free space=1011k
Native frames: (J=compiled Java code, j=interpreted, Vv=VM code, C=native code)
C  [libzip.dylib+0x2eb9]  newEntry+0x154
C  [libzip.dylib+0x3554]  ZIP_GetEntry2+0xd4
C  [libzip.dylib+0x234f]  Java_java_util_zip_ZipFile_getEntry+0xcf
J 328  java.util.zip.ZipFile.getEntry(J[BZ)J (0 bytes) @ 0x000000010744774e [0x0000000107447680+0xce]
J 1001 C2 sun.misc.URLClassPath.getResource(Ljava/lang/String;Z)Lsun/misc/Resource; (83 bytes) @ 0x0000000107610528 [0x000000010760fec0+0x668]
J 362 C1 java.net.URLClassLoader$1.run()Ljava/lang/Class; (63 bytes) @ 0x000000010745607c [0x0000000107455e60+0x21c]
J 361 C1 java.net.URLClassLoader$1.run()Ljava/lang/Object; (5 bytes) @ 0x0000000107455acc [0x0000000107455a40+0x8c]
v  ~StubRoutines::call_stub
V  [libjvm.dylib+0x2eab02]  JavaCalls::call_helper(JavaValue*, methodHandle*, JavaCallArguments*, Thread*)+0x6ae
V  [libjvm.dylib+0x34afcc]  JVM_DoPrivileged+0x4b8
J 360  java.security.AccessController.doPrivileged(Ljava/security/PrivilegedExceptionAction;Ljava/security/AccessControlContext;)Ljava/lang/Object; (0 bytes) @ 0x00000001074535d5 [0x0000000107453500+0xd5]
J 2119 C2 java.net.URLClassLoader.findClass(Ljava/lang/String;)Ljava/lang/Class; (47 bytes) @ 0x000000010797393c [0x00000001079738a0+0x9c]
J 2073 C1 java.lang.ClassLoader.loadClass(Ljava/lang/String;Z)Ljava/lang/Class; (122 bytes) @ 0x000000010794fb5c [0x000000010794f820+0x33c]
J 356 C1 sun.misc.Launcher$AppClassLoader.loadClass(Ljava/lang/String;Z)Ljava/lang/Class; (85 bytes) @ 0x00000001074542e4 [0x0000000107453940+0x9a4]
J 289 C1 java.lang.ClassLoader.loadClass(Ljava/lang/String;)Ljava/lang/Class; (7 bytes) @ 0x000000010742f984 [0x000000010742f880+0x104]
v  ~StubRoutines::call_stub
V  [libjvm.dylib+0x2eab02]  JavaCalls::call_helper(JavaValue*, methodHandle*, JavaCallArguments*, Thread*)+0x6ae
V  [libjvm.dylib+0x2eb290]  JavaCalls::call_virtual(JavaValue*, KlassHandle, Symbol*, Symbol*, JavaCallArguments*, Thread*)+0x164
V  [libjvm.dylib+0x2eb3e8]  JavaCalls::call_virtual(JavaValue*, Handle, KlassHandle, Symbol*, Symbol*, Handle, Thread*)+0x56
V  [libjvm.dylib+0x533640]  SystemDictionary::load_instance_class(Symbol*, Handle, Thread*)+0x2d8
V  [libjvm.dylib+0x532dd9]  SystemDictionary::resolve_instance_class_or_null(Symbol*, Handle, Handle, Thread*)+0x48f
V  [libjvm.dylib+0x53385c]  SystemDictionary::resolve_or_null(Symbol*, Handle, Handle, Thread*)+0x106
V  [libjvm.dylib+0x533ed9]  SystemDictionary::resolve_or_fail(Symbol*, Handle, Handle, bool, Thread*)+0x31
V  [libjvm.dylib+0x1e17aa]  ConstantPool::klass_at_impl(constantPoolHandle, int, Thread*)+0x2ee
V  [libjvm.dylib+0x1f1a6e]  ConstantPool::klass_at(int, Thread*)+0x92
V  [libjvm.dylib+0x2e6302]  InterpreterRuntime::quicken_io_cc(JavaThread*)+0x5c
j  com.zaxxer.hikari.HikariDataSource.shutdownHelper(Lcom/zaxxer/hikari/pool/HikariPool;)V+27
j  com.zaxxer.hikari.HikariDataSource.shutdown()V+25
j  com.zaxxer.hikari.HikariDataSource.close()V+1
j  ratpack.hikari.HikariService.onStop(Lratpack/server/StopEvent;)V+4
j  ratpack.server.internal.DefaultRatpackServer$$Lambda$216.execute(Ljava/lang/Object;Ljava/lang/Object;)V+11
j  ratpack.server.internal.DefaultRatpackServer.lambda$executeEvents$12(Lratpack/func/BiAction;Lratpack/server/Service;Ljava/lang/Object;Lratpack/exec/Execution;)V+3
j  ratpack.server.internal.DefaultRatpackServer$$Lambda$123.execute(Ljava/lang/Object;)V+16
j  ratpack.exec.internal.DefaultExecution$InitialExecStream.exec()Z+73
j  ratpack.exec.internal.DefaultExecution.exec()V+4
j  ratpack.exec.internal.DefaultExecution.intercept(Ljava/util/Iterator;)V+38
j  ratpack.exec.internal.DefaultExecution.drain()V+65
j  ratpack.exec.internal.DefaultExecution.<init>(Lratpack/exec/internal/ExecControllerInternal;Lio/netty/channel/EventLoop;Lratpack/func/Action;Lratpack/func/Action;Lratpack/func/Action;Lratpack/func/Action;Lratpack/func/Action;)V+192
j  ratpack.exec.internal.DefaultExecController$1.lambda$start$0(Lratpack/func/Action;)Lratpack/exec/internal/DefaultExecution;+29
j  ratpack.exec.internal.DefaultExecController$1$$Lambda$124.call()Ljava/lang/Object;+8
j  io.netty.util.concurrent.PromiseTask.run()V+11
j  io.netty.util.concurrent.SingleThreadEventExecutor.runAllTasks(J)Z+26
j  io.netty.channel.nio.NioEventLoop.run()V+106
j  io.netty.util.concurrent.SingleThreadEventExecutor$5.run()V+44
j  ratpack.exec.internal.DefaultExecController$ExecControllerBindingThreadFactory.lambda$newThread$0(Ljava/lang/Runnable;)V+25
j  ratpack.exec.internal.DefaultExecController$ExecControllerBindingThreadFactory$$Lambda$125.run()V+8
j  io.netty.util.concurrent.DefaultThreadFactory$DefaultRunnableDecorator.run()V+4
j  java.lang.Thread.run()V+11
v  ~StubRoutines::call_stub
V  [libjvm.dylib+0x2eab02]  JavaCalls::call_helper(JavaValue*, methodHandle*, JavaCallArguments*, Thread*)+0x6ae
V  [libjvm.dylib+0x2eb290]  JavaCalls::call_virtual(JavaValue*, KlassHandle, Symbol*, Symbol*, JavaCallArguments*, Thread*)+0x164
V  [libjvm.dylib+0x2eb43c]  JavaCalls::call_virtual(JavaValue*, Handle, KlassHandle, Symbol*, Symbol*, Thread*)+0x4a
V  [libjvm.dylib+0x345959]  thread_entry(JavaThread*, Thread*)+0x7c
V  [libjvm.dylib+0x5612d3]  JavaThread::thread_main_inner()+0x9b
V  [libjvm.dylib+0x5629ce]  JavaThread::run()+0x1c2
V  [libjvm.dylib+0x48342e]  java_start(Thread*)+0xf6
C  [libsystem_pthread.dylib+0x405a]  _pthread_body+0x83
C  [libsystem_pthread.dylib+0x3fd7]  _pthread_body+0x0
C  [libsystem_pthread.dylib+0x13ed]  thread_start+0xd
C  0x0000000000000000

Java frames: (J=compiled Java code, j=interpreted, Vv=VM code)
J 328  java.util.zip.ZipFile.getEntry(J[BZ)J (0 bytes) @ 0x00000001074476d8 [0x0000000107447680+0x58]
J 1001 C2 sun.misc.URLClassPath.getResource(Ljava/lang/String;Z)Lsun/misc/Resource; (83 bytes) @ 0x0000000107610528 [0x000000010760fec0+0x668]
J 362 C1 java.net.URLClassLoader$1.run()Ljava/lang/Class; (63 bytes) @ 0x000000010745607c [0x0000000107455e60+0x21c]
J 361 C1 java.net.URLClassLoader$1.run()Ljava/lang/Object; (5 bytes) @ 0x0000000107455acc [0x0000000107455a40+0x8c]
v  ~StubRoutines::call_stub
J 360  java.security.AccessController.doPrivileged(Ljava/security/PrivilegedExceptionAction;Ljava/security/AccessControlContext;)Ljava/lang/Object; (0 bytes) @ 0x0000000107453563 [0x0000000107453500+0x63]
J 2119 C2 java.net.URLClassLoader.findClass(Ljava/lang/String;)Ljava/lang/Class; (47 bytes) @ 0x000000010797393c [0x00000001079738a0+0x9c]
J 2073 C1 java.lang.ClassLoader.loadClass(Ljava/lang/String;Z)Ljava/lang/Class; (122 bytes) @ 0x000000010794fb5c [0x000000010794f820+0x33c]
J 356 C1 sun.misc.Launcher$AppClassLoader.loadClass(Ljava/lang/String;Z)Ljava/lang/Class; (85 bytes) @ 0x00000001074542e4 [0x0000000107453940+0x9a4]
J 289 C1 java.lang.ClassLoader.loadClass(Ljava/lang/String;)Ljava/lang/Class; (7 bytes) @ 0x000000010742f984 [0x000000010742f880+0x104]
v  ~StubRoutines::call_stub
j  com.zaxxer.hikari.HikariDataSource.shutdownHelper(Lcom/zaxxer/hikari/pool/HikariPool;)V+27
j  com.zaxxer.hikari.HikariDataSource.shutdown()V+25
j  com.zaxxer.hikari.HikariDataSource.close()V+1
j  ratpack.hikari.HikariService.onStop(Lratpack/server/StopEvent;)V+4
j  ratpack.server.internal.DefaultRatpackServer$$Lambda$216.execute(Ljava/lang/Object;Ljava/lang/Object;)V+11
j  ratpack.server.internal.DefaultRatpackServer.lambda$executeEvents$12(Lratpack/func/BiAction;Lratpack/server/Service;Ljava/lang/Object;Lratpack/exec/Execution;)V+3
j  ratpack.server.internal.DefaultRatpackServer$$Lambda$123.execute(Ljava/lang/Object;)V+16
j  ratpack.exec.internal.DefaultExecution$InitialExecStream.exec()Z+73
j  ratpack.exec.internal.DefaultExecution.exec()V+4
j  ratpack.exec.internal.DefaultExecution.intercept(Ljava/util/Iterator;)V+38
j  ratpack.exec.internal.DefaultExecution.drain()V+65
j  ratpack.exec.internal.DefaultExecution.<init>(Lratpack/exec/internal/ExecControllerInternal;Lio/netty/channel/EventLoop;Lratpack/func/Action;Lratpack/func/Action;Lratpack/func/Action;Lratpack/func/Action;Lratpack/func/Action;)V+192
j  ratpack.exec.internal.DefaultExecController$1.lambda$start$0(Lratpack/func/Action;)Lratpack/exec/internal/DefaultExecution;+29
j  ratpack.exec.internal.DefaultExecController$1$$Lambda$124.call()Ljava/lang/Object;+8
j  io.netty.util.concurrent.PromiseTask.run()V+11
j  io.netty.util.concurrent.SingleThreadEventExecutor.runAllTasks(J)Z+26
j  io.netty.channel.nio.NioEventLoop.run()V+106
j  io.netty.util.concurrent.SingleThreadEventExecutor$5.run()V+44
j  ratpack.exec.internal.DefaultExecController$ExecControllerBindingThreadFactory.lambda$newThread$0(Ljava/lang/Runnable;)V+25
j  ratpack.exec.internal.DefaultExecController$ExecControllerBindingThreadFactory$$Lambda$125.run()V+8
j  io.netty.util.concurrent.DefaultThreadFactory$DefaultRunnableDecorator.run()V+4
j  java.lang.Thread.run()V+11
v  ~StubRoutines::call_stub

---------------  P R O C E S S  ---------------

Java Threads: ( => current thread )
  0x00007f99368d1800 JavaThread "ratpack-shutdown-thread" [_thread_blocked, id=21519, stack(0x0000000120d21000,0x0000000120e21000)]
  0x00007f99350b7800 JavaThread "SIGINT handler" daemon [_thread_blocked, id=12043, stack(0x0000000120578000,0x0000000120678000)]
  0x00007f9934808000 JavaThread "threadDeathWatcher-4-1" daemon [_thread_blocked, id=13063, stack(0x000000011d32e000,0x000000011d42e000)]
  0x00007f9935298800 JavaThread "DestroyJavaVM" [_thread_blocked, id=3847, stack(0x000000010718a000,0x000000010728a000)]
=>0x00007f99344f3000 JavaThread "ratpack-compute-1-1" [_thread_in_native, id=23299, stack(0x0000000121869000,0x0000000121969000)]
  0x00007f99341a4000 JavaThread "AsyncAppender-Worker-DebugMsgQueue" daemon [_thread_blocked, id=20227, stack(0x000000011f5dc000,0x000000011f6dc000)]
  0x00007f9933954000 JavaThread "AsyncAppender-Worker-InfoMsgQueue" daemon [_thread_blocked, id=19715, stack(0x000000011f4d9000,0x000000011f5d9000)]
  0x00007f9933953800 JavaThread "AsyncAppender-Worker-WarnMsgQueue" daemon [_thread_blocked, id=19203, stack(0x000000011f3d6000,0x000000011f4d6000)]
  0x00007f9933855800 JavaThread "Service Thread" daemon [_thread_blocked, id=18179, stack(0x000000011f012000,0x000000011f112000)]
  0x00007f993401e000 JavaThread "C1 CompilerThread2" daemon [_thread_blocked, id=17667, stack(0x000000011ef0f000,0x000000011f00f000)]
  0x00007f993401d800 JavaThread "C2 CompilerThread1" daemon [_thread_blocked, id=17155, stack(0x000000011ee0c000,0x000000011ef0c000)]
  0x00007f9935000000 JavaThread "C2 CompilerThread0" daemon [_thread_blocked, id=16643, stack(0x000000011ed09000,0x000000011ee09000)]
  0x00007f9933855000 JavaThread "Signal Dispatcher" daemon [_thread_blocked, id=12567, stack(0x000000011ec06000,0x000000011ed06000)]
  0x00007f993383d000 JavaThread "Finalizer" daemon [_thread_blocked, id=11523, stack(0x000000011d1ea000,0x000000011d2ea000)]
  0x00007f993383c800 JavaThread "Reference Handler" daemon [_thread_blocked, id=11011, stack(0x000000011d0e7000,0x000000011d1e7000)]

Other Threads:
  0x00007f9934803800 VMThread [stack: 0x000000011cfe4000,0x000000011d0e4000] [id=10499]
  0x00007f9934061800 WatcherThread [stack: 0x000000011f115000,0x000000011f215000] [id=18691]

VM state:not at safepoint (normal execution)

VM Mutex/Monitor currently owned by a thread: None

Heap:
 PSYoungGen      total 105984K, used 1188K [0x0000000795580000, 0x000000079e180000, 0x00000007c0000000)
  eden space 100864K, 1% used [0x0000000795580000,0x00000007956a91b8,0x000000079b800000)
  from space 5120K, 0% used [0x000000079dc80000,0x000000079dc80000,0x000000079e180000)
  to   space 5120K, 0% used [0x000000079d780000,0x000000079d780000,0x000000079dc80000)
 ParOldGen       total 111616K, used 29103K [0x0000000740000000, 0x0000000746d00000, 0x0000000795580000)
  object space 111616K, 26% used [0x0000000740000000,0x0000000741c6bec8,0x0000000746d00000)
 Metaspace       used 34765K, capacity 35596K, committed 35752K, reserved 1081344K
  class space    used 3897K, capacity 4070K, committed 4096K, reserved 1048576K

Card table byte_map: [0x000000011665d000,0x0000000116a5e000] byte_map_base: 0x0000000112c5d000

Marking Bits: (ParMarkBitMap*) 0x0000000106adee20
 Begin Bits: [0x0000000117115000, 0x0000000119115000)
 End Bits:   [0x0000000119115000, 0x000000011b115000)

Polling page: 0x00000001059fa000

CodeCache: size=245760Kb used=7658Kb max_used=7671Kb free=238101Kb
 bounds [0x000000010729d000, 0x0000000107a2d000, 0x000000011629d000]
 total_blobs=2871 nmethods=2409 adapters=375
 compilation: enabled

Compilation events (10 events):
Event: 217.605 Thread 0x00007f993401e000 nmethod 2457 0x0000000107a15c50 code [0x0000000107a15dc0, 0x0000000107a16110]
Event: 217.605 Thread 0x00007f993401e000 2458       3       java.util.TreeMap$Values::<init> (10 bytes)
Event: 217.605 Thread 0x00007f993401e000 nmethod 2458 0x0000000107a123d0 code [0x0000000107a12540, 0x0000000107a12770]
Event: 217.605 Thread 0x00007f993401e000 2459       3       java.util.TreeMap::navigableKeySet (27 bytes)
Event: 217.605 Thread 0x00007f993401d800 2461       4       java.lang.String$CaseInsensitiveComparator::compare (111 bytes)
Event: 217.605 Thread 0x00007f993401e000 nmethod 2459 0x0000000107a15550 code [0x0000000107a156e0, 0x0000000107a15a90]
Event: 217.605 Thread 0x00007f993401e000 2460       3       java.util.TreeMap$KeySet::<init> (10 bytes)
Event: 217.605 Thread 0x00007f993401e000 nmethod 2460 0x0000000107a15010 code [0x0000000107a15180, 0x0000000107a15410]
Event: 217.607 Thread 0x00007f993401e000 2462       3       java.io.File::isInvalid (47 bytes)
Event: 217.608 Thread 0x00007f993401e000 nmethod 2462 0x0000000107a14950 code [0x0000000107a14ae0, 0x0000000107a14f08]

GC Heap History (10 events):
Event: 1.348 GC heap before
{Heap before GC invocations=2 (full 0):
 PSYoungGen      total 38400K, used 38369K [0x0000000795580000, 0x000000079a080000, 0x00000007c0000000)
  eden space 33280K, 100% used [0x0000000795580000,0x0000000797600000,0x0000000797600000)
  from space 5120K, 99% used [0x0000000797600000,0x0000000797af8618,0x0000000797b00000)
  to   space 5120K, 0% used [0x0000000799b80000,0x0000000799b80000,0x000000079a080000)
 ParOldGen       total 87552K, used 2970K [0x0000000740000000, 0x0000000745580000, 0x0000000795580000)
  object space 87552K, 3% used [0x0000000740000000,0x00000007402e6918,0x0000000745580000)
 Metaspace       used 20365K, capacity 20778K, committed 21120K, reserved 1067008K
  class space    used 2491K, capacity 2627K, committed 2688K, reserved 1048576K
Event: 1.363 GC heap after
Heap after GC invocations=2 (full 0):
 PSYoungGen      total 71680K, used 5108K [0x0000000795580000, 0x000000079a080000, 0x00000007c0000000)
  eden space 66560K, 0% used [0x0000000795580000,0x0000000795580000,0x0000000799680000)
  from space 5120K, 99% used [0x0000000799b80000,0x000000079a07d0b0,0x000000079a080000)
  to   space 5120K, 0% used [0x0000000799680000,0x0000000799680000,0x0000000799b80000)
 ParOldGen       total 87552K, used 7246K [0x0000000740000000, 0x0000000745580000, 0x0000000795580000)
  object space 87552K, 8% used [0x0000000740000000,0x0000000740713a38,0x0000000745580000)
 Metaspace       used 20365K, capacity 20778K, committed 21120K, reserved 1067008K
  class space    used 2491K, capacity 2627K, committed 2688K, reserved 1048576K
}
Event: 1.491 GC heap before
{Heap before GC invocations=3 (full 0):
 PSYoungGen      total 71680K, used 14027K [0x0000000795580000, 0x000000079a080000, 0x00000007c0000000)
  eden space 66560K, 13% used [0x0000000795580000,0x0000000795e35ba8,0x0000000799680000)
  from space 5120K, 99% used [0x0000000799b80000,0x000000079a07d0b0,0x000000079a080000)
  to   space 5120K, 0% used [0x0000000799680000,0x0000000799680000,0x0000000799b80000)
 ParOldGen       total 87552K, used 7246K [0x0000000740000000, 0x0000000745580000, 0x0000000795580000)
  object space 87552K, 8% used [0x0000000740000000,0x0000000740713a38,0x0000000745580000)
 Metaspace       used 20743K, capacity 21098K, committed 21296K, reserved 1069056K
  class space    used 2524K, capacity 2627K, committed 2688K, reserved 1048576K
Event: 1.499 GC heap after
Heap after GC invocations=3 (full 0):
 PSYoungGen      total 71680K, used 4631K [0x0000000795580000, 0x000000079e180000, 0x00000007c0000000)
  eden space 66560K, 0% used [0x0000000795580000,0x0000000795580000,0x0000000799680000)
  from space 5120K, 90% used [0x0000000799680000,0x0000000799b05da0,0x0000000799b80000)
  to   space 5120K, 0% used [0x000000079dc80000,0x000000079dc80000,0x000000079e180000)
 ParOldGen       total 87552K, used 7254K [0x0000000740000000, 0x0000000745580000, 0x0000000795580000)
  object space 87552K, 8% used [0x0000000740000000,0x0000000740715a38,0x0000000745580000)
 Metaspace       used 20743K, capacity 21098K, committed 21296K, reserved 1069056K
  class space    used 2524K, capacity 2627K, committed 2688K, reserved 1048576K
}
Event: 1.499 GC heap before
{Heap before GC invocations=4 (full 1):
 PSYoungGen      total 71680K, used 4631K [0x0000000795580000, 0x000000079e180000, 0x00000007c0000000)
  eden space 66560K, 0% used [0x0000000795580000,0x0000000795580000,0x0000000799680000)
  from space 5120K, 90% used [0x0000000799680000,0x0000000799b05da0,0x0000000799b80000)
  to   space 5120K, 0% used [0x000000079dc80000,0x000000079dc80000,0x000000079e180000)
 ParOldGen       total 87552K, used 7254K [0x0000000740000000, 0x0000000745580000, 0x0000000795580000)
  object space 87552K, 8% used [0x0000000740000000,0x0000000740715a38,0x0000000745580000)
 Metaspace       used 20743K, capacity 21098K, committed 21296K, reserved 1069056K
  class space    used 2524K, capacity 2627K, committed 2688K, reserved 1048576K
Event: 1.532 GC heap after
Heap after GC invocations=4 (full 1):
 PSYoungGen      total 71680K, used 0K [0x0000000795580000, 0x000000079e180000, 0x00000007c0000000)
  eden space 66560K, 0% used [0x0000000795580000,0x0000000795580000,0x0000000799680000)
  from space 5120K, 0% used [0x0000000799680000,0x0000000799680000,0x0000000799b80000)
  to   space 5120K, 0% used [0x000000079dc80000,0x000000079dc80000,0x000000079e180000)
 ParOldGen       total 58368K, used 4809K [0x0000000740000000, 0x0000000743900000, 0x0000000795580000)
  object space 58368K, 8% used [0x0000000740000000,0x00000007404b26d0,0x0000000743900000)
 Metaspace       used 20743K, capacity 21098K, committed 21296K, reserved 1069056K
  class space    used 2524K, capacity 2627K, committed 2688K, reserved 1048576K
}
Event: 217.431 GC heap before
{Heap before GC invocations=5 (full 1):
 PSYoungGen      total 71680K, used 58894K [0x0000000795580000, 0x000000079e180000, 0x00000007c0000000)
  eden space 66560K, 88% used [0x0000000795580000,0x0000000798f03bf8,0x0000000799680000)
  from space 5120K, 0% used [0x0000000799680000,0x0000000799680000,0x0000000799b80000)
  to   space 5120K, 0% used [0x000000079dc80000,0x000000079dc80000,0x000000079e180000)
 ParOldGen       total 58368K, used 4809K [0x0000000740000000, 0x0000000743900000, 0x0000000795580000)
  object space 58368K, 8% used [0x0000000740000000,0x00000007404b26d0,0x0000000743900000)
 Metaspace       used 34596K, capacity 35372K, committed 35496K, reserved 1081344K
  class space    used 3872K, capacity 4038K, committed 4096K, reserved 1048576K
Event: 217.468 GC heap after
Heap after GC invocations=5 (full 1):
 PSYoungGen      total 105984K, used 5089K [0x0000000795580000, 0x000000079e180000, 0x00000007c0000000)
  eden space 100864K, 0% used [0x0000000795580000,0x0000000795580000,0x000000079b800000)
  from space 5120K, 99% used [0x000000079dc80000,0x000000079e1784d8,0x000000079e180000)
  to   space 5120K, 0% used [0x000000079d780000,0x000000079d780000,0x000000079dc80000)
 ParOldGen       total 58368K, used 24733K [0x0000000740000000, 0x0000000743900000, 0x0000000795580000)
  object space 58368K, 42% used [0x0000000740000000,0x0000000741827478,0x0000000743900000)
 Metaspace       used 34596K, capacity 35372K, committed 35496K, reserved 1081344K
  class space    used 3872K, capacity 4038K, committed 4096K, reserved 1048576K
}
Event: 217.468 GC heap before
{Heap before GC invocations=6 (full 2):
 PSYoungGen      total 105984K, used 5089K [0x0000000795580000, 0x000000079e180000, 0x00000007c0000000)
  eden space 100864K, 0% used [0x0000000795580000,0x0000000795580000,0x000000079b800000)
  from space 5120K, 99% used [0x000000079dc80000,0x000000079e1784d8,0x000000079e180000)
  to   space 5120K, 0% used [0x000000079d780000,0x000000079d780000,0x000000079dc80000)
 ParOldGen       total 58368K, used 24733K [0x0000000740000000, 0x0000000743900000, 0x0000000795580000)
  object space 58368K, 42% used [0x0000000740000000,0x0000000741827478,0x0000000743900000)
 Metaspace       used 34596K, capacity 35372K, committed 35496K, reserved 1081344K
  class space    used 3872K, capacity 4038K, committed 4096K, reserved 1048576K
Event: 217.575 GC heap after
Heap after GC invocations=6 (full 2):
 PSYoungGen      total 105984K, used 0K [0x0000000795580000, 0x000000079e180000, 0x00000007c0000000)
  eden space 100864K, 0% used [0x0000000795580000,0x0000000795580000,0x000000079b800000)
  from space 5120K, 0% used [0x000000079dc80000,0x000000079dc80000,0x000000079e180000)
  to   space 5120K, 0% used [0x000000079d780000,0x000000079d780000,0x000000079dc80000)
 ParOldGen       total 111616K, used 29103K [0x0000000740000000, 0x0000000746d00000, 0x0000000795580000)
  object space 111616K, 26% used [0x0000000740000000,0x0000000741c6bec8,0x0000000746d00000)
 Metaspace       used 34596K, capacity 35372K, committed 35496K, reserved 1081344K
  class space    used 3872K, capacity 4038K, committed 4096K, reserved 1048576K
}

Deoptimization events (10 events):
Event: 1.285 Thread 0x00007f9934002000 Uncommon trap: reason=class_check action=maybe_recompile pc=0x00000001076dc3c0 method=java.io.BufferedInputStream.read([BII)I @ 101
Event: 1.601 Thread 0x00007f9934a4f800 Uncommon trap: reason=unstable_if action=reinterpret pc=0x00000001075c7da0 method=java.lang.CharacterDataLatin1.isWhitespace(I)Z @ 14
Event: 1.715 Thread 0x00007f9934002000 Uncommon trap: reason=unstable_if action=reinterpret pc=0x00000001077c8ec0 method=java.util.regex.Matcher.reset()Ljava/util/regex/Matcher; @ 47
Event: 67.511 Thread 0x00007f99344f3000 Uncommon trap: reason=bimorphic action=maybe_recompile pc=0x0000000107991a48 method=java.util.regex.Pattern$Start.match(Ljava/util/regex/Matcher;ILjava/lang/CharSequence;)Z @ 44
Event: 67.511 Thread 0x00007f99344f3000 Uncommon trap: reason=bimorphic action=maybe_recompile pc=0x0000000107991a48 method=java.util.regex.Pattern$Start.match(Ljava/util/regex/Matcher;ILjava/lang/CharSequence;)Z @ 44
Event: 67.598 Thread 0x00007f993601c800 Uncommon trap: reason=bimorphic action=maybe_recompile pc=0x0000000107991a48 method=java.util.regex.Pattern$Start.match(Ljava/util/regex/Matcher;ILjava/lang/CharSequence;)Z @ 44
Event: 67.598 Thread 0x00007f993601c800 Uncommon trap: reason=bimorphic action=maybe_recompile pc=0x0000000107991a48 method=java.util.regex.Pattern$Start.match(Ljava/util/regex/Matcher;ILjava/lang/CharSequence;)Z @ 44
Event: 217.339 Thread 0x00007f9933855000 Uncommon trap: reason=class_check action=maybe_recompile pc=0x00000001077e0884 method=java.util.Hashtable.get(Ljava/lang/Object;)Ljava/lang/Object; @ 6
Event: 217.339 Thread 0x00007f9933855000 Uncommon trap: reason=class_check action=maybe_recompile pc=0x00000001077e0884 method=java.util.Hashtable.get(Ljava/lang/Object;)Ljava/lang/Object; @ 6
Event: 217.576 Thread 0x00007f99344f3000 Uncommon trap: reason=unstable_if action=reinterpret pc=0x000000010749e040 method=java.lang.reflect.Method.equals(Ljava/lang/Object;)Z @ 49

Internal exceptions (10 events):
Event: 10.948 Thread 0x00007f99344f3000 Exception <a 'java/lang/NoSuchMethodError': java.lang.Object.lambda$null$12(Lratpack/func/Function;Ljava/lang/Object;)Ljava/lang/Object;> (0x0000000796af3860) thrown at [/Users/java_re/workspace/8-2-build-macosx-x86_64/jdk8u65/4987/hotspot/src/share/vm/in
Event: 10.949 Thread 0x00007f99344f3000 Exception <a 'java/lang/NoSuchMethodError': java.lang.Object.lambda$onError$5(Lratpack/func/Predicate;Lratpack/func/Action;Lratpack/exec/Upstream;)Lratpack/exec/Upstream;> (0x0000000796b04ff8) thrown at [/Users/java_re/workspace/8-2-build-macosx-x86_64/jd
Event: 10.950 Thread 0x00007f99344f3000 Exception <a 'java/lang/NoSuchMethodError': java.lang.Object.lambda$null$4(Lratpack/exec/Upstream;Lratpack/func/Predicate;Lratpack/func/Action;Lratpack/exec/Downstream;)V> (0x0000000796b08920) thrown at [/Users/java_re/workspace/8-2-build-macosx-x86_64/jd
Event: 10.950 Thread 0x00007f99344f3000 Exception <a 'java/lang/NoSuchMethodError': java.lang.Object.lambda$null$3(Lratpack/func/Predicate;Lratpack/func/Action;Lratpack/exec/Downstream;Ljava/lang/Throwable;)V> (0x0000000796b0ddf8) thrown at [/Users/java_re/workspace/8-2-build-macosx-x86_64/jdk8
Event: 11.264 Thread 0x00007f993601c800 Exception <a 'java/lang/NullPointerException'> (0x0000000797631c08) thrown at [/Users/java_re/workspace/8-2-build-macosx-x86_64/jdk8u65/4987/hotspot/src/share/vm/interpreter/linkResolver.cpp, line 1280]
Event: 11.266 Thread 0x00007f99344f3000 Exception <a 'java/lang/NoSuchMethodError': java.lang.Object.lambda$add$0(Ljava/lang/Object;)Ljava/lang/Object;> (0x0000000796b3e040) thrown at [/Users/java_re/workspace/8-2-build-macosx-x86_64/jdk8u65/4987/hotspot/src/share/vm/interpreter/linkResolver.cp
Event: 23.130 Thread 0x00007f993601c800 Exception <a 'java/lang/NullPointerException'> (0x00000007976336f8) thrown at [/Users/java_re/workspace/8-2-build-macosx-x86_64/jdk8u65/4987/hotspot/src/share/vm/interpreter/linkResolver.cpp, line 1280]
Event: 51.702 Thread 0x00007f993601c800 Exception <a 'java/lang/NullPointerException'> (0x0000000797634df8) thrown at [/Users/java_re/workspace/8-2-build-macosx-x86_64/jdk8u65/4987/hotspot/src/share/vm/interpreter/linkResolver.cpp, line 1280]
Event: 88.582 Thread 0x00007f993601c800 Exception <a 'java/lang/NullPointerException'> (0x0000000798b3bea8) thrown at [/Users/java_re/workspace/8-2-build-macosx-x86_64/jdk8u65/4987/hotspot/src/share/vm/interpreter/linkResolver.cpp, line 1280]
Event: 217.343 Thread 0x00007f99368d1800 Exception <a 'java/lang/IncompatibleClassChangeError': Found class java.lang.Object, but interface was expected> (0x0000000798dbaa00) thrown at [/Users/java_re/workspace/8-2-build-macosx-x86_64/jdk8u65/4987/hotspot/src/share/vm/interpreter/linkResolver.cp

Events (10 events):
Event: 217.603 loading class sun/management/DiagnosticCommandImpl$Wrapper
Event: 217.603 loading class sun/management/DiagnosticCommandImpl$Wrapper done
Event: 217.606 loading class sun/management/ExtendedPlatformComponent
Event: 217.606 loading class sun/management/ExtendedPlatformComponent done
Event: 217.606 loading class sun/management/Flag
Event: 217.606 loading class sun/management/Flag done
Event: 217.606 loading class sun/management/Flag$1
Event: 217.606 loading class sun/management/Flag$1 done
Event: 217.609 loading class com/zaxxer/hikari/util/DriverDataSource
Event: 217.609 loading class com/zaxxer/hikari/util/DriverDataSource done


Dynamic libraries:
0x0000000003e43000 	/System/Library/Frameworks/Cocoa.framework/Versions/A/Cocoa
0x0000000003e43000 	/System/Library/Frameworks/Security.framework/Versions/A/Security
0x0000000003e43000 	/System/Library/Frameworks/ApplicationServices.framework/Versions/A/ApplicationServices
0x0000000003e43000 	/usr/lib/libz.1.dylib
0x0000000003e43000 	/usr/lib/libSystem.B.dylib
0x0000000003e43000 	/usr/lib/libobjc.A.dylib
0x0000000003e43000 	/System/Library/Frameworks/CoreFoundation.framework/Versions/A/CoreFoundation
0x0000000003e43000 	/System/Library/Frameworks/Foundation.framework/Versions/C/Foundation
0x0000000003e43000 	/System/Library/Frameworks/AppKit.framework/Versions/C/AppKit
0x0000000003e43000 	/System/Library/Frameworks/CoreData.framework/Versions/A/CoreData
0x0000000003e43000 	/System/Library/PrivateFrameworks/RemoteViewServices.framework/Versions/A/RemoteViewServices
0x0000000003e43000 	/System/Library/PrivateFrameworks/UIFoundation.framework/Versions/A/UIFoundation
0x0000000003e43000 	/System/Library/Frameworks/IOSurface.framework/Versions/A/IOSurface
0x0000000003e43000 	/System/Library/Frameworks/AudioToolbox.framework/Versions/A/AudioToolbox
0x0000000003e43000 	/System/Library/Frameworks/AudioUnit.framework/Versions/A/AudioUnit
0x0000000003e43000 	/System/Library/PrivateFrameworks/DataDetectorsCore.framework/Versions/A/DataDetectorsCore
0x0000000003e43000 	/System/Library/PrivateFrameworks/DesktopServicesPriv.framework/Versions/A/DesktopServicesPriv
0x0000000003e43000 	/System/Library/Frameworks/Carbon.framework/Versions/A/Frameworks/HIToolbox.framework/Versions/A/HIToolbox
0x0000000003e43000 	/System/Library/Frameworks/QuartzCore.framework/Versions/A/QuartzCore
0x0000000003e43000 	/System/Library/Frameworks/Carbon.framework/Versions/A/Frameworks/SpeechRecognition.framework/Versions/A/SpeechRecognition
0x0000000003e43000 	/usr/lib/libauto.dylib
0x0000000003e43000 	/usr/lib/libicucore.A.dylib
0x0000000003e43000 	/usr/lib/libxml2.2.dylib
0x0000000003e43000 	/System/Library/PrivateFrameworks/CoreUI.framework/Versions/A/CoreUI
0x0000000003e43000 	/System/Library/Frameworks/CoreAudio.framework/Versions/A/CoreAudio
0x0000000003e43000 	/System/Library/Frameworks/DiskArbitration.framework/Versions/A/DiskArbitration
0x0000000003e43000 	/usr/lib/liblangid.dylib
0x0000000003e43000 	/System/Library/PrivateFrameworks/MultitouchSupport.framework/Versions/A/MultitouchSupport
0x0000000003e43000 	/System/Library/Frameworks/IOKit.framework/Versions/A/IOKit
0x0000000003e43000 	/usr/lib/libDiagnosticMessagesClient.dylib
0x0000000003e43000 	/System/Library/Frameworks/CoreServices.framework/Versions/A/CoreServices
0x0000000003e43000 	/System/Library/PrivateFrameworks/PerformanceAnalysis.framework/Versions/A/PerformanceAnalysis
0x0000000003e43000 	/System/Library/PrivateFrameworks/GenerationalStorage.framework/Versions/A/GenerationalStorage
0x0000000003e43000 	/System/Library/Frameworks/OpenGL.framework/Versions/A/OpenGL
0x0000000003e43000 	/System/Library/PrivateFrameworks/Sharing.framework/Versions/A/Sharing
0x0000000003e43000 	/System/Library/Frameworks/CoreGraphics.framework/Versions/A/CoreGraphics
0x0000000003e43000 	/System/Library/Frameworks/CoreText.framework/Versions/A/CoreText
0x0000000003e43000 	/System/Library/Frameworks/ImageIO.framework/Versions/A/ImageIO
0x0000000003e43000 	/usr/lib/libextension.dylib
0x0000000003e43000 	/System/Library/PrivateFrameworks/Backup.framework/Versions/A/Backup
0x0000000003e43000 	/usr/lib/libarchive.2.dylib
0x0000000003e43000 	/System/Library/Frameworks/CFNetwork.framework/Versions/A/CFNetwork
0x0000000003e43000 	/System/Library/Frameworks/SystemConfiguration.framework/Versions/A/SystemConfiguration
0x0000000003e43000 	/usr/lib/libCRFSuite.dylib
0x0000000003e43000 	/usr/lib/libc++.1.dylib
0x0000000003e43000 	/usr/lib/libc++abi.dylib
0x0000000003e43000 	/usr/lib/system/libcache.dylib
0x0000000003e43000 	/usr/lib/system/libcommonCrypto.dylib
0x0000000003e43000 	/usr/lib/system/libcompiler_rt.dylib
0x0000000003e43000 	/usr/lib/system/libcopyfile.dylib
0x0000000003e43000 	/usr/lib/system/libcorecrypto.dylib
0x0000000003e43000 	/usr/lib/system/libdispatch.dylib
0x0000000003e43000 	/usr/lib/system/libdyld.dylib
0x0000000003e43000 	/usr/lib/system/libkeymgr.dylib
0x0000000003e43000 	/usr/lib/system/liblaunch.dylib
0x0000000003e43000 	/usr/lib/system/libmacho.dylib
0x0000000003e43000 	/usr/lib/system/libquarantine.dylib
0x0000000003e43000 	/usr/lib/system/libremovefile.dylib
0x0000000003e43000 	/usr/lib/system/libsystem_asl.dylib
0x0000000003e43000 	/usr/lib/system/libsystem_blocks.dylib
0x0000000003e43000 	/usr/lib/system/libsystem_c.dylib
0x0000000003e43000 	/usr/lib/system/libsystem_configuration.dylib
0x0000000003e43000 	/usr/lib/system/libsystem_coreservices.dylib
0x0000000003e43000 	/usr/lib/system/libsystem_coretls.dylib
0x0000000003e43000 	/usr/lib/system/libsystem_dnssd.dylib
0x0000000003e43000 	/usr/lib/system/libsystem_info.dylib
0x0000000003e43000 	/usr/lib/system/libsystem_kernel.dylib
0x0000000003e43000 	/usr/lib/system/libsystem_m.dylib
0x0000000003e43000 	/usr/lib/system/libsystem_malloc.dylib
0x0000000003e43000 	/usr/lib/system/libsystem_network.dylib
0x0000000003e43000 	/usr/lib/system/libsystem_networkextension.dylib
0x0000000003e43000 	/usr/lib/system/libsystem_notify.dylib
0x0000000003e43000 	/usr/lib/system/libsystem_platform.dylib
0x0000000003e43000 	/usr/lib/system/libsystem_pthread.dylib
0x0000000003e43000 	/usr/lib/system/libsystem_sandbox.dylib
0x0000000003e43000 	/usr/lib/system/libsystem_secinit.dylib
0x0000000003e43000 	/usr/lib/system/libsystem_stats.dylib
0x0000000003e43000 	/usr/lib/system/libsystem_trace.dylib
0x0000000003e43000 	/usr/lib/system/libunc.dylib
0x0000000003e43000 	/usr/lib/system/libunwind.dylib
0x0000000003e43000 	/usr/lib/system/libxpc.dylib
0x0000000003e43000 	/usr/lib/libbz2.1.0.dylib
0x0000000003e43000 	/usr/lib/liblzma.5.dylib
0x0000000003e43000 	/usr/lib/libbsm.0.dylib
0x0000000003e43000 	/usr/lib/libsqlite3.dylib
0x0000000003e43000 	/usr/lib/system/libkxld.dylib
0x0000000003e43000 	/usr/lib/libxar.1.dylib
0x0000000003e43000 	/usr/lib/libpam.2.dylib
0x0000000003e43000 	/usr/lib/libOpenScriptingUtil.dylib
0x0000000003e43000 	/System/Library/Frameworks/CoreServices.framework/Versions/A/Frameworks/FSEvents.framework/Versions/A/FSEvents
0x0000000003e43000 	/System/Library/Frameworks/CoreServices.framework/Versions/A/Frameworks/CarbonCore.framework/Versions/A/CarbonCore
0x0000000003e43000 	/System/Library/Frameworks/CoreServices.framework/Versions/A/Frameworks/Metadata.framework/Versions/A/Metadata
0x0000000003e43000 	/System/Library/Frameworks/CoreServices.framework/Versions/A/Frameworks/OSServices.framework/Versions/A/OSServices
0x0000000003e43000 	/System/Library/Frameworks/CoreServices.framework/Versions/A/Frameworks/SearchKit.framework/Versions/A/SearchKit
0x0000000003e43000 	/System/Library/Frameworks/CoreServices.framework/Versions/A/Frameworks/AE.framework/Versions/A/AE
0x0000000003e43000 	/System/Library/Frameworks/CoreServices.framework/Versions/A/Frameworks/LaunchServices.framework/Versions/A/LaunchServices
0x0000000003e43000 	/System/Library/Frameworks/CoreServices.framework/Versions/A/Frameworks/DictionaryServices.framework/Versions/A/DictionaryServices
0x0000000003e43000 	/System/Library/Frameworks/NetFS.framework/Versions/A/NetFS
0x0000000003e43000 	/System/Library/PrivateFrameworks/NetAuth.framework/Versions/A/NetAuth
0x0000000003e43000 	/System/Library/PrivateFrameworks/login.framework/Versions/A/Frameworks/loginsupport.framework/Versions/A/loginsupport
0x0000000003e43000 	/System/Library/PrivateFrameworks/TCC.framework/Versions/A/TCC
0x0000000003e43000 	/usr/lib/libmecabra.dylib
0x0000000003e43000 	/System/Library/Frameworks/ApplicationServices.framework/Versions/A/Frameworks/ATS.framework/Versions/A/ATS
0x0000000003e43000 	/System/Library/Frameworks/ApplicationServices.framework/Versions/A/Frameworks/ColorSync.framework/Versions/A/ColorSync
0x0000000003e43000 	/System/Library/Frameworks/ApplicationServices.framework/Versions/A/Frameworks/HIServices.framework/Versions/A/HIServices
0x0000000003e43000 	/System/Library/Frameworks/ApplicationServices.framework/Versions/A/Frameworks/LangAnalysis.framework/Versions/A/LangAnalysis
0x0000000003e43000 	/System/Library/Frameworks/ApplicationServices.framework/Versions/A/Frameworks/PrintCore.framework/Versions/A/PrintCore
0x0000000003e43000 	/System/Library/Frameworks/ApplicationServices.framework/Versions/A/Frameworks/QD.framework/Versions/A/QD
0x0000000003e43000 	/System/Library/Frameworks/ApplicationServices.framework/Versions/A/Frameworks/SpeechSynthesis.framework/Versions/A/SpeechSynthesis
0x0000000003e43000 	/System/Library/Frameworks/Accelerate.framework/Versions/A/Accelerate
0x0000000003e43000 	/System/Library/Frameworks/Accelerate.framework/Versions/A/Frameworks/vImage.framework/Versions/A/vImage
0x0000000003e43000 	/System/Library/Frameworks/Accelerate.framework/Versions/A/Frameworks/vecLib.framework/Versions/A/vecLib
0x0000000003e43000 	/System/Library/Frameworks/Accelerate.framework/Versions/A/Frameworks/vecLib.framework/Versions/A/libvDSP.dylib
0x0000000003e43000 	/System/Library/Frameworks/Accelerate.framework/Versions/A/Frameworks/vecLib.framework/Versions/A/libvMisc.dylib
0x0000000003e43000 	/System/Library/Frameworks/Accelerate.framework/Versions/A/Frameworks/vecLib.framework/Versions/A/libLAPACK.dylib
0x0000000003e43000 	/System/Library/Frameworks/Accelerate.framework/Versions/A/Frameworks/vecLib.framework/Versions/A/libBLAS.dylib
0x0000000003e43000 	/System/Library/Frameworks/Accelerate.framework/Versions/A/Frameworks/vecLib.framework/Versions/A/libLinearAlgebra.dylib
0x0000000003e43000 	/System/Library/Frameworks/ApplicationServices.framework/Versions/A/Frameworks/ATS.framework/Versions/A/Resources/libFontParser.dylib
0x0000000003e43000 	/System/Library/Frameworks/ApplicationServices.framework/Versions/A/Frameworks/ATS.framework/Versions/A/Resources/libFontRegistry.dylib
0x0000000003e43000 	/System/Library/PrivateFrameworks/AppleVPA.framework/Versions/A/AppleVPA
0x0000000003e43000 	/System/Library/PrivateFrameworks/AppleJPEG.framework/Versions/A/AppleJPEG
0x0000000003e43000 	/System/Library/Frameworks/ImageIO.framework/Versions/A/Resources/libJPEG.dylib
0x0000000003e43000 	/System/Library/Frameworks/ImageIO.framework/Versions/A/Resources/libTIFF.dylib
0x0000000003e43000 	/System/Library/Frameworks/ImageIO.framework/Versions/A/Resources/libPng.dylib
0x0000000003e43000 	/System/Library/Frameworks/ImageIO.framework/Versions/A/Resources/libGIF.dylib
0x0000000003e43000 	/System/Library/Frameworks/ImageIO.framework/Versions/A/Resources/libJP2.dylib
0x0000000003e43000 	/System/Library/Frameworks/ImageIO.framework/Versions/A/Resources/libRadiance.dylib
0x0000000003e43000 	/System/Library/Frameworks/CoreVideo.framework/Versions/A/CoreVideo
0x0000000003e43000 	/System/Library/Frameworks/OpenGL.framework/Versions/A/Libraries/libGLU.dylib
0x0000000003e43000 	/System/Library/Frameworks/OpenGL.framework/Versions/A/Libraries/libGFXShared.dylib
0x0000000003e43000 	/System/Library/Frameworks/OpenGL.framework/Versions/A/Libraries/libGL.dylib
0x0000000003e43000 	/System/Library/Frameworks/OpenGL.framework/Versions/A/Libraries/libGLImage.dylib
0x0000000003e43000 	/System/Library/Frameworks/OpenGL.framework/Versions/A/Libraries/libCVMSPluginSupport.dylib
0x0000000003e43000 	/System/Library/Frameworks/OpenGL.framework/Versions/A/Libraries/libCoreVMClient.dylib
0x0000000003e43000 	/usr/lib/libcups.2.dylib
0x0000000003e43000 	/System/Library/Frameworks/Kerberos.framework/Versions/A/Kerberos
0x0000000003e43000 	/System/Library/Frameworks/GSS.framework/Versions/A/GSS
0x0000000003e43000 	/usr/lib/libresolv.9.dylib
0x0000000003e43000 	/usr/lib/libiconv.2.dylib
0x0000000003e43000 	/System/Library/PrivateFrameworks/Heimdal.framework/Versions/A/Heimdal
0x0000000003e43000 	/usr/lib/libheimdal-asn1.dylib
0x0000000003e43000 	/System/Library/Frameworks/OpenDirectory.framework/Versions/A/OpenDirectory
0x0000000003e43000 	/System/Library/PrivateFrameworks/CommonAuth.framework/Versions/A/CommonAuth
0x0000000003e43000 	/System/Library/Frameworks/OpenDirectory.framework/Versions/A/Frameworks/CFOpenDirectory.framework/Versions/A/CFOpenDirectory
0x0000000003e43000 	/System/Library/Frameworks/SecurityFoundation.framework/Versions/A/SecurityFoundation
0x0000000003e43000 	/System/Library/PrivateFrameworks/LanguageModeling.framework/Versions/A/LanguageModeling
0x0000000003e43000 	/usr/lib/libcmph.dylib
0x0000000003e43000 	/System/Library/Frameworks/ServiceManagement.framework/Versions/A/ServiceManagement
0x0000000003e43000 	/usr/lib/libxslt.1.dylib
0x0000000003e43000 	/System/Library/Frameworks/Carbon.framework/Versions/A/Frameworks/Ink.framework/Versions/A/Ink
0x0000000003e43000 	/System/Library/Frameworks/QuartzCore.framework/Versions/A/Frameworks/CoreImage.framework/Versions/A/CoreImage
0x0000000003e43000 	/System/Library/PrivateFrameworks/CrashReporterSupport.framework/Versions/A/CrashReporterSupport
0x0000000003e43000 	/System/Library/Frameworks/OpenCL.framework/Versions/A/OpenCL
0x0000000003e43000 	/System/Library/PrivateFrameworks/FaceCore.framework/Versions/A/FaceCore
0x0000000003e43000 	/System/Library/PrivateFrameworks/Ubiquity.framework/Versions/A/Ubiquity
0x0000000003e43000 	/System/Library/PrivateFrameworks/IconServices.framework/Versions/A/IconServices
0x0000000003e43000 	/System/Library/PrivateFrameworks/ChunkingLibrary.framework/Versions/A/ChunkingLibrary
0x0000000003e43000 	/System/Library/PrivateFrameworks/Apple80211.framework/Versions/A/Apple80211
0x0000000003e43000 	/System/Library/Frameworks/CoreWLAN.framework/Versions/A/CoreWLAN
0x0000000003e43000 	/System/Library/Frameworks/IOBluetooth.framework/Versions/A/IOBluetooth
0x0000000003e43000 	/System/Library/PrivateFrameworks/CoreWiFi.framework/Versions/A/CoreWiFi
0x0000000003e43000 	/System/Library/Frameworks/CoreBluetooth.framework/Versions/A/CoreBluetooth
0x0000000003e43000 	/System/Library/PrivateFrameworks/DebugSymbols.framework/Versions/A/DebugSymbols
0x0000000003e43000 	/System/Library/PrivateFrameworks/CoreSymbolication.framework/Versions/A/CoreSymbolication
0x0000000003e43000 	/System/Library/PrivateFrameworks/Symbolication.framework/Versions/A/Symbolication
0x0000000003e43000 	/System/Library/PrivateFrameworks/SpeechRecognitionCore.framework/Versions/A/SpeechRecognitionCore
0x0000000106200000 	/Library/Java/JavaVirtualMachines/jdk1.8.0_65.jdk/Contents/Home/jre/lib/server/libjvm.dylib
0x0000000003e43000 	/usr/lib/libstdc++.6.dylib
0x00000001059b7000 	/Library/Java/JavaVirtualMachines/jdk1.8.0_65.jdk/Contents/Home/jre/lib/libverify.dylib
0x00000001059c5000 	/Library/Java/JavaVirtualMachines/jdk1.8.0_65.jdk/Contents/Home/jre/lib/libjava.dylib
0x0000000107294000 	/Library/Java/JavaVirtualMachines/jdk1.8.0_65.jdk/Contents/Home/jre/lib/libzip.dylib
0x000000011d2ec000 	/System/Library/Frameworks/JavaVM.framework/Frameworks/JavaRuntimeSupport.framework/JavaRuntimeSupport
0x000000011d302000 	/System/Library/Frameworks/JavaVM.framework/Versions/A/Frameworks/JavaNativeFoundation.framework/Versions/A/JavaNativeFoundation
0x000000011d316000 	/System/Library/Frameworks/JavaVM.framework/Versions/A/JavaVM
0x0000000003e43000 	/System/Library/Frameworks/Carbon.framework/Versions/A/Carbon
0x000000011d322000 	/System/Library/PrivateFrameworks/JavaLaunching.framework/Versions/A/JavaLaunching
0x0000000003e43000 	/System/Library/Frameworks/Carbon.framework/Versions/A/Frameworks/CommonPanels.framework/Versions/A/CommonPanels
0x0000000003e43000 	/System/Library/Frameworks/Carbon.framework/Versions/A/Frameworks/Help.framework/Versions/A/Help
0x0000000003e43000 	/System/Library/Frameworks/Carbon.framework/Versions/A/Frameworks/ImageCapture.framework/Versions/A/ImageCapture
0x0000000003e43000 	/System/Library/Frameworks/Carbon.framework/Versions/A/Frameworks/OpenScripting.framework/Versions/A/OpenScripting
0x0000000003e43000 	/System/Library/Frameworks/Carbon.framework/Versions/A/Frameworks/Print.framework/Versions/A/Print
0x0000000003e43000 	/System/Library/Frameworks/Carbon.framework/Versions/A/Frameworks/SecurityHI.framework/Versions/A/SecurityHI
0x000000011f219000 	/Library/Java/JavaVirtualMachines/jdk1.8.0_65.jdk/Contents/Home/jre/lib/libnet.dylib
0x000000011f910000 	/Library/Java/JavaVirtualMachines/jdk1.8.0_65.jdk/Contents/Home/jre/lib/libnio.dylib
0x000000011f6de000 	/Library/Java/JavaVirtualMachines/jdk1.8.0_65.jdk/Contents/Home/jre/lib/libmanagement.dylib

VM Arguments:
jvm_args: -Dlogback.configurationFile=/Users/charlie/IdeaProjects/mic-api-admin/logback-debug.xml -Dlogback.logFilePath=/Users/charlie/IdeaProjects/mic-api-admin/build/libs 
java_command: build/libs/mic-api-admin-0.00.01-all.jar 1 8888
java_class_path (initial): build/libs/mic-api-admin-0.00.01-all.jar
Launcher Type: SUN_STANDARD

Environment Variables:
PATH=/usr/local/bin:/usr/bin:/bin:/usr/sbin:/sbin
SHELL=/bin/zsh
DISPLAY=/private/tmp/com.apple.launchd.bKwIJcPo8M/org.macosforge.xquartz:0

Signal Handlers:
SIGSEGV: [libjvm.dylib+0x5a6d31], sa_mask[0]=11111111011111110111111111111111, sa_flags=SA_ONSTACK|SA_RESTART|SA_SIGINFO
SIGBUS: [libjvm.dylib+0x5a6d31], sa_mask[0]=11111111011111110111111111111111, sa_flags=SA_RESTART|SA_SIGINFO
SIGFPE: [libjvm.dylib+0x480a40], sa_mask[0]=11111111011111110111111111111111, sa_flags=SA_RESTART|SA_SIGINFO
SIGPIPE: [libjvm.dylib+0x480a40], sa_mask[0]=11111111011111110111111111111111, sa_flags=SA_RESTART|SA_SIGINFO
SIGXFSZ: [libjvm.dylib+0x480a40], sa_mask[0]=11111111011111110111111111111111, sa_flags=SA_RESTART|SA_SIGINFO
SIGILL: [libjvm.dylib+0x480a40], sa_mask[0]=11111111011111110111111111111111, sa_flags=SA_RESTART|SA_SIGINFO
SIGUSR1: SIG_DFL, sa_mask[0]=00000000000000000000000000000000, sa_flags=SA_RESTART
SIGUSR2: [libjvm.dylib+0x48055e], sa_mask[0]=00000000000000000000000000000000, sa_flags=SA_RESTART|SA_SIGINFO
SIGHUP: [libjvm.dylib+0x47eb35], sa_mask[0]=11111111011111110111111111111111, sa_flags=SA_RESTART|SA_SIGINFO
SIGINT: [libjvm.dylib+0x47eb35], sa_mask[0]=11111111011111110111111111111111, sa_flags=SA_RESTART|SA_SIGINFO
SIGTERM: [libjvm.dylib+0x47eb35], sa_mask[0]=11111111011111110111111111111111, sa_flags=SA_RESTART|SA_SIGINFO
SIGQUIT: [libjvm.dylib+0x47eb35], sa_mask[0]=11111111011111110111111111111111, sa_flags=SA_RESTART|SA_SIGINFO


---------------  S Y S T E M  ---------------

OS:Bsduname:Darwin 14.5.0 Darwin Kernel Version 14.5.0: Tue Sep  1 21:23:09 PDT 2015; root:xnu-2782.50.1~1/RELEASE_X86_64 x86_64
rlimit: STACK 8192k, CORE 0k, NPROC 709, NOFILE 10240, AS infinity
load average:2.72 2.10 1.91

CPU:total 4 (2 cores per cpu, 2 threads per core) family 6 model 61 stepping 4, cmov, cx8, fxsr, mmx, sse, sse2, sse3, ssse3, sse4.1, sse4.2, popcnt, avx, avx2, aes, clmul, erms, 3dnowpref, lzcnt, ht, tsc, tscinvbit, bmi1, bmi2, adx

Memory: 4k page, physical 8388608k(42576k free)

/proc/meminfo:


vm_info: Java HotSpot(TM) 64-Bit Server VM (25.65-b01) for bsd-amd64 JRE (1.8.0_65-b17), built on Oct  6 2015 15:36:46 by "java_re" with gcc 4.2.1 (Based on Apple Inc. build 5658) (LLVM build 2336.11.00)

time: Tue Feb 23 19:43:23 2016
elapsed time: 217 seconds (0d 0h 3m 37s)

