#
# A fatal error has been detected by the Java Runtime Environment:
#
#  SIGBUS (0xa) at pc=0x00000001031d6eb9, pid=56040, tid=14091
#
# JRE version: Java(TM) SE Runtime Environment (8.0_65-b17) (build 1.8.0_65-b17)
# Java VM: Java HotSpot(TM) 64-Bit Server VM (25.65-b01 mixed mode bsd-amd64 compressed oops)
# Problematic frame:
# C  [libzip.dylib+0x2eb9]  newEntry+0x154
#
# Failed to write core dump. Core dumps have been disabled. To enable core dumping, try "ulimit -c unlimited" before starting Java again
#
# If you would like to submit a bug report, please visit:
#   http://bugreport.java.com/bugreport/crash.jsp
# The crash happened outside the Java Virtual Machine in native code.
# See problematic frame for where to report the bug.
#

---------------  T H R E A D  ---------------

Current thread (0x00007fbc2700a800):  JavaThread "ratpack-shutdown-thread" [_thread_in_native, id=14091, stack(0x000000011b630000,0x000000011b730000)]

siginfo: si_signo: 10 (SIGBUS), si_code: 2 (BUS_ADRERR), si_addr: 0x000000011b2eadd4

Registers:
RAX=0x00007fbc234410d0, RBX=0x000000011b2eadc8, RCX=0x0000000000000001, RDX=0x0000000000000908
RSP=0x000000011b72d490, RBP=0x000000011b72d4f0, RSI=0x00007fbc23400000, RDI=0x00000001017cea00
R8 =0x0000000000000004, R9 =0x00000000fffffff0, R10=0x000000010338b198, R11=0xfffffff9828d7596
R12=0x000000011b227000, R13=0x000000000001ad40, R14=0x000000004f5ba99c, R15=0x00007fbc259ee070
RIP=0x00000001031d6eb9, EFLAGS=0x0000000000010202, ERR=0x0000000000000004
  TRAPNO=0x000000000000000e

Top of Stack: (sp=0x000000011b72d490)
0x000000011b72d490:   00007fbc2700a800 00000000c00dbcd0
0x000000011b72d4a0:   000000011b72d520 00000001025c4d0d
0x000000011b72d4b0:   000000011b72d4d0 00007fbc234410d0
0x000000011b72d4c0:   00007fbc234929f0 00007fbc234410d0
0x000000011b72d4d0:   000000011b227000 000000000001ad40
0x000000011b72d4e0:   000000004f5ba99c 00007fbc259ee070
0x000000011b72d4f0:   000000011b72d550 00000001031d7554
0x000000011b72d500:   000000011b72d5a5 000000011b72d5a4
0x000000011b72d510:   0000003500000000 000000360100a800
0x000000011b72d520:   000000011b72d56e 000000011b72d9b8
0x000000011b72d530:   0000000000000036 000000011b72d56e
0x000000011b72d540:   00007fbc234410d0 00007fbc2700a9f8
0x000000011b72d550:   000000011b72d9a0 00000001031d634f
0x000000011b72d560:   00007fbc2371bf00 6f697fbc00000001
0x000000011b72d570:   632f797474656e2f 442f6c656e6e6168
0x000000011b72d580:   6843746c75616665 6e61486c656e6e61
0x000000011b72d590:   6f766e4972656c64 632e33312472656b
0x000000011b72d5a0:   000000007373616c 000000011b72d788
0x000000011b72d5b0:   000000011b72d610 000000011d3afe78
0x000000011b72d5c0:   000000011b72d768 00000000ffffffc2
0x000000011b72d5d0:   000000000000003e 000000011b72d768
0x000000011b72d5e0:   000000010280afba 00000000ffffffc2
0x000000011b72d5f0:   000000011b72da20 00007fff8fd74e3e
0x000000011b72d600:   000000071d3c0dc8 000000011b72da30
0x000000011b72d610:   000000011d3c0e08 00000001025c659d
0x000000011b72d620:   00007fbc2700a800 0000000000000000
0x000000011b72d630:   0000000017576fb8 0000000100000000
0x000000011b72d640:   00000007c00b6cf0 00007fbc1d3c68d0
0x000000011b72d650:   000000011b72d600 00007fbc2700a800
0x000000011b72d660:   00007fbc23704c00 00007fbc259858d0
0x000000011b72d670:   00007fbc23704cf0 00007fbc23704d00
0x000000011b72d680:   00007fbc237050d8 00000000000003d8 

Instructions: (pc=0x00000001031d6eb9)
0x00000001031d6e99:   49 8b 7f 38 e8 50 1b 00 00 4d 89 77 38 49 89 5f
0x00000001031d6ea9:   40 4c 89 f0 48 85 c0 0f 84 11 05 00 00 48 89 c3
0x00000001031d6eb9:   0f b6 43 0c 0f b6 4b 0d 48 c1 e1 08 48 01 c1 0f
0x00000001031d6ec9:   b6 43 0e 0f b6 53 0f 48 c1 e2 08 48 01 c2 48 c1 

Register to memory mapping:

RAX=0x00007fbc234410d0 is an unknown value
RBX=0x000000011b2eadc8 is an unknown value
RCX=0x0000000000000001 is an unknown value
RDX=0x0000000000000908 is an unknown value
RSP=0x000000011b72d490 is pointing into the stack for thread: 0x00007fbc2700a800
RBP=0x000000011b72d4f0 is pointing into the stack for thread: 0x00007fbc2700a800
RSI=0x00007fbc23400000 is an unknown value
RDI=0x00000001017cea00 is an unknown value
R8 =0x0000000000000004 is an unknown value
R9 =0x00000000fffffff0 is an unknown value
R10=0x000000010338b198 is at entry_point+88 in (nmethod*)0x000000010338afd0
R11=0xfffffff9828d7596 is an unknown value
R12=0x000000011b227000 is an unknown value
R13=0x000000000001ad40 is an unknown value
R14=0x000000004f5ba99c is an unknown value
R15=0x00007fbc259ee070 is an unknown value


Stack: [0x000000011b630000,0x000000011b730000],  sp=0x000000011b72d490,  free space=1013k
Native frames: (J=compiled Java code, j=interpreted, Vv=VM code, C=native code)
C  [libzip.dylib+0x2eb9]  newEntry+0x154
C  [libzip.dylib+0x3554]  ZIP_GetEntry2+0xd4
C  [libzip.dylib+0x234f]  Java_java_util_zip_ZipFile_getEntry+0xcf
J 331  java.util.zip.ZipFile.getEntry(J[BZ)J (0 bytes) @ 0x000000010338b20e [0x000000010338b140+0xce]
J 991 C2 sun.misc.URLClassPath.getResource(Ljava/lang/String;Z)Lsun/misc/Resource; (83 bytes) @ 0x000000010356d7a8 [0x000000010356d140+0x668]
J 2155 C2 java.net.URLClassLoader$1.run()Ljava/lang/Object; (5 bytes) @ 0x0000000103931704 [0x0000000103931220+0x4e4]
v  ~StubRoutines::call_stub
V  [libjvm.dylib+0x2eab02]  JavaCalls::call_helper(JavaValue*, methodHandle*, JavaCallArguments*, Thread*)+0x6ae
V  [libjvm.dylib+0x34afcc]  JVM_DoPrivileged+0x4b8
J 361  java.security.AccessController.doPrivileged(Ljava/security/PrivilegedExceptionAction;Ljava/security/AccessControlContext;)Ljava/lang/Object; (0 bytes) @ 0x0000000103398115 [0x0000000103398040+0xd5]
J 2087 C2 java.lang.ClassLoader.loadClass(Ljava/lang/String;Z)Ljava/lang/Class; (122 bytes) @ 0x00000001038e072c [0x00000001038dfc60+0xacc]
J 365 C1 sun.misc.Launcher$AppClassLoader.loadClass(Ljava/lang/String;Z)Ljava/lang/Class; (85 bytes) @ 0x000000010339a6a4 [0x0000000103399d00+0x9a4]
J 288 C1 java.lang.ClassLoader.loadClass(Ljava/lang/String;)Ljava/lang/Class; (7 bytes) @ 0x0000000103372684 [0x0000000103372580+0x104]
v  ~StubRoutines::call_stub
V  [libjvm.dylib+0x2eab02]  JavaCalls::call_helper(JavaValue*, methodHandle*, JavaCallArguments*, Thread*)+0x6ae
V  [libjvm.dylib+0x2eb290]  JavaCalls::call_virtual(JavaValue*, KlassHandle, Symbol*, Symbol*, JavaCallArguments*, Thread*)+0x164
V  [libjvm.dylib+0x2eb3e8]  JavaCalls::call_virtual(JavaValue*, Handle, KlassHandle, Symbol*, Symbol*, Handle, Thread*)+0x56
V  [libjvm.dylib+0x533640]  SystemDictionary::load_instance_class(Symbol*, Handle, Thread*)+0x2d8
V  [libjvm.dylib+0x532dd9]  SystemDictionary::resolve_instance_class_or_null(Symbol*, Handle, Handle, Thread*)+0x48f
V  [libjvm.dylib+0x53385c]  SystemDictionary::resolve_or_null(Symbol*, Handle, Handle, Thread*)+0x106
V  [libjvm.dylib+0x533ed9]  SystemDictionary::resolve_or_fail(Symbol*, Handle, Handle, bool, Thread*)+0x31
V  [libjvm.dylib+0x1e17aa]  ConstantPool::klass_at_impl(constantPoolHandle, int, Thread*)+0x2ee
V  [libjvm.dylib+0x1f1a6e]  ConstantPool::klass_at(int, Thread*)+0x92
V  [libjvm.dylib+0x2e64df]  InterpreterRuntime::_new(JavaThread*, ConstantPool*, int)+0x2d
j  io.netty.channel.DefaultChannelHandlerInvoker.invokeClose(Lio/netty/channel/ChannelHandlerContext;Lio/netty/channel/ChannelPromise;)V+31
j  io.netty.channel.AbstractChannelHandlerContext.close(Lio/netty/channel/ChannelPromise;)Lio/netty/channel/ChannelFuture;+11
j  io.netty.channel.AbstractChannelHandlerContext.close()Lio/netty/channel/ChannelFuture;+5
j  io.netty.channel.DefaultChannelPipeline.close()Lio/netty/channel/ChannelFuture;+4
j  io.netty.channel.AbstractChannel.close()Lio/netty/channel/ChannelFuture;+4
j  ratpack.server.internal.DefaultRatpackServer.stop()V+55
j  ratpack.server.internal.DefaultRatpackServer$1.run()V+4
v  ~StubRoutines::call_stub
V  [libjvm.dylib+0x2eab02]  JavaCalls::call_helper(JavaValue*, methodHandle*, JavaCallArguments*, Thread*)+0x6ae
V  [libjvm.dylib+0x2eb290]  JavaCalls::call_virtual(JavaValue*, KlassHandle, Symbol*, Symbol*, JavaCallArguments*, Thread*)+0x164
V  [libjvm.dylib+0x2eb43c]  JavaCalls::call_virtual(JavaValue*, Handle, KlassHandle, Symbol*, Symbol*, Thread*)+0x4a
V  [libjvm.dylib+0x345959]  thread_entry(JavaThread*, Thread*)+0x7c
V  [libjvm.dylib+0x5612d3]  JavaThread::thread_main_inner()+0x9b
V  [libjvm.dylib+0x5629ce]  JavaThread::run()+0x1c2
V  [libjvm.dylib+0x48342e]  java_start(Thread*)+0xf6
C  [libsystem_pthread.dylib+0x405a]  _pthread_body+0x83
C  [libsystem_pthread.dylib+0x3fd7]  _pthread_body+0x0
C  [libsystem_pthread.dylib+0x13ed]  thread_start+0xd
C  0x0000000000000000

Java frames: (J=compiled Java code, j=interpreted, Vv=VM code)
J 331  java.util.zip.ZipFile.getEntry(J[BZ)J (0 bytes) @ 0x000000010338b198 [0x000000010338b140+0x58]
J 991 C2 sun.misc.URLClassPath.getResource(Ljava/lang/String;Z)Lsun/misc/Resource; (83 bytes) @ 0x000000010356d7a8 [0x000000010356d140+0x668]
J 2155 C2 java.net.URLClassLoader$1.run()Ljava/lang/Object; (5 bytes) @ 0x0000000103931704 [0x0000000103931220+0x4e4]
v  ~StubRoutines::call_stub
J 361  java.security.AccessController.doPrivileged(Ljava/security/PrivilegedExceptionAction;Ljava/security/AccessControlContext;)Ljava/lang/Object; (0 bytes) @ 0x00000001033980a3 [0x0000000103398040+0x63]
J 2087 C2 java.lang.ClassLoader.loadClass(Ljava/lang/String;Z)Ljava/lang/Class; (122 bytes) @ 0x00000001038e072c [0x00000001038dfc60+0xacc]
J 365 C1 sun.misc.Launcher$AppClassLoader.loadClass(Ljava/lang/String;Z)Ljava/lang/Class; (85 bytes) @ 0x000000010339a6a4 [0x0000000103399d00+0x9a4]
J 288 C1 java.lang.ClassLoader.loadClass(Ljava/lang/String;)Ljava/lang/Class; (7 bytes) @ 0x0000000103372684 [0x0000000103372580+0x104]
v  ~StubRoutines::call_stub
j  io.netty.channel.DefaultChannelHandlerInvoker.invokeClose(Lio/netty/channel/ChannelHandlerContext;Lio/netty/channel/ChannelPromise;)V+31
j  io.netty.channel.AbstractChannelHandlerContext.close(Lio/netty/channel/ChannelPromise;)Lio/netty/channel/ChannelFuture;+11
j  io.netty.channel.AbstractChannelHandlerContext.close()Lio/netty/channel/ChannelFuture;+5
j  io.netty.channel.DefaultChannelPipeline.close()Lio/netty/channel/ChannelFuture;+4
j  io.netty.channel.AbstractChannel.close()Lio/netty/channel/ChannelFuture;+4
j  ratpack.server.internal.DefaultRatpackServer.stop()V+55
j  ratpack.server.internal.DefaultRatpackServer$1.run()V+4
v  ~StubRoutines::call_stub

---------------  P R O C E S S  ---------------

Java Threads: ( => current thread )
=>0x00007fbc2700a800 JavaThread "ratpack-shutdown-thread" [_thread_in_native, id=14091, stack(0x000000011b630000,0x000000011b730000)]
  0x00007fbc27008800 JavaThread "SIGINT handler" daemon [_thread_blocked, id=12043, stack(0x000000011926e000,0x000000011936e000)]
  0x00007fbc23d25800 JavaThread "PostgreSQL-JDBC-SharedTimer-1" daemon [_thread_blocked, id=24323, stack(0x000000011e94e000,0x000000011ea4e000)]
  0x00007fbc241c2000 JavaThread "ratpack-blocking-3-1" [_thread_blocked, id=23811, stack(0x000000011d074000,0x000000011d174000)]
  0x00007fbc241c2800 JavaThread "threadDeathWatcher-4-1" daemon [_thread_blocked, id=23083, stack(0x000000011c529000,0x000000011c629000)]
  0x00007fbc24802800 JavaThread "DestroyJavaVM" [_thread_blocked, id=3847, stack(0x00000001018f9000,0x00000001019f9000)]
  0x00007fbc241b6000 JavaThread "ratpack-compute-1-1" [_thread_in_native, id=23299, stack(0x000000011d1e8000,0x000000011d2e8000)]
  0x00007fbc25181000 JavaThread "Hikari Housekeeping Timer (pool HikariPool-0)" daemon [_thread_blocked, id=20743, stack(0x000000011cb7c000,0x000000011cc7c000)]
  0x00007fbc24938000 JavaThread "AsyncAppender-Worker-DebugMsgQueue" daemon [_thread_blocked, id=20227, stack(0x000000011b51f000,0x000000011b61f000)]
  0x00007fbc24932000 JavaThread "AsyncAppender-Worker-InfoMsgQueue" daemon [_thread_blocked, id=19715, stack(0x000000011b41c000,0x000000011b51c000)]
  0x00007fbc2509a000 JavaThread "AsyncAppender-Worker-WarnMsgQueue" daemon [_thread_blocked, id=19203, stack(0x000000011b319000,0x000000011b419000)]
  0x00007fbc23855000 JavaThread "Service Thread" daemon [_thread_blocked, id=18179, stack(0x000000011af54000,0x000000011b054000)]
  0x00007fbc24856000 JavaThread "C1 CompilerThread2" daemon [_thread_blocked, id=17667, stack(0x000000011ae51000,0x000000011af51000)]
  0x00007fbc24855000 JavaThread "C2 CompilerThread1" daemon [_thread_blocked, id=17155, stack(0x000000011ad4e000,0x000000011ae4e000)]
  0x00007fbc2384c800 JavaThread "C2 CompilerThread0" daemon [_thread_blocked, id=16643, stack(0x000000011ac4b000,0x000000011ad4b000)]
  0x00007fbc25000000 JavaThread "Signal Dispatcher" daemon [_thread_blocked, id=13335, stack(0x000000011ab48000,0x000000011ac48000)]
  0x00007fbc2482e000 JavaThread "Finalizer" daemon [_thread_blocked, id=11523, stack(0x000000011912a000,0x000000011922a000)]
  0x00007fbc2482d800 JavaThread "Reference Handler" daemon [_thread_blocked, id=11011, stack(0x0000000119027000,0x0000000119127000)]

Other Threads:
  0x00007fbc23833000 VMThread [stack: 0x0000000118f24000,0x0000000119024000] [id=10499]
  0x00007fbc25001000 WatcherThread [stack: 0x000000011b057000,0x000000011b157000] [id=18691]

VM state:not at safepoint (normal execution)

VM Mutex/Monitor currently owned by a thread: None

Heap:
 PSYoungGen      total 71680K, used 58861K [0x0000000795580000, 0x000000079e180000, 0x00000007c0000000)
  eden space 66560K, 88% used [0x0000000795580000,0x0000000798efb7a0,0x0000000799680000)
  from space 5120K, 0% used [0x0000000799680000,0x0000000799680000,0x0000000799b80000)
  to   space 5120K, 0% used [0x000000079dc80000,0x000000079dc80000,0x000000079e180000)
 ParOldGen       total 57344K, used 6264K [0x0000000740000000, 0x0000000743800000, 0x0000000795580000)
  object space 57344K, 10% used [0x0000000740000000,0x000000074061e088,0x0000000743800000)
 Metaspace       used 33859K, capacity 34580K, committed 34688K, reserved 1079296K
  class space    used 3763K, capacity 3938K, committed 3968K, reserved 1048576K

Card table byte_map: [0x000000011259d000,0x000000011299e000] byte_map_base: 0x000000010eb9d000

Marking Bits: (ParMarkBitMap*) 0x0000000102adee20
 Begin Bits: [0x0000000113055000, 0x0000000115055000)
 End Bits:   [0x0000000115055000, 0x0000000117055000)

Polling page: 0x00000001019fb000

CodeCache: size=245760Kb used=7616Kb max_used=7627Kb free=238143Kb
 bounds [0x00000001031dd000, 0x000000010395d000, 0x00000001121dd000]
 total_blobs=2701 nmethods=2254 adapters=360
 compilation: enabled

Compilation events (10 events):
Event: 32.232 Thread 0x00007fbc24856000 nmethod 2257 0x0000000103923ed0 code [0x0000000103924040, 0x0000000103924230]
Event: 32.232 Thread 0x00007fbc24856000 2250       3       jdk.internal.org.objectweb.asm.MethodVisitor::visitVarInsn (17 bytes)
Event: 32.233 Thread 0x00007fbc24856000 nmethod 2250 0x0000000103923a10 code [0x0000000103923b80, 0x0000000103923de8]
Event: 32.233 Thread 0x00007fbc24856000 2260       3       ch.qos.logback.classic.filter.LevelFilter::decide (9 bytes)
Event: 32.233 Thread 0x00007fbc24856000 nmethod 2260 0x0000000103923550 code [0x00000001039236c0, 0x0000000103923968]
Event: 32.233 Thread 0x00007fbc24856000 2261       3       ch.qos.logback.classic.filter.LevelFilter::decide (37 bytes)
Event: 32.233 Thread 0x00007fbc24856000 nmethod 2261 0x0000000103922e50 code [0x0000000103922fe0, 0x0000000103923410]
Event: 40.450 Thread 0x00007fbc24856000 2262       1       io.netty.util.internal.MpscLinkedQueueNode::next (5 bytes)
Event: 40.450 Thread 0x00007fbc24856000 nmethod 2262 0x0000000103922b90 code [0x0000000103922ce0, 0x0000000103922df0]
Event: 46.748 Thread 0x00007fbc24856000 2263       1       java.util.logging.Logger::getName (5 bytes)

GC Heap History (8 events):
Event: 0.970 GC heap before
{Heap before GC invocations=1 (full 0):
 PSYoungGen      total 38400K, used 33280K [0x0000000795580000, 0x0000000798000000, 0x00000007c0000000)
  eden space 33280K, 100% used [0x0000000795580000,0x0000000797600000,0x0000000797600000)
  from space 5120K, 0% used [0x0000000797b00000,0x0000000797b00000,0x0000000798000000)
  to   space 5120K, 0% used [0x0000000797600000,0x0000000797600000,0x0000000797b00000)
 ParOldGen       total 87552K, used 0K [0x0000000740000000, 0x0000000745580000, 0x0000000795580000)
  object space 87552K, 0% used [0x0000000740000000,0x0000000740000000,0x0000000745580000)
 Metaspace       used 14127K, capacity 14446K, committed 14592K, reserved 1062912K
  class space    used 1693K, capacity 1787K, committed 1792K, reserved 1048576K
Event: 0.991 GC heap after
Heap after GC invocations=1 (full 0):
 PSYoungGen      total 38400K, used 5098K [0x0000000795580000, 0x000000079a080000, 0x00000007c0000000)
  eden space 33280K, 0% used [0x0000000795580000,0x0000000795580000,0x0000000797600000)
  from space 5120K, 99% used [0x0000000797600000,0x0000000797afa970,0x0000000797b00000)
  to   space 5120K, 0% used [0x0000000799b80000,0x0000000799b80000,0x000000079a080000)
 ParOldGen       total 87552K, used 2885K [0x0000000740000000, 0x0000000745580000, 0x0000000795580000)
  object space 87552K, 3% used [0x0000000740000000,0x00000007402d1650,0x0000000745580000)
 Metaspace       used 14127K, capacity 14446K, committed 14592K, reserved 1062912K
  class space    used 1693K, capacity 1787K, committed 1792K, reserved 1048576K
}
Event: 1.890 GC heap before
{Heap before GC invocations=2 (full 0):
 PSYoungGen      total 38400K, used 38378K [0x0000000795580000, 0x000000079a080000, 0x00000007c0000000)
  eden space 33280K, 100% used [0x0000000795580000,0x0000000797600000,0x0000000797600000)
  from space 5120K, 99% used [0x0000000797600000,0x0000000797afa970,0x0000000797b00000)
  to   space 5120K, 0% used [0x0000000799b80000,0x0000000799b80000,0x000000079a080000)
 ParOldGen       total 87552K, used 2885K [0x0000000740000000, 0x0000000745580000, 0x0000000795580000)
  object space 87552K, 3% used [0x0000000740000000,0x00000007402d1650,0x0000000745580000)
 Metaspace       used 20428K, capacity 20858K, committed 21120K, reserved 1067008K
  class space    used 2496K, capacity 2635K, committed 2688K, reserved 1048576K
Event: 1.922 GC heap after
Heap after GC invocations=2 (full 0):
 PSYoungGen      total 71680K, used 5109K [0x0000000795580000, 0x000000079a080000, 0x00000007c0000000)
  eden space 66560K, 0% used [0x0000000795580000,0x0000000795580000,0x0000000799680000)
  from space 5120K, 99% used [0x0000000799b80000,0x000000079a07d490,0x000000079a080000)
  to   space 5120K, 0% used [0x0000000799680000,0x0000000799680000,0x0000000799b80000)
 ParOldGen       total 87552K, used 8866K [0x0000000740000000, 0x0000000745580000, 0x0000000795580000)
  object space 87552K, 10% used [0x0000000740000000,0x00000007408a8918,0x0000000745580000)
 Metaspace       used 20428K, capacity 20858K, committed 21120K, reserved 1067008K
  class space    used 2496K, capacity 2635K, committed 2688K, reserved 1048576K
}
Event: 2.142 GC heap before
{Heap before GC invocations=3 (full 0):
 PSYoungGen      total 71680K, used 16084K [0x0000000795580000, 0x000000079a080000, 0x00000007c0000000)
  eden space 66560K, 16% used [0x0000000795580000,0x0000000796037c20,0x0000000799680000)
  from space 5120K, 99% used [0x0000000799b80000,0x000000079a07d490,0x000000079a080000)
  to   space 5120K, 0% used [0x0000000799680000,0x0000000799680000,0x0000000799b80000)
 ParOldGen       total 87552K, used 8866K [0x0000000740000000, 0x0000000745580000, 0x0000000795580000)
  object space 87552K, 10% used [0x0000000740000000,0x00000007408a8918,0x0000000745580000)
 Metaspace       used 20743K, capacity 21114K, committed 21296K, reserved 1069056K
  class space    used 2515K, capacity 2635K, committed 2688K, reserved 1048576K
Event: 2.157 GC heap after
Heap after GC invocations=3 (full 0):
 PSYoungGen      total 71680K, used 5109K [0x0000000795580000, 0x000000079e180000, 0x00000007c0000000)
  eden space 66560K, 0% used [0x0000000795580000,0x0000000795580000,0x0000000799680000)
  from space 5120K, 99% used [0x0000000799680000,0x0000000799b7d4b0,0x0000000799b80000)
  to   space 5120K, 0% used [0x000000079dc80000,0x000000079dc80000,0x000000079e180000)
 ParOldGen       total 87552K, used 9291K [0x0000000740000000, 0x0000000745580000, 0x0000000795580000)
  object space 87552K, 10% used [0x0000000740000000,0x0000000740912f18,0x0000000745580000)
 Metaspace       used 20743K, capacity 21114K, committed 21296K, reserved 1069056K
  class space    used 2515K, capacity 2635K, committed 2688K, reserved 1048576K
}
Event: 2.157 GC heap before
{Heap before GC invocations=4 (full 1):
 PSYoungGen      total 71680K, used 5109K [0x0000000795580000, 0x000000079e180000, 0x00000007c0000000)
  eden space 66560K, 0% used [0x0000000795580000,0x0000000795580000,0x0000000799680000)
  from space 5120K, 99% used [0x0000000799680000,0x0000000799b7d4b0,0x0000000799b80000)
  to   space 5120K, 0% used [0x000000079dc80000,0x000000079dc80000,0x000000079e180000)
 ParOldGen       total 87552K, used 9291K [0x0000000740000000, 0x0000000745580000, 0x0000000795580000)
  object space 87552K, 10% used [0x0000000740000000,0x0000000740912f18,0x0000000745580000)
 Metaspace       used 20743K, capacity 21114K, committed 21296K, reserved 1069056K
  class space    used 2515K, capacity 2635K, committed 2688K, reserved 1048576K
Event: 2.194 GC heap after
Heap after GC invocations=4 (full 1):
 PSYoungGen      total 71680K, used 0K [0x0000000795580000, 0x000000079e180000, 0x00000007c0000000)
  eden space 66560K, 0% used [0x0000000795580000,0x0000000795580000,0x0000000799680000)
  from space 5120K, 0% used [0x0000000799680000,0x0000000799680000,0x0000000799b80000)
  to   space 5120K, 0% used [0x000000079dc80000,0x000000079dc80000,0x000000079e180000)
 ParOldGen       total 57344K, used 6264K [0x0000000740000000, 0x0000000743800000, 0x0000000795580000)
  object space 57344K, 10% used [0x0000000740000000,0x000000074061e088,0x0000000743800000)
 Metaspace       used 20743K, capacity 21114K, committed 21296K, reserved 1069056K
  class space    used 2515K, capacity 2635K, committed 2688K, reserved 1048576K
}

Deoptimization events (10 events):
Event: 1.677 Thread 0x00007fbc24802800 Uncommon trap: reason=unstable_if action=reinterpret pc=0x0000000103568d54 method=java.util.HashMap.putVal(ILjava/lang/Object;Ljava/lang/Object;ZZ)Ljava/lang/Object; @ 162
Event: 1.677 Thread 0x00007fbc24802800 Uncommon trap: reason=unstable_if action=reinterpret pc=0x0000000103555d64 method=java.util.HashMap.getNode(ILjava/lang/Object;)Ljava/util/HashMap$Node; @ 84
Event: 1.678 Thread 0x00007fbc24802800 Uncommon trap: reason=unstable_if action=reinterpret pc=0x00000001035db854 method=java.util.HashMap.putVal(ILjava/lang/Object;Ljava/lang/Object;ZZ)Ljava/lang/Object; @ 109
Event: 1.718 Thread 0x00007fbc24802800 Uncommon trap: reason=unstable_if action=reinterpret pc=0x000000010363e17c method=javassist.bytecode.MethodInfo.getName()Ljava/lang/String; @ 4
Event: 1.862 Thread 0x00007fbc24802800 Uncommon trap: reason=class_check action=maybe_recompile pc=0x000000010364c680 method=java.io.BufferedInputStream.read([BII)I @ 101
Event: 2.214 Thread 0x00007fbc24802800 Uncommon trap: reason=unstable_if action=reinterpret pc=0x000000010352e3cc method=java.io.BufferedReader.readLine(Z)Ljava/lang/String; @ 55
Event: 2.291 Thread 0x00007fbc24c09800 Uncommon trap: reason=unstable_if action=reinterpret pc=0x0000000103532d60 method=java.lang.CharacterDataLatin1.isWhitespace(I)Z @ 14
Event: 3.349 Thread 0x00007fbc241b6000 Uncommon trap: reason=unstable_if action=reinterpret pc=0x0000000103751994 method=javassist.ClassPool.get0(Ljava/lang/String;Z)Ljavassist/CtClass; @ 3
Event: 46.746 Thread 0x00007fbc25000000 Uncommon trap: reason=class_check action=maybe_recompile pc=0x000000010372a284 method=java.util.Hashtable.get(Ljava/lang/Object;)Ljava/lang/Object; @ 6
Event: 46.746 Thread 0x00007fbc25000000 Uncommon trap: reason=class_check action=maybe_recompile pc=0x000000010372a284 method=java.util.Hashtable.get(Ljava/lang/Object;)Ljava/lang/Object; @ 6

Internal exceptions (10 events):
Event: 3.529 Thread 0x00007fbc241b6000 Exception <a 'java/lang/NoSuchMethodError': java.lang.Object.lambda$route$37(Lratpack/func/Predicate;Lratpack/func/Action;Lratpack/exec/Upstream;)Lratpack/exec/Upstream;> (0x00000007967e9c60) thrown at [/Users/java_re/workspace/8-2-build-macosx-x86_64/jdk
Event: 3.530 Thread 0x00007fbc241b6000 Exception <a 'java/lang/NoSuchMethodError': java.lang.Object.lambda$null$36(Lratpack/exec/Upstream;Lratpack/func/Predicate;Lratpack/func/Action;Lratpack/exec/Downstream;)V> (0x00000007967ee388) thrown at [/Users/java_re/workspace/8-2-build-macosx-x86_64/j
Event: 3.530 Thread 0x00007fbc241b6000 Exception <a 'java/lang/NoSuchMethodError': java.lang.Object.lambda$null$9(Lratpack/func/Function;Lratpack/exec/Downstream;Ljava/lang/Object;)V> (0x00000007967f84c0) thrown at [/Users/java_re/workspace/8-2-build-macosx-x86_64/jdk8u65/4987/hotspot/src/shar
Event: 3.531 Thread 0x00007fbc241b6000 Exception <a 'java/lang/NoSuchMethodError': java.lang.Object.lambda$null$35(Lratpack/func/Predicate;Lratpack/exec/Downstream;Lratpack/func/Action;Ljava/lang/Object;)V> (0x00000007967fc0a8) thrown at [/Users/java_re/workspace/8-2-build-macosx-x86_64/jdk8u6
Event: 3.531 Thread 0x00007fbc241b6000 Exception <a 'java/lang/NoSuchMethodError': java.lang.Object.lambda$null$32(Lratpack/func/Function;Lratpack/exec/Downstream;Ljava/lang/Object;)V> (0x0000000796800308) thrown at [/Users/java_re/workspace/8-2-build-macosx-x86_64/jdk8u65/4987/hotspot/src/sha
Event: 3.646 Thread 0x00007fbc241b6000 Exception <a 'java/lang/NoSuchMethodError': java.lang.Object.lambda$null$12(Lratpack/func/Function;Ljava/lang/Object;)Ljava/lang/Object;> (0x0000000796c41da0) thrown at [/Users/java_re/workspace/8-2-build-macosx-x86_64/jdk8u65/4987/hotspot/src/share/vm/in
Event: 3.651 Thread 0x00007fbc241b6000 Exception <a 'java/lang/NoSuchMethodError': java.lang.Object.lambda$onError$5(Lratpack/func/Predicate;Lratpack/func/Action;Lratpack/exec/Upstream;)Lratpack/exec/Upstream;> (0x0000000796c53538) thrown at [/Users/java_re/workspace/8-2-build-macosx-x86_64/jd
Event: 3.658 Thread 0x00007fbc241b6000 Exception <a 'java/lang/NoSuchMethodError': java.lang.Object.lambda$null$4(Lratpack/exec/Upstream;Lratpack/func/Predicate;Lratpack/func/Action;Lratpack/exec/Downstream;)V> (0x0000000796c56e60) thrown at [/Users/java_re/workspace/8-2-build-macosx-x86_64/jd
Event: 3.662 Thread 0x00007fbc241b6000 Exception <a 'java/lang/NoSuchMethodError': java.lang.Object.lambda$null$3(Lratpack/func/Predicate;Lratpack/func/Action;Lratpack/exec/Downstream;Ljava/lang/Throwable;)V> (0x0000000796c5c338) thrown at [/Users/java_re/workspace/8-2-build-macosx-x86_64/jdk8
Event: 4.145 Thread 0x00007fbc241b6000 Exception <a 'java/lang/NoSuchMethodError': java.lang.Object.lambda$add$0(Ljava/lang/Object;)Ljava/lang/Object;> (0x0000000796ca2120) thrown at [/Users/java_re/workspace/8-2-build-macosx-x86_64/jdk8u65/4987/hotspot/src/share/vm/interpreter/linkResolver.cp

Events (10 events):
Event: 46.746 loading class sun/misc/Signal$1
Event: 46.746 loading class sun/misc/Signal$1 done
Event: 46.747 Thread 0x00007fbc27008800 Thread added: 0x00007fbc27008800
Event: 46.747 loading class java/util/IdentityHashMap$KeyIterator
Event: 46.747 loading class java/util/IdentityHashMap$KeyIterator done
Event: 46.747 Thread 0x00007fbc2700a800 Thread added: 0x00007fbc2700a800
Event: 46.747 Thread 0x00007fbc2700b800 Thread added: 0x00007fbc2700b800
Event: 46.747 Thread 0x00007fbc2700b800 Thread exited: 0x00007fbc2700b800
Event: 46.748 loading class io/netty/channel/DefaultChannelHandlerInvoker$13
Event: 46.748 loading class io/netty/channel/DefaultChannelHandlerInvoker$13 done


Dynamic libraries:
0x0000000003e43000 	/System/Library/Frameworks/Cocoa.framework/Versions/A/Cocoa
0x0000000003e43000 	/System/Library/Frameworks/Security.framework/Versions/A/Security
0x0000000003e43000 	/System/Library/Frameworks/ApplicationServices.framework/Versions/A/ApplicationServices
0x0000000003e43000 	/usr/lib/libz.1.dylib
0x0000000003e43000 	/usr/lib/libSystem.B.dylib
0x0000000003e43000 	/usr/lib/libobjc.A.dylib
0x0000000003e43000 	/System/Library/Frameworks/CoreFoundation.framework/Versions/A/CoreFoundation
0x0000000003e43000 	/System/Library/Frameworks/Foundation.framework/Versions/C/Foundation
0x0000000003e43000 	/System/Library/Frameworks/AppKit.framework/Versions/C/AppKit
0x0000000003e43000 	/System/Library/Frameworks/CoreData.framework/Versions/A/CoreData
0x0000000003e43000 	/System/Library/PrivateFrameworks/RemoteViewServices.framework/Versions/A/RemoteViewServices
0x0000000003e43000 	/System/Library/PrivateFrameworks/UIFoundation.framework/Versions/A/UIFoundation
0x0000000003e43000 	/System/Library/Frameworks/IOSurface.framework/Versions/A/IOSurface
0x0000000003e43000 	/System/Library/Frameworks/AudioToolbox.framework/Versions/A/AudioToolbox
0x0000000003e43000 	/System/Library/Frameworks/AudioUnit.framework/Versions/A/AudioUnit
0x0000000003e43000 	/System/Library/PrivateFrameworks/DataDetectorsCore.framework/Versions/A/DataDetectorsCore
0x0000000003e43000 	/System/Library/PrivateFrameworks/DesktopServicesPriv.framework/Versions/A/DesktopServicesPriv
0x0000000003e43000 	/System/Library/Frameworks/Carbon.framework/Versions/A/Frameworks/HIToolbox.framework/Versions/A/HIToolbox
0x0000000003e43000 	/System/Library/Frameworks/QuartzCore.framework/Versions/A/QuartzCore
0x0000000003e43000 	/System/Library/Frameworks/Carbon.framework/Versions/A/Frameworks/SpeechRecognition.framework/Versions/A/SpeechRecognition
0x0000000003e43000 	/usr/lib/libauto.dylib
0x0000000003e43000 	/usr/lib/libicucore.A.dylib
0x0000000003e43000 	/usr/lib/libxml2.2.dylib
0x0000000003e43000 	/System/Library/PrivateFrameworks/CoreUI.framework/Versions/A/CoreUI
0x0000000003e43000 	/System/Library/Frameworks/CoreAudio.framework/Versions/A/CoreAudio
0x0000000003e43000 	/System/Library/Frameworks/DiskArbitration.framework/Versions/A/DiskArbitration
0x0000000003e43000 	/usr/lib/liblangid.dylib
0x0000000003e43000 	/System/Library/PrivateFrameworks/MultitouchSupport.framework/Versions/A/MultitouchSupport
0x0000000003e43000 	/System/Library/Frameworks/IOKit.framework/Versions/A/IOKit
0x0000000003e43000 	/usr/lib/libDiagnosticMessagesClient.dylib
0x0000000003e43000 	/System/Library/Frameworks/CoreServices.framework/Versions/A/CoreServices
0x0000000003e43000 	/System/Library/PrivateFrameworks/PerformanceAnalysis.framework/Versions/A/PerformanceAnalysis
0x0000000003e43000 	/System/Library/PrivateFrameworks/GenerationalStorage.framework/Versions/A/GenerationalStorage
0x0000000003e43000 	/System/Library/Frameworks/OpenGL.framework/Versions/A/OpenGL
0x0000000003e43000 	/System/Library/PrivateFrameworks/Sharing.framework/Versions/A/Sharing
0x0000000003e43000 	/System/Library/Frameworks/CoreGraphics.framework/Versions/A/CoreGraphics
0x0000000003e43000 	/System/Library/Frameworks/CoreText.framework/Versions/A/CoreText
0x0000000003e43000 	/System/Library/Frameworks/ImageIO.framework/Versions/A/ImageIO
0x0000000003e43000 	/usr/lib/libextension.dylib
0x0000000003e43000 	/System/Library/PrivateFrameworks/Backup.framework/Versions/A/Backup
0x0000000003e43000 	/usr/lib/libarchive.2.dylib
0x0000000003e43000 	/System/Library/Frameworks/CFNetwork.framework/Versions/A/CFNetwork
0x0000000003e43000 	/System/Library/Frameworks/SystemConfiguration.framework/Versions/A/SystemConfiguration
0x0000000003e43000 	/usr/lib/libCRFSuite.dylib
0x0000000003e43000 	/usr/lib/libc++.1.dylib
0x0000000003e43000 	/usr/lib/libc++abi.dylib
0x0000000003e43000 	/usr/lib/system/libcache.dylib
0x0000000003e43000 	/usr/lib/system/libcommonCrypto.dylib
0x0000000003e43000 	/usr/lib/system/libcompiler_rt.dylib
0x0000000003e43000 	/usr/lib/system/libcopyfile.dylib
0x0000000003e43000 	/usr/lib/system/libcorecrypto.dylib
0x0000000003e43000 	/usr/lib/system/libdispatch.dylib
0x0000000003e43000 	/usr/lib/system/libdyld.dylib
0x0000000003e43000 	/usr/lib/system/libkeymgr.dylib
0x0000000003e43000 	/usr/lib/system/liblaunch.dylib
0x0000000003e43000 	/usr/lib/system/libmacho.dylib
0x0000000003e43000 	/usr/lib/system/libquarantine.dylib
0x0000000003e43000 	/usr/lib/system/libremovefile.dylib
0x0000000003e43000 	/usr/lib/system/libsystem_asl.dylib
0x0000000003e43000 	/usr/lib/system/libsystem_blocks.dylib
0x0000000003e43000 	/usr/lib/system/libsystem_c.dylib
0x0000000003e43000 	/usr/lib/system/libsystem_configuration.dylib
0x0000000003e43000 	/usr/lib/system/libsystem_coreservices.dylib
0x0000000003e43000 	/usr/lib/system/libsystem_coretls.dylib
0x0000000003e43000 	/usr/lib/system/libsystem_dnssd.dylib
0x0000000003e43000 	/usr/lib/system/libsystem_info.dylib
0x0000000003e43000 	/usr/lib/system/libsystem_kernel.dylib
0x0000000003e43000 	/usr/lib/system/libsystem_m.dylib
0x0000000003e43000 	/usr/lib/system/libsystem_malloc.dylib
0x0000000003e43000 	/usr/lib/system/libsystem_network.dylib
0x0000000003e43000 	/usr/lib/system/libsystem_networkextension.dylib
0x0000000003e43000 	/usr/lib/system/libsystem_notify.dylib
0x0000000003e43000 	/usr/lib/system/libsystem_platform.dylib
0x0000000003e43000 	/usr/lib/system/libsystem_pthread.dylib
0x0000000003e43000 	/usr/lib/system/libsystem_sandbox.dylib
0x0000000003e43000 	/usr/lib/system/libsystem_secinit.dylib
0x0000000003e43000 	/usr/lib/system/libsystem_stats.dylib
0x0000000003e43000 	/usr/lib/system/libsystem_trace.dylib
0x0000000003e43000 	/usr/lib/system/libunc.dylib
0x0000000003e43000 	/usr/lib/system/libunwind.dylib
0x0000000003e43000 	/usr/lib/system/libxpc.dylib
0x0000000003e43000 	/usr/lib/libbz2.1.0.dylib
0x0000000003e43000 	/usr/lib/liblzma.5.dylib
0x0000000003e43000 	/usr/lib/libbsm.0.dylib
0x0000000003e43000 	/usr/lib/libsqlite3.dylib
0x0000000003e43000 	/usr/lib/system/libkxld.dylib
0x0000000003e43000 	/usr/lib/libxar.1.dylib
0x0000000003e43000 	/usr/lib/libpam.2.dylib
0x0000000003e43000 	/usr/lib/libOpenScriptingUtil.dylib
0x0000000003e43000 	/System/Library/Frameworks/CoreServices.framework/Versions/A/Frameworks/FSEvents.framework/Versions/A/FSEvents
0x0000000003e43000 	/System/Library/Frameworks/CoreServices.framework/Versions/A/Frameworks/CarbonCore.framework/Versions/A/CarbonCore
0x0000000003e43000 	/System/Library/Frameworks/CoreServices.framework/Versions/A/Frameworks/Metadata.framework/Versions/A/Metadata
0x0000000003e43000 	/System/Library/Frameworks/CoreServices.framework/Versions/A/Frameworks/OSServices.framework/Versions/A/OSServices
0x0000000003e43000 	/System/Library/Frameworks/CoreServices.framework/Versions/A/Frameworks/SearchKit.framework/Versions/A/SearchKit
0x0000000003e43000 	/System/Library/Frameworks/CoreServices.framework/Versions/A/Frameworks/AE.framework/Versions/A/AE
0x0000000003e43000 	/System/Library/Frameworks/CoreServices.framework/Versions/A/Frameworks/LaunchServices.framework/Versions/A/LaunchServices
0x0000000003e43000 	/System/Library/Frameworks/CoreServices.framework/Versions/A/Frameworks/DictionaryServices.framework/Versions/A/DictionaryServices
0x0000000003e43000 	/System/Library/Frameworks/NetFS.framework/Versions/A/NetFS
0x0000000003e43000 	/System/Library/PrivateFrameworks/NetAuth.framework/Versions/A/NetAuth
0x0000000003e43000 	/System/Library/PrivateFrameworks/login.framework/Versions/A/Frameworks/loginsupport.framework/Versions/A/loginsupport
0x0000000003e43000 	/System/Library/PrivateFrameworks/TCC.framework/Versions/A/TCC
0x0000000003e43000 	/usr/lib/libmecabra.dylib
0x0000000003e43000 	/System/Library/Frameworks/ApplicationServices.framework/Versions/A/Frameworks/ATS.framework/Versions/A/ATS
0x0000000003e43000 	/System/Library/Frameworks/ApplicationServices.framework/Versions/A/Frameworks/ColorSync.framework/Versions/A/ColorSync
0x0000000003e43000 	/System/Library/Frameworks/ApplicationServices.framework/Versions/A/Frameworks/HIServices.framework/Versions/A/HIServices
0x0000000003e43000 	/System/Library/Frameworks/ApplicationServices.framework/Versions/A/Frameworks/LangAnalysis.framework/Versions/A/LangAnalysis
0x0000000003e43000 	/System/Library/Frameworks/ApplicationServices.framework/Versions/A/Frameworks/PrintCore.framework/Versions/A/PrintCore
0x0000000003e43000 	/System/Library/Frameworks/ApplicationServices.framework/Versions/A/Frameworks/QD.framework/Versions/A/QD
0x0000000003e43000 	/System/Library/Frameworks/ApplicationServices.framework/Versions/A/Frameworks/SpeechSynthesis.framework/Versions/A/SpeechSynthesis
0x0000000003e43000 	/System/Library/Frameworks/Accelerate.framework/Versions/A/Accelerate
0x0000000003e43000 	/System/Library/Frameworks/Accelerate.framework/Versions/A/Frameworks/vImage.framework/Versions/A/vImage
0x0000000003e43000 	/System/Library/Frameworks/Accelerate.framework/Versions/A/Frameworks/vecLib.framework/Versions/A/vecLib
0x0000000003e43000 	/System/Library/Frameworks/Accelerate.framework/Versions/A/Frameworks/vecLib.framework/Versions/A/libvDSP.dylib
0x0000000003e43000 	/System/Library/Frameworks/Accelerate.framework/Versions/A/Frameworks/vecLib.framework/Versions/A/libvMisc.dylib
0x0000000003e43000 	/System/Library/Frameworks/Accelerate.framework/Versions/A/Frameworks/vecLib.framework/Versions/A/libLAPACK.dylib
0x0000000003e43000 	/System/Library/Frameworks/Accelerate.framework/Versions/A/Frameworks/vecLib.framework/Versions/A/libBLAS.dylib
0x0000000003e43000 	/System/Library/Frameworks/Accelerate.framework/Versions/A/Frameworks/vecLib.framework/Versions/A/libLinearAlgebra.dylib
0x0000000003e43000 	/System/Library/Frameworks/ApplicationServices.framework/Versions/A/Frameworks/ATS.framework/Versions/A/Resources/libFontParser.dylib
0x0000000003e43000 	/System/Library/Frameworks/ApplicationServices.framework/Versions/A/Frameworks/ATS.framework/Versions/A/Resources/libFontRegistry.dylib
0x0000000003e43000 	/System/Library/PrivateFrameworks/AppleVPA.framework/Versions/A/AppleVPA
0x0000000003e43000 	/System/Library/PrivateFrameworks/AppleJPEG.framework/Versions/A/AppleJPEG
0x0000000003e43000 	/System/Library/Frameworks/ImageIO.framework/Versions/A/Resources/libJPEG.dylib
0x0000000003e43000 	/System/Library/Frameworks/ImageIO.framework/Versions/A/Resources/libTIFF.dylib
0x0000000003e43000 	/System/Library/Frameworks/ImageIO.framework/Versions/A/Resources/libPng.dylib
0x0000000003e43000 	/System/Library/Frameworks/ImageIO.framework/Versions/A/Resources/libGIF.dylib
0x0000000003e43000 	/System/Library/Frameworks/ImageIO.framework/Versions/A/Resources/libJP2.dylib
0x0000000003e43000 	/System/Library/Frameworks/ImageIO.framework/Versions/A/Resources/libRadiance.dylib
0x0000000003e43000 	/System/Library/Frameworks/CoreVideo.framework/Versions/A/CoreVideo
0x0000000003e43000 	/System/Library/Frameworks/OpenGL.framework/Versions/A/Libraries/libGLU.dylib
0x0000000003e43000 	/System/Library/Frameworks/OpenGL.framework/Versions/A/Libraries/libGFXShared.dylib
0x0000000003e43000 	/System/Library/Frameworks/OpenGL.framework/Versions/A/Libraries/libGL.dylib
0x0000000003e43000 	/System/Library/Frameworks/OpenGL.framework/Versions/A/Libraries/libGLImage.dylib
0x0000000003e43000 	/System/Library/Frameworks/OpenGL.framework/Versions/A/Libraries/libCVMSPluginSupport.dylib
0x0000000003e43000 	/System/Library/Frameworks/OpenGL.framework/Versions/A/Libraries/libCoreVMClient.dylib
0x0000000003e43000 	/usr/lib/libcups.2.dylib
0x0000000003e43000 	/System/Library/Frameworks/Kerberos.framework/Versions/A/Kerberos
0x0000000003e43000 	/System/Library/Frameworks/GSS.framework/Versions/A/GSS
0x0000000003e43000 	/usr/lib/libresolv.9.dylib
0x0000000003e43000 	/usr/lib/libiconv.2.dylib
0x0000000003e43000 	/System/Library/PrivateFrameworks/Heimdal.framework/Versions/A/Heimdal
0x0000000003e43000 	/usr/lib/libheimdal-asn1.dylib
0x0000000003e43000 	/System/Library/Frameworks/OpenDirectory.framework/Versions/A/OpenDirectory
0x0000000003e43000 	/System/Library/PrivateFrameworks/CommonAuth.framework/Versions/A/CommonAuth
0x0000000003e43000 	/System/Library/Frameworks/OpenDirectory.framework/Versions/A/Frameworks/CFOpenDirectory.framework/Versions/A/CFOpenDirectory
0x0000000003e43000 	/System/Library/Frameworks/SecurityFoundation.framework/Versions/A/SecurityFoundation
0x0000000003e43000 	/System/Library/PrivateFrameworks/LanguageModeling.framework/Versions/A/LanguageModeling
0x0000000003e43000 	/usr/lib/libcmph.dylib
0x0000000003e43000 	/System/Library/Frameworks/ServiceManagement.framework/Versions/A/ServiceManagement
0x0000000003e43000 	/usr/lib/libxslt.1.dylib
0x0000000003e43000 	/System/Library/Frameworks/Carbon.framework/Versions/A/Frameworks/Ink.framework/Versions/A/Ink
0x0000000003e43000 	/System/Library/Frameworks/QuartzCore.framework/Versions/A/Frameworks/CoreImage.framework/Versions/A/CoreImage
0x0000000003e43000 	/System/Library/PrivateFrameworks/CrashReporterSupport.framework/Versions/A/CrashReporterSupport
0x0000000003e43000 	/System/Library/Frameworks/OpenCL.framework/Versions/A/OpenCL
0x0000000003e43000 	/System/Library/PrivateFrameworks/FaceCore.framework/Versions/A/FaceCore
0x0000000003e43000 	/System/Library/PrivateFrameworks/Ubiquity.framework/Versions/A/Ubiquity
0x0000000003e43000 	/System/Library/PrivateFrameworks/IconServices.framework/Versions/A/IconServices
0x0000000003e43000 	/System/Library/PrivateFrameworks/ChunkingLibrary.framework/Versions/A/ChunkingLibrary
0x0000000003e43000 	/System/Library/PrivateFrameworks/Apple80211.framework/Versions/A/Apple80211
0x0000000003e43000 	/System/Library/Frameworks/CoreWLAN.framework/Versions/A/CoreWLAN
0x0000000003e43000 	/System/Library/Frameworks/IOBluetooth.framework/Versions/A/IOBluetooth
0x0000000003e43000 	/System/Library/PrivateFrameworks/CoreWiFi.framework/Versions/A/CoreWiFi
0x0000000003e43000 	/System/Library/Frameworks/CoreBluetooth.framework/Versions/A/CoreBluetooth
0x0000000003e43000 	/System/Library/PrivateFrameworks/DebugSymbols.framework/Versions/A/DebugSymbols
0x0000000003e43000 	/System/Library/PrivateFrameworks/CoreSymbolication.framework/Versions/A/CoreSymbolication
0x0000000003e43000 	/System/Library/PrivateFrameworks/Symbolication.framework/Versions/A/Symbolication
0x0000000003e43000 	/System/Library/PrivateFrameworks/SpeechRecognitionCore.framework/Versions/A/SpeechRecognitionCore
0x0000000102200000 	/Library/Java/JavaVirtualMachines/jdk1.8.0_65.jdk/Contents/Home/jre/lib/server/libjvm.dylib
0x0000000003e43000 	/usr/lib/libstdc++.6.dylib
0x0000000103189000 	/Library/Java/JavaVirtualMachines/jdk1.8.0_65.jdk/Contents/Home/jre/lib/libverify.dylib
0x0000000103197000 	/Library/Java/JavaVirtualMachines/jdk1.8.0_65.jdk/Contents/Home/jre/lib/libjava.dylib
0x00000001031d4000 	/Library/Java/JavaVirtualMachines/jdk1.8.0_65.jdk/Contents/Home/jre/lib/libzip.dylib
0x000000011922c000 	/System/Library/Frameworks/JavaVM.framework/Frameworks/JavaRuntimeSupport.framework/JavaRuntimeSupport
0x0000000119242000 	/System/Library/Frameworks/JavaVM.framework/Versions/A/Frameworks/JavaNativeFoundation.framework/Versions/A/JavaNativeFoundation
0x0000000119256000 	/System/Library/Frameworks/JavaVM.framework/Versions/A/JavaVM
0x0000000003e43000 	/System/Library/Frameworks/Carbon.framework/Versions/A/Carbon
0x0000000119262000 	/System/Library/PrivateFrameworks/JavaLaunching.framework/Versions/A/JavaLaunching
0x0000000003e43000 	/System/Library/Frameworks/Carbon.framework/Versions/A/Frameworks/CommonPanels.framework/Versions/A/CommonPanels
0x0000000003e43000 	/System/Library/Frameworks/Carbon.framework/Versions/A/Frameworks/Help.framework/Versions/A/Help
0x0000000003e43000 	/System/Library/Frameworks/Carbon.framework/Versions/A/Frameworks/ImageCapture.framework/Versions/A/ImageCapture
0x0000000003e43000 	/System/Library/Frameworks/Carbon.framework/Versions/A/Frameworks/OpenScripting.framework/Versions/A/OpenScripting
0x0000000003e43000 	/System/Library/Frameworks/Carbon.framework/Versions/A/Frameworks/Print.framework/Versions/A/Print
0x0000000003e43000 	/System/Library/Frameworks/Carbon.framework/Versions/A/Frameworks/SecurityHI.framework/Versions/A/SecurityHI
0x000000011b15b000 	/Library/Java/JavaVirtualMachines/jdk1.8.0_65.jdk/Contents/Home/jre/lib/libnet.dylib
0x000000011b896000 	/Library/Java/JavaVirtualMachines/jdk1.8.0_65.jdk/Contents/Home/jre/lib/libnio.dylib
0x000000011b621000 	/Library/Java/JavaVirtualMachines/jdk1.8.0_65.jdk/Contents/Home/jre/lib/libmanagement.dylib

VM Arguments:
jvm_args: -Dlogback.configurationFile=/Users/charlie/IdeaProjects/mic-api-admin/logback-debug.xml -Dlogback.logFilePath=/Users/charlie/IdeaProjects/mic-api-admin/build/libs 
java_command: build/libs/mic-api-admin-0.00.01-all.jar 1 8888
java_class_path (initial): build/libs/mic-api-admin-0.00.01-all.jar
Launcher Type: SUN_STANDARD

Environment Variables:
PATH=/usr/local/bin:/usr/bin:/bin:/usr/sbin:/sbin
SHELL=/bin/zsh
DISPLAY=/private/tmp/com.apple.launchd.bKwIJcPo8M/org.macosforge.xquartz:0

Signal Handlers:
SIGSEGV: [libjvm.dylib+0x5a6d31], sa_mask[0]=11111111011111110111111111111111, sa_flags=SA_ONSTACK|SA_RESTART|SA_SIGINFO
SIGBUS: [libjvm.dylib+0x5a6d31], sa_mask[0]=11111111011111110111111111111111, sa_flags=SA_RESTART|SA_SIGINFO
SIGFPE: [libjvm.dylib+0x480a40], sa_mask[0]=11111111011111110111111111111111, sa_flags=SA_RESTART|SA_SIGINFO
SIGPIPE: [libjvm.dylib+0x480a40], sa_mask[0]=11111111011111110111111111111111, sa_flags=SA_RESTART|SA_SIGINFO
SIGXFSZ: [libjvm.dylib+0x480a40], sa_mask[0]=11111111011111110111111111111111, sa_flags=SA_RESTART|SA_SIGINFO
SIGILL: [libjvm.dylib+0x480a40], sa_mask[0]=11111111011111110111111111111111, sa_flags=SA_RESTART|SA_SIGINFO
SIGUSR1: SIG_DFL, sa_mask[0]=00000000000000000000000000000000, sa_flags=SA_RESTART
SIGUSR2: [libjvm.dylib+0x48055e], sa_mask[0]=00000000000000000000000000000000, sa_flags=SA_RESTART|SA_SIGINFO
SIGHUP: [libjvm.dylib+0x47eb35], sa_mask[0]=11111111011111110111111111111111, sa_flags=SA_RESTART|SA_SIGINFO
SIGINT: [libjvm.dylib+0x47eb35], sa_mask[0]=11111111011111110111111111111111, sa_flags=SA_RESTART|SA_SIGINFO
SIGTERM: [libjvm.dylib+0x47eb35], sa_mask[0]=11111111011111110111111111111111, sa_flags=SA_RESTART|SA_SIGINFO
SIGQUIT: [libjvm.dylib+0x47eb35], sa_mask[0]=11111111011111110111111111111111, sa_flags=SA_RESTART|SA_SIGINFO


---------------  S Y S T E M  ---------------

OS:Bsduname:Darwin 14.5.0 Darwin Kernel Version 14.5.0: Tue Sep  1 21:23:09 PDT 2015; root:xnu-2782.50.1~1/RELEASE_X86_64 x86_64
rlimit: STACK 8192k, CORE 0k, NPROC 709, NOFILE 10240, AS infinity
load average:2.95 2.36 2.21

CPU:total 4 (2 cores per cpu, 2 threads per core) family 6 model 61 stepping 4, cmov, cx8, fxsr, mmx, sse, sse2, sse3, ssse3, sse4.1, sse4.2, popcnt, avx, avx2, aes, clmul, erms, 3dnowpref, lzcnt, ht, tsc, tscinvbit, bmi1, bmi2, adx

Memory: 4k page, physical 8388608k(19008k free)

/proc/meminfo:


vm_info: Java HotSpot(TM) 64-Bit Server VM (25.65-b01) for bsd-amd64 JRE (1.8.0_65-b17), built on Oct  6 2015 15:36:46 by "java_re" with gcc 4.2.1 (Based on Apple Inc. build 5658) (LLVM build 2336.11.00)

time: Tue Mar 15 17:29:51 2016
elapsed time: 46 seconds (0d 0h 0m 46s)

