#
# A fatal error has been detected by the Java Runtime Environment:
#
#  SIGBUS (0xa) at pc=0x000000010259eeb9, pid=24286, tid=21527
#
# JRE version: Java(TM) SE Runtime Environment (8.0_65-b17) (build 1.8.0_65-b17)
# Java VM: Java HotSpot(TM) 64-Bit Server VM (25.65-b01 mixed mode bsd-amd64 compressed oops)
# Problematic frame:
# C  [libzip.dylib+0x2eb9]  newEntry+0x154
#
# Failed to write core dump. Core dumps have been disabled. To enable core dumping, try "ulimit -c unlimited" before starting Java again
#
# If you would like to submit a bug report, please visit:
#   http://bugreport.java.com/bugreport/crash.jsp
# The crash happened outside the Java Virtual Machine in native code.
# See problematic frame for where to report the bug.
#

---------------  T H R E A D  ---------------

Current thread (0x00007ff07a90a000):  JavaThread "ratpack-shutdown-thread" [_thread_in_native, id=21527, stack(0x000000011c9df000,0x000000011cadf000)]

siginfo: si_signo: 10 (SIGBUS), si_code: 2 (BUS_ADRERR), si_addr: 0x000000011adc5ca6

Registers:
RAX=0x00007ff07a7175a0, RBX=0x000000011adc5c9a, RCX=0x0000000000000001, RDX=0x0000000000000408
RSP=0x000000011cadc420, RBP=0x000000011cadc480, RSI=0x00007ff07a700000, RDI=0x0000000101399a00
R8 =0x0000000000000004, R9 =0x00000000c0000000, R10=0x00000000a4878488, R11=0x00007ff07a700000
R12=0x000000011adf3000, R13=0x000000000001aba0, R14=0x000000004f5ba99c, R15=0x00007ff07cc2f9a0
RIP=0x000000010259eeb9, EFLAGS=0x0000000000010206, ERR=0x0000000000000004
  TRAPNO=0x000000000000000e

Top of Stack: (sp=0x000000011cadc420)
0x000000011cadc420:   0000000000000000 0000000000000000
0x000000011cadc430:   0000000000000000 0000000000000000
0x000000011cadc440:   000000011cadc460 00007ff07a7175a0
0x000000011cadc450:   00007ff07a745d90 00007ff07a7175a0
0x000000011cadc460:   000000011adf3000 000000000001aba0
0x000000011cadc470:   000000004f5ba99c 00007ff07cc2f9a0
0x000000011cadc480:   000000011cadc4e0 000000010259f554
0x000000011cadc490:   000000011cadc535 000000011cadc534
0x000000011cadc4a0:   0000003500000000 000000360190a000
0x000000011cadc4b0:   000000011cadc4fe 000000011cadc948
0x000000011cadc4c0:   0000000000000036 000000011cadc4fe
0x000000011cadc4d0:   00007ff07a7175a0 00007ff07a90a1f8
0x000000011cadc4e0:   000000011cadc930 000000010259e34f
0x000000011cadc4f0:   000000011cadc920 6f697fff00000001
0x000000011cadc500:   632f797474656e2f 442f6c656e6e6168
0x000000011cadc510:   6843746c75616665 6e61486c656e6e61
0x000000011cadc520:   6f766e4972656c64 632e33312472656b
0x000000011cadc530:   000000007373616c 0000004300000000
0x000000011cadc540:   0000000000000001 0000000101ab6fb8
0x000000011cadc550:   ffffffbd00000000 0000000000000001
0x000000011cadc560:   00007fff8fdb59a9 0000000000000043
0x000000011cadc570:   0000000000000001 0000000000000001
0x000000011cadc580:   0000000000000000 0000000000000000
0x000000011cadc590:   0000000000000000 0000000100000000
0x000000011cadc5a0:   000000011cadcd28 0000000000000002
0x000000011cadc5b0:   000000011cadca00 0000000000000000
0x000000011cadc5c0:   0000000795580840 0000000103083491
0x000000011cadc5d0:   000000074027bae0 00000001032968d8
0x000000011cadc5e0:   00007ffff3b56018 00000000ffffffff
0x000000011cadc5f0:   0000000000000000 0000000795580828
0x000000011cadc600:   000000051cadcd40 5800000000000000
0x000000011cadc610:   00000007955807e8 0000000102fef5bc 

Instructions: (pc=0x000000010259eeb9)
0x000000010259ee99:   49 8b 7f 38 e8 50 1b 00 00 4d 89 77 38 49 89 5f
0x000000010259eea9:   40 4c 89 f0 48 85 c0 0f 84 11 05 00 00 48 89 c3
0x000000010259eeb9:   0f b6 43 0c 0f b6 4b 0d 48 c1 e1 08 48 01 c1 0f
0x000000010259eec9:   b6 43 0e 0f b6 53 0f 48 c1 e2 08 48 01 c2 48 c1 

Register to memory mapping:

RAX=0x00007ff07a7175a0 is an unknown value
RBX=0x000000011adc5c9a is an unknown value
RCX=0x0000000000000001 is an unknown value
RDX=0x0000000000000408 is an unknown value
RSP=0x000000011cadc420 is pointing into the stack for thread: 0x00007ff07a90a000
RBP=0x000000011cadc480 is pointing into the stack for thread: 0x00007ff07a90a000
RSI=0x00007ff07a700000 is an unknown value
RDI=0x0000000101399a00 is an unknown value
R8 =0x0000000000000004 is an unknown value
R9 =0x00000000c0000000 is an unknown value
R10=0x00000000a4878488 is an unknown value
R11=0x00007ff07a700000 is an unknown value
R12=0x000000011adf3000 is an unknown value
R13=0x000000000001aba0 is an unknown value
R14=0x000000004f5ba99c is an unknown value
R15=0x00007ff07cc2f9a0 is an unknown value


Stack: [0x000000011c9df000,0x000000011cadf000],  sp=0x000000011cadc420,  free space=1013k
Native frames: (J=compiled Java code, j=interpreted, Vv=VM code, C=native code)
C  [libzip.dylib+0x2eb9]  newEntry+0x154
C  [libzip.dylib+0x3554]  ZIP_GetEntry2+0xd4
C  [libzip.dylib+0x234f]  Java_java_util_zip_ZipFile_getEntry+0xcf
J 343  java.util.zip.ZipFile.getEntry(J[BZ)J (0 bytes) @ 0x0000000102fc3bce [0x0000000102fc3b00+0xce]
J 948 C2 sun.misc.URLClassPath$JarLoader.getResource(Ljava/lang/String;Z)Lsun/misc/Resource; (85 bytes) @ 0x000000010316f0a8 [0x000000010316eb80+0x528]
J 1019 C2 sun.misc.URLClassPath.getResource(Ljava/lang/String;Z)Lsun/misc/Resource; (83 bytes) @ 0x0000000103179e70 [0x0000000103179d80+0xf0]
J 354 C1 java.net.URLClassLoader$1.run()Ljava/lang/Class; (63 bytes) @ 0x0000000102fc937c [0x0000000102fc9160+0x21c]
J 353 C1 java.net.URLClassLoader$1.run()Ljava/lang/Object; (5 bytes) @ 0x0000000102fc8dcc [0x0000000102fc8d40+0x8c]
v  ~StubRoutines::call_stub
V  [libjvm.dylib+0x2eab02]
V  [libjvm.dylib+0x34afcc]
J 352  java.security.AccessController.doPrivileged(Ljava/security/PrivilegedExceptionAction;Ljava/security/AccessControlContext;)Ljava/lang/Object; (0 bytes) @ 0x0000000102fc7455 [0x0000000102fc7380+0xd5]
J 2434 C2 java.net.URLClassLoader.findClass(Ljava/lang/String;)Ljava/lang/Class; (47 bytes) @ 0x0000000102f922bc [0x0000000102f92220+0x9c]
J 2075 C1 java.lang.ClassLoader.loadClass(Ljava/lang/String;Z)Ljava/lang/Class; (122 bytes) @ 0x00000001034e021c [0x00000001034dfee0+0x33c]
J 289 C1 sun.misc.Launcher$AppClassLoader.loadClass(Ljava/lang/String;Z)Ljava/lang/Class; (85 bytes) @ 0x0000000102fa1724 [0x0000000102fa0d80+0x9a4]
J 288 C1 java.lang.ClassLoader.loadClass(Ljava/lang/String;)Ljava/lang/Class; (7 bytes) @ 0x0000000102f9b184 [0x0000000102f9b080+0x104]
v  ~StubRoutines::call_stub
V  [libjvm.dylib+0x2eab02]
V  [libjvm.dylib+0x2eb290]
V  [libjvm.dylib+0x2eb3e8]
V  [libjvm.dylib+0x533640]
V  [libjvm.dylib+0x532dd9]
V  [libjvm.dylib+0x53385c]
V  [libjvm.dylib+0x533ed9]
V  [libjvm.dylib+0x1e17aa]
V  [libjvm.dylib+0x1f1a6e]
V  [libjvm.dylib+0x2e64df]
j  io.netty.channel.DefaultChannelHandlerInvoker.invokeClose(Lio/netty/channel/ChannelHandlerContext;Lio/netty/channel/ChannelPromise;)V+31
j  io.netty.channel.AbstractChannelHandlerContext.close(Lio/netty/channel/ChannelPromise;)Lio/netty/channel/ChannelFuture;+11
j  io.netty.channel.AbstractChannelHandlerContext.close()Lio/netty/channel/ChannelFuture;+5
j  io.netty.channel.DefaultChannelPipeline.close()Lio/netty/channel/ChannelFuture;+4
j  io.netty.channel.AbstractChannel.close()Lio/netty/channel/ChannelFuture;+4
j  ratpack.server.internal.DefaultRatpackServer.stop()V+55
j  ratpack.server.internal.DefaultRatpackServer$1.run()V+4
v  ~StubRoutines::call_stub
V  [libjvm.dylib+0x2eab02]
V  [libjvm.dylib+0x2eb290]
V  [libjvm.dylib+0x2eb43c]
V  [libjvm.dylib+0x345959]
V  [libjvm.dylib+0x5612d3]
V  [libjvm.dylib+0x5629ce]
V  [libjvm.dylib+0x48342e]
C  [libsystem_pthread.dylib+0x405a]  _pthread_body+0x83
C  [libsystem_pthread.dylib+0x3fd7]  _pthread_body+0x0
C  [libsystem_pthread.dylib+0x13ed]  thread_start+0xd
C  0x0000000000000000

Java frames: (J=compiled Java code, j=interpreted, Vv=VM code)
J 343  java.util.zip.ZipFile.getEntry(J[BZ)J (0 bytes) @ 0x0000000102fc3b58 [0x0000000102fc3b00+0x58]
J 948 C2 sun.misc.URLClassPath$JarLoader.getResource(Ljava/lang/String;Z)Lsun/misc/Resource; (85 bytes) @ 0x000000010316f0a8 [0x000000010316eb80+0x528]
J 1019 C2 sun.misc.URLClassPath.getResource(Ljava/lang/String;Z)Lsun/misc/Resource; (83 bytes) @ 0x0000000103179e70 [0x0000000103179d80+0xf0]
J 354 C1 java.net.URLClassLoader$1.run()Ljava/lang/Class; (63 bytes) @ 0x0000000102fc937c [0x0000000102fc9160+0x21c]
J 353 C1 java.net.URLClassLoader$1.run()Ljava/lang/Object; (5 bytes) @ 0x0000000102fc8dcc [0x0000000102fc8d40+0x8c]
v  ~StubRoutines::call_stub
J 352  java.security.AccessController.doPrivileged(Ljava/security/PrivilegedExceptionAction;Ljava/security/AccessControlContext;)Ljava/lang/Object; (0 bytes) @ 0x0000000102fc73e3 [0x0000000102fc7380+0x63]
J 2434 C2 java.net.URLClassLoader.findClass(Ljava/lang/String;)Ljava/lang/Class; (47 bytes) @ 0x0000000102f922bc [0x0000000102f92220+0x9c]
J 2075 C1 java.lang.ClassLoader.loadClass(Ljava/lang/String;Z)Ljava/lang/Class; (122 bytes) @ 0x00000001034e021c [0x00000001034dfee0+0x33c]
J 289 C1 sun.misc.Launcher$AppClassLoader.loadClass(Ljava/lang/String;Z)Ljava/lang/Class; (85 bytes) @ 0x0000000102fa1724 [0x0000000102fa0d80+0x9a4]
J 288 C1 java.lang.ClassLoader.loadClass(Ljava/lang/String;)Ljava/lang/Class; (7 bytes) @ 0x0000000102f9b184 [0x0000000102f9b080+0x104]
v  ~StubRoutines::call_stub
j  io.netty.channel.DefaultChannelHandlerInvoker.invokeClose(Lio/netty/channel/ChannelHandlerContext;Lio/netty/channel/ChannelPromise;)V+31
j  io.netty.channel.AbstractChannelHandlerContext.close(Lio/netty/channel/ChannelPromise;)Lio/netty/channel/ChannelFuture;+11
j  io.netty.channel.AbstractChannelHandlerContext.close()Lio/netty/channel/ChannelFuture;+5
j  io.netty.channel.DefaultChannelPipeline.close()Lio/netty/channel/ChannelFuture;+4
j  io.netty.channel.AbstractChannel.close()Lio/netty/channel/ChannelFuture;+4
j  ratpack.server.internal.DefaultRatpackServer.stop()V+55
j  ratpack.server.internal.DefaultRatpackServer$1.run()V+4
v  ~StubRoutines::call_stub

---------------  P R O C E S S  ---------------

Java Threads: ( => current thread )
=>0x00007ff07a90a000 JavaThread "ratpack-shutdown-thread" [_thread_in_native, id=21527, stack(0x000000011c9df000,0x000000011cadf000)]
  0x00007ff07aa0b800 JavaThread "SIGINT handler" daemon [_thread_blocked, id=21275, stack(0x000000011bec9000,0x000000011bfc9000)]
  0x00007ff07ba71800 JavaThread "PostgreSQL-JDBC-SharedTimer-1" daemon [_thread_blocked, id=22031, stack(0x000000011c465000,0x000000011c565000)]
  0x00007ff07c011000 JavaThread "threadDeathWatcher-4-1" daemon [_thread_blocked, id=12039, stack(0x0000000118e3d000,0x0000000118f3d000)]
  0x00007ff07b444000 JavaThread "DestroyJavaVM" [_thread_blocked, id=3591, stack(0x000000010244d000,0x000000010254d000)]
  0x00007ff07ab5b000 JavaThread "ratpack-compute-1-1" [_thread_in_native, id=23299, stack(0x000000011d317000,0x000000011d417000)]
  0x00007ff07b8fc800 JavaThread "Hikari Housekeeping Timer (pool HikariPool-0)" daemon [_thread_blocked, id=20743, stack(0x000000011c362000,0x000000011c462000)]
  0x00007ff07b890800 JavaThread "AsyncAppender-Worker-DebugMsgQueue" daemon [_thread_blocked, id=20227, stack(0x000000011b07c000,0x000000011b17c000)]
  0x00007ff07b88f800 JavaThread "AsyncAppender-Worker-InfoMsgQueue" daemon [_thread_blocked, id=19715, stack(0x000000011af79000,0x000000011b079000)]
  0x00007ff07b18e000 JavaThread "AsyncAppender-Worker-WarnMsgQueue" daemon [_thread_blocked, id=19203, stack(0x000000011ae76000,0x000000011af76000)]
  0x00007ff07c027000 JavaThread "Service Thread" daemon [_thread_blocked, id=18179, stack(0x000000011ab21000,0x000000011ac21000)]
  0x00007ff07c016000 JavaThread "C1 CompilerThread2" daemon [_thread_blocked, id=17667, stack(0x000000011aa1e000,0x000000011ab1e000)]
  0x00007ff07c00e000 JavaThread "C2 CompilerThread1" daemon [_thread_blocked, id=17155, stack(0x000000011a91b000,0x000000011aa1b000)]
  0x00007ff07c002800 JavaThread "C2 CompilerThread0" daemon [_thread_blocked, id=16643, stack(0x000000011a818000,0x000000011a918000)]
  0x00007ff07c01c000 JavaThread "Signal Dispatcher" daemon [_thread_blocked, id=12567, stack(0x000000011a715000,0x000000011a815000)]
  0x00007ff07a86d000 JavaThread "Finalizer" daemon [_thread_blocked, id=11523, stack(0x0000000118d05000,0x0000000118e05000)]
  0x00007ff07a86c000 JavaThread "Reference Handler" daemon [_thread_blocked, id=11011, stack(0x0000000118c02000,0x0000000118d02000)]

Other Threads:
  0x00007ff07a869800 VMThread [stack: 0x0000000118aff000,0x0000000118bff000] [id=10499]
  0x00007ff07a8a9800 WatcherThread [stack: 0x000000011ac24000,0x000000011ad24000] [id=18691]

VM state:not at safepoint (normal execution)

VM Mutex/Monitor currently owned by a thread: None

Heap:
 PSYoungGen      total 105472K, used 6279K [0x0000000795580000, 0x000000079e180000, 0x00000007c0000000)
  eden space 100352K, 1% used [0x0000000795580000,0x00000007956a6308,0x000000079b780000)
  from space 5120K, 99% used [0x000000079dc80000,0x000000079e17bb70,0x000000079e180000)
  to   space 5120K, 0% used [0x000000079d780000,0x000000079d780000,0x000000079dc80000)
 ParOldGen       total 59392K, used 25915K [0x0000000740000000, 0x0000000743a00000, 0x0000000795580000)
  object space 59392K, 43% used [0x0000000740000000,0x000000074194ee00,0x0000000743a00000)
 Metaspace       used 34095K, capacity 34952K, committed 35200K, reserved 1081344K
  class space    used 3772K, capacity 3964K, committed 3968K, reserved 1048576K

Card table byte_map: [0x00000001121c0000,0x00000001125c1000] byte_map_base: 0x000000010e7c0000

Marking Bits: (ParMarkBitMap*) 0x0000000101d8ae20
 Begin Bits: [0x0000000112c78000, 0x0000000114c78000)
 End Bits:   [0x0000000114c78000, 0x0000000116c78000)

Polling page: 0x0000000102592000

CodeCache: size=245760Kb used=7380Kb max_used=7683Kb free=238380Kb
 bounds [0x0000000102e00000, 0x00000001035b0000, 0x0000000111e00000]
 total_blobs=2731 nmethods=2283 adapters=361
 compilation: enabled

Compilation events (10 events):
Event: 933.897 Thread 0x00007ff07c016000 2555       3       java.util.Optional::empty (6 bytes)
Event: 933.898 Thread 0x00007ff07c016000 nmethod 2555 0x0000000102f6ae50 code [0x0000000102f6afa0, 0x0000000102f6b0d0]
Event: 933.898 Thread 0x00007ff07c016000 2556       1       io.netty.buffer.AbstractByteBuf::readerIndex (5 bytes)
Event: 933.898 Thread 0x00007ff07c016000 nmethod 2556 0x000000010314c4d0 code [0x000000010314c620, 0x000000010314c730]
Event: 933.898 Thread 0x00007ff07c016000 2557       1       java.nio.channels.spi.AbstractSelectionKey::isValid (5 bytes)
Event: 933.898 Thread 0x00007ff07c016000 nmethod 2557 0x000000010314c210 code [0x000000010314c360, 0x000000010314c470]
Event: 933.901 Thread 0x00007ff07c00e000 nmethod 2553 0x00000001032442d0 code [0x0000000103244440, 0x0000000103244838]
Event: 1022.130 Thread 0x00007ff07c016000 2558       3       java.util.Date::<init> (10 bytes)
Event: 1022.130 Thread 0x00007ff07c016000 nmethod 2558 0x0000000103243f10 code [0x0000000103244080, 0x0000000103244230]
Event: 1045.773 Thread 0x00007ff07c016000 2559       3       java.text.DecimalFormat::append (94 bytes)

GC Heap History (10 events):
Event: 0.821 GC heap before
{Heap before GC invocations=1 (full 0):
 PSYoungGen      total 38400K, used 33280K [0x0000000795580000, 0x0000000798000000, 0x00000007c0000000)
  eden space 33280K, 100% used [0x0000000795580000,0x0000000797600000,0x0000000797600000)
  from space 5120K, 0% used [0x0000000797b00000,0x0000000797b00000,0x0000000798000000)
  to   space 5120K, 0% used [0x0000000797600000,0x0000000797600000,0x0000000797b00000)
 ParOldGen       total 87552K, used 0K [0x0000000740000000, 0x0000000745580000, 0x0000000795580000)
  object space 87552K, 0% used [0x0000000740000000,0x0000000740000000,0x0000000745580000)
 Metaspace       used 14194K, capacity 14510K, committed 14592K, reserved 1062912K
  class space    used 1699K, capacity 1787K, committed 1792K, reserved 1048576K
Event: 0.835 GC heap after
Heap after GC invocations=1 (full 0):
 PSYoungGen      total 38400K, used 5092K [0x0000000795580000, 0x000000079a080000, 0x00000007c0000000)
  eden space 33280K, 0% used [0x0000000795580000,0x0000000795580000,0x0000000797600000)
  from space 5120K, 99% used [0x0000000797600000,0x0000000797af9130,0x0000000797b00000)
  to   space 5120K, 0% used [0x0000000799b80000,0x0000000799b80000,0x000000079a080000)
 ParOldGen       total 87552K, used 2954K [0x0000000740000000, 0x0000000745580000, 0x0000000795580000)
  object space 87552K, 3% used [0x0000000740000000,0x00000007402e2820,0x0000000745580000)
 Metaspace       used 14194K, capacity 14510K, committed 14592K, reserved 1062912K
  class space    used 1699K, capacity 1787K, committed 1792K, reserved 1048576K
}
Event: 1.878 GC heap before
{Heap before GC invocations=2 (full 0):
 PSYoungGen      total 38400K, used 38372K [0x0000000795580000, 0x000000079a080000, 0x00000007c0000000)
  eden space 33280K, 100% used [0x0000000795580000,0x0000000797600000,0x0000000797600000)
  from space 5120K, 99% used [0x0000000797600000,0x0000000797af9130,0x0000000797b00000)
  to   space 5120K, 0% used [0x0000000799b80000,0x0000000799b80000,0x000000079a080000)
 ParOldGen       total 87552K, used 2954K [0x0000000740000000, 0x0000000745580000, 0x0000000795580000)
  object space 87552K, 3% used [0x0000000740000000,0x00000007402e2820,0x0000000745580000)
 Metaspace       used 20416K, capacity 20810K, committed 21120K, reserved 1067008K
  class space    used 2481K, capacity 2597K, committed 2688K, reserved 1048576K
Event: 1.894 GC heap after
Heap after GC invocations=2 (full 0):
 PSYoungGen      total 71680K, used 5092K [0x0000000795580000, 0x000000079a080000, 0x00000007c0000000)
  eden space 66560K, 0% used [0x0000000795580000,0x0000000795580000,0x0000000799680000)
  from space 5120K, 99% used [0x0000000799b80000,0x000000079a0792c0,0x000000079a080000)
  to   space 5120K, 0% used [0x0000000799680000,0x0000000799680000,0x0000000799b80000)
 ParOldGen       total 87552K, used 7878K [0x0000000740000000, 0x0000000745580000, 0x0000000795580000)
  object space 87552K, 8% used [0x0000000740000000,0x00000007407b1898,0x0000000745580000)
 Metaspace       used 20416K, capacity 20810K, committed 21120K, reserved 1067008K
  class space    used 2481K, capacity 2597K, committed 2688K, reserved 1048576K
}
Event: 2.053 GC heap before
{Heap before GC invocations=3 (full 0):
 PSYoungGen      total 71680K, used 14073K [0x0000000795580000, 0x000000079a080000, 0x00000007c0000000)
  eden space 66560K, 13% used [0x0000000795580000,0x0000000795e45410,0x0000000799680000)
  from space 5120K, 99% used [0x0000000799b80000,0x000000079a0792c0,0x000000079a080000)
  to   space 5120K, 0% used [0x0000000799680000,0x0000000799680000,0x0000000799b80000)
 ParOldGen       total 87552K, used 7878K [0x0000000740000000, 0x0000000745580000, 0x0000000795580000)
  object space 87552K, 8% used [0x0000000740000000,0x00000007407b1898,0x0000000745580000)
 Metaspace       used 20764K, capacity 21098K, committed 21296K, reserved 1069056K
  class space    used 2513K, capacity 2629K, committed 2688K, reserved 1048576K
Event: 2.061 GC heap after
Heap after GC invocations=3 (full 0):
 PSYoungGen      total 71680K, used 5109K [0x0000000795580000, 0x000000079e180000, 0x00000007c0000000)
  eden space 66560K, 0% used [0x0000000795580000,0x0000000795580000,0x0000000799680000)
  from space 5120K, 99% used [0x0000000799680000,0x0000000799b7d5e8,0x0000000799b80000)
  to   space 5120K, 0% used [0x000000079dc80000,0x000000079dc80000,0x000000079e180000)
 ParOldGen       total 87552K, used 8228K [0x0000000740000000, 0x0000000745580000, 0x0000000795580000)
  object space 87552K, 9% used [0x0000000740000000,0x0000000740809198,0x0000000745580000)
 Metaspace       used 20764K, capacity 21098K, committed 21296K, reserved 1069056K
  class space    used 2513K, capacity 2629K, committed 2688K, reserved 1048576K
}
Event: 2.061 GC heap before
{Heap before GC invocations=4 (full 1):
 PSYoungGen      total 71680K, used 5109K [0x0000000795580000, 0x000000079e180000, 0x00000007c0000000)
  eden space 66560K, 0% used [0x0000000795580000,0x0000000795580000,0x0000000799680000)
  from space 5120K, 99% used [0x0000000799680000,0x0000000799b7d5e8,0x0000000799b80000)
  to   space 5120K, 0% used [0x000000079dc80000,0x000000079dc80000,0x000000079e180000)
 ParOldGen       total 87552K, used 8228K [0x0000000740000000, 0x0000000745580000, 0x0000000795580000)
  object space 87552K, 9% used [0x0000000740000000,0x0000000740809198,0x0000000745580000)
 Metaspace       used 20764K, capacity 21098K, committed 21296K, reserved 1069056K
  class space    used 2513K, capacity 2629K, committed 2688K, reserved 1048576K
Event: 2.101 GC heap after
Heap after GC invocations=4 (full 1):
 PSYoungGen      total 71680K, used 0K [0x0000000795580000, 0x000000079e180000, 0x00000007c0000000)
  eden space 66560K, 0% used [0x0000000795580000,0x0000000795580000,0x0000000799680000)
  from space 5120K, 0% used [0x0000000799680000,0x0000000799680000,0x0000000799b80000)
  to   space 5120K, 0% used [0x000000079dc80000,0x000000079dc80000,0x000000079e180000)
 ParOldGen       total 59392K, used 5338K [0x0000000740000000, 0x0000000743a00000, 0x0000000795580000)
  object space 59392K, 8% used [0x0000000740000000,0x0000000740536a38,0x0000000743a00000)
 Metaspace       used 20764K, capacity 21098K, committed 21296K, reserved 1069056K
  class space    used 2513K, capacity 2629K, committed 2688K, reserved 1048576K
}
Event: 1045.663 GC heap before
{Heap before GC invocations=5 (full 1):
 PSYoungGen      total 71680K, used 66560K [0x0000000795580000, 0x000000079e180000, 0x00000007c0000000)
  eden space 66560K, 100% used [0x0000000795580000,0x0000000799680000,0x0000000799680000)
  from space 5120K, 0% used [0x0000000799680000,0x0000000799680000,0x0000000799b80000)
  to   space 5120K, 0% used [0x000000079dc80000,0x000000079dc80000,0x000000079e180000)
 ParOldGen       total 59392K, used 5338K [0x0000000740000000, 0x0000000743a00000, 0x0000000795580000)
  object space 59392K, 8% used [0x0000000740000000,0x0000000740536a38,0x0000000743a00000)
 Metaspace       used 34093K, capacity 34952K, committed 35200K, reserved 1081344K
  class space    used 3772K, capacity 3964K, committed 3968K, reserved 1048576K
Event: 1045.772 GC heap after
Heap after GC invocations=5 (full 1):
 PSYoungGen      total 105472K, used 5102K [0x0000000795580000, 0x000000079e180000, 0x00000007c0000000)
  eden space 100352K, 0% used [0x0000000795580000,0x0000000795580000,0x000000079b780000)
  from space 5120K, 99% used [0x000000079dc80000,0x000000079e17bb70,0x000000079e180000)
  to   space 5120K, 0% used [0x000000079d780000,0x000000079d780000,0x000000079dc80000)
 ParOldGen       total 59392K, used 25915K [0x0000000740000000, 0x0000000743a00000, 0x0000000795580000)
  object space 59392K, 43% used [0x0000000740000000,0x000000074194ee00,0x0000000743a00000)
 Metaspace       used 34093K, capacity 34952K, committed 35200K, reserved 1081344K
  class space    used 3772K, capacity 3964K, committed 3968K, reserved 1048576K
}

Deoptimization events (10 events):
Event: 1.784 Thread 0x00007ff07a80d000 Uncommon trap: reason=class_check action=maybe_recompile pc=0x0000000103257980 method=java.io.BufferedInputStream.read([BII)I @ 101
Event: 2.122 Thread 0x00007ff07a80d000 Uncommon trap: reason=unstable_if action=reinterpret pc=0x0000000103142650 method=java.io.BufferedReader.readLine(Z)Ljava/lang/String; @ 55
Event: 2.208 Thread 0x00007ff07ba20800 Uncommon trap: reason=unstable_if action=reinterpret pc=0x000000010313eba0 method=java.lang.CharacterDataLatin1.isWhitespace(I)Z @ 14
Event: 18.029 Thread 0x00007ff07ab5b000 Uncommon trap: reason=unstable_if action=reinterpret pc=0x00000001033aeb84 method=javassist.ClassPool.get0(Ljava/lang/String;Z)Ljavassist/CtClass; @ 3
Event: 889.882 Thread 0x00007ff07c3e3800 Uncommon trap: reason=bimorphic action=maybe_recompile pc=0x0000000103040808 method=java.util.regex.Pattern$Start.match(Ljava/util/regex/Matcher;ILjava/lang/CharSequence;)Z @ 44
Event: 889.882 Thread 0x00007ff07c3e3800 Uncommon trap: reason=bimorphic action=maybe_recompile pc=0x0000000103040808 method=java.util.regex.Pattern$Start.match(Ljava/util/regex/Matcher;ILjava/lang/CharSequence;)Z @ 44
Event: 889.883 Thread 0x00007ff07c3e3800 Uncommon trap: reason=bimorphic action=maybe_recompile pc=0x0000000103040808 method=java.util.regex.Pattern$Start.match(Ljava/util/regex/Matcher;ILjava/lang/CharSequence;)Z @ 44
Event: 889.883 Thread 0x00007ff07c3e3800 Uncommon trap: reason=bimorphic action=maybe_recompile pc=0x0000000103040808 method=java.util.regex.Pattern$Start.match(Ljava/util/regex/Matcher;ILjava/lang/CharSequence;)Z @ 44
Event: 1045.656 Thread 0x00007ff07c01c000 Uncommon trap: reason=class_check action=maybe_recompile pc=0x000000010337d8c4 method=java.util.Hashtable.get(Ljava/lang/Object;)Ljava/lang/Object; @ 6
Event: 1045.657 Thread 0x00007ff07c01c000 Uncommon trap: reason=class_check action=maybe_recompile pc=0x000000010337d8c4 method=java.util.Hashtable.get(Ljava/lang/Object;)Ljava/lang/Object; @ 6

Internal exceptions (10 events):
Event: 18.247 Thread 0x00007ff07ab5b000 Exception <a 'java/lang/NoSuchMethodError': java.lang.Object.lambda$null$36(Lratpack/exec/Upstream;Lratpack/func/Predicate;Lratpack/func/Action;Lratpack/exec/Downstream;)V> (0x00000007966c8178) thrown at [/Users/java_re/workspace/8-2-build-macosx-x86_64/j
Event: 18.248 Thread 0x00007ff07ab5b000 Exception <a 'java/lang/NoSuchMethodError': java.lang.Object.lambda$null$9(Lratpack/func/Function;Lratpack/exec/Downstream;Ljava/lang/Object;)V> (0x00000007966d2260) thrown at [/Users/java_re/workspace/8-2-build-macosx-x86_64/jdk8u65/4987/hotspot/src/shar
Event: 18.249 Thread 0x00007ff07ab5b000 Exception <a 'java/lang/NoSuchMethodError': java.lang.Object.lambda$null$35(Lratpack/func/Predicate;Lratpack/exec/Downstream;Lratpack/func/Action;Ljava/lang/Object;)V> (0x00000007966d5e48) thrown at [/Users/java_re/workspace/8-2-build-macosx-x86_64/jdk8u6
Event: 18.249 Thread 0x00007ff07ab5b000 Exception <a 'java/lang/NoSuchMethodError': java.lang.Object.lambda$null$32(Lratpack/func/Function;Lratpack/exec/Downstream;Ljava/lang/Object;)V> (0x00000007966da0a8) thrown at [/Users/java_re/workspace/8-2-build-macosx-x86_64/jdk8u65/4987/hotspot/src/sha
Event: 18.385 Thread 0x00007ff07ab5b000 Exception <a 'java/lang/NoSuchMethodError': java.lang.Object.lambda$add$0(Ljava/lang/Object;)Ljava/lang/Object;> (0x0000000796b23358) thrown at [/Users/java_re/workspace/8-2-build-macosx-x86_64/jdk8u65/4987/hotspot/src/share/vm/interpreter/linkResolver.cp
Event: 889.274 Thread 0x00007ff07ab5b000 Exception <a 'java/lang/ArrayIndexOutOfBoundsException'> (0x0000000797dfd048) thrown at [/Users/java_re/workspace/8-2-build-macosx-x86_64/jdk8u65/4987/hotspot/src/share/vm/runtime/sharedRuntime.cpp, line 605]
Event: 889.287 Thread 0x00007ff07ab5b000 Exception <a 'java/lang/NoSuchMethodError': java.lang.Object.lambda$null$12(Lratpack/func/Function;Ljava/lang/Object;)Ljava/lang/Object;> (0x0000000797e05a60) thrown at [/Users/java_re/workspace/8-2-build-macosx-x86_64/jdk8u65/4987/hotspot/src/share/vm/in
Event: 889.295 Thread 0x00007ff07ab5b000 Exception <a 'java/lang/NoSuchMethodError': java.lang.Object.lambda$onError$5(Lratpack/func/Predicate;Lratpack/func/Action;Lratpack/exec/Upstream;)Lratpack/exec/Upstream;> (0x0000000797e171f8) thrown at [/Users/java_re/workspace/8-2-build-macosx-x86_64/jd
Event: 889.296 Thread 0x00007ff07ab5b000 Exception <a 'java/lang/NoSuchMethodError': java.lang.Object.lambda$null$4(Lratpack/exec/Upstream;Lratpack/func/Predicate;Lratpack/func/Action;Lratpack/exec/Downstream;)V> (0x0000000797e1ab20) thrown at [/Users/java_re/workspace/8-2-build-macosx-x86_64/jd
Event: 889.298 Thread 0x00007ff07ab5b000 Exception <a 'java/lang/NoSuchMethodError': java.lang.Object.lambda$null$3(Lratpack/func/Predicate;Lratpack/func/Action;Lratpack/exec/Downstream;Ljava/lang/Throwable;)V> (0x0000000797e1fff8) thrown at [/Users/java_re/workspace/8-2-build-macosx-x86_64/jdk8

Events (10 events):
Event: 1045.662 loading class java/util/IdentityHashMap$KeyIterator done
Event: 1045.662 Thread 0x00007ff07a90a000 Thread added: 0x00007ff07a90a000
Event: 1045.662 Thread 0x00007ff07ac3c800 Thread added: 0x00007ff07ac3c800
Event: 1045.663 Executing VM operation: ParallelGCFailedAllocation
Event: 1045.772 Executing VM operation: ParallelGCFailedAllocation done
Event: 1045.772 Executing VM operation: RevokeBias
Event: 1045.772 Executing VM operation: RevokeBias done
Event: 1045.773 loading class io/netty/channel/DefaultChannelHandlerInvoker$13
Event: 1045.773 loading class io/netty/channel/DefaultChannelHandlerInvoker$13 done
Event: 1045.773 Thread 0x00007ff07ac3c800 Thread exited: 0x00007ff07ac3c800


Dynamic libraries:
0x0000000003e43000 	/System/Library/Frameworks/Cocoa.framework/Versions/A/Cocoa
0x0000000003e43000 	/System/Library/Frameworks/Security.framework/Versions/A/Security
0x0000000003e43000 	/System/Library/Frameworks/ApplicationServices.framework/Versions/A/ApplicationServices
0x0000000003e43000 	/usr/lib/libz.1.dylib
0x0000000003e43000 	/usr/lib/libSystem.B.dylib
0x0000000003e43000 	/usr/lib/libobjc.A.dylib
0x0000000003e43000 	/System/Library/Frameworks/CoreFoundation.framework/Versions/A/CoreFoundation
0x0000000003e43000 	/System/Library/Frameworks/Foundation.framework/Versions/C/Foundation
0x0000000003e43000 	/System/Library/Frameworks/AppKit.framework/Versions/C/AppKit
0x0000000003e43000 	/System/Library/Frameworks/CoreData.framework/Versions/A/CoreData
0x0000000003e43000 	/System/Library/PrivateFrameworks/RemoteViewServices.framework/Versions/A/RemoteViewServices
0x0000000003e43000 	/System/Library/PrivateFrameworks/UIFoundation.framework/Versions/A/UIFoundation
0x0000000003e43000 	/System/Library/Frameworks/IOSurface.framework/Versions/A/IOSurface
0x0000000003e43000 	/System/Library/Frameworks/AudioToolbox.framework/Versions/A/AudioToolbox
0x0000000003e43000 	/System/Library/Frameworks/AudioUnit.framework/Versions/A/AudioUnit
0x0000000003e43000 	/System/Library/PrivateFrameworks/DataDetectorsCore.framework/Versions/A/DataDetectorsCore
0x0000000003e43000 	/System/Library/PrivateFrameworks/DesktopServicesPriv.framework/Versions/A/DesktopServicesPriv
0x0000000003e43000 	/System/Library/Frameworks/Carbon.framework/Versions/A/Frameworks/HIToolbox.framework/Versions/A/HIToolbox
0x0000000003e43000 	/System/Library/Frameworks/QuartzCore.framework/Versions/A/QuartzCore
0x0000000003e43000 	/System/Library/Frameworks/Carbon.framework/Versions/A/Frameworks/SpeechRecognition.framework/Versions/A/SpeechRecognition
0x0000000003e43000 	/usr/lib/libauto.dylib
0x0000000003e43000 	/usr/lib/libicucore.A.dylib
0x0000000003e43000 	/usr/lib/libxml2.2.dylib
0x0000000003e43000 	/System/Library/PrivateFrameworks/CoreUI.framework/Versions/A/CoreUI
0x0000000003e43000 	/System/Library/Frameworks/CoreAudio.framework/Versions/A/CoreAudio
0x0000000003e43000 	/System/Library/Frameworks/DiskArbitration.framework/Versions/A/DiskArbitration
0x0000000003e43000 	/usr/lib/liblangid.dylib
0x0000000003e43000 	/System/Library/PrivateFrameworks/MultitouchSupport.framework/Versions/A/MultitouchSupport
0x0000000003e43000 	/System/Library/Frameworks/IOKit.framework/Versions/A/IOKit
0x0000000003e43000 	/usr/lib/libDiagnosticMessagesClient.dylib
0x0000000003e43000 	/System/Library/Frameworks/CoreServices.framework/Versions/A/CoreServices
0x0000000003e43000 	/System/Library/PrivateFrameworks/PerformanceAnalysis.framework/Versions/A/PerformanceAnalysis
0x0000000003e43000 	/System/Library/PrivateFrameworks/GenerationalStorage.framework/Versions/A/GenerationalStorage
0x0000000003e43000 	/System/Library/Frameworks/OpenGL.framework/Versions/A/OpenGL
0x0000000003e43000 	/System/Library/PrivateFrameworks/Sharing.framework/Versions/A/Sharing
0x0000000003e43000 	/System/Library/Frameworks/CoreGraphics.framework/Versions/A/CoreGraphics
0x0000000003e43000 	/System/Library/Frameworks/CoreText.framework/Versions/A/CoreText
0x0000000003e43000 	/System/Library/Frameworks/ImageIO.framework/Versions/A/ImageIO
0x0000000003e43000 	/usr/lib/libextension.dylib
0x0000000003e43000 	/System/Library/PrivateFrameworks/Backup.framework/Versions/A/Backup
0x0000000003e43000 	/usr/lib/libarchive.2.dylib
0x0000000003e43000 	/System/Library/Frameworks/CFNetwork.framework/Versions/A/CFNetwork
0x0000000003e43000 	/System/Library/Frameworks/SystemConfiguration.framework/Versions/A/SystemConfiguration
0x0000000003e43000 	/usr/lib/libCRFSuite.dylib
0x0000000003e43000 	/usr/lib/libc++.1.dylib
0x0000000003e43000 	/usr/lib/libc++abi.dylib
0x0000000003e43000 	/usr/lib/system/libcache.dylib
0x0000000003e43000 	/usr/lib/system/libcommonCrypto.dylib
0x0000000003e43000 	/usr/lib/system/libcompiler_rt.dylib
0x0000000003e43000 	/usr/lib/system/libcopyfile.dylib
0x0000000003e43000 	/usr/lib/system/libcorecrypto.dylib
0x0000000003e43000 	/usr/lib/system/libdispatch.dylib
0x0000000003e43000 	/usr/lib/system/libdyld.dylib
0x0000000003e43000 	/usr/lib/system/libkeymgr.dylib
0x0000000003e43000 	/usr/lib/system/liblaunch.dylib
0x0000000003e43000 	/usr/lib/system/libmacho.dylib
0x0000000003e43000 	/usr/lib/system/libquarantine.dylib
0x0000000003e43000 	/usr/lib/system/libremovefile.dylib
0x0000000003e43000 	/usr/lib/system/libsystem_asl.dylib
0x0000000003e43000 	/usr/lib/system/libsystem_blocks.dylib
0x0000000003e43000 	/usr/lib/system/libsystem_c.dylib
0x0000000003e43000 	/usr/lib/system/libsystem_configuration.dylib
0x0000000003e43000 	/usr/lib/system/libsystem_coreservices.dylib
0x0000000003e43000 	/usr/lib/system/libsystem_coretls.dylib
0x0000000003e43000 	/usr/lib/system/libsystem_dnssd.dylib
0x0000000003e43000 	/usr/lib/system/libsystem_info.dylib
0x0000000003e43000 	/usr/lib/system/libsystem_kernel.dylib
0x0000000003e43000 	/usr/lib/system/libsystem_m.dylib
0x0000000003e43000 	/usr/lib/system/libsystem_malloc.dylib
0x0000000003e43000 	/usr/lib/system/libsystem_network.dylib
0x0000000003e43000 	/usr/lib/system/libsystem_networkextension.dylib
0x0000000003e43000 	/usr/lib/system/libsystem_notify.dylib
0x0000000003e43000 	/usr/lib/system/libsystem_platform.dylib
0x0000000003e43000 	/usr/lib/system/libsystem_pthread.dylib
0x0000000003e43000 	/usr/lib/system/libsystem_sandbox.dylib
0x0000000003e43000 	/usr/lib/system/libsystem_secinit.dylib
0x0000000003e43000 	/usr/lib/system/libsystem_stats.dylib
0x0000000003e43000 	/usr/lib/system/libsystem_trace.dylib
0x0000000003e43000 	/usr/lib/system/libunc.dylib
0x0000000003e43000 	/usr/lib/system/libunwind.dylib
0x0000000003e43000 	/usr/lib/system/libxpc.dylib
0x0000000003e43000 	/usr/lib/libbz2.1.0.dylib
0x0000000003e43000 	/usr/lib/liblzma.5.dylib
0x0000000003e43000 	/usr/lib/libbsm.0.dylib
0x0000000003e43000 	/usr/lib/libsqlite3.dylib
0x0000000003e43000 	/usr/lib/system/libkxld.dylib
0x0000000003e43000 	/usr/lib/libxar.1.dylib
0x0000000003e43000 	/usr/lib/libpam.2.dylib
0x0000000003e43000 	/usr/lib/libOpenScriptingUtil.dylib
0x0000000003e43000 	/System/Library/Frameworks/CoreServices.framework/Versions/A/Frameworks/FSEvents.framework/Versions/A/FSEvents
0x0000000003e43000 	/System/Library/Frameworks/CoreServices.framework/Versions/A/Frameworks/CarbonCore.framework/Versions/A/CarbonCore
0x0000000003e43000 	/System/Library/Frameworks/CoreServices.framework/Versions/A/Frameworks/Metadata.framework/Versions/A/Metadata
0x0000000003e43000 	/System/Library/Frameworks/CoreServices.framework/Versions/A/Frameworks/OSServices.framework/Versions/A/OSServices
0x0000000003e43000 	/System/Library/Frameworks/CoreServices.framework/Versions/A/Frameworks/SearchKit.framework/Versions/A/SearchKit
0x0000000003e43000 	/System/Library/Frameworks/CoreServices.framework/Versions/A/Frameworks/AE.framework/Versions/A/AE
0x0000000003e43000 	/System/Library/Frameworks/CoreServices.framework/Versions/A/Frameworks/LaunchServices.framework/Versions/A/LaunchServices
0x0000000003e43000 	/System/Library/Frameworks/CoreServices.framework/Versions/A/Frameworks/DictionaryServices.framework/Versions/A/DictionaryServices
0x0000000003e43000 	/System/Library/Frameworks/NetFS.framework/Versions/A/NetFS
0x0000000003e43000 	/System/Library/PrivateFrameworks/NetAuth.framework/Versions/A/NetAuth
0x0000000003e43000 	/System/Library/PrivateFrameworks/login.framework/Versions/A/Frameworks/loginsupport.framework/Versions/A/loginsupport
0x0000000003e43000 	/System/Library/PrivateFrameworks/TCC.framework/Versions/A/TCC
0x0000000003e43000 	/usr/lib/libmecabra.dylib
0x0000000003e43000 	/System/Library/Frameworks/ApplicationServices.framework/Versions/A/Frameworks/ATS.framework/Versions/A/ATS
0x0000000003e43000 	/System/Library/Frameworks/ApplicationServices.framework/Versions/A/Frameworks/ColorSync.framework/Versions/A/ColorSync
0x0000000003e43000 	/System/Library/Frameworks/ApplicationServices.framework/Versions/A/Frameworks/HIServices.framework/Versions/A/HIServices
0x0000000003e43000 	/System/Library/Frameworks/ApplicationServices.framework/Versions/A/Frameworks/LangAnalysis.framework/Versions/A/LangAnalysis
0x0000000003e43000 	/System/Library/Frameworks/ApplicationServices.framework/Versions/A/Frameworks/PrintCore.framework/Versions/A/PrintCore
0x0000000003e43000 	/System/Library/Frameworks/ApplicationServices.framework/Versions/A/Frameworks/QD.framework/Versions/A/QD
0x0000000003e43000 	/System/Library/Frameworks/ApplicationServices.framework/Versions/A/Frameworks/SpeechSynthesis.framework/Versions/A/SpeechSynthesis
0x0000000003e43000 	/System/Library/Frameworks/Accelerate.framework/Versions/A/Accelerate
0x0000000003e43000 	/System/Library/Frameworks/Accelerate.framework/Versions/A/Frameworks/vImage.framework/Versions/A/vImage
0x0000000003e43000 	/System/Library/Frameworks/Accelerate.framework/Versions/A/Frameworks/vecLib.framework/Versions/A/vecLib
0x0000000003e43000 	/System/Library/Frameworks/Accelerate.framework/Versions/A/Frameworks/vecLib.framework/Versions/A/libvDSP.dylib
0x0000000003e43000 	/System/Library/Frameworks/Accelerate.framework/Versions/A/Frameworks/vecLib.framework/Versions/A/libvMisc.dylib
0x0000000003e43000 	/System/Library/Frameworks/Accelerate.framework/Versions/A/Frameworks/vecLib.framework/Versions/A/libLAPACK.dylib
0x0000000003e43000 	/System/Library/Frameworks/Accelerate.framework/Versions/A/Frameworks/vecLib.framework/Versions/A/libBLAS.dylib
0x0000000003e43000 	/System/Library/Frameworks/Accelerate.framework/Versions/A/Frameworks/vecLib.framework/Versions/A/libLinearAlgebra.dylib
0x0000000003e43000 	/System/Library/Frameworks/ApplicationServices.framework/Versions/A/Frameworks/ATS.framework/Versions/A/Resources/libFontParser.dylib
0x0000000003e43000 	/System/Library/Frameworks/ApplicationServices.framework/Versions/A/Frameworks/ATS.framework/Versions/A/Resources/libFontRegistry.dylib
0x0000000003e43000 	/System/Library/PrivateFrameworks/AppleVPA.framework/Versions/A/AppleVPA
0x0000000003e43000 	/System/Library/PrivateFrameworks/AppleJPEG.framework/Versions/A/AppleJPEG
0x0000000003e43000 	/System/Library/Frameworks/ImageIO.framework/Versions/A/Resources/libJPEG.dylib
0x0000000003e43000 	/System/Library/Frameworks/ImageIO.framework/Versions/A/Resources/libTIFF.dylib
0x0000000003e43000 	/System/Library/Frameworks/ImageIO.framework/Versions/A/Resources/libPng.dylib
0x0000000003e43000 	/System/Library/Frameworks/ImageIO.framework/Versions/A/Resources/libGIF.dylib
0x0000000003e43000 	/System/Library/Frameworks/ImageIO.framework/Versions/A/Resources/libJP2.dylib
0x0000000003e43000 	/System/Library/Frameworks/ImageIO.framework/Versions/A/Resources/libRadiance.dylib
0x0000000003e43000 	/System/Library/Frameworks/CoreVideo.framework/Versions/A/CoreVideo
0x0000000003e43000 	/System/Library/Frameworks/OpenGL.framework/Versions/A/Libraries/libGLU.dylib
0x0000000003e43000 	/System/Library/Frameworks/OpenGL.framework/Versions/A/Libraries/libGFXShared.dylib
0x0000000003e43000 	/System/Library/Frameworks/OpenGL.framework/Versions/A/Libraries/libGL.dylib
0x0000000003e43000 	/System/Library/Frameworks/OpenGL.framework/Versions/A/Libraries/libGLImage.dylib
0x0000000003e43000 	/System/Library/Frameworks/OpenGL.framework/Versions/A/Libraries/libCVMSPluginSupport.dylib
0x0000000003e43000 	/System/Library/Frameworks/OpenGL.framework/Versions/A/Libraries/libCoreVMClient.dylib
0x0000000003e43000 	/usr/lib/libcups.2.dylib
0x0000000003e43000 	/System/Library/Frameworks/Kerberos.framework/Versions/A/Kerberos
0x0000000003e43000 	/System/Library/Frameworks/GSS.framework/Versions/A/GSS
0x0000000003e43000 	/usr/lib/libresolv.9.dylib
0x0000000003e43000 	/usr/lib/libiconv.2.dylib
0x0000000003e43000 	/System/Library/PrivateFrameworks/Heimdal.framework/Versions/A/Heimdal
0x0000000003e43000 	/usr/lib/libheimdal-asn1.dylib
0x0000000003e43000 	/System/Library/Frameworks/OpenDirectory.framework/Versions/A/OpenDirectory
0x0000000003e43000 	/System/Library/PrivateFrameworks/CommonAuth.framework/Versions/A/CommonAuth
0x0000000003e43000 	/System/Library/Frameworks/OpenDirectory.framework/Versions/A/Frameworks/CFOpenDirectory.framework/Versions/A/CFOpenDirectory
0x0000000003e43000 	/System/Library/Frameworks/SecurityFoundation.framework/Versions/A/SecurityFoundation
0x0000000003e43000 	/System/Library/PrivateFrameworks/LanguageModeling.framework/Versions/A/LanguageModeling
0x0000000003e43000 	/usr/lib/libcmph.dylib
0x0000000003e43000 	/System/Library/Frameworks/ServiceManagement.framework/Versions/A/ServiceManagement
0x0000000003e43000 	/usr/lib/libxslt.1.dylib
0x0000000003e43000 	/System/Library/Frameworks/Carbon.framework/Versions/A/Frameworks/Ink.framework/Versions/A/Ink
0x0000000003e43000 	/System/Library/Frameworks/QuartzCore.framework/Versions/A/Frameworks/CoreImage.framework/Versions/A/CoreImage
0x0000000003e43000 	/System/Library/PrivateFrameworks/CrashReporterSupport.framework/Versions/A/CrashReporterSupport
0x0000000003e43000 	/System/Library/Frameworks/OpenCL.framework/Versions/A/OpenCL
0x0000000003e43000 	/System/Library/PrivateFrameworks/FaceCore.framework/Versions/A/FaceCore
0x0000000003e43000 	/System/Library/PrivateFrameworks/Ubiquity.framework/Versions/A/Ubiquity
0x0000000003e43000 	/System/Library/PrivateFrameworks/IconServices.framework/Versions/A/IconServices
0x0000000003e43000 	/System/Library/PrivateFrameworks/ChunkingLibrary.framework/Versions/A/ChunkingLibrary
0x0000000003e43000 	/System/Library/PrivateFrameworks/Apple80211.framework/Versions/A/Apple80211
0x0000000003e43000 	/System/Library/Frameworks/CoreWLAN.framework/Versions/A/CoreWLAN
0x0000000003e43000 	/System/Library/Frameworks/IOBluetooth.framework/Versions/A/IOBluetooth
0x0000000003e43000 	/System/Library/PrivateFrameworks/CoreWiFi.framework/Versions/A/CoreWiFi
0x0000000003e43000 	/System/Library/Frameworks/CoreBluetooth.framework/Versions/A/CoreBluetooth
0x0000000003e43000 	/System/Library/PrivateFrameworks/DebugSymbols.framework/Versions/A/DebugSymbols
0x0000000003e43000 	/System/Library/PrivateFrameworks/CoreSymbolication.framework/Versions/A/CoreSymbolication
0x0000000003e43000 	/System/Library/PrivateFrameworks/Symbolication.framework/Versions/A/Symbolication
0x0000000003e43000 	/System/Library/PrivateFrameworks/SpeechRecognitionCore.framework/Versions/A/SpeechRecognitionCore
0x00000001014ac000 	/Library/Java/JavaVirtualMachines/jdk1.8.0_65.jdk/Contents/Home/jre/lib/server/libjvm.dylib
0x0000000003e43000 	/usr/lib/libstdc++.6.dylib
0x000000010254f000 	/Library/Java/JavaVirtualMachines/jdk1.8.0_65.jdk/Contents/Home/jre/lib/libverify.dylib
0x000000010255d000 	/Library/Java/JavaVirtualMachines/jdk1.8.0_65.jdk/Contents/Home/jre/lib/libjava.dylib
0x000000010259c000 	/Library/Java/JavaVirtualMachines/jdk1.8.0_65.jdk/Contents/Home/jre/lib/libzip.dylib
0x0000000118e07000 	/System/Library/Frameworks/JavaVM.framework/Frameworks/JavaRuntimeSupport.framework/JavaRuntimeSupport
0x0000000118e1d000 	/System/Library/Frameworks/JavaVM.framework/Versions/A/Frameworks/JavaNativeFoundation.framework/Versions/A/JavaNativeFoundation
0x00000001025ed000 	/System/Library/Frameworks/JavaVM.framework/Versions/A/JavaVM
0x0000000003e43000 	/System/Library/Frameworks/Carbon.framework/Versions/A/Carbon
0x0000000118e31000 	/System/Library/PrivateFrameworks/JavaLaunching.framework/Versions/A/JavaLaunching
0x0000000003e43000 	/System/Library/Frameworks/Carbon.framework/Versions/A/Frameworks/CommonPanels.framework/Versions/A/CommonPanels
0x0000000003e43000 	/System/Library/Frameworks/Carbon.framework/Versions/A/Frameworks/Help.framework/Versions/A/Help
0x0000000003e43000 	/System/Library/Frameworks/Carbon.framework/Versions/A/Frameworks/ImageCapture.framework/Versions/A/ImageCapture
0x0000000003e43000 	/System/Library/Frameworks/Carbon.framework/Versions/A/Frameworks/OpenScripting.framework/Versions/A/OpenScripting
0x0000000003e43000 	/System/Library/Frameworks/Carbon.framework/Versions/A/Frameworks/Print.framework/Versions/A/Print
0x0000000003e43000 	/System/Library/Frameworks/Carbon.framework/Versions/A/Frameworks/SecurityHI.framework/Versions/A/SecurityHI
0x000000011ae16000 	/Library/Java/JavaVirtualMachines/jdk1.8.0_65.jdk/Contents/Home/jre/lib/libnet.dylib
0x000000011b2c0000 	/Library/Java/JavaVirtualMachines/jdk1.8.0_65.jdk/Contents/Home/jre/lib/libnio.dylib
0x000000011b1b7000 	/Library/Java/JavaVirtualMachines/jdk1.8.0_65.jdk/Contents/Home/jre/lib/libmanagement.dylib

VM Arguments:
jvm_args: -Dlogback.configurationFile=/Users/charlie/IdeaProjects/mic-api-admin/logback-debug.xml -Dlogback.logFilePath=/Users/charlie/IdeaProjects/mic-api-admin/build/libs 
java_command: build/libs/mic-api-admin-0.00.01-all.jar 1 8888
java_class_path (initial): build/libs/mic-api-admin-0.00.01-all.jar
Launcher Type: SUN_STANDARD

Environment Variables:
PATH=/usr/local/bin:/usr/bin:/bin:/usr/sbin:/sbin
SHELL=/bin/zsh
DISPLAY=/private/tmp/com.apple.launchd.bKwIJcPo8M/org.macosforge.xquartz:0

Signal Handlers:
SIGSEGV: [libjvm.dylib+0x5a6d31], sa_mask[0]=11111111011111110111111111111111, sa_flags=SA_ONSTACK|SA_RESTART|SA_SIGINFO
SIGBUS: [libjvm.dylib+0x5a6d31], sa_mask[0]=11111111011111110111111111111111, sa_flags=SA_RESTART|SA_SIGINFO
SIGFPE: [libjvm.dylib+0x480a40], sa_mask[0]=11111111011111110111111111111111, sa_flags=SA_RESTART|SA_SIGINFO
SIGPIPE: [libjvm.dylib+0x480a40], sa_mask[0]=11111111011111110111111111111111, sa_flags=SA_RESTART|SA_SIGINFO
SIGXFSZ: [libjvm.dylib+0x480a40], sa_mask[0]=11111111011111110111111111111111, sa_flags=SA_RESTART|SA_SIGINFO
SIGILL: [libjvm.dylib+0x480a40], sa_mask[0]=11111111011111110111111111111111, sa_flags=SA_RESTART|SA_SIGINFO
SIGUSR1: SIG_DFL, sa_mask[0]=00000000000000000000000000000000, sa_flags=SA_RESTART
SIGUSR2: [libjvm.dylib+0x48055e], sa_mask[0]=00000000000000000000000000000000, sa_flags=SA_RESTART|SA_SIGINFO
SIGHUP: [libjvm.dylib+0x47eb35], sa_mask[0]=11111111011111110111111111111111, sa_flags=SA_RESTART|SA_SIGINFO
SIGINT: [libjvm.dylib+0x47eb35], sa_mask[0]=11111111011111110111111111111111, sa_flags=SA_RESTART|SA_SIGINFO
SIGTERM: [libjvm.dylib+0x47eb35], sa_mask[0]=11111111011111110111111111111111, sa_flags=SA_RESTART|SA_SIGINFO
SIGQUIT: [libjvm.dylib+0x47eb35], sa_mask[0]=11111111011111110111111111111111, sa_flags=SA_RESTART|SA_SIGINFO


---------------  S Y S T E M  ---------------

OS:Bsduname:Darwin 14.5.0 Darwin Kernel Version 14.5.0: Tue Sep  1 21:23:09 PDT 2015; root:xnu-2782.50.1~1/RELEASE_X86_64 x86_64
rlimit: STACK 8192k, CORE 0k, NPROC 709, NOFILE 10240, AS infinity
load average:2.34 2.78 2.62

CPU:total 4 (2 cores per cpu, 2 threads per core) family 6 model 61 stepping 4, cmov, cx8, fxsr, mmx, sse, sse2, sse3, ssse3, sse4.1, sse4.2, popcnt, avx, avx2, aes, clmul, erms, 3dnowpref, lzcnt, ht, tsc, tscinvbit, bmi1, bmi2, adx

Memory: 4k page, physical 8388608k(31360k free)

/proc/meminfo:


vm_info: Java HotSpot(TM) 64-Bit Server VM (25.65-b01) for bsd-amd64 JRE (1.8.0_65-b17), built on Oct  6 2015 15:36:46 by "java_re" with gcc 4.2.1 (Based on Apple Inc. build 5658) (LLVM build 2336.11.00)

time: Mon Feb 29 12:12:42 2016
elapsed time: 1045 seconds (0d 0h 17m 25s)

