#
# A fatal error has been detected by the Java Runtime Environment:
#
#  SIGBUS (0xa) at pc=0x000000010b1b3eb9, pid=54547, tid=22455
#
# JRE version: Java(TM) SE Runtime Environment (8.0_65-b17) (build 1.8.0_65-b17)
# Java VM: Java HotSpot(TM) 64-Bit Server VM (25.65-b01 mixed mode bsd-amd64 compressed oops)
# Problematic frame:
# C  [libzip.dylib+0x2eb9]  newEntry+0x154
#
# Failed to write core dump. Core dumps have been disabled. To enable core dumping, try "ulimit -c unlimited" before starting Java again
#
# If you would like to submit a bug report, please visit:
#   http://bugreport.java.com/bugreport/crash.jsp
# The crash happened outside the Java Virtual Machine in native code.
# See problematic frame for where to report the bug.
#

---------------  T H R E A D  ---------------

Current thread (0x00007f8cd68b0000):  JavaThread "ratpack-shutdown-thread" [_thread_in_native, id=22455, stack(0x000000012549d000,0x000000012559d000)]

siginfo: si_signo: 10 (SIGBUS), si_code: 2 (BUS_ADRERR), si_addr: 0x0000000123adfe03

Registers:
RAX=0x00007f8cd352dda0, RBX=0x0000000123adfdf7, RCX=0x0000000000000301, RDX=0x0000000000000308
RSP=0x000000012559a3a0, RBP=0x000000012559a400, RSI=0x00007f8cd5c00000, RDI=0x000000010a0b3800
R8 =0x0000000000000004, R9 =0x00000000fffffff8, R10=0x0000000000000018, R11=0x00007f8cd5c00000
R12=0x0000000123b0d000, R13=0x000000000001ad90, R14=0x000000004f5ba99c, R15=0x00007f8cd5c31710
RIP=0x000000010b1b3eb9, EFLAGS=0x0000000000010202, ERR=0x0000000000000004
  TRAPNO=0x000000000000000e

Top of Stack: (sp=0x000000012559a3a0)
0x000000012559a3a0:   000000012559a400 000000008fd6ab95
0x000000012559a3b0:   0000000000000000 000000012559a598
0x000000012559a3c0:   000000012559a3e0 00007f8cd352dda0
0x000000012559a3d0:   00007f8cd5c333e0 00007f8cd352dda0
0x000000012559a3e0:   0000000123b0d000 000000000001ad90
0x000000012559a3f0:   000000004f5ba99c 00007f8cd5c31710
0x000000012559a400:   000000012559a460 000000010b1b4554
0x000000012559a410:   000000012559a4b5 000000012559a4b4
0x000000012559a420:   0000003500000000 00000036018b0000
0x000000012559a430:   000000012559a47e 000000012559a8c8
0x000000012559a440:   0000000000000036 000000012559a47e
0x000000012559a450:   00007f8cd352dda0 00007f8cd68b01f8
0x000000012559a460:   000000012559a8b0 000000010b1b334f
0x000000012559a470:   0000000000000000 6f69000100000001
0x000000012559a480:   632f797474656e2f 442f6c656e6e6168
0x000000012559a490:   6843746c75616665 6e61486c656e6e61
0x000000012559a4a0:   6f766e4972656c64 632e33312472656b
0x000000012559a4b0:   000000007373616c 00000000ffffffbd
0x000000012559a4c0:   000000012559a8f0 00007fff8fd74e3e
0x000000012559a4d0:   0000000000000000 000000012559a668
0x000000012559a4e0:   000000010a7a1799 0000000000000001
0x000000012559a4f0:   000000012559a920 00007fff8fd74ec5
0x000000012559a500:   0000000000000000 000000000000003e
0x000000012559a510:   0000003e0a79691e 000000012559afc0
0x000000012559a520:   00007fff75b2a6b8 00000000ffffffff
0x000000012559a530:   0000000000000000 0000004300000000
0x000000012559a540:   00000007960b9738 000000010bd86a94
0x000000012559a550:   00000007403b28e0 000000010bfb379c
0x000000012559a560:   00007ffff3b56018 0000000000000043
0x000000012559a570:   0000000000000001 00000007960b9720
0x000000012559a580:   0000000000000000 0000000000000000
0x000000012559a590:   00000007403b25b8 000000010bcf163c 

Instructions: (pc=0x000000010b1b3eb9)
0x000000010b1b3e99:   49 8b 7f 38 e8 50 1b 00 00 4d 89 77 38 49 89 5f
0x000000010b1b3ea9:   40 4c 89 f0 48 85 c0 0f 84 11 05 00 00 48 89 c3
0x000000010b1b3eb9:   0f b6 43 0c 0f b6 4b 0d 48 c1 e1 08 48 01 c1 0f
0x000000010b1b3ec9:   b6 43 0e 0f b6 53 0f 48 c1 e2 08 48 01 c2 48 c1 

Register to memory mapping:

RAX=0x00007f8cd352dda0 is an unknown value
RBX=0x0000000123adfdf7 is an unknown value
RCX=0x0000000000000301 is an unknown value
RDX=0x0000000000000308 is an unknown value
RSP=0x000000012559a3a0 is pointing into the stack for thread: 0x00007f8cd68b0000
RBP=0x000000012559a400 is pointing into the stack for thread: 0x00007f8cd68b0000
RSI=0x00007f8cd5c00000 is an unknown value
RDI=0x000000010a0b3800 is an unknown value
R8 =0x0000000000000004 is an unknown value
R9 =0x00000000fffffff8 is an unknown value
R10=0x0000000000000018 is an unknown value
R11=0x00007f8cd5c00000 is an unknown value
R12=0x0000000123b0d000 is an unknown value
R13=0x000000000001ad90 is an unknown value
R14=0x000000004f5ba99c is an unknown value
R15=0x00007f8cd5c31710 is an unknown value


Stack: [0x000000012549d000,0x000000012559d000],  sp=0x000000012559a3a0,  free space=1012k
Native frames: (J=compiled Java code, j=interpreted, Vv=VM code, C=native code)
C  [libzip.dylib+0x2eb9]  newEntry+0x154
C  [libzip.dylib+0x3554]  ZIP_GetEntry2+0xd4
C  [libzip.dylib+0x234f]  Java_java_util_zip_ZipFile_getEntry+0xcf
J 332  java.util.zip.ZipFile.getEntry(J[BZ)J (0 bytes) @ 0x000000010bcbab0e [0x000000010bcbaa40+0xce]
J 990 C2 sun.misc.URLClassPath.getResource(Ljava/lang/String;Z)Lsun/misc/Resource; (83 bytes) @ 0x000000010bea8568 [0x000000010bea7f00+0x668]
J 2333 C2 java.net.URLClassLoader$1.run()Ljava/lang/Object; (5 bytes) @ 0x000000010c30f500 [0x000000010c30f020+0x4e0]
v  ~StubRoutines::call_stub
V  [libjvm.dylib+0x2eab02]  JavaCalls::call_helper(JavaValue*, methodHandle*, JavaCallArguments*, Thread*)+0x6ae
V  [libjvm.dylib+0x34afcc]  JVM_DoPrivileged+0x4b8
J 339  java.security.AccessController.doPrivileged(Ljava/security/PrivilegedExceptionAction;Ljava/security/AccessControlContext;)Ljava/lang/Object; (0 bytes) @ 0x000000010bcbe395 [0x000000010bcbe2c0+0xd5]
J 2404 C2 java.net.URLClassLoader.findClass(Ljava/lang/String;)Ljava/lang/Class; (47 bytes) @ 0x000000010bc7ad7c [0x000000010bc7ace0+0x9c]
J 2141 C1 java.lang.ClassLoader.loadClass(Ljava/lang/String;Z)Ljava/lang/Class; (122 bytes) @ 0x000000010c21ea5c [0x000000010c21e720+0x33c]
J 278 C1 sun.misc.Launcher$AppClassLoader.loadClass(Ljava/lang/String;Z)Ljava/lang/Class; (85 bytes) @ 0x000000010bc97ce4 [0x000000010bc97340+0x9a4]
J 277 C1 java.lang.ClassLoader.loadClass(Ljava/lang/String;)Ljava/lang/Class; (7 bytes) @ 0x000000010bc918c4 [0x000000010bc917c0+0x104]
v  ~StubRoutines::call_stub
V  [libjvm.dylib+0x2eab02]  JavaCalls::call_helper(JavaValue*, methodHandle*, JavaCallArguments*, Thread*)+0x6ae
V  [libjvm.dylib+0x2eb290]  JavaCalls::call_virtual(JavaValue*, KlassHandle, Symbol*, Symbol*, JavaCallArguments*, Thread*)+0x164
V  [libjvm.dylib+0x2eb3e8]  JavaCalls::call_virtual(JavaValue*, Handle, KlassHandle, Symbol*, Symbol*, Handle, Thread*)+0x56
V  [libjvm.dylib+0x533640]  SystemDictionary::load_instance_class(Symbol*, Handle, Thread*)+0x2d8
V  [libjvm.dylib+0x532dd9]  SystemDictionary::resolve_instance_class_or_null(Symbol*, Handle, Handle, Thread*)+0x48f
V  [libjvm.dylib+0x53385c]  SystemDictionary::resolve_or_null(Symbol*, Handle, Handle, Thread*)+0x106
V  [libjvm.dylib+0x533ed9]  SystemDictionary::resolve_or_fail(Symbol*, Handle, Handle, bool, Thread*)+0x31
V  [libjvm.dylib+0x1e17aa]  ConstantPool::klass_at_impl(constantPoolHandle, int, Thread*)+0x2ee
V  [libjvm.dylib+0x1f1a6e]  ConstantPool::klass_at(int, Thread*)+0x92
V  [libjvm.dylib+0x2e64df]  InterpreterRuntime::_new(JavaThread*, ConstantPool*, int)+0x2d
j  io.netty.channel.DefaultChannelHandlerInvoker.invokeClose(Lio/netty/channel/ChannelHandlerContext;Lio/netty/channel/ChannelPromise;)V+31
j  io.netty.channel.AbstractChannelHandlerContext.close(Lio/netty/channel/ChannelPromise;)Lio/netty/channel/ChannelFuture;+11
j  io.netty.channel.AbstractChannelHandlerContext.close()Lio/netty/channel/ChannelFuture;+5
j  io.netty.channel.DefaultChannelPipeline.close()Lio/netty/channel/ChannelFuture;+4
j  io.netty.channel.AbstractChannel.close()Lio/netty/channel/ChannelFuture;+4
j  ratpack.server.internal.DefaultRatpackServer.stop()V+55
j  ratpack.server.internal.DefaultRatpackServer$1.run()V+4
v  ~StubRoutines::call_stub
V  [libjvm.dylib+0x2eab02]  JavaCalls::call_helper(JavaValue*, methodHandle*, JavaCallArguments*, Thread*)+0x6ae
V  [libjvm.dylib+0x2eb290]  JavaCalls::call_virtual(JavaValue*, KlassHandle, Symbol*, Symbol*, JavaCallArguments*, Thread*)+0x164
V  [libjvm.dylib+0x2eb43c]  JavaCalls::call_virtual(JavaValue*, Handle, KlassHandle, Symbol*, Symbol*, Thread*)+0x4a
V  [libjvm.dylib+0x345959]  thread_entry(JavaThread*, Thread*)+0x7c
V  [libjvm.dylib+0x5612d3]  JavaThread::thread_main_inner()+0x9b
V  [libjvm.dylib+0x5629ce]  JavaThread::run()+0x1c2
V  [libjvm.dylib+0x48342e]  java_start(Thread*)+0xf6
C  [libsystem_pthread.dylib+0x405a]  _pthread_body+0x83
C  [libsystem_pthread.dylib+0x3fd7]  _pthread_body+0x0
C  [libsystem_pthread.dylib+0x13ed]  thread_start+0xd
C  0x0000000000000000

Java frames: (J=compiled Java code, j=interpreted, Vv=VM code)
J 332  java.util.zip.ZipFile.getEntry(J[BZ)J (0 bytes) @ 0x000000010bcbaa98 [0x000000010bcbaa40+0x58]
J 990 C2 sun.misc.URLClassPath.getResource(Ljava/lang/String;Z)Lsun/misc/Resource; (83 bytes) @ 0x000000010bea8568 [0x000000010bea7f00+0x668]
J 2333 C2 java.net.URLClassLoader$1.run()Ljava/lang/Object; (5 bytes) @ 0x000000010c30f500 [0x000000010c30f020+0x4e0]
v  ~StubRoutines::call_stub
J 339  java.security.AccessController.doPrivileged(Ljava/security/PrivilegedExceptionAction;Ljava/security/AccessControlContext;)Ljava/lang/Object; (0 bytes) @ 0x000000010bcbe323 [0x000000010bcbe2c0+0x63]
J 2404 C2 java.net.URLClassLoader.findClass(Ljava/lang/String;)Ljava/lang/Class; (47 bytes) @ 0x000000010bc7ad7c [0x000000010bc7ace0+0x9c]
J 2141 C1 java.lang.ClassLoader.loadClass(Ljava/lang/String;Z)Ljava/lang/Class; (122 bytes) @ 0x000000010c21ea5c [0x000000010c21e720+0x33c]
J 278 C1 sun.misc.Launcher$AppClassLoader.loadClass(Ljava/lang/String;Z)Ljava/lang/Class; (85 bytes) @ 0x000000010bc97ce4 [0x000000010bc97340+0x9a4]
J 277 C1 java.lang.ClassLoader.loadClass(Ljava/lang/String;)Ljava/lang/Class; (7 bytes) @ 0x000000010bc918c4 [0x000000010bc917c0+0x104]
v  ~StubRoutines::call_stub
j  io.netty.channel.DefaultChannelHandlerInvoker.invokeClose(Lio/netty/channel/ChannelHandlerContext;Lio/netty/channel/ChannelPromise;)V+31
j  io.netty.channel.AbstractChannelHandlerContext.close(Lio/netty/channel/ChannelPromise;)Lio/netty/channel/ChannelFuture;+11
j  io.netty.channel.AbstractChannelHandlerContext.close()Lio/netty/channel/ChannelFuture;+5
j  io.netty.channel.DefaultChannelPipeline.close()Lio/netty/channel/ChannelFuture;+4
j  io.netty.channel.AbstractChannel.close()Lio/netty/channel/ChannelFuture;+4
j  ratpack.server.internal.DefaultRatpackServer.stop()V+55
j  ratpack.server.internal.DefaultRatpackServer$1.run()V+4
v  ~StubRoutines::call_stub

---------------  P R O C E S S  ---------------

Java Threads: ( => current thread )
=>0x00007f8cd68b0000 JavaThread "ratpack-shutdown-thread" [_thread_in_native, id=22455, stack(0x000000012549d000,0x000000012559d000)]
  0x00007f8cd49b0000 JavaThread "SIGINT handler" daemon [_thread_blocked, id=13723, stack(0x0000000123f76000,0x0000000124076000)]
  0x00007f8cd4b70800 JavaThread "PostgreSQL-JDBC-SharedTimer-2" daemon [_thread_blocked, id=21411, stack(0x0000000124e06000,0x0000000124f06000)]
  0x00007f8cd3b0c000 JavaThread "threadDeathWatcher-4-1" daemon [_thread_blocked, id=12043, stack(0x0000000121b56000,0x0000000121c56000)]
  0x00007f8cd3b00000 JavaThread "DestroyJavaVM" [_thread_blocked, id=3591, stack(0x000000010ba01000,0x000000010bb01000)]
  0x00007f8cd4305000 JavaThread "ratpack-compute-1-1" [_thread_in_native, id=23299, stack(0x0000000125bd7000,0x0000000125cd7000)]
  0x00007f8cd4b3f000 JavaThread "Hikari Housekeeping Timer (pool HikariPool-0)" daemon [_thread_blocked, id=20743, stack(0x000000012539a000,0x000000012549a000)]
  0x00007f8cd41b5000 JavaThread "AsyncAppender-Worker-DebugMsgQueue" daemon [_thread_blocked, id=20227, stack(0x0000000123d96000,0x0000000123e96000)]
  0x00007f8cd41b4800 JavaThread "AsyncAppender-Worker-InfoMsgQueue" daemon [_thread_blocked, id=19715, stack(0x0000000123c93000,0x0000000123d93000)]
  0x00007f8cd41af800 JavaThread "AsyncAppender-Worker-WarnMsgQueue" daemon [_thread_blocked, id=19203, stack(0x0000000123b90000,0x0000000123c90000)]
  0x00007f8cd4074000 JavaThread "Service Thread" daemon [_thread_blocked, id=18179, stack(0x000000012383a000,0x000000012393a000)]
  0x00007f8cd4061000 JavaThread "C1 CompilerThread2" daemon [_thread_blocked, id=17667, stack(0x0000000123737000,0x0000000123837000)]
  0x00007f8cd4060000 JavaThread "C2 CompilerThread1" daemon [_thread_blocked, id=17155, stack(0x0000000123634000,0x0000000123734000)]
  0x00007f8cd4040000 JavaThread "C2 CompilerThread0" daemon [_thread_blocked, id=16643, stack(0x0000000123531000,0x0000000123631000)]
  0x00007f8cd403f000 JavaThread "Signal Dispatcher" daemon [_thread_blocked, id=12563, stack(0x000000012342e000,0x000000012352e000)]
  0x00007f8cd4031000 JavaThread "Finalizer" daemon [_thread_blocked, id=11523, stack(0x0000000121a28000,0x0000000121b28000)]
  0x00007f8cd4030800 JavaThread "Reference Handler" daemon [_thread_blocked, id=11011, stack(0x0000000121925000,0x0000000121a25000)]

Other Threads:
  0x00007f8cd402d800 VMThread [stack: 0x0000000121822000,0x0000000121922000] [id=10499]
  0x00007f8cd403d000 WatcherThread [stack: 0x000000012393d000,0x0000000123a3d000] [id=18691]

VM state:not at safepoint (normal execution)

VM Mutex/Monitor currently owned by a thread: None

Heap:
 PSYoungGen      total 138240K, used 17025K [0x0000000795580000, 0x00000007a2e80000, 0x00000007c0000000)
  eden space 133120K, 9% used [0x0000000795580000,0x00000007962234c0,0x000000079d780000)
  from space 5120K, 79% used [0x000000079d780000,0x000000079db7d220,0x000000079dc80000)
  to   space 26112K, 0% used [0x00000007a1500000,0x00000007a1500000,0x00000007a2e80000)
 ParOldGen       total 112640K, used 31674K [0x0000000740000000, 0x0000000746e00000, 0x0000000795580000)
  object space 112640K, 28% used [0x0000000740000000,0x0000000741eeeaa8,0x0000000746e00000)
 Metaspace       used 36097K, capacity 37160K, committed 37376K, reserved 1083392K
  class space    used 3897K, capacity 4096K, committed 4096K, reserved 1048576K

Card table byte_map: [0x000000011aec3000,0x000000011b2c4000] byte_map_base: 0x00000001174c3000

Marking Bits: (ParMarkBitMap*) 0x000000010aaa2e20
 Begin Bits: [0x000000011b97b000, 0x000000011d97b000)
 End Bits:   [0x000000011d97b000, 0x000000011f97b000)

Polling page: 0x000000010b1a7000

CodeCache: size=245760Kb used=12776Kb max_used=12788Kb free=232983Kb
 bounds [0x000000010bb03000, 0x000000010c7a3000, 0x000000011ab03000]
 total_blobs=4615 nmethods=4166 adapters=361
 compilation: enabled

Compilation events (10 events):
Event: 5041.564 Thread 0x00007f8cd4061000 4757       3       org.postgresql.core.v3.QueryExecutorImpl::sendSync (44 bytes)
Event: 5041.564 Thread 0x00007f8cd4061000 nmethod 4757 0x000000010c789790 code [0x000000010c789980, 0x000000010c78a408]
Event: 5041.565 Thread 0x00007f8cd4061000 4758       3       java.util.HashSet::remove (20 bytes)
Event: 5041.565 Thread 0x00007f8cd4061000 nmethod 4758 0x000000010c788e90 code [0x000000010c789040, 0x000000010c7895b8]
Event: 5041.570 Thread 0x00007f8cd4040000 4759   !   4       java.util.Collections$SynchronizedMap::put (28 bytes)
Event: 5041.582 Thread 0x00007f8cd4040000 nmethod 4759 0x000000010c794150 code [0x000000010c794320, 0x000000010c794d70]
Event: 5071.539 Thread 0x00007f8cd4061000 4760       1       java.lang.Enum::name (5 bytes)
Event: 5071.540 Thread 0x00007f8cd4061000 nmethod 4760 0x000000010bca1dd0 code [0x000000010bca1f20, 0x000000010bca2030]
Event: 5085.380 Thread 0x00007f8cd4061000 4761       1       java.util.logging.Logger::getName (5 bytes)
Event: 5085.382 Thread 0x00007f8cd4061000 nmethod 4761 0x000000010c788bd0 code [0x000000010c788d20, 0x000000010c788e30]

GC Heap History (10 events):
Event: 1.472 GC heap before
{Heap before GC invocations=3 (full 0):
 PSYoungGen      total 71680K, used 16140K [0x0000000795580000, 0x000000079a080000, 0x00000007c0000000)
  eden space 66560K, 16% used [0x0000000795580000,0x0000000796046df8,0x0000000799680000)
  from space 5120K, 99% used [0x0000000799b80000,0x000000079a07c470,0x000000079a080000)
  to   space 5120K, 0% used [0x0000000799680000,0x0000000799680000,0x0000000799b80000)
 ParOldGen       total 87552K, used 9470K [0x0000000740000000, 0x0000000745580000, 0x0000000795580000)
  object space 87552K, 10% used [0x0000000740000000,0x000000074093f8c0,0x0000000745580000)
 Metaspace       used 20832K, capacity 21178K, committed 21296K, reserved 1069056K
  class space    used 2514K, capacity 2635K, committed 2688K, reserved 1048576K
Event: 1.477 GC heap after
Heap after GC invocations=3 (full 0):
 PSYoungGen      total 71680K, used 4484K [0x0000000795580000, 0x000000079e180000, 0x00000007c0000000)
  eden space 66560K, 0% used [0x0000000795580000,0x0000000795580000,0x0000000799680000)
  from space 5120K, 87% used [0x0000000799680000,0x0000000799ae12a0,0x0000000799b80000)
  to   space 5120K, 0% used [0x000000079dc80000,0x000000079dc80000,0x000000079e180000)
 ParOldGen       total 87552K, used 9478K [0x0000000740000000, 0x0000000745580000, 0x0000000795580000)
  object space 87552K, 10% used [0x0000000740000000,0x00000007409418c0,0x0000000745580000)
 Metaspace       used 20832K, capacity 21178K, committed 21296K, reserved 1069056K
  class space    used 2514K, capacity 2635K, committed 2688K, reserved 1048576K
}
Event: 1.477 GC heap before
{Heap before GC invocations=4 (full 1):
 PSYoungGen      total 71680K, used 4484K [0x0000000795580000, 0x000000079e180000, 0x00000007c0000000)
  eden space 66560K, 0% used [0x0000000795580000,0x0000000795580000,0x0000000799680000)
  from space 5120K, 87% used [0x0000000799680000,0x0000000799ae12a0,0x0000000799b80000)
  to   space 5120K, 0% used [0x000000079dc80000,0x000000079dc80000,0x000000079e180000)
 ParOldGen       total 87552K, used 9478K [0x0000000740000000, 0x0000000745580000, 0x0000000795580000)
  object space 87552K, 10% used [0x0000000740000000,0x00000007409418c0,0x0000000745580000)
 Metaspace       used 20832K, capacity 21178K, committed 21296K, reserved 1069056K
  class space    used 2514K, capacity 2635K, committed 2688K, reserved 1048576K
Event: 1.504 GC heap after
Heap after GC invocations=4 (full 1):
 PSYoungGen      total 71680K, used 0K [0x0000000795580000, 0x000000079e180000, 0x00000007c0000000)
  eden space 66560K, 0% used [0x0000000795580000,0x0000000795580000,0x0000000799680000)
  from space 5120K, 0% used [0x0000000799680000,0x0000000799680000,0x0000000799b80000)
  to   space 5120K, 0% used [0x000000079dc80000,0x000000079dc80000,0x000000079e180000)
 ParOldGen       total 61440K, used 6783K [0x0000000740000000, 0x0000000743c00000, 0x0000000795580000)
  object space 61440K, 11% used [0x0000000740000000,0x000000074069fc08,0x0000000743c00000)
 Metaspace       used 20832K, capacity 21178K, committed 21296K, reserved 1069056K
  class space    used 2514K, capacity 2635K, committed 2688K, reserved 1048576K
}
Event: 230.248 GC heap before
{Heap before GC invocations=5 (full 1):
 PSYoungGen      total 71680K, used 59052K [0x0000000795580000, 0x000000079e180000, 0x00000007c0000000)
  eden space 66560K, 88% used [0x0000000795580000,0x0000000798f2b080,0x0000000799680000)
  from space 5120K, 0% used [0x0000000799680000,0x0000000799680000,0x0000000799b80000)
  to   space 5120K, 0% used [0x000000079dc80000,0x000000079dc80000,0x000000079e180000)
 ParOldGen       total 61440K, used 6783K [0x0000000740000000, 0x0000000743c00000, 0x0000000795580000)
  object space 61440K, 11% used [0x0000000740000000,0x000000074069fc08,0x0000000743c00000)
 Metaspace       used 34529K, capacity 35396K, committed 35496K, reserved 1081344K
  class space    used 3831K, capacity 4004K, committed 4096K, reserved 1048576K
Event: 230.268 GC heap after
Heap after GC invocations=5 (full 1):
 PSYoungGen      total 108544K, used 5098K [0x0000000795580000, 0x000000079e180000, 0x00000007c0000000)
  eden space 103424K, 0% used [0x0000000795580000,0x0000000795580000,0x000000079ba80000)
  from space 5120K, 99% used [0x000000079dc80000,0x000000079e17aac0,0x000000079e180000)
  to   space 5120K, 0% used [0x000000079d780000,0x000000079d780000,0x000000079dc80000)
 ParOldGen       total 61440K, used 27081K [0x0000000740000000, 0x0000000743c00000, 0x0000000795580000)
  object space 61440K, 44% used [0x0000000740000000,0x0000000741a724c0,0x0000000743c00000)
 Metaspace       used 34529K, capacity 35396K, committed 35496K, reserved 1081344K
  class space    used 3831K, capacity 4004K, committed 4096K, reserved 1048576K
}
Event: 230.268 GC heap before
{Heap before GC invocations=6 (full 2):
 PSYoungGen      total 108544K, used 5098K [0x0000000795580000, 0x000000079e180000, 0x00000007c0000000)
  eden space 103424K, 0% used [0x0000000795580000,0x0000000795580000,0x000000079ba80000)
  from space 5120K, 99% used [0x000000079dc80000,0x000000079e17aac0,0x000000079e180000)
  to   space 5120K, 0% used [0x000000079d780000,0x000000079d780000,0x000000079dc80000)
 ParOldGen       total 61440K, used 27081K [0x0000000740000000, 0x0000000743c00000, 0x0000000795580000)
  object space 61440K, 44% used [0x0000000740000000,0x0000000741a724c0,0x0000000743c00000)
 Metaspace       used 34529K, capacity 35396K, committed 35496K, reserved 1081344K
  class space    used 3831K, capacity 4004K, committed 4096K, reserved 1048576K
Event: 230.325 GC heap after
Heap after GC invocations=6 (full 2):
 PSYoungGen      total 108544K, used 0K [0x0000000795580000, 0x000000079e180000, 0x00000007c0000000)
  eden space 103424K, 0% used [0x0000000795580000,0x0000000795580000,0x000000079ba80000)
  from space 5120K, 0% used [0x000000079dc80000,0x000000079dc80000,0x000000079e180000)
  to   space 5120K, 0% used [0x000000079d780000,0x000000079d780000,0x000000079dc80000)
 ParOldGen       total 112640K, used 31666K [0x0000000740000000, 0x0000000746e00000, 0x0000000795580000)
  object space 112640K, 28% used [0x0000000740000000,0x0000000741eecaa8,0x0000000746e00000)
 Metaspace       used 34529K, capacity 35396K, committed 35496K, reserved 1081344K
  class space    used 3831K, capacity 4004K, committed 4096K, reserved 1048576K
}
Event: 4981.542 GC heap before
{Heap before GC invocations=7 (full 2):
 PSYoungGen      total 108544K, used 103424K [0x0000000795580000, 0x000000079e180000, 0x00000007c0000000)
  eden space 103424K, 100% used [0x0000000795580000,0x000000079ba80000,0x000000079ba80000)
  from space 5120K, 0% used [0x000000079dc80000,0x000000079dc80000,0x000000079e180000)
  to   space 5120K, 0% used [0x000000079d780000,0x000000079d780000,0x000000079dc80000)
 ParOldGen       total 112640K, used 31666K [0x0000000740000000, 0x0000000746e00000, 0x0000000795580000)
  object space 112640K, 28% used [0x0000000740000000,0x0000000741eecaa8,0x0000000746e00000)
 Metaspace       used 36084K, capacity 37160K, committed 37376K, reserved 1083392K
  class space    used 3896K, capacity 4096K, committed 4096K, reserved 1048576K
Event: 4981.558 GC heap after
Heap after GC invocations=7 (full 2):
 PSYoungGen      total 138240K, used 4084K [0x0000000795580000, 0x00000007a2e80000, 0x00000007c0000000)
  eden space 133120K, 0% used [0x0000000795580000,0x0000000795580000,0x000000079d780000)
  from space 5120K, 79% used [0x000000079d780000,0x000000079db7d220,0x000000079dc80000)
  to   space 26112K, 0% used [0x00000007a1500000,0x00000007a1500000,0x00000007a2e80000)
 ParOldGen       total 112640K, used 31674K [0x0000000740000000, 0x0000000746e00000, 0x0000000795580000)
  object space 112640K, 28% used [0x0000000740000000,0x0000000741eeeaa8,0x0000000746e00000)
 Metaspace       used 36084K, capacity 37160K, committed 37376K, reserved 1083392K
  class space    used 3896K, capacity 4096K, committed 4096K, reserved 1048576K
}

Deoptimization events (10 events):
Event: 227.597 Thread 0x00007f8cd3932000 Uncommon trap: reason=bimorphic action=maybe_recompile pc=0x000000010c2bedd0 method=java.util.regex.Pattern$Start.match(Ljava/util/regex/Matcher;ILjava/lang/CharSequence;)Z @ 44
Event: 227.597 Thread 0x00007f8cd3932000 Uncommon trap: reason=bimorphic action=maybe_recompile pc=0x000000010c2bedd0 method=java.util.regex.Pattern$Start.match(Ljava/util/regex/Matcher;ILjava/lang/CharSequence;)Z @ 44
Event: 227.597 Thread 0x00007f8cd3932000 Uncommon trap: reason=bimorphic action=maybe_recompile pc=0x000000010c2bedd0 method=java.util.regex.Pattern$Start.match(Ljava/util/regex/Matcher;ILjava/lang/CharSequence;)Z @ 44
Event: 370.155 Thread 0x00007f8cd3932000 Uncommon trap: reason=unstable_if action=reinterpret pc=0x000000010bcc2790 method=sun.nio.cs.UTF_8$Decoder.decode([BII[C)I @ 30
Event: 1370.898 Thread 0x00007f8cd70a3800 Uncommon trap: reason=null_check action=make_not_entrant pc=0x000000010c2dfa04 method=org.jooq.tools.LoggerListener$BindValueAbbreviator.visitStart(Lorg/jooq/VisitContext;)V @ 38
Event: 2151.115 Thread 0x00007f8cd4b6b800 Uncommon trap: reason=unstable_if action=reinterpret pc=0x000000010c5de834 method=java.util.ArrayDeque.addLast(Ljava/lang/Object;)V @ 45
Event: 2151.127 Thread 0x00007f8cd41b5000 Uncommon trap: reason=unstable_if action=reinterpret pc=0x000000010bce2c24 method=sun.nio.cs.UTF_8$Encoder.encode([CII[B)I @ 33
Event: 2151.137 Thread 0x00007f8cd4305000 Uncommon trap: reason=unstable_if action=reinterpret pc=0x000000010c40792c method=com.fasterxml.jackson.core.json.UTF8JsonGenerator.writeString(Ljava/lang/String;)V @ 85
Event: 5085.377 Thread 0x00007f8cd403f000 Uncommon trap: reason=class_check action=maybe_recompile pc=0x000000010c096dc0 method=java.util.Hashtable.get(Ljava/lang/Object;)Ljava/lang/Object; @ 6
Event: 5085.377 Thread 0x00007f8cd403f000 Uncommon trap: reason=class_check action=maybe_recompile pc=0x000000010c096dc0 method=java.util.Hashtable.get(Ljava/lang/Object;)Ljava/lang/Object; @ 6

Internal exceptions (10 events):
Event: 54.370 Thread 0x00007f8cd4305000 Exception <a 'java/lang/NoSuchMethodError': java.lang.Object.lambda$null$35(Lratpack/func/Predicate;Lratpack/exec/Downstream;Lratpack/func/Action;Ljava/lang/Object;)V> (0x00000007978e06e8) thrown at [/Users/java_re/workspace/8-2-build-macosx-x86_64/jdk8u6
Event: 54.370 Thread 0x00007f8cd4305000 Exception <a 'java/lang/NoSuchMethodError': java.lang.Object.lambda$null$32(Lratpack/func/Function;Lratpack/exec/Downstream;Ljava/lang/Object;)V> (0x00000007978e4948) thrown at [/Users/java_re/workspace/8-2-build-macosx-x86_64/jdk8u65/4987/hotspot/src/sha
Event: 54.453 Thread 0x00007f8cd4305000 Exception <a 'java/lang/NoSuchMethodError': java.lang.Object.lambda$add$0(Ljava/lang/Object;)Ljava/lang/Object;> (0x0000000797d32af8) thrown at [/Users/java_re/workspace/8-2-build-macosx-x86_64/jdk8u65/4987/hotspot/src/share/vm/interpreter/linkResolver.cp
Event: 227.004 Thread 0x00007f8cd4305000 Exception <a 'java/lang/ArrayIndexOutOfBoundsException'> (0x0000000797ec1f58) thrown at [/Users/java_re/workspace/8-2-build-macosx-x86_64/jdk8u65/4987/hotspot/src/share/vm/runtime/sharedRuntime.cpp, line 605]
Event: 227.053 Thread 0x00007f8cd4305000 Exception <a 'java/lang/NoSuchMethodError': java.lang.Object.lambda$null$12(Lratpack/func/Function;Ljava/lang/Object;)Ljava/lang/Object;> (0x0000000797f380e8) thrown at [/Users/java_re/workspace/8-2-build-macosx-x86_64/jdk8u65/4987/hotspot/src/share/vm/in
Event: 227.056 Thread 0x00007f8cd4305000 Exception <a 'java/lang/NoSuchMethodError': java.lang.Object.lambda$onError$5(Lratpack/func/Predicate;Lratpack/func/Action;Lratpack/exec/Upstream;)Lratpack/exec/Upstream;> (0x0000000797f49890) thrown at [/Users/java_re/workspace/8-2-build-macosx-x86_64/jd
Event: 227.058 Thread 0x00007f8cd4305000 Exception <a 'java/lang/NoSuchMethodError': java.lang.Object.lambda$null$4(Lratpack/exec/Upstream;Lratpack/func/Predicate;Lratpack/func/Action;Lratpack/exec/Downstream;)V> (0x0000000797f4d1b8) thrown at [/Users/java_re/workspace/8-2-build-macosx-x86_64/jd
Event: 227.059 Thread 0x00007f8cd4305000 Exception <a 'java/lang/NoSuchMethodError': java.lang.Object.lambda$null$3(Lratpack/func/Predicate;Lratpack/func/Action;Lratpack/exec/Downstream;Ljava/lang/Throwable;)V> (0x0000000797f52690) thrown at [/Users/java_re/workspace/8-2-build-macosx-x86_64/jdk8
Event: 227.092 Thread 0x00007f8cd4305000 Exception <a 'java/lang/ArrayIndexOutOfBoundsException'> (0x00000007980158d0) thrown at [/Users/java_re/workspace/8-2-build-macosx-x86_64/jdk8u65/4987/hotspot/src/share/vm/runtime/sharedRuntime.cpp, line 605]
Event: 1370.898 Thread 0x00007f8cd70a3800 Implicit null exception at 0x000000010c2de39d to 0x000000010c2df9e5

Events (10 events):
Event: 5085.377 loading class sun/misc/Signal$1
Event: 5085.377 loading class sun/misc/Signal$1 done
Event: 5085.377 Thread 0x00007f8cd49b0000 Thread added: 0x00007f8cd49b0000
Event: 5085.378 loading class java/util/IdentityHashMap$KeyIterator
Event: 5085.378 loading class java/util/IdentityHashMap$KeyIterator done
Event: 5085.378 Thread 0x00007f8cd68b0000 Thread added: 0x00007f8cd68b0000
Event: 5085.378 Thread 0x00007f8cd68a4000 Thread added: 0x00007f8cd68a4000
Event: 5085.379 loading class io/netty/channel/DefaultChannelHandlerInvoker$13
Event: 5085.379 loading class io/netty/channel/DefaultChannelHandlerInvoker$13 done
Event: 5085.382 Thread 0x00007f8cd68a4000 Thread exited: 0x00007f8cd68a4000


Dynamic libraries:
0x0000000003e43000 	/System/Library/Frameworks/Cocoa.framework/Versions/A/Cocoa
0x0000000003e43000 	/System/Library/Frameworks/Security.framework/Versions/A/Security
0x0000000003e43000 	/System/Library/Frameworks/ApplicationServices.framework/Versions/A/ApplicationServices
0x0000000003e43000 	/usr/lib/libz.1.dylib
0x0000000003e43000 	/usr/lib/libSystem.B.dylib
0x0000000003e43000 	/usr/lib/libobjc.A.dylib
0x0000000003e43000 	/System/Library/Frameworks/CoreFoundation.framework/Versions/A/CoreFoundation
0x0000000003e43000 	/System/Library/Frameworks/Foundation.framework/Versions/C/Foundation
0x0000000003e43000 	/System/Library/Frameworks/AppKit.framework/Versions/C/AppKit
0x0000000003e43000 	/System/Library/Frameworks/CoreData.framework/Versions/A/CoreData
0x0000000003e43000 	/System/Library/PrivateFrameworks/RemoteViewServices.framework/Versions/A/RemoteViewServices
0x0000000003e43000 	/System/Library/PrivateFrameworks/UIFoundation.framework/Versions/A/UIFoundation
0x0000000003e43000 	/System/Library/Frameworks/IOSurface.framework/Versions/A/IOSurface
0x0000000003e43000 	/System/Library/Frameworks/AudioToolbox.framework/Versions/A/AudioToolbox
0x0000000003e43000 	/System/Library/Frameworks/AudioUnit.framework/Versions/A/AudioUnit
0x0000000003e43000 	/System/Library/PrivateFrameworks/DataDetectorsCore.framework/Versions/A/DataDetectorsCore
0x0000000003e43000 	/System/Library/PrivateFrameworks/DesktopServicesPriv.framework/Versions/A/DesktopServicesPriv
0x0000000003e43000 	/System/Library/Frameworks/Carbon.framework/Versions/A/Frameworks/HIToolbox.framework/Versions/A/HIToolbox
0x0000000003e43000 	/System/Library/Frameworks/QuartzCore.framework/Versions/A/QuartzCore
0x0000000003e43000 	/System/Library/Frameworks/Carbon.framework/Versions/A/Frameworks/SpeechRecognition.framework/Versions/A/SpeechRecognition
0x0000000003e43000 	/usr/lib/libauto.dylib
0x0000000003e43000 	/usr/lib/libicucore.A.dylib
0x0000000003e43000 	/usr/lib/libxml2.2.dylib
0x0000000003e43000 	/System/Library/PrivateFrameworks/CoreUI.framework/Versions/A/CoreUI
0x0000000003e43000 	/System/Library/Frameworks/CoreAudio.framework/Versions/A/CoreAudio
0x0000000003e43000 	/System/Library/Frameworks/DiskArbitration.framework/Versions/A/DiskArbitration
0x0000000003e43000 	/usr/lib/liblangid.dylib
0x0000000003e43000 	/System/Library/PrivateFrameworks/MultitouchSupport.framework/Versions/A/MultitouchSupport
0x0000000003e43000 	/System/Library/Frameworks/IOKit.framework/Versions/A/IOKit
0x0000000003e43000 	/usr/lib/libDiagnosticMessagesClient.dylib
0x0000000003e43000 	/System/Library/Frameworks/CoreServices.framework/Versions/A/CoreServices
0x0000000003e43000 	/System/Library/PrivateFrameworks/PerformanceAnalysis.framework/Versions/A/PerformanceAnalysis
0x0000000003e43000 	/System/Library/PrivateFrameworks/GenerationalStorage.framework/Versions/A/GenerationalStorage
0x0000000003e43000 	/System/Library/Frameworks/OpenGL.framework/Versions/A/OpenGL
0x0000000003e43000 	/System/Library/PrivateFrameworks/Sharing.framework/Versions/A/Sharing
0x0000000003e43000 	/System/Library/Frameworks/CoreGraphics.framework/Versions/A/CoreGraphics
0x0000000003e43000 	/System/Library/Frameworks/CoreText.framework/Versions/A/CoreText
0x0000000003e43000 	/System/Library/Frameworks/ImageIO.framework/Versions/A/ImageIO
0x0000000003e43000 	/usr/lib/libextension.dylib
0x0000000003e43000 	/System/Library/PrivateFrameworks/Backup.framework/Versions/A/Backup
0x0000000003e43000 	/usr/lib/libarchive.2.dylib
0x0000000003e43000 	/System/Library/Frameworks/CFNetwork.framework/Versions/A/CFNetwork
0x0000000003e43000 	/System/Library/Frameworks/SystemConfiguration.framework/Versions/A/SystemConfiguration
0x0000000003e43000 	/usr/lib/libCRFSuite.dylib
0x0000000003e43000 	/usr/lib/libc++.1.dylib
0x0000000003e43000 	/usr/lib/libc++abi.dylib
0x0000000003e43000 	/usr/lib/system/libcache.dylib
0x0000000003e43000 	/usr/lib/system/libcommonCrypto.dylib
0x0000000003e43000 	/usr/lib/system/libcompiler_rt.dylib
0x0000000003e43000 	/usr/lib/system/libcopyfile.dylib
0x0000000003e43000 	/usr/lib/system/libcorecrypto.dylib
0x0000000003e43000 	/usr/lib/system/libdispatch.dylib
0x0000000003e43000 	/usr/lib/system/libdyld.dylib
0x0000000003e43000 	/usr/lib/system/libkeymgr.dylib
0x0000000003e43000 	/usr/lib/system/liblaunch.dylib
0x0000000003e43000 	/usr/lib/system/libmacho.dylib
0x0000000003e43000 	/usr/lib/system/libquarantine.dylib
0x0000000003e43000 	/usr/lib/system/libremovefile.dylib
0x0000000003e43000 	/usr/lib/system/libsystem_asl.dylib
0x0000000003e43000 	/usr/lib/system/libsystem_blocks.dylib
0x0000000003e43000 	/usr/lib/system/libsystem_c.dylib
0x0000000003e43000 	/usr/lib/system/libsystem_configuration.dylib
0x0000000003e43000 	/usr/lib/system/libsystem_coreservices.dylib
0x0000000003e43000 	/usr/lib/system/libsystem_coretls.dylib
0x0000000003e43000 	/usr/lib/system/libsystem_dnssd.dylib
0x0000000003e43000 	/usr/lib/system/libsystem_info.dylib
0x0000000003e43000 	/usr/lib/system/libsystem_kernel.dylib
0x0000000003e43000 	/usr/lib/system/libsystem_m.dylib
0x0000000003e43000 	/usr/lib/system/libsystem_malloc.dylib
0x0000000003e43000 	/usr/lib/system/libsystem_network.dylib
0x0000000003e43000 	/usr/lib/system/libsystem_networkextension.dylib
0x0000000003e43000 	/usr/lib/system/libsystem_notify.dylib
0x0000000003e43000 	/usr/lib/system/libsystem_platform.dylib
0x0000000003e43000 	/usr/lib/system/libsystem_pthread.dylib
0x0000000003e43000 	/usr/lib/system/libsystem_sandbox.dylib
0x0000000003e43000 	/usr/lib/system/libsystem_secinit.dylib
0x0000000003e43000 	/usr/lib/system/libsystem_stats.dylib
0x0000000003e43000 	/usr/lib/system/libsystem_trace.dylib
0x0000000003e43000 	/usr/lib/system/libunc.dylib
0x0000000003e43000 	/usr/lib/system/libunwind.dylib
0x0000000003e43000 	/usr/lib/system/libxpc.dylib
0x0000000003e43000 	/usr/lib/libbz2.1.0.dylib
0x0000000003e43000 	/usr/lib/liblzma.5.dylib
0x0000000003e43000 	/usr/lib/libbsm.0.dylib
0x0000000003e43000 	/usr/lib/libsqlite3.dylib
0x0000000003e43000 	/usr/lib/system/libkxld.dylib
0x0000000003e43000 	/usr/lib/libxar.1.dylib
0x0000000003e43000 	/usr/lib/libpam.2.dylib
0x0000000003e43000 	/usr/lib/libOpenScriptingUtil.dylib
0x0000000003e43000 	/System/Library/Frameworks/CoreServices.framework/Versions/A/Frameworks/FSEvents.framework/Versions/A/FSEvents
0x0000000003e43000 	/System/Library/Frameworks/CoreServices.framework/Versions/A/Frameworks/CarbonCore.framework/Versions/A/CarbonCore
0x0000000003e43000 	/System/Library/Frameworks/CoreServices.framework/Versions/A/Frameworks/Metadata.framework/Versions/A/Metadata
0x0000000003e43000 	/System/Library/Frameworks/CoreServices.framework/Versions/A/Frameworks/OSServices.framework/Versions/A/OSServices
0x0000000003e43000 	/System/Library/Frameworks/CoreServices.framework/Versions/A/Frameworks/SearchKit.framework/Versions/A/SearchKit
0x0000000003e43000 	/System/Library/Frameworks/CoreServices.framework/Versions/A/Frameworks/AE.framework/Versions/A/AE
0x0000000003e43000 	/System/Library/Frameworks/CoreServices.framework/Versions/A/Frameworks/LaunchServices.framework/Versions/A/LaunchServices
0x0000000003e43000 	/System/Library/Frameworks/CoreServices.framework/Versions/A/Frameworks/DictionaryServices.framework/Versions/A/DictionaryServices
0x0000000003e43000 	/System/Library/Frameworks/NetFS.framework/Versions/A/NetFS
0x0000000003e43000 	/System/Library/PrivateFrameworks/NetAuth.framework/Versions/A/NetAuth
0x0000000003e43000 	/System/Library/PrivateFrameworks/login.framework/Versions/A/Frameworks/loginsupport.framework/Versions/A/loginsupport
0x0000000003e43000 	/System/Library/PrivateFrameworks/TCC.framework/Versions/A/TCC
0x0000000003e43000 	/usr/lib/libmecabra.dylib
0x0000000003e43000 	/System/Library/Frameworks/ApplicationServices.framework/Versions/A/Frameworks/ATS.framework/Versions/A/ATS
0x0000000003e43000 	/System/Library/Frameworks/ApplicationServices.framework/Versions/A/Frameworks/ColorSync.framework/Versions/A/ColorSync
0x0000000003e43000 	/System/Library/Frameworks/ApplicationServices.framework/Versions/A/Frameworks/HIServices.framework/Versions/A/HIServices
0x0000000003e43000 	/System/Library/Frameworks/ApplicationServices.framework/Versions/A/Frameworks/LangAnalysis.framework/Versions/A/LangAnalysis
0x0000000003e43000 	/System/Library/Frameworks/ApplicationServices.framework/Versions/A/Frameworks/PrintCore.framework/Versions/A/PrintCore
0x0000000003e43000 	/System/Library/Frameworks/ApplicationServices.framework/Versions/A/Frameworks/QD.framework/Versions/A/QD
0x0000000003e43000 	/System/Library/Frameworks/ApplicationServices.framework/Versions/A/Frameworks/SpeechSynthesis.framework/Versions/A/SpeechSynthesis
0x0000000003e43000 	/System/Library/Frameworks/Accelerate.framework/Versions/A/Accelerate
0x0000000003e43000 	/System/Library/Frameworks/Accelerate.framework/Versions/A/Frameworks/vImage.framework/Versions/A/vImage
0x0000000003e43000 	/System/Library/Frameworks/Accelerate.framework/Versions/A/Frameworks/vecLib.framework/Versions/A/vecLib
0x0000000003e43000 	/System/Library/Frameworks/Accelerate.framework/Versions/A/Frameworks/vecLib.framework/Versions/A/libvDSP.dylib
0x0000000003e43000 	/System/Library/Frameworks/Accelerate.framework/Versions/A/Frameworks/vecLib.framework/Versions/A/libvMisc.dylib
0x0000000003e43000 	/System/Library/Frameworks/Accelerate.framework/Versions/A/Frameworks/vecLib.framework/Versions/A/libLAPACK.dylib
0x0000000003e43000 	/System/Library/Frameworks/Accelerate.framework/Versions/A/Frameworks/vecLib.framework/Versions/A/libBLAS.dylib
0x0000000003e43000 	/System/Library/Frameworks/Accelerate.framework/Versions/A/Frameworks/vecLib.framework/Versions/A/libLinearAlgebra.dylib
0x0000000003e43000 	/System/Library/Frameworks/ApplicationServices.framework/Versions/A/Frameworks/ATS.framework/Versions/A/Resources/libFontParser.dylib
0x0000000003e43000 	/System/Library/Frameworks/ApplicationServices.framework/Versions/A/Frameworks/ATS.framework/Versions/A/Resources/libFontRegistry.dylib
0x0000000003e43000 	/System/Library/PrivateFrameworks/AppleVPA.framework/Versions/A/AppleVPA
0x0000000003e43000 	/System/Library/PrivateFrameworks/AppleJPEG.framework/Versions/A/AppleJPEG
0x0000000003e43000 	/System/Library/Frameworks/ImageIO.framework/Versions/A/Resources/libJPEG.dylib
0x0000000003e43000 	/System/Library/Frameworks/ImageIO.framework/Versions/A/Resources/libTIFF.dylib
0x0000000003e43000 	/System/Library/Frameworks/ImageIO.framework/Versions/A/Resources/libPng.dylib
0x0000000003e43000 	/System/Library/Frameworks/ImageIO.framework/Versions/A/Resources/libGIF.dylib
0x0000000003e43000 	/System/Library/Frameworks/ImageIO.framework/Versions/A/Resources/libJP2.dylib
0x0000000003e43000 	/System/Library/Frameworks/ImageIO.framework/Versions/A/Resources/libRadiance.dylib
0x0000000003e43000 	/System/Library/Frameworks/CoreVideo.framework/Versions/A/CoreVideo
0x0000000003e43000 	/System/Library/Frameworks/OpenGL.framework/Versions/A/Libraries/libGLU.dylib
0x0000000003e43000 	/System/Library/Frameworks/OpenGL.framework/Versions/A/Libraries/libGFXShared.dylib
0x0000000003e43000 	/System/Library/Frameworks/OpenGL.framework/Versions/A/Libraries/libGL.dylib
0x0000000003e43000 	/System/Library/Frameworks/OpenGL.framework/Versions/A/Libraries/libGLImage.dylib
0x0000000003e43000 	/System/Library/Frameworks/OpenGL.framework/Versions/A/Libraries/libCVMSPluginSupport.dylib
0x0000000003e43000 	/System/Library/Frameworks/OpenGL.framework/Versions/A/Libraries/libCoreVMClient.dylib
0x0000000003e43000 	/usr/lib/libcups.2.dylib
0x0000000003e43000 	/System/Library/Frameworks/Kerberos.framework/Versions/A/Kerberos
0x0000000003e43000 	/System/Library/Frameworks/GSS.framework/Versions/A/GSS
0x0000000003e43000 	/usr/lib/libresolv.9.dylib
0x0000000003e43000 	/usr/lib/libiconv.2.dylib
0x0000000003e43000 	/System/Library/PrivateFrameworks/Heimdal.framework/Versions/A/Heimdal
0x0000000003e43000 	/usr/lib/libheimdal-asn1.dylib
0x0000000003e43000 	/System/Library/Frameworks/OpenDirectory.framework/Versions/A/OpenDirectory
0x0000000003e43000 	/System/Library/PrivateFrameworks/CommonAuth.framework/Versions/A/CommonAuth
0x0000000003e43000 	/System/Library/Frameworks/OpenDirectory.framework/Versions/A/Frameworks/CFOpenDirectory.framework/Versions/A/CFOpenDirectory
0x0000000003e43000 	/System/Library/Frameworks/SecurityFoundation.framework/Versions/A/SecurityFoundation
0x0000000003e43000 	/System/Library/PrivateFrameworks/LanguageModeling.framework/Versions/A/LanguageModeling
0x0000000003e43000 	/usr/lib/libcmph.dylib
0x0000000003e43000 	/System/Library/Frameworks/ServiceManagement.framework/Versions/A/ServiceManagement
0x0000000003e43000 	/usr/lib/libxslt.1.dylib
0x0000000003e43000 	/System/Library/Frameworks/Carbon.framework/Versions/A/Frameworks/Ink.framework/Versions/A/Ink
0x0000000003e43000 	/System/Library/Frameworks/QuartzCore.framework/Versions/A/Frameworks/CoreImage.framework/Versions/A/CoreImage
0x0000000003e43000 	/System/Library/PrivateFrameworks/CrashReporterSupport.framework/Versions/A/CrashReporterSupport
0x0000000003e43000 	/System/Library/Frameworks/OpenCL.framework/Versions/A/OpenCL
0x0000000003e43000 	/System/Library/PrivateFrameworks/FaceCore.framework/Versions/A/FaceCore
0x0000000003e43000 	/System/Library/PrivateFrameworks/Ubiquity.framework/Versions/A/Ubiquity
0x0000000003e43000 	/System/Library/PrivateFrameworks/IconServices.framework/Versions/A/IconServices
0x0000000003e43000 	/System/Library/PrivateFrameworks/ChunkingLibrary.framework/Versions/A/ChunkingLibrary
0x0000000003e43000 	/System/Library/PrivateFrameworks/Apple80211.framework/Versions/A/Apple80211
0x0000000003e43000 	/System/Library/Frameworks/CoreWLAN.framework/Versions/A/CoreWLAN
0x0000000003e43000 	/System/Library/Frameworks/IOBluetooth.framework/Versions/A/IOBluetooth
0x0000000003e43000 	/System/Library/PrivateFrameworks/CoreWiFi.framework/Versions/A/CoreWiFi
0x0000000003e43000 	/System/Library/Frameworks/CoreBluetooth.framework/Versions/A/CoreBluetooth
0x0000000003e43000 	/System/Library/PrivateFrameworks/DebugSymbols.framework/Versions/A/DebugSymbols
0x0000000003e43000 	/System/Library/PrivateFrameworks/CoreSymbolication.framework/Versions/A/CoreSymbolication
0x0000000003e43000 	/System/Library/PrivateFrameworks/Symbolication.framework/Versions/A/Symbolication
0x0000000003e43000 	/System/Library/PrivateFrameworks/SpeechRecognitionCore.framework/Versions/A/SpeechRecognitionCore
0x000000010a1c4000 	/Library/Java/JavaVirtualMachines/jdk1.8.0_65.jdk/Contents/Home/jre/lib/server/libjvm.dylib
0x0000000003e43000 	/usr/lib/libstdc++.6.dylib
0x000000010b164000 	/Library/Java/JavaVirtualMachines/jdk1.8.0_65.jdk/Contents/Home/jre/lib/libverify.dylib
0x000000010b172000 	/Library/Java/JavaVirtualMachines/jdk1.8.0_65.jdk/Contents/Home/jre/lib/libjava.dylib
0x000000010b1b1000 	/Library/Java/JavaVirtualMachines/jdk1.8.0_65.jdk/Contents/Home/jre/lib/libzip.dylib
0x000000010b1e2000 	/System/Library/Frameworks/JavaVM.framework/Frameworks/JavaRuntimeSupport.framework/JavaRuntimeSupport
0x0000000121b2a000 	/System/Library/Frameworks/JavaVM.framework/Versions/A/Frameworks/JavaNativeFoundation.framework/Versions/A/JavaNativeFoundation
0x0000000121b3e000 	/System/Library/Frameworks/JavaVM.framework/Versions/A/JavaVM
0x0000000003e43000 	/System/Library/Frameworks/Carbon.framework/Versions/A/Carbon
0x0000000121b4a000 	/System/Library/PrivateFrameworks/JavaLaunching.framework/Versions/A/JavaLaunching
0x0000000003e43000 	/System/Library/Frameworks/Carbon.framework/Versions/A/Frameworks/CommonPanels.framework/Versions/A/CommonPanels
0x0000000003e43000 	/System/Library/Frameworks/Carbon.framework/Versions/A/Frameworks/Help.framework/Versions/A/Help
0x0000000003e43000 	/System/Library/Frameworks/Carbon.framework/Versions/A/Frameworks/ImageCapture.framework/Versions/A/ImageCapture
0x0000000003e43000 	/System/Library/Frameworks/Carbon.framework/Versions/A/Frameworks/OpenScripting.framework/Versions/A/OpenScripting
0x0000000003e43000 	/System/Library/Frameworks/Carbon.framework/Versions/A/Frameworks/Print.framework/Versions/A/Print
0x0000000003e43000 	/System/Library/Frameworks/Carbon.framework/Versions/A/Frameworks/SecurityHI.framework/Versions/A/SecurityHI
0x0000000123b30000 	/Library/Java/JavaVirtualMachines/jdk1.8.0_65.jdk/Contents/Home/jre/lib/libnet.dylib
0x0000000124130000 	/Library/Java/JavaVirtualMachines/jdk1.8.0_65.jdk/Contents/Home/jre/lib/libnio.dylib
0x0000000123f67000 	/Library/Java/JavaVirtualMachines/jdk1.8.0_65.jdk/Contents/Home/jre/lib/libmanagement.dylib

VM Arguments:
jvm_args: -Dlogback.configurationFile=/Users/charlie/IdeaProjects/mic-api-admin/logback-debug.xml -Dlogback.logFilePath=/Users/charlie/IdeaProjects/mic-api-admin/build/libs 
java_command: build/libs/mic-api-admin-0.00.01-all.jar 1 8888
java_class_path (initial): build/libs/mic-api-admin-0.00.01-all.jar
Launcher Type: SUN_STANDARD

Environment Variables:
PATH=/usr/local/bin:/usr/bin:/bin:/usr/sbin:/sbin
SHELL=/bin/zsh
DISPLAY=/private/tmp/com.apple.launchd.bKwIJcPo8M/org.macosforge.xquartz:0

Signal Handlers:
SIGSEGV: [libjvm.dylib+0x5a6d31], sa_mask[0]=11111111011111110111111111111111, sa_flags=SA_ONSTACK|SA_RESTART|SA_SIGINFO
SIGBUS: [libjvm.dylib+0x5a6d31], sa_mask[0]=11111111011111110111111111111111, sa_flags=SA_RESTART|SA_SIGINFO
SIGFPE: [libjvm.dylib+0x480a40], sa_mask[0]=11111111011111110111111111111111, sa_flags=SA_RESTART|SA_SIGINFO
SIGPIPE: [libjvm.dylib+0x480a40], sa_mask[0]=11111111011111110111111111111111, sa_flags=SA_RESTART|SA_SIGINFO
SIGXFSZ: [libjvm.dylib+0x480a40], sa_mask[0]=11111111011111110111111111111111, sa_flags=SA_RESTART|SA_SIGINFO
SIGILL: [libjvm.dylib+0x480a40], sa_mask[0]=11111111011111110111111111111111, sa_flags=SA_RESTART|SA_SIGINFO
SIGUSR1: SIG_DFL, sa_mask[0]=00000000000000000000000000000000, sa_flags=SA_RESTART
SIGUSR2: [libjvm.dylib+0x48055e], sa_mask[0]=00000000000000000000000000000000, sa_flags=SA_RESTART|SA_SIGINFO
SIGHUP: [libjvm.dylib+0x47eb35], sa_mask[0]=11111111011111110111111111111111, sa_flags=SA_RESTART|SA_SIGINFO
SIGINT: [libjvm.dylib+0x47eb35], sa_mask[0]=11111111011111110111111111111111, sa_flags=SA_RESTART|SA_SIGINFO
SIGTERM: [libjvm.dylib+0x47eb35], sa_mask[0]=11111111011111110111111111111111, sa_flags=SA_RESTART|SA_SIGINFO
SIGQUIT: [libjvm.dylib+0x47eb35], sa_mask[0]=11111111011111110111111111111111, sa_flags=SA_RESTART|SA_SIGINFO


---------------  S Y S T E M  ---------------

OS:Bsduname:Darwin 14.5.0 Darwin Kernel Version 14.5.0: Tue Sep  1 21:23:09 PDT 2015; root:xnu-2782.50.1~1/RELEASE_X86_64 x86_64
rlimit: STACK 8192k, CORE 0k, NPROC 709, NOFILE 10240, AS infinity
load average:3.17 2.15 2.08

CPU:total 4 (2 cores per cpu, 2 threads per core) family 6 model 61 stepping 4, cmov, cx8, fxsr, mmx, sse, sse2, sse3, ssse3, sse4.1, sse4.2, popcnt, avx, avx2, aes, clmul, erms, 3dnowpref, lzcnt, ht, tsc, tscinvbit, bmi1, bmi2, adx

Memory: 4k page, physical 8388608k(17140k free)

/proc/meminfo:


vm_info: Java HotSpot(TM) 64-Bit Server VM (25.65-b01) for bsd-amd64 JRE (1.8.0_65-b17), built on Oct  6 2015 15:36:46 by "java_re" with gcc 4.2.1 (Based on Apple Inc. build 5658) (LLVM build 2336.11.00)

time: Tue Mar 15 13:17:36 2016
elapsed time: 5085 seconds (0d 1h 24m 45s)

