#
# A fatal error has been detected by the Java Runtime Environment:
#
#  SIGBUS (0xa) at pc=0x00007fff8f560fc9, pid=56742, tid=23555
#
# JRE version: Java(TM) SE Runtime Environment (8.0_65-b17) (build 1.8.0_65-b17)
# Java VM: Java HotSpot(TM) 64-Bit Server VM (25.65-b01 mixed mode bsd-amd64 compressed oops)
# Problematic frame:
# C  [libsystem_platform.dylib+0x4fc9]  _platform_memmove$VARIANT$Unknown+0x29
#
# Failed to write core dump. Core dumps have been disabled. To enable core dumping, try "ulimit -c unlimited" before starting Java again
#
# If you would like to submit a bug report, please visit:
#   http://bugreport.java.com/bugreport/crash.jsp
# The crash happened outside the Java Virtual Machine in native code.
# See problematic frame for where to report the bug.
#

---------------  T H R E A D  ---------------

Current thread (0x00007ff2b49a7000):  JavaThread "ratpack-compute-1-1" [_thread_in_native, id=23555, stack(0x000000011ebae000,0x000000011ecae000)]

siginfo: si_signo: 10 (SIGBUS), si_code: 2 (BUS_ADRERR), si_addr: 0x000000011ce05000

Registers:
RAX=0x00007ff2b6072e00, RBX=0x000000011cdf3253, RCX=0x0000000000002cd0, RDX=0x0000000000006f74
RSP=0x000000011ecab330, RBP=0x000000011ecab330, RSI=0x000000011ce05000, RDI=0x00007ff2b60770a4
R8 =0x0000000000000000, R9 =0x0000000000000076, R10=0x000000003416ed19, R11=0x00007ff1992720a4
R12=0x0000000076456461, R13=0x0000000072685474, R14=0x00007ff2b6072e00, R15=0x0000000000006f74
RIP=0x00007fff8f560fc9, EFLAGS=0x0000000000010206, ERR=0x0000000000000004
  TRAPNO=0x000000000000000e

Top of Stack: (sp=0x000000011ecab330)
0x000000011ecab330:   000000011ecab3a0 0000000104cc43c0
0x000000011ecab340:   000000630000003d 0000000000000075
0x000000011ecab350:   0000000000006f74 00007ff2b6008000
0x000000011ecab360:   0000000000006578 00007ff2b343fbe0
0x000000011ecab370:   00007ff2b5967880 00007ff2b343fbe0
0x000000011ecab380:   000000011cd14000 000000000001f430
0x000000011ecab390:   0000000071c1c106 00007ff2b3701a60
0x000000011ecab3a0:   000000011ecab400 0000000104cc4554
0x000000011ecab3b0:   000000011ecab454 000000011ecab453
0x000000011ecab3c0:   0000003400000000 00000035019a7000
0x000000011ecab3d0:   000000011ecab41e 000000011ecab868
0x000000011ecab3e0:   0000000000000035 000000011ecab41e
0x000000011ecab3f0:   00007ff2b343fbe0 00007ff2b49a71f8
0x000000011ecab400:   000000011ecab850 0000000104cc334f
0x000000011ecab410:   000000010420afba 6f69000000000001
0x000000011ecab420:   752f797474656e2f 636e6f632f6c6974
0x000000011ecab430:   442f746e65727275 7546746c75616665
0x000000011ecab440:   7473694c65727574 6c632e7372656e65
0x000000011ecab450:   0000000100737361 00007fff8fd74ec5
0x000000011ecab460:   0000000000000000 000000000000003d
0x000000011ecab470:   0000003d041d291e 000000011ecabf20
0x000000011ecab480:   00007fff75b2a6b8 00000000ffffffff
0x000000011ecab490:   0000000100000000 000000421f16e608
0x000000011ecab4a0:   0000000000000001 000000010420afb8
0x000000011ecab4b0:   ffffffbeffffffff 0000000000000001
0x000000011ecab4c0:   00007fff8fdb59a9 0000000000000042
0x000000011ecab4d0:   0000000000000001 0000000000000001
0x000000011ecab4e0:   0000000795b5e388 0000000104f3c1d1
0x000000011ecab4f0:   000000074028ff20 000000010513785c
0x000000011ecab500:   000000014f189196 0000000000000002
0x000000011ecab510:   000000011ecab960 0000000795b5e370
0x000000011ecab520:   0000000000000000 0000000000000042 

Instructions: (pc=0x00007fff8f560fc9)
0x00007fff8f560fa9:   f3 48 89 f8 49 39 d3 72 1b 48 83 fa 60 76 2f 48
0x00007fff8f560fb9:   81 fa 00 40 00 00 0f 82 bb 00 00 00 48 89 d1 fc
0x00007fff8f560fc9:   f3 a4 5d c3 48 39 fe 74 f9 48 01 d6 48 01 d7 48
0x00007fff8f560fd9:   83 fa 60 0f 82 5c 01 00 00 e9 79 01 00 00 48 83 

Register to memory mapping:

RAX=0x00007ff2b6072e00 is an unknown value
RBX=0x000000011cdf3253 is an unknown value
RCX=0x0000000000002cd0 is an unknown value
RDX=0x0000000000006f74 is an unknown value
RSP=0x000000011ecab330 is pointing into the stack for thread: 0x00007ff2b49a7000
RBP=0x000000011ecab330 is pointing into the stack for thread: 0x00007ff2b49a7000
RSI=0x000000011ce05000 is an unknown value
RDI=0x00007ff2b60770a4 is an unknown value
R8 =0x0000000000000000 is an unknown value
R9 =0x0000000000000076 is an unknown value
R10=0x000000003416ed19 is an unknown value
R11=0x00007ff1992720a4 is an unknown value
R12=0x0000000076456461 is an unknown value
R13=0x0000000072685474 is an unknown value
R14=0x00007ff2b6072e00 is an unknown value
R15=0x0000000000006f74 is an unknown value


Stack: [0x000000011ebae000,0x000000011ecae000],  sp=0x000000011ecab330,  free space=1012k
Native frames: (J=compiled Java code, j=interpreted, Vv=VM code, C=native code)
C  [libsystem_platform.dylib+0x4fc9]  _platform_memmove$VARIANT$Unknown+0x29
C  [libzip.dylib+0x33c0]  newEntry+0x65b
C  [libzip.dylib+0x3554]  ZIP_GetEntry2+0xd4
C  [libzip.dylib+0x234f]  Java_java_util_zip_ZipFile_getEntry+0xcf
J 337  java.util.zip.ZipFile.getEntry(J[BZ)J (0 bytes) @ 0x0000000104e78a0e [0x0000000104e78940+0xce]
J 971 C2 sun.misc.URLClassPath$JarLoader.getResource(Ljava/lang/String;Z)Lsun/misc/Resource; (85 bytes) @ 0x000000010504d508 [0x000000010504cfe0+0x528]
J 1022 C2 sun.misc.URLClassPath.getResource(Ljava/lang/String;Z)Lsun/misc/Resource; (83 bytes) @ 0x0000000105050cf0 [0x0000000105050c00+0xf0]
J 364 C1 java.net.URLClassLoader$1.run()Ljava/lang/Class; (63 bytes) @ 0x0000000104e845fc [0x0000000104e843e0+0x21c]
J 363 C1 java.net.URLClassLoader$1.run()Ljava/lang/Object; (5 bytes) @ 0x0000000104e8404c [0x0000000104e83fc0+0x8c]
v  ~StubRoutines::call_stub
V  [libjvm.dylib+0x2eab02]
V  [libjvm.dylib+0x34afcc]
J 362  java.security.AccessController.doPrivileged(Ljava/security/PrivilegedExceptionAction;Ljava/security/AccessControlContext;)Ljava/lang/Object; (0 bytes) @ 0x0000000104e82f55 [0x0000000104e82e80+0xd5]
J 360 C1 java.net.URLClassLoader.findClass(Ljava/lang/String;)Ljava/lang/Class; (47 bytes) @ 0x0000000104e833d4 [0x0000000104e83240+0x194]
J 222 C1 java.lang.ClassLoader.loadClass(Ljava/lang/String;Z)Ljava/lang/Class; (122 bytes) @ 0x0000000104e41244 [0x0000000104e408e0+0x964]
J 294 C1 sun.misc.Launcher$AppClassLoader.loadClass(Ljava/lang/String;Z)Ljava/lang/Class; (85 bytes) @ 0x0000000104e65224 [0x0000000104e64880+0x9a4]
J 293 C1 java.lang.ClassLoader.loadClass(Ljava/lang/String;)Ljava/lang/Class; (7 bytes) @ 0x0000000104e5ee04 [0x0000000104e5ed00+0x104]
v  ~StubRoutines::call_stub
V  [libjvm.dylib+0x2eab02]
V  [libjvm.dylib+0x2eb290]
V  [libjvm.dylib+0x2eb3e8]
V  [libjvm.dylib+0x533640]
V  [libjvm.dylib+0x532dd9]
V  [libjvm.dylib+0x53385c]
V  [libjvm.dylib+0x533ed9]
V  [libjvm.dylib+0x1e17aa]
V  [libjvm.dylib+0x1f1a6e]
V  [libjvm.dylib+0x2e6302]
j  io.netty.util.concurrent.DefaultPromise.notifyListeners()V+111
j  io.netty.util.concurrent.DefaultPromise.setSuccess(Ljava/lang/Object;)Lio/netty/util/concurrent/Promise;+9
j  io.netty.util.concurrent.SingleThreadEventExecutor$5.run()V+1350
j  ratpack.exec.internal.DefaultExecController$ExecControllerBindingThreadFactory.lambda$newThread$0(Ljava/lang/Runnable;)V+25
j  ratpack.exec.internal.DefaultExecController$ExecControllerBindingThreadFactory$$Lambda$133.run()V+8
j  io.netty.util.concurrent.DefaultThreadFactory$DefaultRunnableDecorator.run()V+4
j  java.lang.Thread.run()V+11
v  ~StubRoutines::call_stub
V  [libjvm.dylib+0x2eab02]
V  [libjvm.dylib+0x2eb290]
V  [libjvm.dylib+0x2eb43c]
V  [libjvm.dylib+0x345959]
V  [libjvm.dylib+0x5612d3]
V  [libjvm.dylib+0x5629ce]
V  [libjvm.dylib+0x48342e]
C  [libsystem_pthread.dylib+0x405a]  _pthread_body+0x83
C  [libsystem_pthread.dylib+0x3fd7]  _pthread_body+0x0
C  [libsystem_pthread.dylib+0x13ed]  thread_start+0xd
C  0x0000000000000000

Java frames: (J=compiled Java code, j=interpreted, Vv=VM code)
J 337  java.util.zip.ZipFile.getEntry(J[BZ)J (0 bytes) @ 0x0000000104e78998 [0x0000000104e78940+0x58]
J 971 C2 sun.misc.URLClassPath$JarLoader.getResource(Ljava/lang/String;Z)Lsun/misc/Resource; (85 bytes) @ 0x000000010504d508 [0x000000010504cfe0+0x528]
J 1022 C2 sun.misc.URLClassPath.getResource(Ljava/lang/String;Z)Lsun/misc/Resource; (83 bytes) @ 0x0000000105050cf0 [0x0000000105050c00+0xf0]
J 364 C1 java.net.URLClassLoader$1.run()Ljava/lang/Class; (63 bytes) @ 0x0000000104e845fc [0x0000000104e843e0+0x21c]
J 363 C1 java.net.URLClassLoader$1.run()Ljava/lang/Object; (5 bytes) @ 0x0000000104e8404c [0x0000000104e83fc0+0x8c]
v  ~StubRoutines::call_stub
J 362  java.security.AccessController.doPrivileged(Ljava/security/PrivilegedExceptionAction;Ljava/security/AccessControlContext;)Ljava/lang/Object; (0 bytes) @ 0x0000000104e82ee3 [0x0000000104e82e80+0x63]
J 360 C1 java.net.URLClassLoader.findClass(Ljava/lang/String;)Ljava/lang/Class; (47 bytes) @ 0x0000000104e833d4 [0x0000000104e83240+0x194]
J 222 C1 java.lang.ClassLoader.loadClass(Ljava/lang/String;Z)Ljava/lang/Class; (122 bytes) @ 0x0000000104e41244 [0x0000000104e408e0+0x964]
J 294 C1 sun.misc.Launcher$AppClassLoader.loadClass(Ljava/lang/String;Z)Ljava/lang/Class; (85 bytes) @ 0x0000000104e65224 [0x0000000104e64880+0x9a4]
J 293 C1 java.lang.ClassLoader.loadClass(Ljava/lang/String;)Ljava/lang/Class; (7 bytes) @ 0x0000000104e5ee04 [0x0000000104e5ed00+0x104]
v  ~StubRoutines::call_stub
j  io.netty.util.concurrent.DefaultPromise.notifyListeners()V+111
j  io.netty.util.concurrent.DefaultPromise.setSuccess(Ljava/lang/Object;)Lio/netty/util/concurrent/Promise;+9
j  io.netty.util.concurrent.SingleThreadEventExecutor$5.run()V+1350
j  ratpack.exec.internal.DefaultExecController$ExecControllerBindingThreadFactory.lambda$newThread$0(Ljava/lang/Runnable;)V+25
j  ratpack.exec.internal.DefaultExecController$ExecControllerBindingThreadFactory$$Lambda$133.run()V+8
j  io.netty.util.concurrent.DefaultThreadFactory$DefaultRunnableDecorator.run()V+4
j  java.lang.Thread.run()V+11
v  ~StubRoutines::call_stub

---------------  P R O C E S S  ---------------

Java Threads: ( => current thread )
  0x00007ff2b528d800 JavaThread "DestroyJavaVM" [_thread_blocked, id=3847, stack(0x0000000104b8a000,0x0000000104c8a000)]
=>0x00007ff2b49a7000 JavaThread "ratpack-compute-1-1" [_thread_in_native, id=23555, stack(0x000000011ebae000,0x000000011ecae000)]
  0x00007ff2b4452800 JavaThread "Hikari Housekeeping Timer (pool HikariPool-0)" daemon [_thread_blocked, id=20743, stack(0x000000011e12e000,0x000000011e22e000)]
  0x00007ff2b415c000 JavaThread "AsyncAppender-Worker-DebugMsgQueue" daemon [_thread_blocked, id=20227, stack(0x000000011d00c000,0x000000011d10c000)]
  0x00007ff2b415d800 JavaThread "AsyncAppender-Worker-InfoMsgQueue" daemon [_thread_blocked, id=19715, stack(0x000000011cf09000,0x000000011d009000)]
  0x00007ff2b39e3000 JavaThread "AsyncAppender-Worker-WarnMsgQueue" daemon [_thread_blocked, id=19203, stack(0x000000011ce06000,0x000000011cf06000)]
  0x00007ff2b404c800 JavaThread "Service Thread" daemon [_thread_blocked, id=18179, stack(0x000000011ca41000,0x000000011cb41000)]
  0x00007ff2b3846800 JavaThread "C1 CompilerThread2" daemon [_thread_blocked, id=17667, stack(0x000000011c93e000,0x000000011ca3e000)]
  0x00007ff2b3846000 JavaThread "C2 CompilerThread1" daemon [_thread_blocked, id=17155, stack(0x000000011c83b000,0x000000011c93b000)]
  0x00007ff2b382e800 JavaThread "C2 CompilerThread0" daemon [_thread_blocked, id=16643, stack(0x000000011c738000,0x000000011c838000)]
  0x00007ff2b382d800 JavaThread "Signal Dispatcher" daemon [_thread_blocked, id=16159, stack(0x000000011c635000,0x000000011c735000)]
  0x00007ff2b382c000 JavaThread "Finalizer" daemon [_thread_blocked, id=11523, stack(0x000000011ac17000,0x000000011ad17000)]
  0x00007ff2b382b000 JavaThread "Reference Handler" daemon [_thread_blocked, id=11011, stack(0x000000011ab14000,0x000000011ac14000)]

Other Threads:
  0x00007ff2b4045000 VMThread [stack: 0x000000011aa11000,0x000000011ab11000] [id=10499]
  0x00007ff2b3850000 WatcherThread [stack: 0x000000011cb44000,0x000000011cc44000] [id=18691]

VM state:not at safepoint (normal execution)

VM Mutex/Monitor currently owned by a thread: None

Heap:
 PSYoungGen      total 38400K, used 10068K [0x0000000795580000, 0x000000079a080000, 0x00000007c0000000)
  eden space 33280K, 30% used [0x0000000795580000,0x0000000795f551d0,0x0000000797600000)
  from space 5120K, 0% used [0x0000000797600000,0x0000000797600000,0x0000000797b00000)
  to   space 5120K, 0% used [0x0000000799b80000,0x0000000799b80000,0x000000079a080000)
 ParOldGen       total 61952K, used 6275K [0x0000000740000000, 0x0000000743c80000, 0x0000000795580000)
  object space 61952K, 10% used [0x0000000740000000,0x0000000740620e48,0x0000000743c80000)
 Metaspace       used 23193K, capacity 23652K, committed 24064K, reserved 1071104K
  class space    used 2824K, capacity 2958K, committed 3072K, reserved 1048576K

Card table byte_map: [0x000000011408a000,0x000000011448b000] byte_map_base: 0x000000011068a000

Marking Bits: (ParMarkBitMap*) 0x00000001044dee20
 Begin Bits: [0x0000000114b42000, 0x0000000116b42000)
 End Bits:   [0x0000000116b42000, 0x0000000118b42000)

Polling page: 0x00000001033f4000

CodeCache: size=245760Kb used=6995Kb max_used=7006Kb free=238764Kb
 bounds [0x0000000104cca000, 0x00000001053aa000, 0x0000000113cca000]
 total_blobs=2459 nmethods=2039 adapters=333
 compilation: enabled

Compilation events (10 events):
Event: 272.750 Thread 0x00007ff2b3846800 2047       3       java.util.concurrent.locks.ReentrantLock$Sync::nonfairTryAcquire (67 bytes)
Event: 272.751 Thread 0x00007ff2b3846800 nmethod 2047 0x000000010539d810 code [0x000000010539d9c0, 0x000000010539e0e8]
Event: 302.750 Thread 0x00007ff2b3846800 2048       3       ch.qos.logback.classic.filter.LevelFilter::decide (9 bytes)
Event: 302.750 Thread 0x00007ff2b3846800 nmethod 2048 0x000000010539e290 code [0x000000010539e400, 0x000000010539e6a8]
Event: 302.751 Thread 0x00007ff2b382e800 2051       4       java.lang.String::indexOf (25 bytes)
Event: 302.751 Thread 0x00007ff2b3846800 2049       3       ch.qos.logback.classic.filter.LevelFilter::decide (37 bytes)
Event: 302.751 Thread 0x00007ff2b3846800 nmethod 2049 0x000000010539e750 code [0x000000010539e8e0, 0x000000010539ed10]
Event: 302.751 Thread 0x00007ff2b3846800 2050       3       ch.qos.logback.core.pattern.FormattingConverter::write (154 bytes)
Event: 302.752 Thread 0x00007ff2b3846800 nmethod 2050 0x000000010539ee50 code [0x000000010539f0e0, 0x000000010539ffd8]
Event: 302.757 Thread 0x00007ff2b382e800 nmethod 2051 0x00000001053a3690 code [0x00000001053a3800, 0x00000001053a3cb8]

GC Heap History (8 events):
Event: 1.744 GC heap before
{Heap before GC invocations=1 (full 0):
 PSYoungGen      total 38400K, used 33280K [0x0000000795580000, 0x0000000798000000, 0x00000007c0000000)
  eden space 33280K, 100% used [0x0000000795580000,0x0000000797600000,0x0000000797600000)
  from space 5120K, 0% used [0x0000000797b00000,0x0000000797b00000,0x0000000798000000)
  to   space 5120K, 0% used [0x0000000797600000,0x0000000797600000,0x0000000797b00000)
 ParOldGen       total 87552K, used 0K [0x0000000740000000, 0x0000000745580000, 0x0000000795580000)
  object space 87552K, 0% used [0x0000000740000000,0x0000000740000000,0x0000000745580000)
 Metaspace       used 14118K, capacity 14382K, committed 14592K, reserved 1062912K
  class space    used 1692K, capacity 1787K, committed 1792K, reserved 1048576K
Event: 1.753 GC heap after
Heap after GC invocations=1 (full 0):
 PSYoungGen      total 38400K, used 5116K [0x0000000795580000, 0x0000000798000000, 0x00000007c0000000)
  eden space 33280K, 0% used [0x0000000795580000,0x0000000795580000,0x0000000797600000)
  from space 5120K, 99% used [0x0000000797600000,0x0000000797aff050,0x0000000797b00000)
  to   space 5120K, 0% used [0x0000000797b00000,0x0000000797b00000,0x0000000798000000)
 ParOldGen       total 87552K, used 2867K [0x0000000740000000, 0x0000000745580000, 0x0000000795580000)
  object space 87552K, 3% used [0x0000000740000000,0x00000007402cce38,0x0000000745580000)
 Metaspace       used 14118K, capacity 14382K, committed 14592K, reserved 1062912K
  class space    used 1692K, capacity 1787K, committed 1792K, reserved 1048576K
}
Event: 2.451 GC heap before
{Heap before GC invocations=2 (full 0):
 PSYoungGen      total 38400K, used 38396K [0x0000000795580000, 0x0000000798000000, 0x00000007c0000000)
  eden space 33280K, 100% used [0x0000000795580000,0x0000000797600000,0x0000000797600000)
  from space 5120K, 99% used [0x0000000797600000,0x0000000797aff050,0x0000000797b00000)
  to   space 5120K, 0% used [0x0000000797b00000,0x0000000797b00000,0x0000000798000000)
 ParOldGen       total 87552K, used 2867K [0x0000000740000000, 0x0000000745580000, 0x0000000795580000)
  object space 87552K, 3% used [0x0000000740000000,0x00000007402cce38,0x0000000745580000)
 Metaspace       used 20405K, capacity 20858K, committed 21120K, reserved 1067008K
  class space    used 2492K, capacity 2635K, committed 2688K, reserved 1048576K
Event: 2.464 GC heap after
Heap after GC invocations=2 (full 0):
 PSYoungGen      total 38400K, used 5093K [0x0000000795580000, 0x000000079a080000, 0x00000007c0000000)
  eden space 33280K, 0% used [0x0000000795580000,0x0000000795580000,0x0000000797600000)
  from space 5120K, 99% used [0x0000000797b00000,0x0000000797ff9680,0x0000000798000000)
  to   space 5120K, 0% used [0x0000000797600000,0x0000000797600000,0x0000000797b00000)
 ParOldGen       total 87552K, used 8889K [0x0000000740000000, 0x0000000745580000, 0x0000000795580000)
  object space 87552K, 10% used [0x0000000740000000,0x00000007408ae6d0,0x0000000745580000)
 Metaspace       used 20405K, capacity 20858K, committed 21120K, reserved 1067008K
  class space    used 2492K, capacity 2635K, committed 2688K, reserved 1048576K
}
Event: 2.623 GC heap before
{Heap before GC invocations=3 (full 0):
 PSYoungGen      total 38400K, used 15136K [0x0000000795580000, 0x000000079a080000, 0x00000007c0000000)
  eden space 33280K, 30% used [0x0000000795580000,0x0000000795f4ea78,0x0000000797600000)
  from space 5120K, 99% used [0x0000000797b00000,0x0000000797ff9680,0x0000000798000000)
  to   space 5120K, 0% used [0x0000000797600000,0x0000000797600000,0x0000000797b00000)
 ParOldGen       total 87552K, used 8889K [0x0000000740000000, 0x0000000745580000, 0x0000000795580000)
  object space 87552K, 10% used [0x0000000740000000,0x00000007408ae6d0,0x0000000745580000)
 Metaspace       used 20728K, capacity 21114K, committed 21296K, reserved 1069056K
  class space    used 2515K, capacity 2635K, committed 2688K, reserved 1048576K
Event: 2.629 GC heap after
Heap after GC invocations=3 (full 0):
 PSYoungGen      total 38400K, used 5105K [0x0000000795580000, 0x000000079a080000, 0x00000007c0000000)
  eden space 33280K, 0% used [0x0000000795580000,0x0000000795580000,0x0000000797600000)
  from space 5120K, 99% used [0x0000000797600000,0x0000000797afc790,0x0000000797b00000)
  to   space 5120K, 0% used [0x0000000799b80000,0x0000000799b80000,0x000000079a080000)
 ParOldGen       total 87552K, used 9281K [0x0000000740000000, 0x0000000745580000, 0x0000000795580000)
  object space 87552K, 10% used [0x0000000740000000,0x0000000740910588,0x0000000745580000)
 Metaspace       used 20728K, capacity 21114K, committed 21296K, reserved 1069056K
  class space    used 2515K, capacity 2635K, committed 2688K, reserved 1048576K
}
Event: 2.629 GC heap before
{Heap before GC invocations=4 (full 1):
 PSYoungGen      total 38400K, used 5105K [0x0000000795580000, 0x000000079a080000, 0x00000007c0000000)
  eden space 33280K, 0% used [0x0000000795580000,0x0000000795580000,0x0000000797600000)
  from space 5120K, 99% used [0x0000000797600000,0x0000000797afc790,0x0000000797b00000)
  to   space 5120K, 0% used [0x0000000799b80000,0x0000000799b80000,0x000000079a080000)
 ParOldGen       total 87552K, used 9281K [0x0000000740000000, 0x0000000745580000, 0x0000000795580000)
  object space 87552K, 10% used [0x0000000740000000,0x0000000740910588,0x0000000745580000)
 Metaspace       used 20728K, capacity 21114K, committed 21296K, reserved 1069056K
  class space    used 2515K, capacity 2635K, committed 2688K, reserved 1048576K
Event: 2.667 GC heap after
Heap after GC invocations=4 (full 1):
 PSYoungGen      total 38400K, used 0K [0x0000000795580000, 0x000000079a080000, 0x00000007c0000000)
  eden space 33280K, 0% used [0x0000000795580000,0x0000000795580000,0x0000000797600000)
  from space 5120K, 0% used [0x0000000797600000,0x0000000797600000,0x0000000797b00000)
  to   space 5120K, 0% used [0x0000000799b80000,0x0000000799b80000,0x000000079a080000)
 ParOldGen       total 61952K, used 6275K [0x0000000740000000, 0x0000000743c80000, 0x0000000795580000)
  object space 61952K, 10% used [0x0000000740000000,0x0000000740620e48,0x0000000743c80000)
 Metaspace       used 20728K, capacity 21114K, committed 21296K, reserved 1069056K
  class space    used 2515K, capacity 2635K, committed 2688K, reserved 1048576K
}

Deoptimization events (10 events):
Event: 2.196 Thread 0x00007ff2b4008000 Uncommon trap: reason=class_check action=maybe_recompile pc=0x000000010502b7d0 method=java.util.HashMap.putVal(ILjava/lang/Object;Ljava/lang/Object;ZZ)Ljava/lang/Object; @ 203
Event: 2.212 Thread 0x00007ff2b4008000 Uncommon trap: reason=unstable_if action=reinterpret pc=0x0000000105025324 method=java.util.concurrent.ConcurrentHashMap.putVal(Ljava/lang/Object;Ljava/lang/Object;Z)Ljava/lang/Object; @ 181
Event: 2.272 Thread 0x00007ff2b4008000 Uncommon trap: reason=unstable_if action=reinterpret pc=0x0000000104e60c14 method=java.lang.String.startsWith(Ljava/lang/String;I)Z @ 25
Event: 2.278 Thread 0x00007ff2b4008000 Uncommon trap: reason=unstable_if action=reinterpret pc=0x0000000105048d54 method=java.util.HashMap.putVal(ILjava/lang/Object;Ljava/lang/Object;ZZ)Ljava/lang/Object; @ 162
Event: 2.278 Thread 0x00007ff2b4008000 Uncommon trap: reason=unstable_if action=reinterpret pc=0x0000000105039aa4 method=java.util.HashMap.getNode(ILjava/lang/Object;)Ljava/util/HashMap$Node; @ 84
Event: 2.280 Thread 0x00007ff2b4008000 Uncommon trap: reason=unstable_if action=reinterpret pc=0x00000001050b39d4 method=java.util.HashMap.putVal(ILjava/lang/Object;Ljava/lang/Object;ZZ)Ljava/lang/Object; @ 109
Event: 2.313 Thread 0x00007ff2b4008000 Uncommon trap: reason=unstable_if action=reinterpret pc=0x000000010511873c method=javassist.bytecode.MethodInfo.getName()Ljava/lang/String; @ 4
Event: 2.435 Thread 0x00007ff2b4008000 Uncommon trap: reason=class_check action=maybe_recompile pc=0x0000000105132140 method=java.io.BufferedInputStream.read([BII)I @ 101
Event: 2.730 Thread 0x00007ff2b4008000 Uncommon trap: reason=unstable_if action=reinterpret pc=0x000000010501b010 method=java.io.BufferedReader.readLine(Z)Ljava/lang/String; @ 55
Event: 2.792 Thread 0x00007ff2b3cd6800 Uncommon trap: reason=unstable_if action=reinterpret pc=0x000000010501c8a0 method=java.lang.CharacterDataLatin1.isWhitespace(I)Z @ 14

Internal exceptions (10 events):
Event: 1.889 Thread 0x00007ff2b4008000 Exception <a 'java/lang/NoSuchMethodError': java.lang.Object.of(Ljava/net/URI;)Lratpack/server/PublicAddress;> (0x0000000795bb9468) thrown at [/Users/java_re/workspace/8-2-build-macosx-x86_64/jdk8u65/4987/hotspot/src/share/vm/interpreter/linkResolver.cpp,
Event: 2.214 Thread 0x00007ff2b4008000 Exception <a 'java/lang/NoSuchMethodError': java.lang.Object.lambda$constant$5(Ljava/lang/Object;Ljava/lang/Object;)Ljava/lang/Object;> (0x0000000796a5ab20) thrown at [/Users/java_re/workspace/8-2-build-macosx-x86_64/jdk8u65/4987/hotspot/src/share/vm/inte
Event: 2.613 Thread 0x00007ff2b4008000 Exception <a 'java/lang/ClassNotFoundException': com/zaxxer/hikari/HikariConfigBeanInfo> (0x0000000795dfe6a0) thrown at [/Users/java_re/workspace/8-2-build-macosx-x86_64/jdk8u65/4987/hotspot/src/share/vm/classfile/systemDictionary.cpp, line 210]
Event: 2.613 Thread 0x00007ff2b4008000 Exception <a 'java/lang/ClassNotFoundException': com/zaxxer/hikari/AbstractHikariConfigBeanInfo> (0x0000000795e00ec8) thrown at [/Users/java_re/workspace/8-2-build-macosx-x86_64/jdk8u65/4987/hotspot/src/share/vm/classfile/systemDictionary.cpp, line 210]
Event: 2.613 Thread 0x00007ff2b4008000 Exception <a 'java/lang/ClassNotFoundException': com/zaxxer/hikari/AbstractHikariConfigCustomizer> (0x0000000795e036a8) thrown at [/Users/java_re/workspace/8-2-build-macosx-x86_64/jdk8u65/4987/hotspot/src/share/vm/classfile/systemDictionary.cpp, line 210]
Event: 2.617 Thread 0x00007ff2b4008000 Exception <a 'java/lang/ClassNotFoundException': com/zaxxer/hikari/HikariConfigCustomizer> (0x0000000795e61810) thrown at [/Users/java_re/workspace/8-2-build-macosx-x86_64/jdk8u65/4987/hotspot/src/share/vm/classfile/systemDictionary.cpp, line 210]
Event: 2.849 Thread 0x00007ff2b4008000 Exception <a 'java/lang/IncompatibleClassChangeError': Found class java.lang.Object, but interface was expected> (0x00000007959aa148) thrown at [/Users/java_re/workspace/8-2-build-macosx-x86_64/jdk8u65/4987/hotspot/src/share/vm/interpreter/linkResolver.cp
Event: 327.477 Thread 0x00007ff2b49a7000 Exception <a 'java/lang/NoClassDefFoundError': io/netty/channel/AdaptiveRecvByteBufAllocator$HandleImpl> (0x0000000795b5c718) thrown at [/Users/java_re/workspace/8-2-build-macosx-x86_64/jdk8u65/4987/hotspot/src/share/vm/classfile/systemDictionary.cpp, lin
Event: 327.478 Thread 0x00007ff2b49a7000 Exception <a 'java/lang/NoClassDefFoundError': ch/qos/logback/classic/spi/ThrowableProxy> (0x0000000795b5d668) thrown at [/Users/java_re/workspace/8-2-build-macosx-x86_64/jdk8u65/4987/hotspot/src/share/vm/classfile/systemDictionary.cpp, line 199]
Event: 327.478 Thread 0x00007ff2b49a7000 Exception <a 'java/lang/NoClassDefFoundError': ch/qos/logback/classic/spi/ThrowableProxy> (0x0000000795b5d9c0) thrown at [/Users/java_re/workspace/8-2-build-macosx-x86_64/jdk8u65/4987/hotspot/src/share/vm/oops/constantPool.cpp, line 235]

Events (10 events):
Event: 327.476 loading class io/netty/channel/AdaptiveRecvByteBufAllocator$HandleImpl
Event: 327.476 loading class io/netty/channel/AdaptiveRecvByteBufAllocator$HandleImpl done
Event: 327.477 loading class ch/qos/logback/classic/spi/ThrowableProxy
Event: 327.477 loading class ch/qos/logback/classic/spi/ThrowableProxy done
Event: 327.478 loading class sun/nio/ch/FileDispatcherImpl
Event: 327.479 loading class sun/nio/ch/FileDispatcher
Event: 327.479 loading class sun/nio/ch/FileDispatcher done
Event: 327.479 loading class sun/nio/ch/FileDispatcherImpl done
Event: 327.483 loading class io/netty/util/concurrent/DefaultFutureListeners
Event: 327.483 loading class io/netty/util/concurrent/DefaultFutureListeners done


Dynamic libraries:
0x0000000003e43000 	/System/Library/Frameworks/Cocoa.framework/Versions/A/Cocoa
0x0000000003e43000 	/System/Library/Frameworks/Security.framework/Versions/A/Security
0x0000000003e43000 	/System/Library/Frameworks/ApplicationServices.framework/Versions/A/ApplicationServices
0x0000000003e43000 	/usr/lib/libz.1.dylib
0x0000000003e43000 	/usr/lib/libSystem.B.dylib
0x0000000003e43000 	/usr/lib/libobjc.A.dylib
0x0000000003e43000 	/System/Library/Frameworks/CoreFoundation.framework/Versions/A/CoreFoundation
0x0000000003e43000 	/System/Library/Frameworks/Foundation.framework/Versions/C/Foundation
0x0000000003e43000 	/System/Library/Frameworks/AppKit.framework/Versions/C/AppKit
0x0000000003e43000 	/System/Library/Frameworks/CoreData.framework/Versions/A/CoreData
0x0000000003e43000 	/System/Library/PrivateFrameworks/RemoteViewServices.framework/Versions/A/RemoteViewServices
0x0000000003e43000 	/System/Library/PrivateFrameworks/UIFoundation.framework/Versions/A/UIFoundation
0x0000000003e43000 	/System/Library/Frameworks/IOSurface.framework/Versions/A/IOSurface
0x0000000003e43000 	/System/Library/Frameworks/AudioToolbox.framework/Versions/A/AudioToolbox
0x0000000003e43000 	/System/Library/Frameworks/AudioUnit.framework/Versions/A/AudioUnit
0x0000000003e43000 	/System/Library/PrivateFrameworks/DataDetectorsCore.framework/Versions/A/DataDetectorsCore
0x0000000003e43000 	/System/Library/PrivateFrameworks/DesktopServicesPriv.framework/Versions/A/DesktopServicesPriv
0x0000000003e43000 	/System/Library/Frameworks/Carbon.framework/Versions/A/Frameworks/HIToolbox.framework/Versions/A/HIToolbox
0x0000000003e43000 	/System/Library/Frameworks/QuartzCore.framework/Versions/A/QuartzCore
0x0000000003e43000 	/System/Library/Frameworks/Carbon.framework/Versions/A/Frameworks/SpeechRecognition.framework/Versions/A/SpeechRecognition
0x0000000003e43000 	/usr/lib/libauto.dylib
0x0000000003e43000 	/usr/lib/libicucore.A.dylib
0x0000000003e43000 	/usr/lib/libxml2.2.dylib
0x0000000003e43000 	/System/Library/PrivateFrameworks/CoreUI.framework/Versions/A/CoreUI
0x0000000003e43000 	/System/Library/Frameworks/CoreAudio.framework/Versions/A/CoreAudio
0x0000000003e43000 	/System/Library/Frameworks/DiskArbitration.framework/Versions/A/DiskArbitration
0x0000000003e43000 	/usr/lib/liblangid.dylib
0x0000000003e43000 	/System/Library/PrivateFrameworks/MultitouchSupport.framework/Versions/A/MultitouchSupport
0x0000000003e43000 	/System/Library/Frameworks/IOKit.framework/Versions/A/IOKit
0x0000000003e43000 	/usr/lib/libDiagnosticMessagesClient.dylib
0x0000000003e43000 	/System/Library/Frameworks/CoreServices.framework/Versions/A/CoreServices
0x0000000003e43000 	/System/Library/PrivateFrameworks/PerformanceAnalysis.framework/Versions/A/PerformanceAnalysis
0x0000000003e43000 	/System/Library/PrivateFrameworks/GenerationalStorage.framework/Versions/A/GenerationalStorage
0x0000000003e43000 	/System/Library/Frameworks/OpenGL.framework/Versions/A/OpenGL
0x0000000003e43000 	/System/Library/PrivateFrameworks/Sharing.framework/Versions/A/Sharing
0x0000000003e43000 	/System/Library/Frameworks/CoreGraphics.framework/Versions/A/CoreGraphics
0x0000000003e43000 	/System/Library/Frameworks/CoreText.framework/Versions/A/CoreText
0x0000000003e43000 	/System/Library/Frameworks/ImageIO.framework/Versions/A/ImageIO
0x0000000003e43000 	/usr/lib/libextension.dylib
0x0000000003e43000 	/System/Library/PrivateFrameworks/Backup.framework/Versions/A/Backup
0x0000000003e43000 	/usr/lib/libarchive.2.dylib
0x0000000003e43000 	/System/Library/Frameworks/CFNetwork.framework/Versions/A/CFNetwork
0x0000000003e43000 	/System/Library/Frameworks/SystemConfiguration.framework/Versions/A/SystemConfiguration
0x0000000003e43000 	/usr/lib/libCRFSuite.dylib
0x0000000003e43000 	/usr/lib/libc++.1.dylib
0x0000000003e43000 	/usr/lib/libc++abi.dylib
0x0000000003e43000 	/usr/lib/system/libcache.dylib
0x0000000003e43000 	/usr/lib/system/libcommonCrypto.dylib
0x0000000003e43000 	/usr/lib/system/libcompiler_rt.dylib
0x0000000003e43000 	/usr/lib/system/libcopyfile.dylib
0x0000000003e43000 	/usr/lib/system/libcorecrypto.dylib
0x0000000003e43000 	/usr/lib/system/libdispatch.dylib
0x0000000003e43000 	/usr/lib/system/libdyld.dylib
0x0000000003e43000 	/usr/lib/system/libkeymgr.dylib
0x0000000003e43000 	/usr/lib/system/liblaunch.dylib
0x0000000003e43000 	/usr/lib/system/libmacho.dylib
0x0000000003e43000 	/usr/lib/system/libquarantine.dylib
0x0000000003e43000 	/usr/lib/system/libremovefile.dylib
0x0000000003e43000 	/usr/lib/system/libsystem_asl.dylib
0x0000000003e43000 	/usr/lib/system/libsystem_blocks.dylib
0x0000000003e43000 	/usr/lib/system/libsystem_c.dylib
0x0000000003e43000 	/usr/lib/system/libsystem_configuration.dylib
0x0000000003e43000 	/usr/lib/system/libsystem_coreservices.dylib
0x0000000003e43000 	/usr/lib/system/libsystem_coretls.dylib
0x0000000003e43000 	/usr/lib/system/libsystem_dnssd.dylib
0x0000000003e43000 	/usr/lib/system/libsystem_info.dylib
0x0000000003e43000 	/usr/lib/system/libsystem_kernel.dylib
0x0000000003e43000 	/usr/lib/system/libsystem_m.dylib
0x0000000003e43000 	/usr/lib/system/libsystem_malloc.dylib
0x0000000003e43000 	/usr/lib/system/libsystem_network.dylib
0x0000000003e43000 	/usr/lib/system/libsystem_networkextension.dylib
0x0000000003e43000 	/usr/lib/system/libsystem_notify.dylib
0x0000000003e43000 	/usr/lib/system/libsystem_platform.dylib
0x0000000003e43000 	/usr/lib/system/libsystem_pthread.dylib
0x0000000003e43000 	/usr/lib/system/libsystem_sandbox.dylib
0x0000000003e43000 	/usr/lib/system/libsystem_secinit.dylib
0x0000000003e43000 	/usr/lib/system/libsystem_stats.dylib
0x0000000003e43000 	/usr/lib/system/libsystem_trace.dylib
0x0000000003e43000 	/usr/lib/system/libunc.dylib
0x0000000003e43000 	/usr/lib/system/libunwind.dylib
0x0000000003e43000 	/usr/lib/system/libxpc.dylib
0x0000000003e43000 	/usr/lib/libbz2.1.0.dylib
0x0000000003e43000 	/usr/lib/liblzma.5.dylib
0x0000000003e43000 	/usr/lib/libbsm.0.dylib
0x0000000003e43000 	/usr/lib/libsqlite3.dylib
0x0000000003e43000 	/usr/lib/system/libkxld.dylib
0x0000000003e43000 	/usr/lib/libxar.1.dylib
0x0000000003e43000 	/usr/lib/libpam.2.dylib
0x0000000003e43000 	/usr/lib/libOpenScriptingUtil.dylib
0x0000000003e43000 	/System/Library/Frameworks/CoreServices.framework/Versions/A/Frameworks/FSEvents.framework/Versions/A/FSEvents
0x0000000003e43000 	/System/Library/Frameworks/CoreServices.framework/Versions/A/Frameworks/CarbonCore.framework/Versions/A/CarbonCore
0x0000000003e43000 	/System/Library/Frameworks/CoreServices.framework/Versions/A/Frameworks/Metadata.framework/Versions/A/Metadata
0x0000000003e43000 	/System/Library/Frameworks/CoreServices.framework/Versions/A/Frameworks/OSServices.framework/Versions/A/OSServices
0x0000000003e43000 	/System/Library/Frameworks/CoreServices.framework/Versions/A/Frameworks/SearchKit.framework/Versions/A/SearchKit
0x0000000003e43000 	/System/Library/Frameworks/CoreServices.framework/Versions/A/Frameworks/AE.framework/Versions/A/AE
0x0000000003e43000 	/System/Library/Frameworks/CoreServices.framework/Versions/A/Frameworks/LaunchServices.framework/Versions/A/LaunchServices
0x0000000003e43000 	/System/Library/Frameworks/CoreServices.framework/Versions/A/Frameworks/DictionaryServices.framework/Versions/A/DictionaryServices
0x0000000003e43000 	/System/Library/Frameworks/NetFS.framework/Versions/A/NetFS
0x0000000003e43000 	/System/Library/PrivateFrameworks/NetAuth.framework/Versions/A/NetAuth
0x0000000003e43000 	/System/Library/PrivateFrameworks/login.framework/Versions/A/Frameworks/loginsupport.framework/Versions/A/loginsupport
0x0000000003e43000 	/System/Library/PrivateFrameworks/TCC.framework/Versions/A/TCC
0x0000000003e43000 	/usr/lib/libmecabra.dylib
0x0000000003e43000 	/System/Library/Frameworks/ApplicationServices.framework/Versions/A/Frameworks/ATS.framework/Versions/A/ATS
0x0000000003e43000 	/System/Library/Frameworks/ApplicationServices.framework/Versions/A/Frameworks/ColorSync.framework/Versions/A/ColorSync
0x0000000003e43000 	/System/Library/Frameworks/ApplicationServices.framework/Versions/A/Frameworks/HIServices.framework/Versions/A/HIServices
0x0000000003e43000 	/System/Library/Frameworks/ApplicationServices.framework/Versions/A/Frameworks/LangAnalysis.framework/Versions/A/LangAnalysis
0x0000000003e43000 	/System/Library/Frameworks/ApplicationServices.framework/Versions/A/Frameworks/PrintCore.framework/Versions/A/PrintCore
0x0000000003e43000 	/System/Library/Frameworks/ApplicationServices.framework/Versions/A/Frameworks/QD.framework/Versions/A/QD
0x0000000003e43000 	/System/Library/Frameworks/ApplicationServices.framework/Versions/A/Frameworks/SpeechSynthesis.framework/Versions/A/SpeechSynthesis
0x0000000003e43000 	/System/Library/Frameworks/Accelerate.framework/Versions/A/Accelerate
0x0000000003e43000 	/System/Library/Frameworks/Accelerate.framework/Versions/A/Frameworks/vImage.framework/Versions/A/vImage
0x0000000003e43000 	/System/Library/Frameworks/Accelerate.framework/Versions/A/Frameworks/vecLib.framework/Versions/A/vecLib
0x0000000003e43000 	/System/Library/Frameworks/Accelerate.framework/Versions/A/Frameworks/vecLib.framework/Versions/A/libvDSP.dylib
0x0000000003e43000 	/System/Library/Frameworks/Accelerate.framework/Versions/A/Frameworks/vecLib.framework/Versions/A/libvMisc.dylib
0x0000000003e43000 	/System/Library/Frameworks/Accelerate.framework/Versions/A/Frameworks/vecLib.framework/Versions/A/libLAPACK.dylib
0x0000000003e43000 	/System/Library/Frameworks/Accelerate.framework/Versions/A/Frameworks/vecLib.framework/Versions/A/libBLAS.dylib
0x0000000003e43000 	/System/Library/Frameworks/Accelerate.framework/Versions/A/Frameworks/vecLib.framework/Versions/A/libLinearAlgebra.dylib
0x0000000003e43000 	/System/Library/Frameworks/ApplicationServices.framework/Versions/A/Frameworks/ATS.framework/Versions/A/Resources/libFontParser.dylib
0x0000000003e43000 	/System/Library/Frameworks/ApplicationServices.framework/Versions/A/Frameworks/ATS.framework/Versions/A/Resources/libFontRegistry.dylib
0x0000000003e43000 	/System/Library/PrivateFrameworks/AppleVPA.framework/Versions/A/AppleVPA
0x0000000003e43000 	/System/Library/PrivateFrameworks/AppleJPEG.framework/Versions/A/AppleJPEG
0x0000000003e43000 	/System/Library/Frameworks/ImageIO.framework/Versions/A/Resources/libJPEG.dylib
0x0000000003e43000 	/System/Library/Frameworks/ImageIO.framework/Versions/A/Resources/libTIFF.dylib
0x0000000003e43000 	/System/Library/Frameworks/ImageIO.framework/Versions/A/Resources/libPng.dylib
0x0000000003e43000 	/System/Library/Frameworks/ImageIO.framework/Versions/A/Resources/libGIF.dylib
0x0000000003e43000 	/System/Library/Frameworks/ImageIO.framework/Versions/A/Resources/libJP2.dylib
0x0000000003e43000 	/System/Library/Frameworks/ImageIO.framework/Versions/A/Resources/libRadiance.dylib
0x0000000003e43000 	/System/Library/Frameworks/CoreVideo.framework/Versions/A/CoreVideo
0x0000000003e43000 	/System/Library/Frameworks/OpenGL.framework/Versions/A/Libraries/libGLU.dylib
0x0000000003e43000 	/System/Library/Frameworks/OpenGL.framework/Versions/A/Libraries/libGFXShared.dylib
0x0000000003e43000 	/System/Library/Frameworks/OpenGL.framework/Versions/A/Libraries/libGL.dylib
0x0000000003e43000 	/System/Library/Frameworks/OpenGL.framework/Versions/A/Libraries/libGLImage.dylib
0x0000000003e43000 	/System/Library/Frameworks/OpenGL.framework/Versions/A/Libraries/libCVMSPluginSupport.dylib
0x0000000003e43000 	/System/Library/Frameworks/OpenGL.framework/Versions/A/Libraries/libCoreVMClient.dylib
0x0000000003e43000 	/usr/lib/libcups.2.dylib
0x0000000003e43000 	/System/Library/Frameworks/Kerberos.framework/Versions/A/Kerberos
0x0000000003e43000 	/System/Library/Frameworks/GSS.framework/Versions/A/GSS
0x0000000003e43000 	/usr/lib/libresolv.9.dylib
0x0000000003e43000 	/usr/lib/libiconv.2.dylib
0x0000000003e43000 	/System/Library/PrivateFrameworks/Heimdal.framework/Versions/A/Heimdal
0x0000000003e43000 	/usr/lib/libheimdal-asn1.dylib
0x0000000003e43000 	/System/Library/Frameworks/OpenDirectory.framework/Versions/A/OpenDirectory
0x0000000003e43000 	/System/Library/PrivateFrameworks/CommonAuth.framework/Versions/A/CommonAuth
0x0000000003e43000 	/System/Library/Frameworks/OpenDirectory.framework/Versions/A/Frameworks/CFOpenDirectory.framework/Versions/A/CFOpenDirectory
0x0000000003e43000 	/System/Library/Frameworks/SecurityFoundation.framework/Versions/A/SecurityFoundation
0x0000000003e43000 	/System/Library/PrivateFrameworks/LanguageModeling.framework/Versions/A/LanguageModeling
0x0000000003e43000 	/usr/lib/libcmph.dylib
0x0000000003e43000 	/System/Library/Frameworks/ServiceManagement.framework/Versions/A/ServiceManagement
0x0000000003e43000 	/usr/lib/libxslt.1.dylib
0x0000000003e43000 	/System/Library/Frameworks/Carbon.framework/Versions/A/Frameworks/Ink.framework/Versions/A/Ink
0x0000000003e43000 	/System/Library/Frameworks/QuartzCore.framework/Versions/A/Frameworks/CoreImage.framework/Versions/A/CoreImage
0x0000000003e43000 	/System/Library/PrivateFrameworks/CrashReporterSupport.framework/Versions/A/CrashReporterSupport
0x0000000003e43000 	/System/Library/Frameworks/OpenCL.framework/Versions/A/OpenCL
0x0000000003e43000 	/System/Library/PrivateFrameworks/FaceCore.framework/Versions/A/FaceCore
0x0000000003e43000 	/System/Library/PrivateFrameworks/Ubiquity.framework/Versions/A/Ubiquity
0x0000000003e43000 	/System/Library/PrivateFrameworks/IconServices.framework/Versions/A/IconServices
0x0000000003e43000 	/System/Library/PrivateFrameworks/ChunkingLibrary.framework/Versions/A/ChunkingLibrary
0x0000000003e43000 	/System/Library/PrivateFrameworks/Apple80211.framework/Versions/A/Apple80211
0x0000000003e43000 	/System/Library/Frameworks/CoreWLAN.framework/Versions/A/CoreWLAN
0x0000000003e43000 	/System/Library/Frameworks/IOBluetooth.framework/Versions/A/IOBluetooth
0x0000000003e43000 	/System/Library/PrivateFrameworks/CoreWiFi.framework/Versions/A/CoreWiFi
0x0000000003e43000 	/System/Library/Frameworks/CoreBluetooth.framework/Versions/A/CoreBluetooth
0x0000000003e43000 	/System/Library/PrivateFrameworks/DebugSymbols.framework/Versions/A/DebugSymbols
0x0000000003e43000 	/System/Library/PrivateFrameworks/CoreSymbolication.framework/Versions/A/CoreSymbolication
0x0000000003e43000 	/System/Library/PrivateFrameworks/Symbolication.framework/Versions/A/Symbolication
0x0000000003e43000 	/System/Library/PrivateFrameworks/SpeechRecognitionCore.framework/Versions/A/SpeechRecognitionCore
0x0000000103c00000 	/Library/Java/JavaVirtualMachines/jdk1.8.0_65.jdk/Contents/Home/jre/lib/server/libjvm.dylib
0x0000000003e43000 	/usr/lib/libstdc++.6.dylib
0x00000001033e6000 	/Library/Java/JavaVirtualMachines/jdk1.8.0_65.jdk/Contents/Home/jre/lib/libverify.dylib
0x0000000104c8c000 	/Library/Java/JavaVirtualMachines/jdk1.8.0_65.jdk/Contents/Home/jre/lib/libjava.dylib
0x0000000104cc1000 	/Library/Java/JavaVirtualMachines/jdk1.8.0_65.jdk/Contents/Home/jre/lib/libzip.dylib
0x000000011ad19000 	/System/Library/Frameworks/JavaVM.framework/Frameworks/JavaRuntimeSupport.framework/JavaRuntimeSupport
0x000000011ad2f000 	/System/Library/Frameworks/JavaVM.framework/Versions/A/Frameworks/JavaNativeFoundation.framework/Versions/A/JavaNativeFoundation
0x000000011ad43000 	/System/Library/Frameworks/JavaVM.framework/Versions/A/JavaVM
0x0000000003e43000 	/System/Library/Frameworks/Carbon.framework/Versions/A/Carbon
0x000000011ad4f000 	/System/Library/PrivateFrameworks/JavaLaunching.framework/Versions/A/JavaLaunching
0x0000000003e43000 	/System/Library/Frameworks/Carbon.framework/Versions/A/Frameworks/CommonPanels.framework/Versions/A/CommonPanels
0x0000000003e43000 	/System/Library/Frameworks/Carbon.framework/Versions/A/Frameworks/Help.framework/Versions/A/Help
0x0000000003e43000 	/System/Library/Frameworks/Carbon.framework/Versions/A/Frameworks/ImageCapture.framework/Versions/A/ImageCapture
0x0000000003e43000 	/System/Library/Frameworks/Carbon.framework/Versions/A/Frameworks/OpenScripting.framework/Versions/A/OpenScripting
0x0000000003e43000 	/System/Library/Frameworks/Carbon.framework/Versions/A/Frameworks/Print.framework/Versions/A/Print
0x0000000003e43000 	/System/Library/Frameworks/Carbon.framework/Versions/A/Frameworks/SecurityHI.framework/Versions/A/SecurityHI
0x000000011cc48000 	/Library/Java/JavaVirtualMachines/jdk1.8.0_65.jdk/Contents/Home/jre/lib/libnet.dylib
0x000000011d33e000 	/Library/Java/JavaVirtualMachines/jdk1.8.0_65.jdk/Contents/Home/jre/lib/libnio.dylib
0x000000011cca7000 	/Library/Java/JavaVirtualMachines/jdk1.8.0_65.jdk/Contents/Home/jre/lib/libmanagement.dylib

VM Arguments:
jvm_args: -Dlogback.configurationFile=/Users/charlie/IdeaProjects/mic-api-admin/logback-debug.xml -Dlogback.logFilePath=/Users/charlie/IdeaProjects/mic-api-admin/build/libs 
java_command: build/libs/mic-api-admin-0.00.01-all.jar 1 8888
java_class_path (initial): build/libs/mic-api-admin-0.00.01-all.jar
Launcher Type: SUN_STANDARD

Environment Variables:
PATH=/usr/local/bin:/usr/bin:/bin:/usr/sbin:/sbin
SHELL=/bin/zsh
DISPLAY=/private/tmp/com.apple.launchd.bKwIJcPo8M/org.macosforge.xquartz:0

Signal Handlers:
SIGSEGV: [libjvm.dylib+0x5a6d31], sa_mask[0]=11111111011111110111111111111111, sa_flags=SA_ONSTACK|SA_RESTART|SA_SIGINFO
SIGBUS: [libjvm.dylib+0x5a6d31], sa_mask[0]=11111111011111110111111111111111, sa_flags=SA_RESTART|SA_SIGINFO
SIGFPE: [libjvm.dylib+0x480a40], sa_mask[0]=11111111011111110111111111111111, sa_flags=SA_RESTART|SA_SIGINFO
SIGPIPE: [libjvm.dylib+0x480a40], sa_mask[0]=11111111011111110111111111111111, sa_flags=SA_RESTART|SA_SIGINFO
SIGXFSZ: [libjvm.dylib+0x480a40], sa_mask[0]=11111111011111110111111111111111, sa_flags=SA_RESTART|SA_SIGINFO
SIGILL: [libjvm.dylib+0x480a40], sa_mask[0]=11111111011111110111111111111111, sa_flags=SA_RESTART|SA_SIGINFO
SIGUSR1: SIG_DFL, sa_mask[0]=00000000000000000000000000000000, sa_flags=SA_RESTART
SIGUSR2: [libjvm.dylib+0x48055e], sa_mask[0]=00000000000000000000000000000000, sa_flags=SA_RESTART|SA_SIGINFO
SIGHUP: [libjvm.dylib+0x47eb35], sa_mask[0]=11111111011111110111111111111111, sa_flags=SA_RESTART|SA_SIGINFO
SIGINT: [libjvm.dylib+0x47eb35], sa_mask[0]=11111111011111110111111111111111, sa_flags=SA_RESTART|SA_SIGINFO
SIGTERM: [libjvm.dylib+0x47eb35], sa_mask[0]=11111111011111110111111111111111, sa_flags=SA_RESTART|SA_SIGINFO
SIGQUIT: [libjvm.dylib+0x47eb35], sa_mask[0]=11111111011111110111111111111111, sa_flags=SA_RESTART|SA_SIGINFO


---------------  S Y S T E M  ---------------

OS:Bsduname:Darwin 14.5.0 Darwin Kernel Version 14.5.0: Tue Sep  1 21:23:09 PDT 2015; root:xnu-2782.50.1~1/RELEASE_X86_64 x86_64
rlimit: STACK 8192k, CORE 0k, NPROC 709, NOFILE 10240, AS infinity
load average:3.17 2.60 2.35

CPU:total 4 (2 cores per cpu, 2 threads per core) family 6 model 61 stepping 4, cmov, cx8, fxsr, mmx, sse, sse2, sse3, ssse3, sse4.1, sse4.2, popcnt, avx, avx2, aes, clmul, erms, 3dnowpref, lzcnt, ht, tsc, tscinvbit, bmi1, bmi2, adx

Memory: 4k page, physical 8388608k(16788k free)

/proc/meminfo:


vm_info: Java HotSpot(TM) 64-Bit Server VM (25.65-b01) for bsd-amd64 JRE (1.8.0_65-b17), built on Oct  6 2015 15:36:46 by "java_re" with gcc 4.2.1 (Based on Apple Inc. build 5658) (LLVM build 2336.11.00)

time: Wed Mar 16 10:10:22 2016
elapsed time: 327 seconds (0d 0h 5m 27s)

