00:00:03.029 - Stopping server...
00:00:03.031 - Stopping 1 services...
00:00:03.032 - HikariCP pool HikariPool-0 is shutting down.
00:00:03.079 - Server stopped.
00:00:05.679 - Starting server...
00:00:05.960 - Building registry...
00:00:06.638 - HikariCP pool HikariPool-0 is starting.
00:00:06.789 - Initializing 1 services...
00:00:06.890 - Ratpack started (development) for http://localhost:8888
00:38:40.554 - Stopping server...
00:38:43.874 - Starting server...
00:38:44.162 - Building registry...
00:38:44.807 - HikariCP pool HikariPool-0 is starting.
00:38:44.974 - Initializing 1 services...
00:38:45.068 - Ratpack started (development) for http://localhost:8888
09:51:55.135 - Stopping server...
09:51:55.143 - Stopping 1 services...
09:51:55.151 - HikariCP pool HikariPool-0 is shutting down.
09:51:55.241 - Server stopped.
09:53:14.266 - Starting server...
09:53:14.662 - Building registry...
09:53:15.480 - HikariCP pool HikariPool-0 is starting.
09:53:15.683 - Initializing 1 services...
09:53:15.833 - Ratpack started (development) for http://localhost:8888
09:57:33.159 - Stopping server...
09:57:33.160 - Stopping 1 services...
09:57:33.161 - HikariCP pool HikariPool-0 is shutting down.
09:57:33.206 - Server stopped.
10:14:12.352 - Starting server...
10:14:12.629 - Building registry...
10:14:13.294 - HikariCP pool HikariPool-0 is starting.
10:14:13.449 - Initializing 1 services...
10:14:13.550 - Ratpack started (development) for http://localhost:8888
10:43:12.099 - Stopping server...
10:43:19.243 - Starting server...
10:43:19.538 - Building registry...
10:43:20.220 - HikariCP pool HikariPool-0 is starting.
10:43:20.358 - Initializing 1 services...
10:43:20.467 - Ratpack started (development) for http://localhost:8888
11:40:32.444 - Stopping server...
11:40:32.446 - Stopping 1 services...
11:40:32.447 - HikariCP pool HikariPool-0 is shutting down.
11:40:32.495 - Server stopped.
12:47:02.005 - Starting server...
12:47:02.387 - Building registry...
12:47:03.303 - HikariCP pool HikariPool-0 is starting.
12:47:03.490 - Initializing 1 services...
12:47:03.622 - Ratpack started (development) for http://localhost:8888
12:48:44.985 - Stopping server...
12:48:44.987 - Stopping 1 services...
12:48:44.988 - HikariCP pool HikariPool-0 is shutting down.
12:48:45.056 - Server stopped.
12:48:47.701 - Starting server...
12:48:47.985 - Building registry...
12:48:48.694 - HikariCP pool HikariPool-0 is starting.
12:48:48.843 - Initializing 1 services...
12:48:48.949 - Ratpack started (development) for http://localhost:8888
12:54:40.344 - Stopping server...
12:54:43.244 - Starting server...
12:54:43.549 - Building registry...
12:54:44.251 - HikariCP pool HikariPool-0 is starting.
12:54:44.404 - Initializing 1 services...
12:54:44.513 - Ratpack started (development) for http://localhost:8888
12:54:50.086 - 
                                      
@@@@@@@@@@@@@@@@@@@@@@@@@@@@@@@@@@@@@@
@@@@@@@@@@@@@@@@@@@@@@@@@@@@@@@@@@@@@@
@@@@@@@@@@@@@@@@  @@        @@@@@@@@@@
@@@@@@@@@@@@@@@@@@@@        @@@@@@@@@@
@@@@@@@@@@@@@@@@  @@  @@    @@@@@@@@@@
@@@@@@@@@@  @@@@  @@  @@    @@@@@@@@@@
@@@@@@@@@@        @@        @@@@@@@@@@
@@@@@@@@@@@@@@@@@@@@@@@@@@@@@@@@@@@@@@
@@@@@@@@@@@@@@@@@@@@@@@@@@@@@@@@@@@@@@
@@@@@@@@@@        @@        @@@@@@@@@@
@@@@@@@@@@    @@  @@  @@@@  @@@@@@@@@@
@@@@@@@@@@    @@  @@  @@@@  @@@@@@@@@@
@@@@@@@@@@        @@  @  @  @@@@@@@@@@
@@@@@@@@@@        @@        @@@@@@@@@@
@@@@@@@@@@@@@@@@@@@@@@@  @@@@@@@@@@@@@
@@@@@@@@@@@@@@@@@@@@@@@@@@@@@@@@@@@@@@
@@@@@@@@@@@@@@@@@@@@@@@@@@@@@@@@@@@@@@  Thank you for using jOOQ 3.7.2
                                      
14:03:48.270 - Stopping server...
14:03:50.544 - Starting server...
14:03:50.829 - Building registry...
14:03:51.543 - HikariCP pool HikariPool-0 is starting.
14:03:51.705 - Initializing 1 services...
14:03:51.875 - Ratpack started (development) for http://localhost:8888
14:03:55.249 - 
                                      
@@@@@@@@@@@@@@@@@@@@@@@@@@@@@@@@@@@@@@
@@@@@@@@@@@@@@@@@@@@@@@@@@@@@@@@@@@@@@
@@@@@@@@@@@@@@@@  @@        @@@@@@@@@@
@@@@@@@@@@@@@@@@@@@@        @@@@@@@@@@
@@@@@@@@@@@@@@@@  @@  @@    @@@@@@@@@@
@@@@@@@@@@  @@@@  @@  @@    @@@@@@@@@@
@@@@@@@@@@        @@        @@@@@@@@@@
@@@@@@@@@@@@@@@@@@@@@@@@@@@@@@@@@@@@@@
@@@@@@@@@@@@@@@@@@@@@@@@@@@@@@@@@@@@@@
@@@@@@@@@@        @@        @@@@@@@@@@
@@@@@@@@@@    @@  @@  @@@@  @@@@@@@@@@
@@@@@@@@@@    @@  @@  @@@@  @@@@@@@@@@
@@@@@@@@@@        @@  @  @  @@@@@@@@@@
@@@@@@@@@@        @@        @@@@@@@@@@
@@@@@@@@@@@@@@@@@@@@@@@  @@@@@@@@@@@@@
@@@@@@@@@@@@@@@@@@@@@@@@@@@@@@@@@@@@@@
@@@@@@@@@@@@@@@@@@@@@@@@@@@@@@@@@@@@@@  Thank you for using jOOQ 3.7.2
                                      
14:04:54.999 - Stopping server...
14:04:57.052 - Starting server...
14:04:57.332 - Building registry...
14:04:57.999 - HikariCP pool HikariPool-0 is starting.
14:04:58.147 - Initializing 1 services...
14:04:58.252 - Ratpack started (development) for http://localhost:8888
14:26:05.468 - Stopping server...
14:26:13.539 - Starting server...
14:26:13.839 - Building registry...
14:26:14.592 - HikariCP pool HikariPool-0 is starting.
14:26:14.747 - Initializing 1 services...
14:26:14.869 - Ratpack started (development) for http://localhost:8888
15:13:50.937 - Stopping server...
15:13:52.740 - Starting server...
15:13:53.026 - Building registry...
15:13:53.749 - HikariCP pool HikariPool-0 is starting.
15:13:53.909 - Initializing 1 services...
15:13:54.033 - Ratpack started (development) for http://localhost:8888
15:13:56.151 - 
                                      
@@@@@@@@@@@@@@@@@@@@@@@@@@@@@@@@@@@@@@
@@@@@@@@@@@@@@@@@@@@@@@@@@@@@@@@@@@@@@
@@@@@@@@@@@@@@@@  @@        @@@@@@@@@@
@@@@@@@@@@@@@@@@@@@@        @@@@@@@@@@
@@@@@@@@@@@@@@@@  @@  @@    @@@@@@@@@@
@@@@@@@@@@  @@@@  @@  @@    @@@@@@@@@@
@@@@@@@@@@        @@        @@@@@@@@@@
@@@@@@@@@@@@@@@@@@@@@@@@@@@@@@@@@@@@@@
@@@@@@@@@@@@@@@@@@@@@@@@@@@@@@@@@@@@@@
@@@@@@@@@@        @@        @@@@@@@@@@
@@@@@@@@@@    @@  @@  @@@@  @@@@@@@@@@
@@@@@@@@@@    @@  @@  @@@@  @@@@@@@@@@
@@@@@@@@@@        @@  @  @  @@@@@@@@@@
@@@@@@@@@@        @@        @@@@@@@@@@
@@@@@@@@@@@@@@@@@@@@@@@  @@@@@@@@@@@@@
@@@@@@@@@@@@@@@@@@@@@@@@@@@@@@@@@@@@@@
@@@@@@@@@@@@@@@@@@@@@@@@@@@@@@@@@@@@@@  Thank you for using jOOQ 3.7.2
                                      
15:15:03.024 - Stopping server...
15:15:05.103 - Starting server...
15:15:05.391 - Building registry...
15:15:06.068 - HikariCP pool HikariPool-0 is starting.
15:15:06.225 - Initializing 1 services...
15:15:06.334 - Ratpack started (development) for http://localhost:8888
15:15:09.375 - 
                                      
@@@@@@@@@@@@@@@@@@@@@@@@@@@@@@@@@@@@@@
@@@@@@@@@@@@@@@@@@@@@@@@@@@@@@@@@@@@@@
@@@@@@@@@@@@@@@@  @@        @@@@@@@@@@
@@@@@@@@@@@@@@@@@@@@        @@@@@@@@@@
@@@@@@@@@@@@@@@@  @@  @@    @@@@@@@@@@
@@@@@@@@@@  @@@@  @@  @@    @@@@@@@@@@
@@@@@@@@@@        @@        @@@@@@@@@@
@@@@@@@@@@@@@@@@@@@@@@@@@@@@@@@@@@@@@@
@@@@@@@@@@@@@@@@@@@@@@@@@@@@@@@@@@@@@@
@@@@@@@@@@        @@        @@@@@@@@@@
@@@@@@@@@@    @@  @@  @@@@  @@@@@@@@@@
@@@@@@@@@@    @@  @@  @@@@  @@@@@@@@@@
@@@@@@@@@@        @@  @  @  @@@@@@@@@@
@@@@@@@@@@        @@        @@@@@@@@@@
@@@@@@@@@@@@@@@@@@@@@@@  @@@@@@@@@@@@@
@@@@@@@@@@@@@@@@@@@@@@@@@@@@@@@@@@@@@@
@@@@@@@@@@@@@@@@@@@@@@@@@@@@@@@@@@@@@@  Thank you for using jOOQ 3.7.2
                                      
15:16:28.827 - Stopping server...
15:16:30.637 - Starting server...
15:16:30.937 - Building registry...
15:16:31.606 - HikariCP pool HikariPool-0 is starting.
15:16:31.752 - Initializing 1 services...
15:16:31.861 - Ratpack started (development) for http://localhost:8888
15:16:36.075 - 
                                      
@@@@@@@@@@@@@@@@@@@@@@@@@@@@@@@@@@@@@@
@@@@@@@@@@@@@@@@@@@@@@@@@@@@@@@@@@@@@@
@@@@@@@@@@@@@@@@  @@        @@@@@@@@@@
@@@@@@@@@@@@@@@@@@@@        @@@@@@@@@@
@@@@@@@@@@@@@@@@  @@  @@    @@@@@@@@@@
@@@@@@@@@@  @@@@  @@  @@    @@@@@@@@@@
@@@@@@@@@@        @@        @@@@@@@@@@
@@@@@@@@@@@@@@@@@@@@@@@@@@@@@@@@@@@@@@
@@@@@@@@@@@@@@@@@@@@@@@@@@@@@@@@@@@@@@
@@@@@@@@@@        @@        @@@@@@@@@@
@@@@@@@@@@    @@  @@  @@@@  @@@@@@@@@@
@@@@@@@@@@    @@  @@  @@@@  @@@@@@@@@@
@@@@@@@@@@        @@  @  @  @@@@@@@@@@
@@@@@@@@@@        @@        @@@@@@@@@@
@@@@@@@@@@@@@@@@@@@@@@@  @@@@@@@@@@@@@
@@@@@@@@@@@@@@@@@@@@@@@@@@@@@@@@@@@@@@
@@@@@@@@@@@@@@@@@@@@@@@@@@@@@@@@@@@@@@  Thank you for using jOOQ 3.7.2
                                      
15:17:00.750 - Stopping server...
15:17:02.914 - Starting server...
15:17:03.219 - Building registry...
15:17:04.096 - HikariCP pool HikariPool-0 is starting.
15:17:04.285 - Initializing 1 services...
15:17:04.439 - Ratpack started (development) for http://localhost:8888
15:17:07.635 - 
                                      
@@@@@@@@@@@@@@@@@@@@@@@@@@@@@@@@@@@@@@
@@@@@@@@@@@@@@@@@@@@@@@@@@@@@@@@@@@@@@
@@@@@@@@@@@@@@@@  @@        @@@@@@@@@@
@@@@@@@@@@@@@@@@@@@@        @@@@@@@@@@
@@@@@@@@@@@@@@@@  @@  @@    @@@@@@@@@@
@@@@@@@@@@  @@@@  @@  @@    @@@@@@@@@@
@@@@@@@@@@        @@        @@@@@@@@@@
@@@@@@@@@@@@@@@@@@@@@@@@@@@@@@@@@@@@@@
@@@@@@@@@@@@@@@@@@@@@@@@@@@@@@@@@@@@@@
@@@@@@@@@@        @@        @@@@@@@@@@
@@@@@@@@@@    @@  @@  @@@@  @@@@@@@@@@
@@@@@@@@@@    @@  @@  @@@@  @@@@@@@@@@
@@@@@@@@@@        @@  @  @  @@@@@@@@@@
@@@@@@@@@@        @@        @@@@@@@@@@
@@@@@@@@@@@@@@@@@@@@@@@  @@@@@@@@@@@@@
@@@@@@@@@@@@@@@@@@@@@@@@@@@@@@@@@@@@@@
@@@@@@@@@@@@@@@@@@@@@@@@@@@@@@@@@@@@@@  Thank you for using jOOQ 3.7.2
                                      
15:33:49.207 - Stopping server...
15:33:51.232 - Starting server...
15:33:51.515 - Building registry...
15:33:52.169 - HikariCP pool HikariPool-0 is starting.
15:33:52.325 - Initializing 1 services...
15:33:52.431 - Ratpack started (development) for http://localhost:8888
15:43:20.919 - Stopping server...
15:43:25.708 - Starting server...
15:43:26.022 - Building registry...
15:43:26.691 - HikariCP pool HikariPool-0 is starting.
15:43:26.873 - Initializing 1 services...
15:43:26.987 - Ratpack started (development) for http://localhost:8888
16:00:39.164 - Stopping server...
16:00:41.130 - Starting server...
16:00:41.433 - Building registry...
16:00:42.222 - HikariCP pool HikariPool-0 is starting.
16:00:42.396 - Initializing 1 services...
16:00:42.576 - Ratpack started (development) for http://localhost:8888
16:00:52.349 - Stopping server...
16:00:52.351 - Stopping 1 services...
16:00:52.353 - HikariCP pool HikariPool-0 is shutting down.
16:00:52.416 - Server stopped.
16:00:54.189 - Starting server...
16:00:54.492 - Building registry...
16:00:55.269 - HikariCP pool HikariPool-0 is starting.
16:00:55.423 - Initializing 1 services...
16:00:55.534 - Ratpack started (development) for http://localhost:8888
16:01:11.906 - Stopping server...
16:01:11.908 - Stopping 1 services...
16:01:11.909 - HikariCP pool HikariPool-0 is shutting down.
16:01:11.968 - Server stopped.
16:01:34.666 - Starting server...
16:01:34.983 - Building registry...
16:01:35.760 - HikariCP pool HikariPool-0 is starting.
16:01:35.936 - Initializing 1 services...
16:01:36.045 - Ratpack started (development) for http://localhost:8888
16:17:47.723 - Stopping server...
16:18:00.568 - Starting server...
16:18:00.884 - Building registry...
16:18:01.681 - HikariCP pool HikariPool-0 is starting.
16:18:01.833 - Initializing 1 services...
16:18:01.949 - Ratpack started (development) for http://localhost:8888
16:18:15.968 - 
                                      
@@@@@@@@@@@@@@@@@@@@@@@@@@@@@@@@@@@@@@
@@@@@@@@@@@@@@@@@@@@@@@@@@@@@@@@@@@@@@
@@@@@@@@@@@@@@@@  @@        @@@@@@@@@@
@@@@@@@@@@@@@@@@@@@@        @@@@@@@@@@
@@@@@@@@@@@@@@@@  @@  @@    @@@@@@@@@@
@@@@@@@@@@  @@@@  @@  @@    @@@@@@@@@@
@@@@@@@@@@        @@        @@@@@@@@@@
@@@@@@@@@@@@@@@@@@@@@@@@@@@@@@@@@@@@@@
@@@@@@@@@@@@@@@@@@@@@@@@@@@@@@@@@@@@@@
@@@@@@@@@@        @@        @@@@@@@@@@
@@@@@@@@@@    @@  @@  @@@@  @@@@@@@@@@
@@@@@@@@@@    @@  @@  @@@@  @@@@@@@@@@
@@@@@@@@@@        @@  @  @  @@@@@@@@@@
@@@@@@@@@@        @@        @@@@@@@@@@
@@@@@@@@@@@@@@@@@@@@@@@  @@@@@@@@@@@@@
@@@@@@@@@@@@@@@@@@@@@@@@@@@@@@@@@@@@@@
@@@@@@@@@@@@@@@@@@@@@@@@@@@@@@@@@@@@@@  Thank you for using jOOQ 3.7.2
                                      
16:19:41.727 - Stopping server...
16:19:43.491 - Starting server...
16:19:43.805 - Building registry...
16:19:44.509 - HikariCP pool HikariPool-0 is starting.
16:19:44.670 - Initializing 1 services...
16:19:44.822 - Ratpack started (development) for http://localhost:8888
16:22:48.935 - Stopping server...
16:22:50.110 - Starting server...
16:22:50.450 - Building registry...
16:22:51.203 - HikariCP pool HikariPool-0 is starting.
16:22:51.370 - Initializing 1 services...
16:22:51.512 - Ratpack started (development) for http://localhost:8888
16:22:53.828 - 
                                      
@@@@@@@@@@@@@@@@@@@@@@@@@@@@@@@@@@@@@@
@@@@@@@@@@@@@@@@@@@@@@@@@@@@@@@@@@@@@@
@@@@@@@@@@@@@@@@  @@        @@@@@@@@@@
@@@@@@@@@@@@@@@@@@@@        @@@@@@@@@@
@@@@@@@@@@@@@@@@  @@  @@    @@@@@@@@@@
@@@@@@@@@@  @@@@  @@  @@    @@@@@@@@@@
@@@@@@@@@@        @@        @@@@@@@@@@
@@@@@@@@@@@@@@@@@@@@@@@@@@@@@@@@@@@@@@
@@@@@@@@@@@@@@@@@@@@@@@@@@@@@@@@@@@@@@
@@@@@@@@@@        @@        @@@@@@@@@@
@@@@@@@@@@    @@  @@  @@@@  @@@@@@@@@@
@@@@@@@@@@    @@  @@  @@@@  @@@@@@@@@@
@@@@@@@@@@        @@  @  @  @@@@@@@@@@
@@@@@@@@@@        @@        @@@@@@@@@@
@@@@@@@@@@@@@@@@@@@@@@@  @@@@@@@@@@@@@
@@@@@@@@@@@@@@@@@@@@@@@@@@@@@@@@@@@@@@
@@@@@@@@@@@@@@@@@@@@@@@@@@@@@@@@@@@@@@  Thank you for using jOOQ 3.7.2
                                      
16:24:37.946 - Stopping server...
16:24:40.023 - Starting server...
16:24:40.339 - Building registry...
16:24:41.069 - HikariCP pool HikariPool-0 is starting.
16:24:41.246 - Initializing 1 services...
16:24:41.382 - Ratpack started (development) for http://localhost:8888
16:27:43.352 - Stopping server...
16:27:49.886 - Starting server...
16:27:50.200 - Building registry...
16:27:50.990 - HikariCP pool HikariPool-0 is starting.
16:27:51.146 - Initializing 1 services...
16:27:51.274 - Ratpack started (development) for http://localhost:8888
16:28:15.221 - 
                                      
@@@@@@@@@@@@@@@@@@@@@@@@@@@@@@@@@@@@@@
@@@@@@@@@@@@@@@@@@@@@@@@@@@@@@@@@@@@@@
@@@@@@@@@@@@@@@@  @@        @@@@@@@@@@
@@@@@@@@@@@@@@@@@@@@        @@@@@@@@@@
@@@@@@@@@@@@@@@@  @@  @@    @@@@@@@@@@
@@@@@@@@@@  @@@@  @@  @@    @@@@@@@@@@
@@@@@@@@@@        @@        @@@@@@@@@@
@@@@@@@@@@@@@@@@@@@@@@@@@@@@@@@@@@@@@@
@@@@@@@@@@@@@@@@@@@@@@@@@@@@@@@@@@@@@@
@@@@@@@@@@        @@        @@@@@@@@@@
@@@@@@@@@@    @@  @@  @@@@  @@@@@@@@@@
@@@@@@@@@@    @@  @@  @@@@  @@@@@@@@@@
@@@@@@@@@@        @@  @  @  @@@@@@@@@@
@@@@@@@@@@        @@        @@@@@@@@@@
@@@@@@@@@@@@@@@@@@@@@@@  @@@@@@@@@@@@@
@@@@@@@@@@@@@@@@@@@@@@@@@@@@@@@@@@@@@@
@@@@@@@@@@@@@@@@@@@@@@@@@@@@@@@@@@@@@@  Thank you for using jOOQ 3.7.2
                                      
17:00:31.786 - Stopping server...
17:00:33.844 - Starting server...
17:00:34.144 - Building registry...
17:00:34.870 - HikariCP pool HikariPool-0 is starting.
17:00:35.028 - Initializing 1 services...
17:00:35.146 - Ratpack started (development) for http://localhost:8888
17:02:33.532 - Stopping server...
17:02:33.534 - Stopping 1 services...
17:02:33.535 - HikariCP pool HikariPool-0 is shutting down.
17:02:33.580 - Server stopped.
17:02:35.580 - Starting server...
17:02:35.923 - Building registry...
17:02:36.734 - HikariCP pool HikariPool-0 is starting.
17:02:36.880 - Initializing 1 services...
17:02:37.006 - Ratpack started (development) for http://localhost:8888
17:03:17.840 - Stopping server...
17:03:20.607 - Starting server...
17:03:20.932 - Building registry...
17:03:21.665 - HikariCP pool HikariPool-0 is starting.
17:03:21.813 - Initializing 1 services...
17:03:21.938 - Ratpack started (development) for http://localhost:8888
17:04:30.357 - Stopping server...
17:04:30.360 - Stopping 1 services...
17:04:30.361 - HikariCP pool HikariPool-0 is shutting down.
17:04:30.415 - Server stopped.
17:04:33.038 - Starting server...
17:04:33.339 - Building registry...
17:04:34.032 - HikariCP pool HikariPool-0 is starting.
17:04:34.196 - Initializing 1 services...
17:04:34.303 - Ratpack started (development) for http://localhost:8888
17:05:03.011 - Stopping server...
17:05:03.013 - Stopping 1 services...
17:05:03.015 - HikariCP pool HikariPool-0 is shutting down.
17:05:03.075 - Server stopped.
17:05:10.490 - Starting server...
17:05:10.789 - Building registry...
17:05:11.472 - HikariCP pool HikariPool-0 is starting.
17:05:11.644 - Initializing 1 services...
17:05:11.769 - Ratpack started (development) for http://localhost:8888
17:05:44.160 - Stopping server...
17:05:44.162 - Stopping 1 services...
17:05:44.163 - HikariCP pool HikariPool-0 is shutting down.
17:05:44.220 - Server stopped.
17:05:47.146 - Starting server...
17:05:47.453 - Building registry...
17:05:48.235 - HikariCP pool HikariPool-0 is starting.
17:05:48.388 - Initializing 1 services...
17:05:48.522 - Ratpack started (development) for http://localhost:8888
17:06:21.109 - Stopping server...
17:06:21.111 - Stopping 1 services...
17:06:21.113 - HikariCP pool HikariPool-0 is shutting down.
17:06:21.185 - Server stopped.
17:08:29.346 - Starting server...
17:08:29.742 - Building registry...
17:08:30.605 - HikariCP pool HikariPool-0 is starting.
17:08:30.808 - Initializing 1 services...
17:08:30.966 - Ratpack started (development) for http://localhost:8888
17:09:11.121 - Stopping server...
17:09:11.124 - Stopping 1 services...
17:09:11.125 - HikariCP pool HikariPool-0 is shutting down.
17:09:11.170 - Server stopped.
17:09:12.939 - Starting server...
17:09:13.228 - Building registry...
17:09:13.929 - HikariCP pool HikariPool-0 is starting.
17:09:14.086 - Initializing 1 services...
17:09:14.226 - Ratpack started (development) for http://localhost:8888
17:10:07.326 - Stopping server...
17:10:07.331 - Stopping 1 services...
17:10:07.332 - HikariCP pool HikariPool-0 is shutting down.
17:10:07.416 - Server stopped.
17:10:08.984 - Starting server...
17:10:09.275 - Building registry...
17:10:10.064 - HikariCP pool HikariPool-0 is starting.
17:10:10.217 - Initializing 1 services...
17:10:10.359 - Ratpack started (development) for http://localhost:8888
17:16:53.975 - Stopping server...
17:16:53.980 - Stopping 1 services...
17:16:53.982 - HikariCP pool HikariPool-0 is shutting down.
17:16:54.042 - Server stopped.
17:16:55.741 - Starting server...
17:16:56.036 - Building registry...
17:16:56.737 - HikariCP pool HikariPool-0 is starting.
17:16:56.895 - Initializing 1 services...
17:16:57.011 - Ratpack started (development) for http://localhost:8888
17:18:59.494 - Stopping server...
17:18:59.497 - Stopping 1 services...
17:18:59.498 - HikariCP pool HikariPool-0 is shutting down.
17:18:59.548 - Server stopped.
17:19:01.553 - Starting server...
17:19:01.848 - Building registry...
17:19:02.648 - HikariCP pool HikariPool-0 is starting.
17:19:02.792 - Initializing 1 services...
17:19:02.913 - Ratpack started (development) for http://localhost:8888
17:20:43.566 - Stopping server...
17:20:45.433 - Starting server...
17:20:45.703 - Building registry...
17:20:46.453 - HikariCP pool HikariPool-0 is starting.
17:20:46.604 - Initializing 1 services...
17:20:46.711 - Ratpack started (development) for http://localhost:8888
17:21:28.605 - Stopping server...
17:21:30.198 - Starting server...
17:21:30.504 - Building registry...
17:21:31.252 - HikariCP pool HikariPool-0 is starting.
17:21:31.404 - Initializing 1 services...
17:21:31.512 - Ratpack started (development) for http://localhost:8888
17:21:37.560 - 
                                      
@@@@@@@@@@@@@@@@@@@@@@@@@@@@@@@@@@@@@@
@@@@@@@@@@@@@@@@@@@@@@@@@@@@@@@@@@@@@@
@@@@@@@@@@@@@@@@  @@        @@@@@@@@@@
@@@@@@@@@@@@@@@@@@@@        @@@@@@@@@@
@@@@@@@@@@@@@@@@  @@  @@    @@@@@@@@@@
@@@@@@@@@@  @@@@  @@  @@    @@@@@@@@@@
@@@@@@@@@@        @@        @@@@@@@@@@
@@@@@@@@@@@@@@@@@@@@@@@@@@@@@@@@@@@@@@
@@@@@@@@@@@@@@@@@@@@@@@@@@@@@@@@@@@@@@
@@@@@@@@@@        @@        @@@@@@@@@@
@@@@@@@@@@    @@  @@  @@@@  @@@@@@@@@@
@@@@@@@@@@    @@  @@  @@@@  @@@@@@@@@@
@@@@@@@@@@        @@  @  @  @@@@@@@@@@
@@@@@@@@@@        @@        @@@@@@@@@@
@@@@@@@@@@@@@@@@@@@@@@@  @@@@@@@@@@@@@
@@@@@@@@@@@@@@@@@@@@@@@@@@@@@@@@@@@@@@
@@@@@@@@@@@@@@@@@@@@@@@@@@@@@@@@@@@@@@  Thank you for using jOOQ 3.7.2
                                      
17:30:48.709 - Stopping server...
17:30:50.596 - Starting server...
17:30:50.909 - Building registry...
17:30:51.706 - HikariCP pool HikariPool-0 is starting.
17:30:51.857 - Initializing 1 services...
17:30:51.959 - Ratpack started (development) for http://localhost:8888
17:35:39.898 - Stopping server...
17:35:45.603 - Starting server...
17:35:45.895 - Building registry...
17:35:46.633 - HikariCP pool HikariPool-0 is starting.
17:35:46.779 - Initializing 1 services...
17:35:46.895 - Ratpack started (development) for http://localhost:8888
17:53:51.782 - Stopping server...
17:53:54.463 - Starting server...
17:53:54.757 - Building registry...
17:53:55.462 - HikariCP pool HikariPool-0 is starting.
17:53:55.616 - Initializing 1 services...
17:53:55.741 - Ratpack started (development) for http://localhost:8888
17:55:15.765 - Stopping server...
17:55:18.356 - Starting server...
17:55:18.655 - Building registry...
17:55:19.368 - HikariCP pool HikariPool-0 is starting.
17:55:19.530 - Initializing 1 services...
17:55:19.657 - Ratpack started (development) for http://localhost:8888
17:56:57.225 - Stopping server...
17:56:59.321 - Starting server...
17:56:59.627 - Building registry...
17:57:00.340 - HikariCP pool HikariPool-0 is starting.
17:57:00.495 - Initializing 1 services...
17:57:00.638 - Ratpack started (development) for http://localhost:8888
18:01:33.219 - Stopping server...
18:01:39.775 - Starting server...
18:01:40.063 - Building registry...
18:01:40.715 - HikariCP pool HikariPool-0 is starting.
18:01:40.860 - Initializing 1 services...
18:01:40.958 - Ratpack started (development) for http://localhost:8888
18:02:40.650 - 
                                      
@@@@@@@@@@@@@@@@@@@@@@@@@@@@@@@@@@@@@@
@@@@@@@@@@@@@@@@@@@@@@@@@@@@@@@@@@@@@@
@@@@@@@@@@@@@@@@  @@        @@@@@@@@@@
@@@@@@@@@@@@@@@@@@@@        @@@@@@@@@@
@@@@@@@@@@@@@@@@  @@  @@    @@@@@@@@@@
@@@@@@@@@@  @@@@  @@  @@    @@@@@@@@@@
@@@@@@@@@@        @@        @@@@@@@@@@
@@@@@@@@@@@@@@@@@@@@@@@@@@@@@@@@@@@@@@
@@@@@@@@@@@@@@@@@@@@@@@@@@@@@@@@@@@@@@
@@@@@@@@@@        @@        @@@@@@@@@@
@@@@@@@@@@    @@  @@  @@@@  @@@@@@@@@@
@@@@@@@@@@    @@  @@  @@@@  @@@@@@@@@@
@@@@@@@@@@        @@  @  @  @@@@@@@@@@
@@@@@@@@@@        @@        @@@@@@@@@@
@@@@@@@@@@@@@@@@@@@@@@@  @@@@@@@@@@@@@
@@@@@@@@@@@@@@@@@@@@@@@@@@@@@@@@@@@@@@
@@@@@@@@@@@@@@@@@@@@@@@@@@@@@@@@@@@@@@  Thank you for using jOOQ 3.7.2
                                      
18:07:42.861 - Stopping server...
18:08:38.521 - Starting server...
18:08:38.814 - Building registry...
18:08:39.522 - HikariCP pool HikariPool-0 is starting.
18:08:39.684 - Initializing 1 services...
18:08:39.822 - Ratpack started (development) for http://localhost:8888
18:10:30.400 - Stopping server...
18:10:33.396 - Starting server...
18:10:33.717 - Building registry...
18:10:34.448 - HikariCP pool HikariPool-0 is starting.
18:10:34.607 - Initializing 1 services...
18:10:34.721 - Ratpack started (development) for http://localhost:8888
18:10:39.788 - 
                                      
@@@@@@@@@@@@@@@@@@@@@@@@@@@@@@@@@@@@@@
@@@@@@@@@@@@@@@@@@@@@@@@@@@@@@@@@@@@@@
@@@@@@@@@@@@@@@@  @@        @@@@@@@@@@
@@@@@@@@@@@@@@@@@@@@        @@@@@@@@@@
@@@@@@@@@@@@@@@@  @@  @@    @@@@@@@@@@
@@@@@@@@@@  @@@@  @@  @@    @@@@@@@@@@
@@@@@@@@@@        @@        @@@@@@@@@@
@@@@@@@@@@@@@@@@@@@@@@@@@@@@@@@@@@@@@@
@@@@@@@@@@@@@@@@@@@@@@@@@@@@@@@@@@@@@@
@@@@@@@@@@        @@        @@@@@@@@@@
@@@@@@@@@@    @@  @@  @@@@  @@@@@@@@@@
@@@@@@@@@@    @@  @@  @@@@  @@@@@@@@@@
@@@@@@@@@@        @@  @  @  @@@@@@@@@@
@@@@@@@@@@        @@        @@@@@@@@@@
@@@@@@@@@@@@@@@@@@@@@@@  @@@@@@@@@@@@@
@@@@@@@@@@@@@@@@@@@@@@@@@@@@@@@@@@@@@@
@@@@@@@@@@@@@@@@@@@@@@@@@@@@@@@@@@@@@@  Thank you for using jOOQ 3.7.2
                                      
18:13:22.420 - Stopping server...
18:13:24.583 - Starting server...
18:13:24.912 - Building registry...
18:13:25.681 - HikariCP pool HikariPool-0 is starting.
18:13:25.847 - Initializing 1 services...
18:13:26.025 - Ratpack started (development) for http://localhost:8888
21:55:20.343 - Stopping server...
21:55:28.929 - Starting server...
21:55:29.258 - Building registry...
21:55:30.018 - HikariCP pool HikariPool-0 is starting.
21:55:30.214 - Initializing 1 services...
21:55:30.353 - Ratpack started (development) for http://localhost:8888
21:56:39.118 - 
                                      
@@@@@@@@@@@@@@@@@@@@@@@@@@@@@@@@@@@@@@
@@@@@@@@@@@@@@@@@@@@@@@@@@@@@@@@@@@@@@
@@@@@@@@@@@@@@@@  @@        @@@@@@@@@@
@@@@@@@@@@@@@@@@@@@@        @@@@@@@@@@
@@@@@@@@@@@@@@@@  @@  @@    @@@@@@@@@@
@@@@@@@@@@  @@@@  @@  @@    @@@@@@@@@@
@@@@@@@@@@        @@        @@@@@@@@@@
@@@@@@@@@@@@@@@@@@@@@@@@@@@@@@@@@@@@@@
@@@@@@@@@@@@@@@@@@@@@@@@@@@@@@@@@@@@@@
@@@@@@@@@@        @@        @@@@@@@@@@
@@@@@@@@@@    @@  @@  @@@@  @@@@@@@@@@
@@@@@@@@@@    @@  @@  @@@@  @@@@@@@@@@
@@@@@@@@@@        @@  @  @  @@@@@@@@@@
@@@@@@@@@@        @@        @@@@@@@@@@
@@@@@@@@@@@@@@@@@@@@@@@  @@@@@@@@@@@@@
@@@@@@@@@@@@@@@@@@@@@@@@@@@@@@@@@@@@@@
@@@@@@@@@@@@@@@@@@@@@@@@@@@@@@@@@@@@@@  Thank you for using jOOQ 3.7.2
                                      
