10:04:28.954 - Stopping server...
10:04:30.893 - Starting server...
10:04:31.235 - Building registry...
10:04:32.039 - HikariCP pool HikariPool-0 is starting.
10:04:32.206 - Initializing 1 services...
10:04:32.335 - Ratpack started (development) for http://localhost:8888
10:04:33.583 - 
                                      
@@@@@@@@@@@@@@@@@@@@@@@@@@@@@@@@@@@@@@
@@@@@@@@@@@@@@@@@@@@@@@@@@@@@@@@@@@@@@
@@@@@@@@@@@@@@@@  @@        @@@@@@@@@@
@@@@@@@@@@@@@@@@@@@@        @@@@@@@@@@
@@@@@@@@@@@@@@@@  @@  @@    @@@@@@@@@@
@@@@@@@@@@  @@@@  @@  @@    @@@@@@@@@@
@@@@@@@@@@        @@        @@@@@@@@@@
@@@@@@@@@@@@@@@@@@@@@@@@@@@@@@@@@@@@@@
@@@@@@@@@@@@@@@@@@@@@@@@@@@@@@@@@@@@@@
@@@@@@@@@@        @@        @@@@@@@@@@
@@@@@@@@@@    @@  @@  @@@@  @@@@@@@@@@
@@@@@@@@@@    @@  @@  @@@@  @@@@@@@@@@
@@@@@@@@@@        @@  @  @  @@@@@@@@@@
@@@@@@@@@@        @@        @@@@@@@@@@
@@@@@@@@@@@@@@@@@@@@@@@  @@@@@@@@@@@@@
@@@@@@@@@@@@@@@@@@@@@@@@@@@@@@@@@@@@@@
@@@@@@@@@@@@@@@@@@@@@@@@@@@@@@@@@@@@@@  Thank you for using jOOQ 3.7.2
                                      
10:05:06.829 - Stopping server...
10:05:06.830 - Stopping 1 services...
10:05:06.831 - HikariCP pool HikariPool-0 is shutting down.
10:05:06.984 - Server stopped.
10:05:08.489 - Starting server...
10:05:08.803 - Building registry...
10:05:09.663 - HikariCP pool HikariPool-0 is starting.
10:05:09.822 - Initializing 1 services...
10:05:09.940 - Ratpack started (development) for http://localhost:8888
10:09:38.792 - Stopping server...
10:09:40.257 - Starting server...
10:09:40.553 - Building registry...
10:09:41.312 - HikariCP pool HikariPool-0 is starting.
10:09:41.466 - Initializing 1 services...
10:09:41.578 - Ratpack started (development) for http://localhost:8888
10:10:36.382 - Stopping server...
10:10:36.384 - Stopping 1 services...
10:10:36.386 - HikariCP pool HikariPool-0 is shutting down.
10:10:36.433 - Server stopped.
10:10:37.705 - Starting server...
10:10:38.010 - Building registry...
10:10:38.760 - HikariCP pool HikariPool-0 is starting.
10:10:38.913 - Initializing 1 services...
10:10:39.031 - Ratpack started (development) for http://localhost:8888
10:10:44.506 - 
                                      
@@@@@@@@@@@@@@@@@@@@@@@@@@@@@@@@@@@@@@
@@@@@@@@@@@@@@@@@@@@@@@@@@@@@@@@@@@@@@
@@@@@@@@@@@@@@@@  @@        @@@@@@@@@@
@@@@@@@@@@@@@@@@@@@@        @@@@@@@@@@
@@@@@@@@@@@@@@@@  @@  @@    @@@@@@@@@@
@@@@@@@@@@  @@@@  @@  @@    @@@@@@@@@@
@@@@@@@@@@        @@        @@@@@@@@@@
@@@@@@@@@@@@@@@@@@@@@@@@@@@@@@@@@@@@@@
@@@@@@@@@@@@@@@@@@@@@@@@@@@@@@@@@@@@@@
@@@@@@@@@@        @@        @@@@@@@@@@
@@@@@@@@@@    @@  @@  @@@@  @@@@@@@@@@
@@@@@@@@@@    @@  @@  @@@@  @@@@@@@@@@
@@@@@@@@@@        @@  @  @  @@@@@@@@@@
@@@@@@@@@@        @@        @@@@@@@@@@
@@@@@@@@@@@@@@@@@@@@@@@  @@@@@@@@@@@@@
@@@@@@@@@@@@@@@@@@@@@@@@@@@@@@@@@@@@@@
@@@@@@@@@@@@@@@@@@@@@@@@@@@@@@@@@@@@@@  Thank you for using jOOQ 3.7.2
                                      
10:11:20.966 - Stopping server...
10:11:22.320 - Starting server...
10:11:22.615 - Building registry...
10:11:23.383 - HikariCP pool HikariPool-0 is starting.
10:11:23.557 - Initializing 1 services...
10:11:23.675 - Ratpack started (development) for http://localhost:8888
10:11:29.085 - 
                                      
@@@@@@@@@@@@@@@@@@@@@@@@@@@@@@@@@@@@@@
@@@@@@@@@@@@@@@@@@@@@@@@@@@@@@@@@@@@@@
@@@@@@@@@@@@@@@@  @@        @@@@@@@@@@
@@@@@@@@@@@@@@@@@@@@        @@@@@@@@@@
@@@@@@@@@@@@@@@@  @@  @@    @@@@@@@@@@
@@@@@@@@@@  @@@@  @@  @@    @@@@@@@@@@
@@@@@@@@@@        @@        @@@@@@@@@@
@@@@@@@@@@@@@@@@@@@@@@@@@@@@@@@@@@@@@@
@@@@@@@@@@@@@@@@@@@@@@@@@@@@@@@@@@@@@@
@@@@@@@@@@        @@        @@@@@@@@@@
@@@@@@@@@@    @@  @@  @@@@  @@@@@@@@@@
@@@@@@@@@@    @@  @@  @@@@  @@@@@@@@@@
@@@@@@@@@@        @@  @  @  @@@@@@@@@@
@@@@@@@@@@        @@        @@@@@@@@@@
@@@@@@@@@@@@@@@@@@@@@@@  @@@@@@@@@@@@@
@@@@@@@@@@@@@@@@@@@@@@@@@@@@@@@@@@@@@@
@@@@@@@@@@@@@@@@@@@@@@@@@@@@@@@@@@@@@@  Thank you for using jOOQ 3.7.2
                                      
10:18:15.422 - Stopping server...
10:18:16.595 - Starting server...
10:18:16.903 - Building registry...
10:18:17.649 - HikariCP pool HikariPool-0 is starting.
10:18:17.817 - Initializing 1 services...
10:18:17.928 - Ratpack started (development) for http://localhost:8888
10:19:01.864 - Stopping server...
10:19:03.003 - Starting server...
10:19:03.303 - Building registry...
10:19:04.164 - HikariCP pool HikariPool-0 is starting.
10:19:04.326 - Initializing 1 services...
10:19:04.456 - Ratpack started (development) for http://localhost:8888
10:45:19.849 - Stopping server...
10:45:21.342 - Starting server...
10:45:21.709 - Building registry...
10:45:22.575 - HikariCP pool HikariPool-0 is starting.
10:45:22.766 - Initializing 1 services...
10:45:22.900 - Ratpack started (development) for http://localhost:8888
10:48:01.378 - Stopping server...
10:48:01.379 - Stopping 1 services...
10:48:01.380 - HikariCP pool HikariPool-0 is shutting down.
10:48:01.436 - Server stopped.
10:48:03.327 - Starting server...
10:48:03.657 - Building registry...
10:48:04.445 - HikariCP pool HikariPool-0 is starting.
10:48:04.619 - Initializing 1 services...
10:48:04.759 - Ratpack started (development) for http://localhost:8888
10:49:59.199 - 
                                      
@@@@@@@@@@@@@@@@@@@@@@@@@@@@@@@@@@@@@@
@@@@@@@@@@@@@@@@@@@@@@@@@@@@@@@@@@@@@@
@@@@@@@@@@@@@@@@  @@        @@@@@@@@@@
@@@@@@@@@@@@@@@@@@@@        @@@@@@@@@@
@@@@@@@@@@@@@@@@  @@  @@    @@@@@@@@@@
@@@@@@@@@@  @@@@  @@  @@    @@@@@@@@@@
@@@@@@@@@@        @@        @@@@@@@@@@
@@@@@@@@@@@@@@@@@@@@@@@@@@@@@@@@@@@@@@
@@@@@@@@@@@@@@@@@@@@@@@@@@@@@@@@@@@@@@
@@@@@@@@@@        @@        @@@@@@@@@@
@@@@@@@@@@    @@  @@  @@@@  @@@@@@@@@@
@@@@@@@@@@    @@  @@  @@@@  @@@@@@@@@@
@@@@@@@@@@        @@  @  @  @@@@@@@@@@
@@@@@@@@@@        @@        @@@@@@@@@@
@@@@@@@@@@@@@@@@@@@@@@@  @@@@@@@@@@@@@
@@@@@@@@@@@@@@@@@@@@@@@@@@@@@@@@@@@@@@
@@@@@@@@@@@@@@@@@@@@@@@@@@@@@@@@@@@@@@  Thank you for using jOOQ 3.7.2
                                      
10:50:51.139 - Stopping server...
10:50:51.141 - Stopping 1 services...
10:50:51.142 - HikariCP pool HikariPool-0 is shutting down.
10:50:51.308 - Server stopped.
10:50:52.854 - Starting server...
10:50:53.204 - Building registry...
10:50:54.062 - HikariCP pool HikariPool-0 is starting.
10:50:54.235 - Initializing 1 services...
10:50:54.381 - Ratpack started (development) for http://localhost:8888
11:07:32.794 - Stopping server...
11:07:34.422 - Starting server...
11:07:34.799 - Building registry...
11:07:35.668 - HikariCP pool HikariPool-0 is starting.
11:07:35.840 - Initializing 1 services...
11:07:35.955 - Ratpack started (development) for http://localhost:8888
11:07:37.274 - 
                                      
@@@@@@@@@@@@@@@@@@@@@@@@@@@@@@@@@@@@@@
@@@@@@@@@@@@@@@@@@@@@@@@@@@@@@@@@@@@@@
@@@@@@@@@@@@@@@@  @@        @@@@@@@@@@
@@@@@@@@@@@@@@@@@@@@        @@@@@@@@@@
@@@@@@@@@@@@@@@@  @@  @@    @@@@@@@@@@
@@@@@@@@@@  @@@@  @@  @@    @@@@@@@@@@
@@@@@@@@@@        @@        @@@@@@@@@@
@@@@@@@@@@@@@@@@@@@@@@@@@@@@@@@@@@@@@@
@@@@@@@@@@@@@@@@@@@@@@@@@@@@@@@@@@@@@@
@@@@@@@@@@        @@        @@@@@@@@@@
@@@@@@@@@@    @@  @@  @@@@  @@@@@@@@@@
@@@@@@@@@@    @@  @@  @@@@  @@@@@@@@@@
@@@@@@@@@@        @@  @  @  @@@@@@@@@@
@@@@@@@@@@        @@        @@@@@@@@@@
@@@@@@@@@@@@@@@@@@@@@@@  @@@@@@@@@@@@@
@@@@@@@@@@@@@@@@@@@@@@@@@@@@@@@@@@@@@@
@@@@@@@@@@@@@@@@@@@@@@@@@@@@@@@@@@@@@@  Thank you for using jOOQ 3.7.2
                                      
11:08:00.696 - Stopping server...
11:08:01.912 - Starting server...
11:08:02.235 - Building registry...
11:08:02.986 - HikariCP pool HikariPool-0 is starting.
11:08:03.152 - Initializing 1 services...
11:08:03.290 - Ratpack started (development) for http://localhost:8888
11:08:34.133 - Stopping server...
11:08:35.986 - Starting server...
11:08:36.301 - Building registry...
11:08:37.102 - HikariCP pool HikariPool-0 is starting.
11:08:37.266 - Initializing 1 services...
11:08:37.402 - Ratpack started (development) for http://localhost:8888
11:08:40.017 - 
                                      
@@@@@@@@@@@@@@@@@@@@@@@@@@@@@@@@@@@@@@
@@@@@@@@@@@@@@@@@@@@@@@@@@@@@@@@@@@@@@
@@@@@@@@@@@@@@@@  @@        @@@@@@@@@@
@@@@@@@@@@@@@@@@@@@@        @@@@@@@@@@
@@@@@@@@@@@@@@@@  @@  @@    @@@@@@@@@@
@@@@@@@@@@  @@@@  @@  @@    @@@@@@@@@@
@@@@@@@@@@        @@        @@@@@@@@@@
@@@@@@@@@@@@@@@@@@@@@@@@@@@@@@@@@@@@@@
@@@@@@@@@@@@@@@@@@@@@@@@@@@@@@@@@@@@@@
@@@@@@@@@@        @@        @@@@@@@@@@
@@@@@@@@@@    @@  @@  @@@@  @@@@@@@@@@
@@@@@@@@@@    @@  @@  @@@@  @@@@@@@@@@
@@@@@@@@@@        @@  @  @  @@@@@@@@@@
@@@@@@@@@@        @@        @@@@@@@@@@
@@@@@@@@@@@@@@@@@@@@@@@  @@@@@@@@@@@@@
@@@@@@@@@@@@@@@@@@@@@@@@@@@@@@@@@@@@@@
@@@@@@@@@@@@@@@@@@@@@@@@@@@@@@@@@@@@@@  Thank you for using jOOQ 3.7.2
                                      
11:09:01.875 - Stopping server...
11:09:03.226 - Starting server...
11:09:03.532 - Building registry...
11:09:04.286 - HikariCP pool HikariPool-0 is starting.
11:09:04.483 - Initializing 1 services...
11:09:04.604 - Ratpack started (development) for http://localhost:8888
11:10:04.407 - Stopping server...
11:10:04.409 - Stopping 1 services...
11:10:04.410 - HikariCP pool HikariPool-0 is shutting down.
11:10:04.466 - Server stopped.
11:10:05.803 - Starting server...
11:10:06.125 - Building registry...
11:10:06.844 - HikariCP pool HikariPool-0 is starting.
11:10:07.009 - Initializing 1 services...
11:10:07.143 - Ratpack started (development) for http://localhost:8888
11:11:30.131 - Stopping server...
11:11:31.867 - Starting server...
11:11:32.177 - Building registry...
11:11:32.898 - HikariCP pool HikariPool-0 is starting.
11:11:33.065 - Initializing 1 services...
11:11:33.199 - Ratpack started (development) for http://localhost:8888
11:11:35.125 - 
                                      
@@@@@@@@@@@@@@@@@@@@@@@@@@@@@@@@@@@@@@
@@@@@@@@@@@@@@@@@@@@@@@@@@@@@@@@@@@@@@
@@@@@@@@@@@@@@@@  @@        @@@@@@@@@@
@@@@@@@@@@@@@@@@@@@@        @@@@@@@@@@
@@@@@@@@@@@@@@@@  @@  @@    @@@@@@@@@@
@@@@@@@@@@  @@@@  @@  @@    @@@@@@@@@@
@@@@@@@@@@        @@        @@@@@@@@@@
@@@@@@@@@@@@@@@@@@@@@@@@@@@@@@@@@@@@@@
@@@@@@@@@@@@@@@@@@@@@@@@@@@@@@@@@@@@@@
@@@@@@@@@@        @@        @@@@@@@@@@
@@@@@@@@@@    @@  @@  @@@@  @@@@@@@@@@
@@@@@@@@@@    @@  @@  @@@@  @@@@@@@@@@
@@@@@@@@@@        @@  @  @  @@@@@@@@@@
@@@@@@@@@@        @@        @@@@@@@@@@
@@@@@@@@@@@@@@@@@@@@@@@  @@@@@@@@@@@@@
@@@@@@@@@@@@@@@@@@@@@@@@@@@@@@@@@@@@@@
@@@@@@@@@@@@@@@@@@@@@@@@@@@@@@@@@@@@@@  Thank you for using jOOQ 3.7.2
                                      
11:14:34.143 - Stopping server...
11:14:35.671 - Starting server...
11:14:35.978 - Building registry...
11:14:36.726 - HikariCP pool HikariPool-0 is starting.
11:14:36.886 - Initializing 1 services...
11:14:37.003 - Ratpack started (development) for http://localhost:8888
11:14:39.650 - 
                                      
@@@@@@@@@@@@@@@@@@@@@@@@@@@@@@@@@@@@@@
@@@@@@@@@@@@@@@@@@@@@@@@@@@@@@@@@@@@@@
@@@@@@@@@@@@@@@@  @@        @@@@@@@@@@
@@@@@@@@@@@@@@@@@@@@        @@@@@@@@@@
@@@@@@@@@@@@@@@@  @@  @@    @@@@@@@@@@
@@@@@@@@@@  @@@@  @@  @@    @@@@@@@@@@
@@@@@@@@@@        @@        @@@@@@@@@@
@@@@@@@@@@@@@@@@@@@@@@@@@@@@@@@@@@@@@@
@@@@@@@@@@@@@@@@@@@@@@@@@@@@@@@@@@@@@@
@@@@@@@@@@        @@        @@@@@@@@@@
@@@@@@@@@@    @@  @@  @@@@  @@@@@@@@@@
@@@@@@@@@@    @@  @@  @@@@  @@@@@@@@@@
@@@@@@@@@@        @@  @  @  @@@@@@@@@@
@@@@@@@@@@        @@        @@@@@@@@@@
@@@@@@@@@@@@@@@@@@@@@@@  @@@@@@@@@@@@@
@@@@@@@@@@@@@@@@@@@@@@@@@@@@@@@@@@@@@@
@@@@@@@@@@@@@@@@@@@@@@@@@@@@@@@@@@@@@@  Thank you for using jOOQ 3.7.2
                                      
15:34:39.100 - Stopping server...
15:34:40.838 - Starting server...
15:34:41.243 - Building registry...
15:34:42.155 - HikariCP pool HikariPool-0 is starting.
15:34:42.356 - Initializing 1 services...
15:34:42.524 - Ratpack started (development) for http://localhost:8888
15:34:54.861 - 
                                      
@@@@@@@@@@@@@@@@@@@@@@@@@@@@@@@@@@@@@@
@@@@@@@@@@@@@@@@@@@@@@@@@@@@@@@@@@@@@@
@@@@@@@@@@@@@@@@  @@        @@@@@@@@@@
@@@@@@@@@@@@@@@@@@@@        @@@@@@@@@@
@@@@@@@@@@@@@@@@  @@  @@    @@@@@@@@@@
@@@@@@@@@@  @@@@  @@  @@    @@@@@@@@@@
@@@@@@@@@@        @@        @@@@@@@@@@
@@@@@@@@@@@@@@@@@@@@@@@@@@@@@@@@@@@@@@
@@@@@@@@@@@@@@@@@@@@@@@@@@@@@@@@@@@@@@
@@@@@@@@@@        @@        @@@@@@@@@@
@@@@@@@@@@    @@  @@  @@@@  @@@@@@@@@@
@@@@@@@@@@    @@  @@  @@@@  @@@@@@@@@@
@@@@@@@@@@        @@  @  @  @@@@@@@@@@
@@@@@@@@@@        @@        @@@@@@@@@@
@@@@@@@@@@@@@@@@@@@@@@@  @@@@@@@@@@@@@
@@@@@@@@@@@@@@@@@@@@@@@@@@@@@@@@@@@@@@
@@@@@@@@@@@@@@@@@@@@@@@@@@@@@@@@@@@@@@  Thank you for using jOOQ 3.7.2
                                      
17:07:31.164 - Stopping server...
17:07:31.170 - Stopping 1 services...
17:07:31.176 - HikariCP pool HikariPool-0 is shutting down.
17:07:31.446 - Server stopped.
17:07:33.106 - Starting server...
17:07:33.607 - Building registry...
17:07:34.719 - HikariCP pool HikariPool-0 is starting.
17:07:34.962 - Initializing 1 services...
17:07:35.119 - Ratpack started (development) for http://localhost:8888
17:07:38.915 - 
                                      
@@@@@@@@@@@@@@@@@@@@@@@@@@@@@@@@@@@@@@
@@@@@@@@@@@@@@@@@@@@@@@@@@@@@@@@@@@@@@
@@@@@@@@@@@@@@@@  @@        @@@@@@@@@@
@@@@@@@@@@@@@@@@@@@@        @@@@@@@@@@
@@@@@@@@@@@@@@@@  @@  @@    @@@@@@@@@@
@@@@@@@@@@  @@@@  @@  @@    @@@@@@@@@@
@@@@@@@@@@        @@        @@@@@@@@@@
@@@@@@@@@@@@@@@@@@@@@@@@@@@@@@@@@@@@@@
@@@@@@@@@@@@@@@@@@@@@@@@@@@@@@@@@@@@@@
@@@@@@@@@@        @@        @@@@@@@@@@
@@@@@@@@@@    @@  @@  @@@@  @@@@@@@@@@
@@@@@@@@@@    @@  @@  @@@@  @@@@@@@@@@
@@@@@@@@@@        @@  @  @  @@@@@@@@@@
@@@@@@@@@@        @@        @@@@@@@@@@
@@@@@@@@@@@@@@@@@@@@@@@  @@@@@@@@@@@@@
@@@@@@@@@@@@@@@@@@@@@@@@@@@@@@@@@@@@@@
@@@@@@@@@@@@@@@@@@@@@@@@@@@@@@@@@@@@@@  Thank you for using jOOQ 3.7.2
                                      
17:11:29.373 - Stopping server...
17:11:29.376 - Stopping 1 services...
17:11:29.378 - HikariCP pool HikariPool-0 is shutting down.
17:11:29.590 - Server stopped.
17:11:31.254 - Starting server...
17:11:31.626 - Building registry...
17:11:32.491 - HikariCP pool HikariPool-0 is starting.
17:11:32.670 - Initializing 1 services...
17:11:32.825 - Ratpack started (development) for http://localhost:8888
17:11:36.560 - 
                                      
@@@@@@@@@@@@@@@@@@@@@@@@@@@@@@@@@@@@@@
@@@@@@@@@@@@@@@@@@@@@@@@@@@@@@@@@@@@@@
@@@@@@@@@@@@@@@@  @@        @@@@@@@@@@
@@@@@@@@@@@@@@@@@@@@        @@@@@@@@@@
@@@@@@@@@@@@@@@@  @@  @@    @@@@@@@@@@
@@@@@@@@@@  @@@@  @@  @@    @@@@@@@@@@
@@@@@@@@@@        @@        @@@@@@@@@@
@@@@@@@@@@@@@@@@@@@@@@@@@@@@@@@@@@@@@@
@@@@@@@@@@@@@@@@@@@@@@@@@@@@@@@@@@@@@@
@@@@@@@@@@        @@        @@@@@@@@@@
@@@@@@@@@@    @@  @@  @@@@  @@@@@@@@@@
@@@@@@@@@@    @@  @@  @@@@  @@@@@@@@@@
@@@@@@@@@@        @@  @  @  @@@@@@@@@@
@@@@@@@@@@        @@        @@@@@@@@@@
@@@@@@@@@@@@@@@@@@@@@@@  @@@@@@@@@@@@@
@@@@@@@@@@@@@@@@@@@@@@@@@@@@@@@@@@@@@@
@@@@@@@@@@@@@@@@@@@@@@@@@@@@@@@@@@@@@@  Thank you for using jOOQ 3.7.2
                                      
17:11:53.081 - Stopping server...
17:11:53.083 - Stopping 1 services...
17:11:53.085 - HikariCP pool HikariPool-0 is shutting down.
17:11:53.289 - Server stopped.
17:11:54.572 - Starting server...
17:11:54.895 - Building registry...
17:11:56.098 - HikariCP pool HikariPool-0 is starting.
17:11:56.291 - Initializing 1 services...
17:11:56.448 - Ratpack started (development) for http://localhost:8888
17:11:57.691 - 
                                      
@@@@@@@@@@@@@@@@@@@@@@@@@@@@@@@@@@@@@@
@@@@@@@@@@@@@@@@@@@@@@@@@@@@@@@@@@@@@@
@@@@@@@@@@@@@@@@  @@        @@@@@@@@@@
@@@@@@@@@@@@@@@@@@@@        @@@@@@@@@@
@@@@@@@@@@@@@@@@  @@  @@    @@@@@@@@@@
@@@@@@@@@@  @@@@  @@  @@    @@@@@@@@@@
@@@@@@@@@@        @@        @@@@@@@@@@
@@@@@@@@@@@@@@@@@@@@@@@@@@@@@@@@@@@@@@
@@@@@@@@@@@@@@@@@@@@@@@@@@@@@@@@@@@@@@
@@@@@@@@@@        @@        @@@@@@@@@@
@@@@@@@@@@    @@  @@  @@@@  @@@@@@@@@@
@@@@@@@@@@    @@  @@  @@@@  @@@@@@@@@@
@@@@@@@@@@        @@  @  @  @@@@@@@@@@
@@@@@@@@@@        @@        @@@@@@@@@@
@@@@@@@@@@@@@@@@@@@@@@@  @@@@@@@@@@@@@
@@@@@@@@@@@@@@@@@@@@@@@@@@@@@@@@@@@@@@
@@@@@@@@@@@@@@@@@@@@@@@@@@@@@@@@@@@@@@  Thank you for using jOOQ 3.7.2
                                      
17:16:17.527 - Stopping server...
17:16:17.533 - Stopping 1 services...
17:16:17.538 - HikariCP pool HikariPool-0 is shutting down.
17:16:17.788 - Server stopped.
17:16:19.594 - Starting server...
17:16:19.972 - Building registry...
17:16:20.843 - HikariCP pool HikariPool-0 is starting.
17:16:21.048 - Initializing 1 services...
17:16:21.182 - Ratpack started (development) for http://localhost:8888
17:16:26.109 - 
                                      
@@@@@@@@@@@@@@@@@@@@@@@@@@@@@@@@@@@@@@
@@@@@@@@@@@@@@@@@@@@@@@@@@@@@@@@@@@@@@
@@@@@@@@@@@@@@@@  @@        @@@@@@@@@@
@@@@@@@@@@@@@@@@@@@@        @@@@@@@@@@
@@@@@@@@@@@@@@@@  @@  @@    @@@@@@@@@@
@@@@@@@@@@  @@@@  @@  @@    @@@@@@@@@@
@@@@@@@@@@        @@        @@@@@@@@@@
@@@@@@@@@@@@@@@@@@@@@@@@@@@@@@@@@@@@@@
@@@@@@@@@@@@@@@@@@@@@@@@@@@@@@@@@@@@@@
@@@@@@@@@@        @@        @@@@@@@@@@
@@@@@@@@@@    @@  @@  @@@@  @@@@@@@@@@
@@@@@@@@@@    @@  @@  @@@@  @@@@@@@@@@
@@@@@@@@@@        @@  @  @  @@@@@@@@@@
@@@@@@@@@@        @@        @@@@@@@@@@
@@@@@@@@@@@@@@@@@@@@@@@  @@@@@@@@@@@@@
@@@@@@@@@@@@@@@@@@@@@@@@@@@@@@@@@@@@@@
@@@@@@@@@@@@@@@@@@@@@@@@@@@@@@@@@@@@@@  Thank you for using jOOQ 3.7.2
                                      
17:21:44.180 - Stopping server...
17:21:45.833 - Starting server...
17:21:46.199 - Building registry...
17:21:47.560 - HikariCP pool HikariPool-0 is starting.
17:21:47.747 - Initializing 1 services...
17:21:47.874 - Ratpack started (development) for http://localhost:8888
17:21:49.447 - 
                                      
@@@@@@@@@@@@@@@@@@@@@@@@@@@@@@@@@@@@@@
@@@@@@@@@@@@@@@@@@@@@@@@@@@@@@@@@@@@@@
@@@@@@@@@@@@@@@@  @@        @@@@@@@@@@
@@@@@@@@@@@@@@@@@@@@        @@@@@@@@@@
@@@@@@@@@@@@@@@@  @@  @@    @@@@@@@@@@
@@@@@@@@@@  @@@@  @@  @@    @@@@@@@@@@
@@@@@@@@@@        @@        @@@@@@@@@@
@@@@@@@@@@@@@@@@@@@@@@@@@@@@@@@@@@@@@@
@@@@@@@@@@@@@@@@@@@@@@@@@@@@@@@@@@@@@@
@@@@@@@@@@        @@        @@@@@@@@@@
@@@@@@@@@@    @@  @@  @@@@  @@@@@@@@@@
@@@@@@@@@@    @@  @@  @@@@  @@@@@@@@@@
@@@@@@@@@@        @@  @  @  @@@@@@@@@@
@@@@@@@@@@        @@        @@@@@@@@@@
@@@@@@@@@@@@@@@@@@@@@@@  @@@@@@@@@@@@@
@@@@@@@@@@@@@@@@@@@@@@@@@@@@@@@@@@@@@@
@@@@@@@@@@@@@@@@@@@@@@@@@@@@@@@@@@@@@@  Thank you for using jOOQ 3.7.2
                                      
