00:12:06.034 - Stopping server...
00:12:06.036 - Stopping 1 services...
00:12:06.037 - HikariCP pool HikariPool-0 is shutting down.
00:12:06.117 - Server stopped.
00:12:08.292 - Starting server...
00:12:08.713 - Building registry...
00:12:09.671 - HikariCP pool HikariPool-0 is starting.
00:12:09.822 - Initializing 1 services...
00:12:09.970 - Ratpack started (development) for http://localhost:8888
00:12:13.805 - 
                                      
@@@@@@@@@@@@@@@@@@@@@@@@@@@@@@@@@@@@@@
@@@@@@@@@@@@@@@@@@@@@@@@@@@@@@@@@@@@@@
@@@@@@@@@@@@@@@@  @@        @@@@@@@@@@
@@@@@@@@@@@@@@@@@@@@        @@@@@@@@@@
@@@@@@@@@@@@@@@@  @@  @@    @@@@@@@@@@
@@@@@@@@@@  @@@@  @@  @@    @@@@@@@@@@
@@@@@@@@@@        @@        @@@@@@@@@@
@@@@@@@@@@@@@@@@@@@@@@@@@@@@@@@@@@@@@@
@@@@@@@@@@@@@@@@@@@@@@@@@@@@@@@@@@@@@@
@@@@@@@@@@        @@        @@@@@@@@@@
@@@@@@@@@@    @@  @@  @@@@  @@@@@@@@@@
@@@@@@@@@@    @@  @@  @@@@  @@@@@@@@@@
@@@@@@@@@@        @@  @  @  @@@@@@@@@@
@@@@@@@@@@        @@        @@@@@@@@@@
@@@@@@@@@@@@@@@@@@@@@@@  @@@@@@@@@@@@@
@@@@@@@@@@@@@@@@@@@@@@@@@@@@@@@@@@@@@@
@@@@@@@@@@@@@@@@@@@@@@@@@@@@@@@@@@@@@@  Thank you for using jOOQ 3.7.3
                                      
00:16:02.733 - Stopping server...
00:16:02.735 - Stopping 1 services...
00:16:02.736 - HikariCP pool HikariPool-0 is shutting down.
00:16:02.870 - Server stopped.
00:16:04.298 - Starting server...
00:16:04.609 - Building registry...
00:16:05.428 - HikariCP pool HikariPool-0 is starting.
00:16:05.564 - Initializing 1 services...
00:16:05.689 - Ratpack started (development) for http://localhost:8888
00:16:07.856 - 
                                      
@@@@@@@@@@@@@@@@@@@@@@@@@@@@@@@@@@@@@@
@@@@@@@@@@@@@@@@@@@@@@@@@@@@@@@@@@@@@@
@@@@@@@@@@@@@@@@  @@        @@@@@@@@@@
@@@@@@@@@@@@@@@@@@@@        @@@@@@@@@@
@@@@@@@@@@@@@@@@  @@  @@    @@@@@@@@@@
@@@@@@@@@@  @@@@  @@  @@    @@@@@@@@@@
@@@@@@@@@@        @@        @@@@@@@@@@
@@@@@@@@@@@@@@@@@@@@@@@@@@@@@@@@@@@@@@
@@@@@@@@@@@@@@@@@@@@@@@@@@@@@@@@@@@@@@
@@@@@@@@@@        @@        @@@@@@@@@@
@@@@@@@@@@    @@  @@  @@@@  @@@@@@@@@@
@@@@@@@@@@    @@  @@  @@@@  @@@@@@@@@@
@@@@@@@@@@        @@  @  @  @@@@@@@@@@
@@@@@@@@@@        @@        @@@@@@@@@@
@@@@@@@@@@@@@@@@@@@@@@@  @@@@@@@@@@@@@
@@@@@@@@@@@@@@@@@@@@@@@@@@@@@@@@@@@@@@
@@@@@@@@@@@@@@@@@@@@@@@@@@@@@@@@@@@@@@  Thank you for using jOOQ 3.7.3
                                      
10:52:23.610 - Stopping server...
10:52:23.613 - Stopping 1 services...
10:52:23.616 - HikariCP pool HikariPool-0 is shutting down.
10:52:23.704 - Server stopped.
10:52:25.302 - Starting server...
10:52:25.760 - Building registry...
10:52:26.584 - HikariCP pool HikariPool-0 is starting.
10:52:26.703 - Initializing 1 services...
10:52:26.817 - Ratpack started (development) for http://localhost:8888
10:52:33.990 - Stopping server...
10:52:33.992 - Stopping 1 services...
10:52:33.993 - HikariCP pool HikariPool-0 is shutting down.
10:52:34.044 - Server stopped.
10:52:35.725 - Starting server...
10:52:36.019 - Building registry...
10:52:36.759 - HikariCP pool HikariPool-0 is starting.
10:52:36.874 - Initializing 1 services...
10:52:36.989 - Ratpack started (development) for http://localhost:8888
10:52:44.701 - 
                                      
@@@@@@@@@@@@@@@@@@@@@@@@@@@@@@@@@@@@@@
@@@@@@@@@@@@@@@@@@@@@@@@@@@@@@@@@@@@@@
@@@@@@@@@@@@@@@@  @@        @@@@@@@@@@
@@@@@@@@@@@@@@@@@@@@        @@@@@@@@@@
@@@@@@@@@@@@@@@@  @@  @@    @@@@@@@@@@
@@@@@@@@@@  @@@@  @@  @@    @@@@@@@@@@
@@@@@@@@@@        @@        @@@@@@@@@@
@@@@@@@@@@@@@@@@@@@@@@@@@@@@@@@@@@@@@@
@@@@@@@@@@@@@@@@@@@@@@@@@@@@@@@@@@@@@@
@@@@@@@@@@        @@        @@@@@@@@@@
@@@@@@@@@@    @@  @@  @@@@  @@@@@@@@@@
@@@@@@@@@@    @@  @@  @@@@  @@@@@@@@@@
@@@@@@@@@@        @@  @  @  @@@@@@@@@@
@@@@@@@@@@        @@        @@@@@@@@@@
@@@@@@@@@@@@@@@@@@@@@@@  @@@@@@@@@@@@@
@@@@@@@@@@@@@@@@@@@@@@@@@@@@@@@@@@@@@@
@@@@@@@@@@@@@@@@@@@@@@@@@@@@@@@@@@@@@@  Thank you for using jOOQ 3.7.3
                                      
11:52:49.102 - Stopping server...
11:52:49.102 - Stopping 1 services...
11:52:49.104 - HikariCP pool HikariPool-0 is shutting down.
11:52:49.150 - Server stopped.
11:52:51.580 - Starting server...
11:52:51.885 - Building registry...
11:52:52.683 - HikariCP pool HikariPool-0 is starting.
11:52:52.807 - Initializing 1 services...
11:52:52.928 - Ratpack started (development) for http://localhost:8888
11:56:38.695 - 
                                      
@@@@@@@@@@@@@@@@@@@@@@@@@@@@@@@@@@@@@@
@@@@@@@@@@@@@@@@@@@@@@@@@@@@@@@@@@@@@@
@@@@@@@@@@@@@@@@  @@        @@@@@@@@@@
@@@@@@@@@@@@@@@@@@@@        @@@@@@@@@@
@@@@@@@@@@@@@@@@  @@  @@    @@@@@@@@@@
@@@@@@@@@@  @@@@  @@  @@    @@@@@@@@@@
@@@@@@@@@@        @@        @@@@@@@@@@
@@@@@@@@@@@@@@@@@@@@@@@@@@@@@@@@@@@@@@
@@@@@@@@@@@@@@@@@@@@@@@@@@@@@@@@@@@@@@
@@@@@@@@@@        @@        @@@@@@@@@@
@@@@@@@@@@    @@  @@  @@@@  @@@@@@@@@@
@@@@@@@@@@    @@  @@  @@@@  @@@@@@@@@@
@@@@@@@@@@        @@  @  @  @@@@@@@@@@
@@@@@@@@@@        @@        @@@@@@@@@@
@@@@@@@@@@@@@@@@@@@@@@@  @@@@@@@@@@@@@
@@@@@@@@@@@@@@@@@@@@@@@@@@@@@@@@@@@@@@
@@@@@@@@@@@@@@@@@@@@@@@@@@@@@@@@@@@@@@  Thank you for using jOOQ 3.7.3
                                      
13:17:36.563 - Stopping server...
13:17:40.442 - Starting server...
13:17:40.804 - Building registry...
13:17:41.823 - HikariCP pool HikariPool-0 is starting.
13:17:41.973 - Initializing 1 services...
13:17:42.107 - Ratpack started (development) for http://localhost:8888
13:17:48.227 - 
                                      
@@@@@@@@@@@@@@@@@@@@@@@@@@@@@@@@@@@@@@
@@@@@@@@@@@@@@@@@@@@@@@@@@@@@@@@@@@@@@
@@@@@@@@@@@@@@@@  @@        @@@@@@@@@@
@@@@@@@@@@@@@@@@@@@@        @@@@@@@@@@
@@@@@@@@@@@@@@@@  @@  @@    @@@@@@@@@@
@@@@@@@@@@  @@@@  @@  @@    @@@@@@@@@@
@@@@@@@@@@        @@        @@@@@@@@@@
@@@@@@@@@@@@@@@@@@@@@@@@@@@@@@@@@@@@@@
@@@@@@@@@@@@@@@@@@@@@@@@@@@@@@@@@@@@@@
@@@@@@@@@@        @@        @@@@@@@@@@
@@@@@@@@@@    @@  @@  @@@@  @@@@@@@@@@
@@@@@@@@@@    @@  @@  @@@@  @@@@@@@@@@
@@@@@@@@@@        @@  @  @  @@@@@@@@@@
@@@@@@@@@@        @@        @@@@@@@@@@
@@@@@@@@@@@@@@@@@@@@@@@  @@@@@@@@@@@@@
@@@@@@@@@@@@@@@@@@@@@@@@@@@@@@@@@@@@@@
@@@@@@@@@@@@@@@@@@@@@@@@@@@@@@@@@@@@@@  Thank you for using jOOQ 3.7.3
                                      
13:27:41.565 - Stopping server...
13:27:43.562 - Starting server...
13:27:44.053 - Building registry...
13:27:45.150 - HikariCP pool HikariPool-0 is starting.
13:27:45.312 - Initializing 1 services...
13:27:45.476 - Ratpack started (development) for http://localhost:8888
13:28:29.497 - 
                                      
@@@@@@@@@@@@@@@@@@@@@@@@@@@@@@@@@@@@@@
@@@@@@@@@@@@@@@@@@@@@@@@@@@@@@@@@@@@@@
@@@@@@@@@@@@@@@@  @@        @@@@@@@@@@
@@@@@@@@@@@@@@@@@@@@        @@@@@@@@@@
@@@@@@@@@@@@@@@@  @@  @@    @@@@@@@@@@
@@@@@@@@@@  @@@@  @@  @@    @@@@@@@@@@
@@@@@@@@@@        @@        @@@@@@@@@@
@@@@@@@@@@@@@@@@@@@@@@@@@@@@@@@@@@@@@@
@@@@@@@@@@@@@@@@@@@@@@@@@@@@@@@@@@@@@@
@@@@@@@@@@        @@        @@@@@@@@@@
@@@@@@@@@@    @@  @@  @@@@  @@@@@@@@@@
@@@@@@@@@@    @@  @@  @@@@  @@@@@@@@@@
@@@@@@@@@@        @@  @  @  @@@@@@@@@@
@@@@@@@@@@        @@        @@@@@@@@@@
@@@@@@@@@@@@@@@@@@@@@@@  @@@@@@@@@@@@@
@@@@@@@@@@@@@@@@@@@@@@@@@@@@@@@@@@@@@@
@@@@@@@@@@@@@@@@@@@@@@@@@@@@@@@@@@@@@@  Thank you for using jOOQ 3.7.3
                                      
13:47:22.133 - Stopping server...
13:47:23.871 - Starting server...
13:47:24.211 - Building registry...
13:47:25.033 - HikariCP pool HikariPool-0 is starting.
13:47:25.198 - Initializing 1 services...
13:47:25.329 - Ratpack started (development) for http://localhost:8888
13:47:36.511 - 
                                      
@@@@@@@@@@@@@@@@@@@@@@@@@@@@@@@@@@@@@@
@@@@@@@@@@@@@@@@@@@@@@@@@@@@@@@@@@@@@@
@@@@@@@@@@@@@@@@  @@        @@@@@@@@@@
@@@@@@@@@@@@@@@@@@@@        @@@@@@@@@@
@@@@@@@@@@@@@@@@  @@  @@    @@@@@@@@@@
@@@@@@@@@@  @@@@  @@  @@    @@@@@@@@@@
@@@@@@@@@@        @@        @@@@@@@@@@
@@@@@@@@@@@@@@@@@@@@@@@@@@@@@@@@@@@@@@
@@@@@@@@@@@@@@@@@@@@@@@@@@@@@@@@@@@@@@
@@@@@@@@@@        @@        @@@@@@@@@@
@@@@@@@@@@    @@  @@  @@@@  @@@@@@@@@@
@@@@@@@@@@    @@  @@  @@@@  @@@@@@@@@@
@@@@@@@@@@        @@  @  @  @@@@@@@@@@
@@@@@@@@@@        @@        @@@@@@@@@@
@@@@@@@@@@@@@@@@@@@@@@@  @@@@@@@@@@@@@
@@@@@@@@@@@@@@@@@@@@@@@@@@@@@@@@@@@@@@
@@@@@@@@@@@@@@@@@@@@@@@@@@@@@@@@@@@@@@  Thank you for using jOOQ 3.7.3
                                      
13:48:46.175 - Stopping server...
13:48:48.603 - Starting server...
13:48:49.357 - Building registry...
13:48:50.374 - HikariCP pool HikariPool-0 is starting.
13:48:50.509 - Initializing 1 services...
13:48:50.634 - Ratpack started (development) for http://localhost:8888
14:53:14.125 - Stopping server...
14:53:14.131 - Stopping 1 services...
14:53:14.137 - HikariCP pool HikariPool-0 is shutting down.
14:53:14.238 - Server stopped.
14:53:15.909 - Starting server...
14:53:16.428 - Building registry...
14:53:17.719 - HikariCP pool HikariPool-0 is starting.
14:53:17.898 - Initializing 1 services...
14:53:18.078 - Ratpack started (development) for http://localhost:8888
14:53:32.188 - 
                                      
@@@@@@@@@@@@@@@@@@@@@@@@@@@@@@@@@@@@@@
@@@@@@@@@@@@@@@@@@@@@@@@@@@@@@@@@@@@@@
@@@@@@@@@@@@@@@@  @@        @@@@@@@@@@
@@@@@@@@@@@@@@@@@@@@        @@@@@@@@@@
@@@@@@@@@@@@@@@@  @@  @@    @@@@@@@@@@
@@@@@@@@@@  @@@@  @@  @@    @@@@@@@@@@
@@@@@@@@@@        @@        @@@@@@@@@@
@@@@@@@@@@@@@@@@@@@@@@@@@@@@@@@@@@@@@@
@@@@@@@@@@@@@@@@@@@@@@@@@@@@@@@@@@@@@@
@@@@@@@@@@        @@        @@@@@@@@@@
@@@@@@@@@@    @@  @@  @@@@  @@@@@@@@@@
@@@@@@@@@@    @@  @@  @@@@  @@@@@@@@@@
@@@@@@@@@@        @@  @  @  @@@@@@@@@@
@@@@@@@@@@        @@        @@@@@@@@@@
@@@@@@@@@@@@@@@@@@@@@@@  @@@@@@@@@@@@@
@@@@@@@@@@@@@@@@@@@@@@@@@@@@@@@@@@@@@@
@@@@@@@@@@@@@@@@@@@@@@@@@@@@@@@@@@@@@@  Thank you for using jOOQ 3.7.3
                                      
15:00:11.899 - Stopping server...
15:00:15.131 - Starting server...
15:00:15.457 - Building registry...
15:00:16.335 - HikariCP pool HikariPool-0 is starting.
15:00:16.485 - Initializing 1 services...
15:00:16.608 - Ratpack started (development) for http://localhost:8888
15:00:18.428 - 
                                      
@@@@@@@@@@@@@@@@@@@@@@@@@@@@@@@@@@@@@@
@@@@@@@@@@@@@@@@@@@@@@@@@@@@@@@@@@@@@@
@@@@@@@@@@@@@@@@  @@        @@@@@@@@@@
@@@@@@@@@@@@@@@@@@@@        @@@@@@@@@@
@@@@@@@@@@@@@@@@  @@  @@    @@@@@@@@@@
@@@@@@@@@@  @@@@  @@  @@    @@@@@@@@@@
@@@@@@@@@@        @@        @@@@@@@@@@
@@@@@@@@@@@@@@@@@@@@@@@@@@@@@@@@@@@@@@
@@@@@@@@@@@@@@@@@@@@@@@@@@@@@@@@@@@@@@
@@@@@@@@@@        @@        @@@@@@@@@@
@@@@@@@@@@    @@  @@  @@@@  @@@@@@@@@@
@@@@@@@@@@    @@  @@  @@@@  @@@@@@@@@@
@@@@@@@@@@        @@  @  @  @@@@@@@@@@
@@@@@@@@@@        @@        @@@@@@@@@@
@@@@@@@@@@@@@@@@@@@@@@@  @@@@@@@@@@@@@
@@@@@@@@@@@@@@@@@@@@@@@@@@@@@@@@@@@@@@
@@@@@@@@@@@@@@@@@@@@@@@@@@@@@@@@@@@@@@  Thank you for using jOOQ 3.7.3
                                      
15:09:02.971 - Stopping server...
15:09:04.148 - Starting server...
15:09:04.481 - Building registry...
15:09:05.288 - HikariCP pool HikariPool-0 is starting.
15:09:05.431 - Initializing 1 services...
15:09:05.573 - Ratpack started (development) for http://localhost:8888
15:09:13.613 - 
                                      
@@@@@@@@@@@@@@@@@@@@@@@@@@@@@@@@@@@@@@
@@@@@@@@@@@@@@@@@@@@@@@@@@@@@@@@@@@@@@
@@@@@@@@@@@@@@@@  @@        @@@@@@@@@@
@@@@@@@@@@@@@@@@@@@@        @@@@@@@@@@
@@@@@@@@@@@@@@@@  @@  @@    @@@@@@@@@@
@@@@@@@@@@  @@@@  @@  @@    @@@@@@@@@@
@@@@@@@@@@        @@        @@@@@@@@@@
@@@@@@@@@@@@@@@@@@@@@@@@@@@@@@@@@@@@@@
@@@@@@@@@@@@@@@@@@@@@@@@@@@@@@@@@@@@@@
@@@@@@@@@@        @@        @@@@@@@@@@
@@@@@@@@@@    @@  @@  @@@@  @@@@@@@@@@
@@@@@@@@@@    @@  @@  @@@@  @@@@@@@@@@
@@@@@@@@@@        @@  @  @  @@@@@@@@@@
@@@@@@@@@@        @@        @@@@@@@@@@
@@@@@@@@@@@@@@@@@@@@@@@  @@@@@@@@@@@@@
@@@@@@@@@@@@@@@@@@@@@@@@@@@@@@@@@@@@@@
@@@@@@@@@@@@@@@@@@@@@@@@@@@@@@@@@@@@@@  Thank you for using jOOQ 3.7.3
                                      
15:44:01.988 - Stopping server...
15:44:04.009 - Starting server...
15:44:04.344 - Building registry...
15:44:05.233 - HikariCP pool HikariPool-0 is starting.
15:44:05.374 - Initializing 1 services...
15:44:05.481 - Ratpack started (development) for http://localhost:8888
15:44:07.478 - 
                                      
@@@@@@@@@@@@@@@@@@@@@@@@@@@@@@@@@@@@@@
@@@@@@@@@@@@@@@@@@@@@@@@@@@@@@@@@@@@@@
@@@@@@@@@@@@@@@@  @@        @@@@@@@@@@
@@@@@@@@@@@@@@@@@@@@        @@@@@@@@@@
@@@@@@@@@@@@@@@@  @@  @@    @@@@@@@@@@
@@@@@@@@@@  @@@@  @@  @@    @@@@@@@@@@
@@@@@@@@@@        @@        @@@@@@@@@@
@@@@@@@@@@@@@@@@@@@@@@@@@@@@@@@@@@@@@@
@@@@@@@@@@@@@@@@@@@@@@@@@@@@@@@@@@@@@@
@@@@@@@@@@        @@        @@@@@@@@@@
@@@@@@@@@@    @@  @@  @@@@  @@@@@@@@@@
@@@@@@@@@@    @@  @@  @@@@  @@@@@@@@@@
@@@@@@@@@@        @@  @  @  @@@@@@@@@@
@@@@@@@@@@        @@        @@@@@@@@@@
@@@@@@@@@@@@@@@@@@@@@@@  @@@@@@@@@@@@@
@@@@@@@@@@@@@@@@@@@@@@@@@@@@@@@@@@@@@@
@@@@@@@@@@@@@@@@@@@@@@@@@@@@@@@@@@@@@@  Thank you for using jOOQ 3.7.3
                                      
16:02:48.088 - Stopping server...
16:02:49.397 - Starting server...
16:02:49.774 - Building registry...
16:02:50.711 - HikariCP pool HikariPool-0 is starting.
16:02:50.846 - Initializing 1 services...
16:02:50.999 - Ratpack started (development) for http://localhost:8888
16:02:54.139 - 
                                      
@@@@@@@@@@@@@@@@@@@@@@@@@@@@@@@@@@@@@@
@@@@@@@@@@@@@@@@@@@@@@@@@@@@@@@@@@@@@@
@@@@@@@@@@@@@@@@  @@        @@@@@@@@@@
@@@@@@@@@@@@@@@@@@@@        @@@@@@@@@@
@@@@@@@@@@@@@@@@  @@  @@    @@@@@@@@@@
@@@@@@@@@@  @@@@  @@  @@    @@@@@@@@@@
@@@@@@@@@@        @@        @@@@@@@@@@
@@@@@@@@@@@@@@@@@@@@@@@@@@@@@@@@@@@@@@
@@@@@@@@@@@@@@@@@@@@@@@@@@@@@@@@@@@@@@
@@@@@@@@@@        @@        @@@@@@@@@@
@@@@@@@@@@    @@  @@  @@@@  @@@@@@@@@@
@@@@@@@@@@    @@  @@  @@@@  @@@@@@@@@@
@@@@@@@@@@        @@  @  @  @@@@@@@@@@
@@@@@@@@@@        @@        @@@@@@@@@@
@@@@@@@@@@@@@@@@@@@@@@@  @@@@@@@@@@@@@
@@@@@@@@@@@@@@@@@@@@@@@@@@@@@@@@@@@@@@
@@@@@@@@@@@@@@@@@@@@@@@@@@@@@@@@@@@@@@  Thank you for using jOOQ 3.7.3
                                      
16:08:02.252 - Stopping server...
16:08:03.649 - Starting server...
16:08:04.005 - Building registry...
16:08:04.864 - HikariCP pool HikariPool-0 is starting.
16:08:05.011 - Initializing 1 services...
16:08:05.142 - Ratpack started (development) for http://localhost:8888
16:08:09.811 - 
                                      
@@@@@@@@@@@@@@@@@@@@@@@@@@@@@@@@@@@@@@
@@@@@@@@@@@@@@@@@@@@@@@@@@@@@@@@@@@@@@
@@@@@@@@@@@@@@@@  @@        @@@@@@@@@@
@@@@@@@@@@@@@@@@@@@@        @@@@@@@@@@
@@@@@@@@@@@@@@@@  @@  @@    @@@@@@@@@@
@@@@@@@@@@  @@@@  @@  @@    @@@@@@@@@@
@@@@@@@@@@        @@        @@@@@@@@@@
@@@@@@@@@@@@@@@@@@@@@@@@@@@@@@@@@@@@@@
@@@@@@@@@@@@@@@@@@@@@@@@@@@@@@@@@@@@@@
@@@@@@@@@@        @@        @@@@@@@@@@
@@@@@@@@@@    @@  @@  @@@@  @@@@@@@@@@
@@@@@@@@@@    @@  @@  @@@@  @@@@@@@@@@
@@@@@@@@@@        @@  @  @  @@@@@@@@@@
@@@@@@@@@@        @@        @@@@@@@@@@
@@@@@@@@@@@@@@@@@@@@@@@  @@@@@@@@@@@@@
@@@@@@@@@@@@@@@@@@@@@@@@@@@@@@@@@@@@@@
@@@@@@@@@@@@@@@@@@@@@@@@@@@@@@@@@@@@@@  Thank you for using jOOQ 3.7.3
                                      
16:14:02.825 - Stopping server...
16:14:04.222 - Starting server...
16:14:04.569 - Building registry...
16:14:05.331 - HikariCP pool HikariPool-0 is starting.
16:14:05.548 - Initializing 1 services...
16:14:05.675 - Ratpack started (development) for http://localhost:8888
16:14:07.663 - 
                                      
@@@@@@@@@@@@@@@@@@@@@@@@@@@@@@@@@@@@@@
@@@@@@@@@@@@@@@@@@@@@@@@@@@@@@@@@@@@@@
@@@@@@@@@@@@@@@@  @@        @@@@@@@@@@
@@@@@@@@@@@@@@@@@@@@        @@@@@@@@@@
@@@@@@@@@@@@@@@@  @@  @@    @@@@@@@@@@
@@@@@@@@@@  @@@@  @@  @@    @@@@@@@@@@
@@@@@@@@@@        @@        @@@@@@@@@@
@@@@@@@@@@@@@@@@@@@@@@@@@@@@@@@@@@@@@@
@@@@@@@@@@@@@@@@@@@@@@@@@@@@@@@@@@@@@@
@@@@@@@@@@        @@        @@@@@@@@@@
@@@@@@@@@@    @@  @@  @@@@  @@@@@@@@@@
@@@@@@@@@@    @@  @@  @@@@  @@@@@@@@@@
@@@@@@@@@@        @@  @  @  @@@@@@@@@@
@@@@@@@@@@        @@        @@@@@@@@@@
@@@@@@@@@@@@@@@@@@@@@@@  @@@@@@@@@@@@@
@@@@@@@@@@@@@@@@@@@@@@@@@@@@@@@@@@@@@@
@@@@@@@@@@@@@@@@@@@@@@@@@@@@@@@@@@@@@@  Thank you for using jOOQ 3.7.3
                                      
16:18:53.272 - Stopping server...
16:18:54.549 - Starting server...
16:18:54.909 - Building registry...
16:18:55.757 - HikariCP pool HikariPool-0 is starting.
16:18:55.938 - Initializing 1 services...
16:18:56.068 - Ratpack started (development) for http://localhost:8888
16:18:59.393 - 
                                      
@@@@@@@@@@@@@@@@@@@@@@@@@@@@@@@@@@@@@@
@@@@@@@@@@@@@@@@@@@@@@@@@@@@@@@@@@@@@@
@@@@@@@@@@@@@@@@  @@        @@@@@@@@@@
@@@@@@@@@@@@@@@@@@@@        @@@@@@@@@@
@@@@@@@@@@@@@@@@  @@  @@    @@@@@@@@@@
@@@@@@@@@@  @@@@  @@  @@    @@@@@@@@@@
@@@@@@@@@@        @@        @@@@@@@@@@
@@@@@@@@@@@@@@@@@@@@@@@@@@@@@@@@@@@@@@
@@@@@@@@@@@@@@@@@@@@@@@@@@@@@@@@@@@@@@
@@@@@@@@@@        @@        @@@@@@@@@@
@@@@@@@@@@    @@  @@  @@@@  @@@@@@@@@@
@@@@@@@@@@    @@  @@  @@@@  @@@@@@@@@@
@@@@@@@@@@        @@  @  @  @@@@@@@@@@
@@@@@@@@@@        @@        @@@@@@@@@@
@@@@@@@@@@@@@@@@@@@@@@@  @@@@@@@@@@@@@
@@@@@@@@@@@@@@@@@@@@@@@@@@@@@@@@@@@@@@
@@@@@@@@@@@@@@@@@@@@@@@@@@@@@@@@@@@@@@  Thank you for using jOOQ 3.7.3
                                      
16:23:56.677 - Stopping server...
16:23:58.109 - Starting server...
16:23:58.510 - Building registry...
16:23:59.452 - HikariCP pool HikariPool-0 is starting.
16:23:59.603 - Initializing 1 services...
16:23:59.778 - Ratpack started (development) for http://localhost:8888
16:24:00.660 - 
                                      
@@@@@@@@@@@@@@@@@@@@@@@@@@@@@@@@@@@@@@
@@@@@@@@@@@@@@@@@@@@@@@@@@@@@@@@@@@@@@
@@@@@@@@@@@@@@@@  @@        @@@@@@@@@@
@@@@@@@@@@@@@@@@@@@@        @@@@@@@@@@
@@@@@@@@@@@@@@@@  @@  @@    @@@@@@@@@@
@@@@@@@@@@  @@@@  @@  @@    @@@@@@@@@@
@@@@@@@@@@        @@        @@@@@@@@@@
@@@@@@@@@@@@@@@@@@@@@@@@@@@@@@@@@@@@@@
@@@@@@@@@@@@@@@@@@@@@@@@@@@@@@@@@@@@@@
@@@@@@@@@@        @@        @@@@@@@@@@
@@@@@@@@@@    @@  @@  @@@@  @@@@@@@@@@
@@@@@@@@@@    @@  @@  @@@@  @@@@@@@@@@
@@@@@@@@@@        @@  @  @  @@@@@@@@@@
@@@@@@@@@@        @@        @@@@@@@@@@
@@@@@@@@@@@@@@@@@@@@@@@  @@@@@@@@@@@@@
@@@@@@@@@@@@@@@@@@@@@@@@@@@@@@@@@@@@@@
@@@@@@@@@@@@@@@@@@@@@@@@@@@@@@@@@@@@@@  Thank you for using jOOQ 3.7.3
                                      
16:30:54.687 - Stopping server...
16:30:54.689 - Stopping 1 services...
16:30:54.690 - HikariCP pool HikariPool-0 is shutting down.
16:30:54.821 - Server stopped.
16:30:57.397 - Starting server...
16:30:57.721 - Building registry...
16:30:58.622 - HikariCP pool HikariPool-0 is starting.
16:30:58.754 - Initializing 1 services...
16:30:58.922 - Ratpack started (development) for http://localhost:8888
16:31:04.579 - 
                                      
@@@@@@@@@@@@@@@@@@@@@@@@@@@@@@@@@@@@@@
@@@@@@@@@@@@@@@@@@@@@@@@@@@@@@@@@@@@@@
@@@@@@@@@@@@@@@@  @@        @@@@@@@@@@
@@@@@@@@@@@@@@@@@@@@        @@@@@@@@@@
@@@@@@@@@@@@@@@@  @@  @@    @@@@@@@@@@
@@@@@@@@@@  @@@@  @@  @@    @@@@@@@@@@
@@@@@@@@@@        @@        @@@@@@@@@@
@@@@@@@@@@@@@@@@@@@@@@@@@@@@@@@@@@@@@@
@@@@@@@@@@@@@@@@@@@@@@@@@@@@@@@@@@@@@@
@@@@@@@@@@        @@        @@@@@@@@@@
@@@@@@@@@@    @@  @@  @@@@  @@@@@@@@@@
@@@@@@@@@@    @@  @@  @@@@  @@@@@@@@@@
@@@@@@@@@@        @@  @  @  @@@@@@@@@@
@@@@@@@@@@        @@        @@@@@@@@@@
@@@@@@@@@@@@@@@@@@@@@@@  @@@@@@@@@@@@@
@@@@@@@@@@@@@@@@@@@@@@@@@@@@@@@@@@@@@@
@@@@@@@@@@@@@@@@@@@@@@@@@@@@@@@@@@@@@@  Thank you for using jOOQ 3.7.3
                                      
16:32:51.206 - Stopping server...
16:32:52.524 - Starting server...
16:32:52.851 - Building registry...
16:32:53.699 - HikariCP pool HikariPool-0 is starting.
16:32:53.840 - Initializing 1 services...
16:32:53.953 - Ratpack started (development) for http://localhost:8888
16:34:11.812 - 
                                      
@@@@@@@@@@@@@@@@@@@@@@@@@@@@@@@@@@@@@@
@@@@@@@@@@@@@@@@@@@@@@@@@@@@@@@@@@@@@@
@@@@@@@@@@@@@@@@  @@        @@@@@@@@@@
@@@@@@@@@@@@@@@@@@@@        @@@@@@@@@@
@@@@@@@@@@@@@@@@  @@  @@    @@@@@@@@@@
@@@@@@@@@@  @@@@  @@  @@    @@@@@@@@@@
@@@@@@@@@@        @@        @@@@@@@@@@
@@@@@@@@@@@@@@@@@@@@@@@@@@@@@@@@@@@@@@
@@@@@@@@@@@@@@@@@@@@@@@@@@@@@@@@@@@@@@
@@@@@@@@@@        @@        @@@@@@@@@@
@@@@@@@@@@    @@  @@  @@@@  @@@@@@@@@@
@@@@@@@@@@    @@  @@  @@@@  @@@@@@@@@@
@@@@@@@@@@        @@  @  @  @@@@@@@@@@
@@@@@@@@@@        @@        @@@@@@@@@@
@@@@@@@@@@@@@@@@@@@@@@@  @@@@@@@@@@@@@
@@@@@@@@@@@@@@@@@@@@@@@@@@@@@@@@@@@@@@
@@@@@@@@@@@@@@@@@@@@@@@@@@@@@@@@@@@@@@  Thank you for using jOOQ 3.7.3
                                      
16:39:42.970 - Stopping server...
16:39:42.971 - Stopping 1 services...
16:39:42.972 - HikariCP pool HikariPool-0 is shutting down.
16:39:43.149 - Server stopped.
16:39:44.597 - Starting server...
16:39:44.940 - Building registry...
16:39:45.730 - HikariCP pool HikariPool-0 is starting.
16:39:45.876 - Initializing 1 services...
16:39:46.017 - Ratpack started (development) for http://localhost:8888
16:39:55.007 - 
                                      
@@@@@@@@@@@@@@@@@@@@@@@@@@@@@@@@@@@@@@
@@@@@@@@@@@@@@@@@@@@@@@@@@@@@@@@@@@@@@
@@@@@@@@@@@@@@@@  @@        @@@@@@@@@@
@@@@@@@@@@@@@@@@@@@@        @@@@@@@@@@
@@@@@@@@@@@@@@@@  @@  @@    @@@@@@@@@@
@@@@@@@@@@  @@@@  @@  @@    @@@@@@@@@@
@@@@@@@@@@        @@        @@@@@@@@@@
@@@@@@@@@@@@@@@@@@@@@@@@@@@@@@@@@@@@@@
@@@@@@@@@@@@@@@@@@@@@@@@@@@@@@@@@@@@@@
@@@@@@@@@@        @@        @@@@@@@@@@
@@@@@@@@@@    @@  @@  @@@@  @@@@@@@@@@
@@@@@@@@@@    @@  @@  @@@@  @@@@@@@@@@
@@@@@@@@@@        @@  @  @  @@@@@@@@@@
@@@@@@@@@@        @@        @@@@@@@@@@
@@@@@@@@@@@@@@@@@@@@@@@  @@@@@@@@@@@@@
@@@@@@@@@@@@@@@@@@@@@@@@@@@@@@@@@@@@@@
@@@@@@@@@@@@@@@@@@@@@@@@@@@@@@@@@@@@@@  Thank you for using jOOQ 3.7.3
                                      
16:40:15.254 - Stopping server...
16:40:16.884 - Starting server...
16:40:17.270 - Building registry...
16:40:18.285 - HikariCP pool HikariPool-0 is starting.
16:40:18.412 - Initializing 1 services...
16:40:18.527 - Ratpack started (development) for http://localhost:8888
16:40:19.250 - 
                                      
@@@@@@@@@@@@@@@@@@@@@@@@@@@@@@@@@@@@@@
@@@@@@@@@@@@@@@@@@@@@@@@@@@@@@@@@@@@@@
@@@@@@@@@@@@@@@@  @@        @@@@@@@@@@
@@@@@@@@@@@@@@@@@@@@        @@@@@@@@@@
@@@@@@@@@@@@@@@@  @@  @@    @@@@@@@@@@
@@@@@@@@@@  @@@@  @@  @@    @@@@@@@@@@
@@@@@@@@@@        @@        @@@@@@@@@@
@@@@@@@@@@@@@@@@@@@@@@@@@@@@@@@@@@@@@@
@@@@@@@@@@@@@@@@@@@@@@@@@@@@@@@@@@@@@@
@@@@@@@@@@        @@        @@@@@@@@@@
@@@@@@@@@@    @@  @@  @@@@  @@@@@@@@@@
@@@@@@@@@@    @@  @@  @@@@  @@@@@@@@@@
@@@@@@@@@@        @@  @  @  @@@@@@@@@@
@@@@@@@@@@        @@        @@@@@@@@@@
@@@@@@@@@@@@@@@@@@@@@@@  @@@@@@@@@@@@@
@@@@@@@@@@@@@@@@@@@@@@@@@@@@@@@@@@@@@@
@@@@@@@@@@@@@@@@@@@@@@@@@@@@@@@@@@@@@@  Thank you for using jOOQ 3.7.3
                                      
16:40:45.779 - Stopping server...
16:40:45.781 - Stopping 1 services...
16:40:45.782 - HikariCP pool HikariPool-0 is shutting down.
16:40:45.933 - Server stopped.
16:40:47.307 - Starting server...
16:40:47.607 - Building registry...
16:40:48.408 - HikariCP pool HikariPool-0 is starting.
16:40:48.536 - Initializing 1 services...
16:40:48.652 - Ratpack started (development) for http://localhost:8888
16:40:52.876 - 
                                      
@@@@@@@@@@@@@@@@@@@@@@@@@@@@@@@@@@@@@@
@@@@@@@@@@@@@@@@@@@@@@@@@@@@@@@@@@@@@@
@@@@@@@@@@@@@@@@  @@        @@@@@@@@@@
@@@@@@@@@@@@@@@@@@@@        @@@@@@@@@@
@@@@@@@@@@@@@@@@  @@  @@    @@@@@@@@@@
@@@@@@@@@@  @@@@  @@  @@    @@@@@@@@@@
@@@@@@@@@@        @@        @@@@@@@@@@
@@@@@@@@@@@@@@@@@@@@@@@@@@@@@@@@@@@@@@
@@@@@@@@@@@@@@@@@@@@@@@@@@@@@@@@@@@@@@
@@@@@@@@@@        @@        @@@@@@@@@@
@@@@@@@@@@    @@  @@  @@@@  @@@@@@@@@@
@@@@@@@@@@    @@  @@  @@@@  @@@@@@@@@@
@@@@@@@@@@        @@  @  @  @@@@@@@@@@
@@@@@@@@@@        @@        @@@@@@@@@@
@@@@@@@@@@@@@@@@@@@@@@@  @@@@@@@@@@@@@
@@@@@@@@@@@@@@@@@@@@@@@@@@@@@@@@@@@@@@
@@@@@@@@@@@@@@@@@@@@@@@@@@@@@@@@@@@@@@  Thank you for using jOOQ 3.7.3
                                      
16:45:59.893 - Stopping server...
16:46:01.889 - Starting server...
16:46:02.197 - Building registry...
16:46:02.873 - HikariCP pool HikariPool-0 is starting.
16:46:03.046 - Initializing 1 services...
16:46:03.182 - Ratpack started (development) for http://localhost:8888
16:46:09.412 - 
                                      
@@@@@@@@@@@@@@@@@@@@@@@@@@@@@@@@@@@@@@
@@@@@@@@@@@@@@@@@@@@@@@@@@@@@@@@@@@@@@
@@@@@@@@@@@@@@@@  @@        @@@@@@@@@@
@@@@@@@@@@@@@@@@@@@@        @@@@@@@@@@
@@@@@@@@@@@@@@@@  @@  @@    @@@@@@@@@@
@@@@@@@@@@  @@@@  @@  @@    @@@@@@@@@@
@@@@@@@@@@        @@        @@@@@@@@@@
@@@@@@@@@@@@@@@@@@@@@@@@@@@@@@@@@@@@@@
@@@@@@@@@@@@@@@@@@@@@@@@@@@@@@@@@@@@@@
@@@@@@@@@@        @@        @@@@@@@@@@
@@@@@@@@@@    @@  @@  @@@@  @@@@@@@@@@
@@@@@@@@@@    @@  @@  @@@@  @@@@@@@@@@
@@@@@@@@@@        @@  @  @  @@@@@@@@@@
@@@@@@@@@@        @@        @@@@@@@@@@
@@@@@@@@@@@@@@@@@@@@@@@  @@@@@@@@@@@@@
@@@@@@@@@@@@@@@@@@@@@@@@@@@@@@@@@@@@@@
@@@@@@@@@@@@@@@@@@@@@@@@@@@@@@@@@@@@@@  Thank you for using jOOQ 3.7.3
                                      
16:48:25.955 - Stopping server...
16:48:27.302 - Starting server...
16:48:27.647 - Building registry...
16:48:28.478 - HikariCP pool HikariPool-0 is starting.
16:48:28.601 - Initializing 1 services...
16:48:28.726 - Ratpack started (development) for http://localhost:8888
16:48:51.444 - 
                                      
@@@@@@@@@@@@@@@@@@@@@@@@@@@@@@@@@@@@@@
@@@@@@@@@@@@@@@@@@@@@@@@@@@@@@@@@@@@@@
@@@@@@@@@@@@@@@@  @@        @@@@@@@@@@
@@@@@@@@@@@@@@@@@@@@        @@@@@@@@@@
@@@@@@@@@@@@@@@@  @@  @@    @@@@@@@@@@
@@@@@@@@@@  @@@@  @@  @@    @@@@@@@@@@
@@@@@@@@@@        @@        @@@@@@@@@@
@@@@@@@@@@@@@@@@@@@@@@@@@@@@@@@@@@@@@@
@@@@@@@@@@@@@@@@@@@@@@@@@@@@@@@@@@@@@@
@@@@@@@@@@        @@        @@@@@@@@@@
@@@@@@@@@@    @@  @@  @@@@  @@@@@@@@@@
@@@@@@@@@@    @@  @@  @@@@  @@@@@@@@@@
@@@@@@@@@@        @@  @  @  @@@@@@@@@@
@@@@@@@@@@        @@        @@@@@@@@@@
@@@@@@@@@@@@@@@@@@@@@@@  @@@@@@@@@@@@@
@@@@@@@@@@@@@@@@@@@@@@@@@@@@@@@@@@@@@@
@@@@@@@@@@@@@@@@@@@@@@@@@@@@@@@@@@@@@@  Thank you for using jOOQ 3.7.3
                                      
16:56:18.155 - Stopping server...
16:56:19.562 - Starting server...
16:56:20.068 - Building registry...
16:56:21.144 - HikariCP pool HikariPool-0 is starting.
16:56:21.304 - Initializing 1 services...
16:56:21.662 - Ratpack started (development) for http://localhost:8888
16:56:23.730 - 
                                      
@@@@@@@@@@@@@@@@@@@@@@@@@@@@@@@@@@@@@@
@@@@@@@@@@@@@@@@@@@@@@@@@@@@@@@@@@@@@@
@@@@@@@@@@@@@@@@  @@        @@@@@@@@@@
@@@@@@@@@@@@@@@@@@@@        @@@@@@@@@@
@@@@@@@@@@@@@@@@  @@  @@    @@@@@@@@@@
@@@@@@@@@@  @@@@  @@  @@    @@@@@@@@@@
@@@@@@@@@@        @@        @@@@@@@@@@
@@@@@@@@@@@@@@@@@@@@@@@@@@@@@@@@@@@@@@
@@@@@@@@@@@@@@@@@@@@@@@@@@@@@@@@@@@@@@
@@@@@@@@@@        @@        @@@@@@@@@@
@@@@@@@@@@    @@  @@  @@@@  @@@@@@@@@@
@@@@@@@@@@    @@  @@  @@@@  @@@@@@@@@@
@@@@@@@@@@        @@  @  @  @@@@@@@@@@
@@@@@@@@@@        @@        @@@@@@@@@@
@@@@@@@@@@@@@@@@@@@@@@@  @@@@@@@@@@@@@
@@@@@@@@@@@@@@@@@@@@@@@@@@@@@@@@@@@@@@
@@@@@@@@@@@@@@@@@@@@@@@@@@@@@@@@@@@@@@  Thank you for using jOOQ 3.7.3
                                      
17:02:10.611 - Stopping server...
17:02:11.969 - Starting server...
17:02:12.396 - Building registry...
17:02:13.430 - HikariCP pool HikariPool-0 is starting.
17:02:13.668 - Initializing 1 services...
17:02:13.878 - Ratpack started (development) for http://localhost:8888
17:02:16.080 - 
                                      
@@@@@@@@@@@@@@@@@@@@@@@@@@@@@@@@@@@@@@
@@@@@@@@@@@@@@@@@@@@@@@@@@@@@@@@@@@@@@
@@@@@@@@@@@@@@@@  @@        @@@@@@@@@@
@@@@@@@@@@@@@@@@@@@@        @@@@@@@@@@
@@@@@@@@@@@@@@@@  @@  @@    @@@@@@@@@@
@@@@@@@@@@  @@@@  @@  @@    @@@@@@@@@@
@@@@@@@@@@        @@        @@@@@@@@@@
@@@@@@@@@@@@@@@@@@@@@@@@@@@@@@@@@@@@@@
@@@@@@@@@@@@@@@@@@@@@@@@@@@@@@@@@@@@@@
@@@@@@@@@@        @@        @@@@@@@@@@
@@@@@@@@@@    @@  @@  @@@@  @@@@@@@@@@
@@@@@@@@@@    @@  @@  @@@@  @@@@@@@@@@
@@@@@@@@@@        @@  @  @  @@@@@@@@@@
@@@@@@@@@@        @@        @@@@@@@@@@
@@@@@@@@@@@@@@@@@@@@@@@  @@@@@@@@@@@@@
@@@@@@@@@@@@@@@@@@@@@@@@@@@@@@@@@@@@@@
@@@@@@@@@@@@@@@@@@@@@@@@@@@@@@@@@@@@@@  Thank you for using jOOQ 3.7.3
                                      
17:02:35.250 - Stopping server...
17:02:35.251 - Stopping 1 services...
17:02:35.253 - HikariCP pool HikariPool-0 is shutting down.
17:02:35.422 - Server stopped.
17:02:36.519 - Starting server...
17:02:36.992 - Building registry...
17:02:38.337 - HikariCP pool HikariPool-0 is starting.
17:02:38.475 - Initializing 1 services...
17:02:38.620 - Ratpack started (development) for http://localhost:8888
17:02:40.502 - 
                                      
@@@@@@@@@@@@@@@@@@@@@@@@@@@@@@@@@@@@@@
@@@@@@@@@@@@@@@@@@@@@@@@@@@@@@@@@@@@@@
@@@@@@@@@@@@@@@@  @@        @@@@@@@@@@
@@@@@@@@@@@@@@@@@@@@        @@@@@@@@@@
@@@@@@@@@@@@@@@@  @@  @@    @@@@@@@@@@
@@@@@@@@@@  @@@@  @@  @@    @@@@@@@@@@
@@@@@@@@@@        @@        @@@@@@@@@@
@@@@@@@@@@@@@@@@@@@@@@@@@@@@@@@@@@@@@@
@@@@@@@@@@@@@@@@@@@@@@@@@@@@@@@@@@@@@@
@@@@@@@@@@        @@        @@@@@@@@@@
@@@@@@@@@@    @@  @@  @@@@  @@@@@@@@@@
@@@@@@@@@@    @@  @@  @@@@  @@@@@@@@@@
@@@@@@@@@@        @@  @  @  @@@@@@@@@@
@@@@@@@@@@        @@        @@@@@@@@@@
@@@@@@@@@@@@@@@@@@@@@@@  @@@@@@@@@@@@@
@@@@@@@@@@@@@@@@@@@@@@@@@@@@@@@@@@@@@@
@@@@@@@@@@@@@@@@@@@@@@@@@@@@@@@@@@@@@@  Thank you for using jOOQ 3.7.3
                                      
17:12:23.619 - Stopping server...
17:12:25.183 - Starting server...
17:12:25.650 - Building registry...
17:12:26.683 - HikariCP pool HikariPool-0 is starting.
17:12:26.849 - Initializing 1 services...
17:12:27.005 - Ratpack started (development) for http://localhost:8888
17:12:31.489 - 
                                      
@@@@@@@@@@@@@@@@@@@@@@@@@@@@@@@@@@@@@@
@@@@@@@@@@@@@@@@@@@@@@@@@@@@@@@@@@@@@@
@@@@@@@@@@@@@@@@  @@        @@@@@@@@@@
@@@@@@@@@@@@@@@@@@@@        @@@@@@@@@@
@@@@@@@@@@@@@@@@  @@  @@    @@@@@@@@@@
@@@@@@@@@@  @@@@  @@  @@    @@@@@@@@@@
@@@@@@@@@@        @@        @@@@@@@@@@
@@@@@@@@@@@@@@@@@@@@@@@@@@@@@@@@@@@@@@
@@@@@@@@@@@@@@@@@@@@@@@@@@@@@@@@@@@@@@
@@@@@@@@@@        @@        @@@@@@@@@@
@@@@@@@@@@    @@  @@  @@@@  @@@@@@@@@@
@@@@@@@@@@    @@  @@  @@@@  @@@@@@@@@@
@@@@@@@@@@        @@  @  @  @@@@@@@@@@
@@@@@@@@@@        @@        @@@@@@@@@@
@@@@@@@@@@@@@@@@@@@@@@@  @@@@@@@@@@@@@
@@@@@@@@@@@@@@@@@@@@@@@@@@@@@@@@@@@@@@
@@@@@@@@@@@@@@@@@@@@@@@@@@@@@@@@@@@@@@  Thank you for using jOOQ 3.7.3
                                      
17:14:02.414 - Stopping server...
17:14:04.089 - Starting server...
17:14:04.510 - Building registry...
17:14:05.468 - HikariCP pool HikariPool-0 is starting.
17:14:05.644 - Initializing 1 services...
17:14:05.897 - Ratpack started (development) for http://localhost:8888
17:14:07.692 - 
                                      
@@@@@@@@@@@@@@@@@@@@@@@@@@@@@@@@@@@@@@
@@@@@@@@@@@@@@@@@@@@@@@@@@@@@@@@@@@@@@
@@@@@@@@@@@@@@@@  @@        @@@@@@@@@@
@@@@@@@@@@@@@@@@@@@@        @@@@@@@@@@
@@@@@@@@@@@@@@@@  @@  @@    @@@@@@@@@@
@@@@@@@@@@  @@@@  @@  @@    @@@@@@@@@@
@@@@@@@@@@        @@        @@@@@@@@@@
@@@@@@@@@@@@@@@@@@@@@@@@@@@@@@@@@@@@@@
@@@@@@@@@@@@@@@@@@@@@@@@@@@@@@@@@@@@@@
@@@@@@@@@@        @@        @@@@@@@@@@
@@@@@@@@@@    @@  @@  @@@@  @@@@@@@@@@
@@@@@@@@@@    @@  @@  @@@@  @@@@@@@@@@
@@@@@@@@@@        @@  @  @  @@@@@@@@@@
@@@@@@@@@@        @@        @@@@@@@@@@
@@@@@@@@@@@@@@@@@@@@@@@  @@@@@@@@@@@@@
@@@@@@@@@@@@@@@@@@@@@@@@@@@@@@@@@@@@@@
@@@@@@@@@@@@@@@@@@@@@@@@@@@@@@@@@@@@@@  Thank you for using jOOQ 3.7.3
                                      
17:17:25.187 - Stopping server...
17:17:26.636 - Starting server...
17:17:27.024 - Building registry...
17:17:28.025 - HikariCP pool HikariPool-0 is starting.
17:17:28.170 - Initializing 1 services...
17:17:28.322 - Ratpack started (development) for http://localhost:8888
17:29:03.217 - Stopping server...
17:29:05.066 - Starting server...
17:29:05.593 - Building registry...
17:29:06.729 - HikariCP pool HikariPool-0 is starting.
17:29:06.877 - Initializing 1 services...
17:29:07.020 - Ratpack started (development) for http://localhost:8888
17:29:08.574 - 
                                      
@@@@@@@@@@@@@@@@@@@@@@@@@@@@@@@@@@@@@@
@@@@@@@@@@@@@@@@@@@@@@@@@@@@@@@@@@@@@@
@@@@@@@@@@@@@@@@  @@        @@@@@@@@@@
@@@@@@@@@@@@@@@@@@@@        @@@@@@@@@@
@@@@@@@@@@@@@@@@  @@  @@    @@@@@@@@@@
@@@@@@@@@@  @@@@  @@  @@    @@@@@@@@@@
@@@@@@@@@@        @@        @@@@@@@@@@
@@@@@@@@@@@@@@@@@@@@@@@@@@@@@@@@@@@@@@
@@@@@@@@@@@@@@@@@@@@@@@@@@@@@@@@@@@@@@
@@@@@@@@@@        @@        @@@@@@@@@@
@@@@@@@@@@    @@  @@  @@@@  @@@@@@@@@@
@@@@@@@@@@    @@  @@  @@@@  @@@@@@@@@@
@@@@@@@@@@        @@  @  @  @@@@@@@@@@
@@@@@@@@@@        @@        @@@@@@@@@@
@@@@@@@@@@@@@@@@@@@@@@@  @@@@@@@@@@@@@
@@@@@@@@@@@@@@@@@@@@@@@@@@@@@@@@@@@@@@
@@@@@@@@@@@@@@@@@@@@@@@@@@@@@@@@@@@@@@  Thank you for using jOOQ 3.7.3
                                      
17:29:51.278 - Stopping server...
17:29:54.446 - Starting server...
17:29:55.136 - Building registry...
17:29:56.582 - HikariCP pool HikariPool-0 is starting.
17:29:56.865 - Initializing 1 services...
17:29:57.104 - Ratpack started (development) for http://localhost:8888
17:30:07.891 - 
                                      
@@@@@@@@@@@@@@@@@@@@@@@@@@@@@@@@@@@@@@
@@@@@@@@@@@@@@@@@@@@@@@@@@@@@@@@@@@@@@
@@@@@@@@@@@@@@@@  @@        @@@@@@@@@@
@@@@@@@@@@@@@@@@@@@@        @@@@@@@@@@
@@@@@@@@@@@@@@@@  @@  @@    @@@@@@@@@@
@@@@@@@@@@  @@@@  @@  @@    @@@@@@@@@@
@@@@@@@@@@        @@        @@@@@@@@@@
@@@@@@@@@@@@@@@@@@@@@@@@@@@@@@@@@@@@@@
@@@@@@@@@@@@@@@@@@@@@@@@@@@@@@@@@@@@@@
@@@@@@@@@@        @@        @@@@@@@@@@
@@@@@@@@@@    @@  @@  @@@@  @@@@@@@@@@
@@@@@@@@@@    @@  @@  @@@@  @@@@@@@@@@
@@@@@@@@@@        @@  @  @  @@@@@@@@@@
@@@@@@@@@@        @@        @@@@@@@@@@
@@@@@@@@@@@@@@@@@@@@@@@  @@@@@@@@@@@@@
@@@@@@@@@@@@@@@@@@@@@@@@@@@@@@@@@@@@@@
@@@@@@@@@@@@@@@@@@@@@@@@@@@@@@@@@@@@@@  Thank you for using jOOQ 3.7.3
                                      
17:45:45.037 - Stopping server...
17:45:47.299 - Starting server...
17:45:47.692 - Building registry...
17:45:48.526 - HikariCP pool HikariPool-0 is starting.
17:45:48.720 - Initializing 1 services...
17:45:48.888 - Ratpack started (development) for http://localhost:8888
17:45:57.211 - 
                                      
@@@@@@@@@@@@@@@@@@@@@@@@@@@@@@@@@@@@@@
@@@@@@@@@@@@@@@@@@@@@@@@@@@@@@@@@@@@@@
@@@@@@@@@@@@@@@@  @@        @@@@@@@@@@
@@@@@@@@@@@@@@@@@@@@        @@@@@@@@@@
@@@@@@@@@@@@@@@@  @@  @@    @@@@@@@@@@
@@@@@@@@@@  @@@@  @@  @@    @@@@@@@@@@
@@@@@@@@@@        @@        @@@@@@@@@@
@@@@@@@@@@@@@@@@@@@@@@@@@@@@@@@@@@@@@@
@@@@@@@@@@@@@@@@@@@@@@@@@@@@@@@@@@@@@@
@@@@@@@@@@        @@        @@@@@@@@@@
@@@@@@@@@@    @@  @@  @@@@  @@@@@@@@@@
@@@@@@@@@@    @@  @@  @@@@  @@@@@@@@@@
@@@@@@@@@@        @@  @  @  @@@@@@@@@@
@@@@@@@@@@        @@        @@@@@@@@@@
@@@@@@@@@@@@@@@@@@@@@@@  @@@@@@@@@@@@@
@@@@@@@@@@@@@@@@@@@@@@@@@@@@@@@@@@@@@@
@@@@@@@@@@@@@@@@@@@@@@@@@@@@@@@@@@@@@@  Thank you for using jOOQ 3.7.3
                                      
17:54:37.487 - Stopping server...
17:54:38.809 - Starting server...
17:54:39.277 - Building registry...
17:54:40.309 - HikariCP pool HikariPool-0 is starting.
17:54:40.498 - Initializing 1 services...
17:54:40.647 - Ratpack started (development) for http://localhost:8888
17:54:55.063 - 
                                      
@@@@@@@@@@@@@@@@@@@@@@@@@@@@@@@@@@@@@@
@@@@@@@@@@@@@@@@@@@@@@@@@@@@@@@@@@@@@@
@@@@@@@@@@@@@@@@  @@        @@@@@@@@@@
@@@@@@@@@@@@@@@@@@@@        @@@@@@@@@@
@@@@@@@@@@@@@@@@  @@  @@    @@@@@@@@@@
@@@@@@@@@@  @@@@  @@  @@    @@@@@@@@@@
@@@@@@@@@@        @@        @@@@@@@@@@
@@@@@@@@@@@@@@@@@@@@@@@@@@@@@@@@@@@@@@
@@@@@@@@@@@@@@@@@@@@@@@@@@@@@@@@@@@@@@
@@@@@@@@@@        @@        @@@@@@@@@@
@@@@@@@@@@    @@  @@  @@@@  @@@@@@@@@@
@@@@@@@@@@    @@  @@  @@@@  @@@@@@@@@@
@@@@@@@@@@        @@  @  @  @@@@@@@@@@
@@@@@@@@@@        @@        @@@@@@@@@@
@@@@@@@@@@@@@@@@@@@@@@@  @@@@@@@@@@@@@
@@@@@@@@@@@@@@@@@@@@@@@@@@@@@@@@@@@@@@
@@@@@@@@@@@@@@@@@@@@@@@@@@@@@@@@@@@@@@  Thank you for using jOOQ 3.7.3
                                      
17:55:47.659 - Stopping server...
17:55:47.661 - Stopping 1 services...
17:55:47.663 - HikariCP pool HikariPool-0 is shutting down.
17:55:47.817 - Server stopped.
17:56:30.962 - Starting server...
17:56:32.337 - Building registry...
17:56:34.303 - HikariCP pool HikariPool-0 is starting.
17:56:34.452 - Initializing 1 services...
17:56:34.719 - Ratpack started (development) for http://localhost:8888
17:56:36.657 - 
                                      
@@@@@@@@@@@@@@@@@@@@@@@@@@@@@@@@@@@@@@
@@@@@@@@@@@@@@@@@@@@@@@@@@@@@@@@@@@@@@
@@@@@@@@@@@@@@@@  @@        @@@@@@@@@@
@@@@@@@@@@@@@@@@@@@@        @@@@@@@@@@
@@@@@@@@@@@@@@@@  @@  @@    @@@@@@@@@@
@@@@@@@@@@  @@@@  @@  @@    @@@@@@@@@@
@@@@@@@@@@        @@        @@@@@@@@@@
@@@@@@@@@@@@@@@@@@@@@@@@@@@@@@@@@@@@@@
@@@@@@@@@@@@@@@@@@@@@@@@@@@@@@@@@@@@@@
@@@@@@@@@@        @@        @@@@@@@@@@
@@@@@@@@@@    @@  @@  @@@@  @@@@@@@@@@
@@@@@@@@@@    @@  @@  @@@@  @@@@@@@@@@
@@@@@@@@@@        @@  @  @  @@@@@@@@@@
@@@@@@@@@@        @@        @@@@@@@@@@
@@@@@@@@@@@@@@@@@@@@@@@  @@@@@@@@@@@@@
@@@@@@@@@@@@@@@@@@@@@@@@@@@@@@@@@@@@@@
@@@@@@@@@@@@@@@@@@@@@@@@@@@@@@@@@@@@@@  Thank you for using jOOQ 3.7.3
                                      
18:02:55.739 - Stopping server...
18:02:57.343 - Starting server...
18:02:57.727 - Building registry...
18:02:59.105 - HikariCP pool HikariPool-0 is starting.
18:02:59.252 - Initializing 1 services...
18:02:59.419 - Ratpack started (development) for http://localhost:8888
18:03:03.195 - 
                                      
@@@@@@@@@@@@@@@@@@@@@@@@@@@@@@@@@@@@@@
@@@@@@@@@@@@@@@@@@@@@@@@@@@@@@@@@@@@@@
@@@@@@@@@@@@@@@@  @@        @@@@@@@@@@
@@@@@@@@@@@@@@@@@@@@        @@@@@@@@@@
@@@@@@@@@@@@@@@@  @@  @@    @@@@@@@@@@
@@@@@@@@@@  @@@@  @@  @@    @@@@@@@@@@
@@@@@@@@@@        @@        @@@@@@@@@@
@@@@@@@@@@@@@@@@@@@@@@@@@@@@@@@@@@@@@@
@@@@@@@@@@@@@@@@@@@@@@@@@@@@@@@@@@@@@@
@@@@@@@@@@        @@        @@@@@@@@@@
@@@@@@@@@@    @@  @@  @@@@  @@@@@@@@@@
@@@@@@@@@@    @@  @@  @@@@  @@@@@@@@@@
@@@@@@@@@@        @@  @  @  @@@@@@@@@@
@@@@@@@@@@        @@        @@@@@@@@@@
@@@@@@@@@@@@@@@@@@@@@@@  @@@@@@@@@@@@@
@@@@@@@@@@@@@@@@@@@@@@@@@@@@@@@@@@@@@@
@@@@@@@@@@@@@@@@@@@@@@@@@@@@@@@@@@@@@@  Thank you for using jOOQ 3.7.3
                                      
18:03:56.548 - Stopping server...
18:03:58.088 - Starting server...
18:03:58.474 - Building registry...
18:03:59.638 - HikariCP pool HikariPool-0 is starting.
18:03:59.790 - Initializing 1 services...
18:03:59.924 - Ratpack started (development) for http://localhost:8888
18:04:04.218 - 
                                      
@@@@@@@@@@@@@@@@@@@@@@@@@@@@@@@@@@@@@@
@@@@@@@@@@@@@@@@@@@@@@@@@@@@@@@@@@@@@@
@@@@@@@@@@@@@@@@  @@        @@@@@@@@@@
@@@@@@@@@@@@@@@@@@@@        @@@@@@@@@@
@@@@@@@@@@@@@@@@  @@  @@    @@@@@@@@@@
@@@@@@@@@@  @@@@  @@  @@    @@@@@@@@@@
@@@@@@@@@@        @@        @@@@@@@@@@
@@@@@@@@@@@@@@@@@@@@@@@@@@@@@@@@@@@@@@
@@@@@@@@@@@@@@@@@@@@@@@@@@@@@@@@@@@@@@
@@@@@@@@@@        @@        @@@@@@@@@@
@@@@@@@@@@    @@  @@  @@@@  @@@@@@@@@@
@@@@@@@@@@    @@  @@  @@@@  @@@@@@@@@@
@@@@@@@@@@        @@  @  @  @@@@@@@@@@
@@@@@@@@@@        @@        @@@@@@@@@@
@@@@@@@@@@@@@@@@@@@@@@@  @@@@@@@@@@@@@
@@@@@@@@@@@@@@@@@@@@@@@@@@@@@@@@@@@@@@
@@@@@@@@@@@@@@@@@@@@@@@@@@@@@@@@@@@@@@  Thank you for using jOOQ 3.7.3
                                      
18:09:16.621 - Stopping server...
18:09:18.755 - Starting server...
18:09:19.173 - Building registry...
18:09:20.234 - HikariCP pool HikariPool-0 is starting.
18:09:20.385 - Initializing 1 services...
18:09:20.521 - Ratpack started (development) for http://localhost:8888
18:09:27.998 - 
                                      
@@@@@@@@@@@@@@@@@@@@@@@@@@@@@@@@@@@@@@
@@@@@@@@@@@@@@@@@@@@@@@@@@@@@@@@@@@@@@
@@@@@@@@@@@@@@@@  @@        @@@@@@@@@@
@@@@@@@@@@@@@@@@@@@@        @@@@@@@@@@
@@@@@@@@@@@@@@@@  @@  @@    @@@@@@@@@@
@@@@@@@@@@  @@@@  @@  @@    @@@@@@@@@@
@@@@@@@@@@        @@        @@@@@@@@@@
@@@@@@@@@@@@@@@@@@@@@@@@@@@@@@@@@@@@@@
@@@@@@@@@@@@@@@@@@@@@@@@@@@@@@@@@@@@@@
@@@@@@@@@@        @@        @@@@@@@@@@
@@@@@@@@@@    @@  @@  @@@@  @@@@@@@@@@
@@@@@@@@@@    @@  @@  @@@@  @@@@@@@@@@
@@@@@@@@@@        @@  @  @  @@@@@@@@@@
@@@@@@@@@@        @@        @@@@@@@@@@
@@@@@@@@@@@@@@@@@@@@@@@  @@@@@@@@@@@@@
@@@@@@@@@@@@@@@@@@@@@@@@@@@@@@@@@@@@@@
@@@@@@@@@@@@@@@@@@@@@@@@@@@@@@@@@@@@@@  Thank you for using jOOQ 3.7.3
                                      
18:14:15.166 - Stopping server...
18:14:16.652 - Starting server...
18:14:17.008 - Building registry...
18:14:17.792 - HikariCP pool HikariPool-0 is starting.
18:14:17.935 - Initializing 1 services...
18:14:18.102 - Ratpack started (development) for http://localhost:8888
18:14:20.709 - 
                                      
@@@@@@@@@@@@@@@@@@@@@@@@@@@@@@@@@@@@@@
@@@@@@@@@@@@@@@@@@@@@@@@@@@@@@@@@@@@@@
@@@@@@@@@@@@@@@@  @@        @@@@@@@@@@
@@@@@@@@@@@@@@@@@@@@        @@@@@@@@@@
@@@@@@@@@@@@@@@@  @@  @@    @@@@@@@@@@
@@@@@@@@@@  @@@@  @@  @@    @@@@@@@@@@
@@@@@@@@@@        @@        @@@@@@@@@@
@@@@@@@@@@@@@@@@@@@@@@@@@@@@@@@@@@@@@@
@@@@@@@@@@@@@@@@@@@@@@@@@@@@@@@@@@@@@@
@@@@@@@@@@        @@        @@@@@@@@@@
@@@@@@@@@@    @@  @@  @@@@  @@@@@@@@@@
@@@@@@@@@@    @@  @@  @@@@  @@@@@@@@@@
@@@@@@@@@@        @@  @  @  @@@@@@@@@@
@@@@@@@@@@        @@        @@@@@@@@@@
@@@@@@@@@@@@@@@@@@@@@@@  @@@@@@@@@@@@@
@@@@@@@@@@@@@@@@@@@@@@@@@@@@@@@@@@@@@@
@@@@@@@@@@@@@@@@@@@@@@@@@@@@@@@@@@@@@@  Thank you for using jOOQ 3.7.3
                                      
18:19:16.133 - Stopping server...
18:19:17.648 - Starting server...
18:19:17.966 - Building registry...
18:19:18.696 - HikariCP pool HikariPool-0 is starting.
18:19:18.852 - Initializing 1 services...
18:19:19.003 - Ratpack started (development) for http://localhost:8888
18:19:28.587 - 
                                      
@@@@@@@@@@@@@@@@@@@@@@@@@@@@@@@@@@@@@@
@@@@@@@@@@@@@@@@@@@@@@@@@@@@@@@@@@@@@@
@@@@@@@@@@@@@@@@  @@        @@@@@@@@@@
@@@@@@@@@@@@@@@@@@@@        @@@@@@@@@@
@@@@@@@@@@@@@@@@  @@  @@    @@@@@@@@@@
@@@@@@@@@@  @@@@  @@  @@    @@@@@@@@@@
@@@@@@@@@@        @@        @@@@@@@@@@
@@@@@@@@@@@@@@@@@@@@@@@@@@@@@@@@@@@@@@
@@@@@@@@@@@@@@@@@@@@@@@@@@@@@@@@@@@@@@
@@@@@@@@@@        @@        @@@@@@@@@@
@@@@@@@@@@    @@  @@  @@@@  @@@@@@@@@@
@@@@@@@@@@    @@  @@  @@@@  @@@@@@@@@@
@@@@@@@@@@        @@  @  @  @@@@@@@@@@
@@@@@@@@@@        @@        @@@@@@@@@@
@@@@@@@@@@@@@@@@@@@@@@@  @@@@@@@@@@@@@
@@@@@@@@@@@@@@@@@@@@@@@@@@@@@@@@@@@@@@
@@@@@@@@@@@@@@@@@@@@@@@@@@@@@@@@@@@@@@  Thank you for using jOOQ 3.7.3
                                      
