13:00:48.669 - Stopping server...
13:00:48.673 - Stopping 1 services...
13:00:48.676 - HikariCP pool HikariPool-0 is shutting down.
13:00:48.775 - Server stopped.
13:00:50.403 - Starting server...
13:00:50.829 - Building registry...
13:00:51.640 - HikariCP pool HikariPool-0 is starting.
13:00:51.836 - Initializing 1 services...
13:00:51.980 - Ratpack started (development) for http://localhost:8888
13:01:59.738 - 
                                      
@@@@@@@@@@@@@@@@@@@@@@@@@@@@@@@@@@@@@@
@@@@@@@@@@@@@@@@@@@@@@@@@@@@@@@@@@@@@@
@@@@@@@@@@@@@@@@  @@        @@@@@@@@@@
@@@@@@@@@@@@@@@@@@@@        @@@@@@@@@@
@@@@@@@@@@@@@@@@  @@  @@    @@@@@@@@@@
@@@@@@@@@@  @@@@  @@  @@    @@@@@@@@@@
@@@@@@@@@@        @@        @@@@@@@@@@
@@@@@@@@@@@@@@@@@@@@@@@@@@@@@@@@@@@@@@
@@@@@@@@@@@@@@@@@@@@@@@@@@@@@@@@@@@@@@
@@@@@@@@@@        @@        @@@@@@@@@@
@@@@@@@@@@    @@  @@  @@@@  @@@@@@@@@@
@@@@@@@@@@    @@  @@  @@@@  @@@@@@@@@@
@@@@@@@@@@        @@  @  @  @@@@@@@@@@
@@@@@@@@@@        @@        @@@@@@@@@@
@@@@@@@@@@@@@@@@@@@@@@@  @@@@@@@@@@@@@
@@@@@@@@@@@@@@@@@@@@@@@@@@@@@@@@@@@@@@
@@@@@@@@@@@@@@@@@@@@@@@@@@@@@@@@@@@@@@  Thank you for using jOOQ 3.7.2
                                      
14:08:20.250 - Stopping server...
14:08:20.251 - Stopping 1 services...
14:08:20.252 - HikariCP pool HikariPool-0 is shutting down.
14:08:20.308 - Server stopped.
14:08:21.890 - Starting server...
14:08:22.179 - Building registry...
14:08:22.893 - HikariCP pool HikariPool-0 is starting.
14:08:23.067 - Initializing 1 services...
14:08:23.204 - Ratpack started (development) for http://localhost:8888
14:08:46.669 - Stopping server...
14:08:46.671 - Stopping 1 services...
14:08:46.672 - HikariCP pool HikariPool-0 is shutting down.
14:08:46.727 - Server stopped.
14:08:48.299 - Starting server...
14:08:48.610 - Building registry...
14:08:49.384 - HikariCP pool HikariPool-0 is starting.
14:08:49.583 - Initializing 1 services...
14:08:49.709 - Ratpack started (development) for http://localhost:8888
14:15:13.263 - Stopping server...
14:15:14.975 - Starting server...
14:15:15.280 - Building registry...
14:15:15.964 - HikariCP pool HikariPool-0 is starting.
14:15:16.120 - Initializing 1 services...
14:15:16.264 - Ratpack started (development) for http://localhost:8888
14:20:20.442 - Stopping server...
14:20:22.093 - Starting server...
14:20:22.421 - Building registry...
14:20:23.187 - HikariCP pool HikariPool-0 is starting.
14:20:23.355 - Initializing 1 services...
14:20:23.509 - Ratpack started (development) for http://localhost:8888
14:21:12.613 - 
                                      
@@@@@@@@@@@@@@@@@@@@@@@@@@@@@@@@@@@@@@
@@@@@@@@@@@@@@@@@@@@@@@@@@@@@@@@@@@@@@
@@@@@@@@@@@@@@@@  @@        @@@@@@@@@@
@@@@@@@@@@@@@@@@@@@@        @@@@@@@@@@
@@@@@@@@@@@@@@@@  @@  @@    @@@@@@@@@@
@@@@@@@@@@  @@@@  @@  @@    @@@@@@@@@@
@@@@@@@@@@        @@        @@@@@@@@@@
@@@@@@@@@@@@@@@@@@@@@@@@@@@@@@@@@@@@@@
@@@@@@@@@@@@@@@@@@@@@@@@@@@@@@@@@@@@@@
@@@@@@@@@@        @@        @@@@@@@@@@
@@@@@@@@@@    @@  @@  @@@@  @@@@@@@@@@
@@@@@@@@@@    @@  @@  @@@@  @@@@@@@@@@
@@@@@@@@@@        @@  @  @  @@@@@@@@@@
@@@@@@@@@@        @@        @@@@@@@@@@
@@@@@@@@@@@@@@@@@@@@@@@  @@@@@@@@@@@@@
@@@@@@@@@@@@@@@@@@@@@@@@@@@@@@@@@@@@@@
@@@@@@@@@@@@@@@@@@@@@@@@@@@@@@@@@@@@@@  Thank you for using jOOQ 3.7.2
                                      
14:41:14.322 - Stopping server...
14:41:15.943 - Starting server...
14:41:16.252 - Building registry...
14:41:16.951 - HikariCP pool HikariPool-0 is starting.
14:41:17.111 - Initializing 1 services...
14:41:17.262 - Ratpack started (development) for http://localhost:8888
14:44:37.994 - Stopping server...
14:44:39.415 - Starting server...
14:44:39.737 - Building registry...
14:44:40.464 - HikariCP pool HikariPool-0 is starting.
14:44:40.692 - Initializing 1 services...
14:44:40.813 - Ratpack started (development) for http://localhost:8888
14:44:51.692 - 
                                      
@@@@@@@@@@@@@@@@@@@@@@@@@@@@@@@@@@@@@@
@@@@@@@@@@@@@@@@@@@@@@@@@@@@@@@@@@@@@@
@@@@@@@@@@@@@@@@  @@        @@@@@@@@@@
@@@@@@@@@@@@@@@@@@@@        @@@@@@@@@@
@@@@@@@@@@@@@@@@  @@  @@    @@@@@@@@@@
@@@@@@@@@@  @@@@  @@  @@    @@@@@@@@@@
@@@@@@@@@@        @@        @@@@@@@@@@
@@@@@@@@@@@@@@@@@@@@@@@@@@@@@@@@@@@@@@
@@@@@@@@@@@@@@@@@@@@@@@@@@@@@@@@@@@@@@
@@@@@@@@@@        @@        @@@@@@@@@@
@@@@@@@@@@    @@  @@  @@@@  @@@@@@@@@@
@@@@@@@@@@    @@  @@  @@@@  @@@@@@@@@@
@@@@@@@@@@        @@  @  @  @@@@@@@@@@
@@@@@@@@@@        @@        @@@@@@@@@@
@@@@@@@@@@@@@@@@@@@@@@@  @@@@@@@@@@@@@
@@@@@@@@@@@@@@@@@@@@@@@@@@@@@@@@@@@@@@
@@@@@@@@@@@@@@@@@@@@@@@@@@@@@@@@@@@@@@  Thank you for using jOOQ 3.7.2
                                      
14:56:21.573 - Stopping server...
14:56:23.388 - Starting server...
14:56:23.748 - Building registry...
14:56:24.714 - HikariCP pool HikariPool-0 is starting.
14:56:24.847 - Initializing 1 services...
14:56:24.979 - Ratpack started (development) for http://localhost:8888
15:00:14.746 - Stopping server...
15:00:14.748 - Stopping 1 services...
15:00:14.749 - HikariCP pool HikariPool-0 is shutting down.
15:00:14.800 - Server stopped.
15:00:17.046 - Starting server...
15:00:17.358 - Building registry...
15:00:18.088 - HikariCP pool HikariPool-0 is starting.
15:00:18.252 - Initializing 1 services...
15:00:18.403 - Ratpack started (development) for http://localhost:8888
15:04:17.354 - 
                                      
@@@@@@@@@@@@@@@@@@@@@@@@@@@@@@@@@@@@@@
@@@@@@@@@@@@@@@@@@@@@@@@@@@@@@@@@@@@@@
@@@@@@@@@@@@@@@@  @@        @@@@@@@@@@
@@@@@@@@@@@@@@@@@@@@        @@@@@@@@@@
@@@@@@@@@@@@@@@@  @@  @@    @@@@@@@@@@
@@@@@@@@@@  @@@@  @@  @@    @@@@@@@@@@
@@@@@@@@@@        @@        @@@@@@@@@@
@@@@@@@@@@@@@@@@@@@@@@@@@@@@@@@@@@@@@@
@@@@@@@@@@@@@@@@@@@@@@@@@@@@@@@@@@@@@@
@@@@@@@@@@        @@        @@@@@@@@@@
@@@@@@@@@@    @@  @@  @@@@  @@@@@@@@@@
@@@@@@@@@@    @@  @@  @@@@  @@@@@@@@@@
@@@@@@@@@@        @@  @  @  @@@@@@@@@@
@@@@@@@@@@        @@        @@@@@@@@@@
@@@@@@@@@@@@@@@@@@@@@@@  @@@@@@@@@@@@@
@@@@@@@@@@@@@@@@@@@@@@@@@@@@@@@@@@@@@@
@@@@@@@@@@@@@@@@@@@@@@@@@@@@@@@@@@@@@@  Thank you for using jOOQ 3.7.2
                                      
15:59:59.277 - Stopping server...
16:00:00.760 - Starting server...
16:00:01.191 - Building registry...
16:00:02.474 - HikariCP pool HikariPool-0 is starting.
16:00:02.634 - Initializing 1 services...
16:00:02.792 - Ratpack started (development) for http://localhost:8888
16:00:03.807 - 
                                      
@@@@@@@@@@@@@@@@@@@@@@@@@@@@@@@@@@@@@@
@@@@@@@@@@@@@@@@@@@@@@@@@@@@@@@@@@@@@@
@@@@@@@@@@@@@@@@  @@        @@@@@@@@@@
@@@@@@@@@@@@@@@@@@@@        @@@@@@@@@@
@@@@@@@@@@@@@@@@  @@  @@    @@@@@@@@@@
@@@@@@@@@@  @@@@  @@  @@    @@@@@@@@@@
@@@@@@@@@@        @@        @@@@@@@@@@
@@@@@@@@@@@@@@@@@@@@@@@@@@@@@@@@@@@@@@
@@@@@@@@@@@@@@@@@@@@@@@@@@@@@@@@@@@@@@
@@@@@@@@@@        @@        @@@@@@@@@@
@@@@@@@@@@    @@  @@  @@@@  @@@@@@@@@@
@@@@@@@@@@    @@  @@  @@@@  @@@@@@@@@@
@@@@@@@@@@        @@  @  @  @@@@@@@@@@
@@@@@@@@@@        @@        @@@@@@@@@@
@@@@@@@@@@@@@@@@@@@@@@@  @@@@@@@@@@@@@
@@@@@@@@@@@@@@@@@@@@@@@@@@@@@@@@@@@@@@
@@@@@@@@@@@@@@@@@@@@@@@@@@@@@@@@@@@@@@  Thank you for using jOOQ 3.7.2
                                      
16:36:36.221 - Stopping server...
16:36:38.425 - Starting server...
16:36:38.770 - Building registry...
16:36:39.766 - HikariCP pool HikariPool-0 is starting.
16:36:39.997 - Initializing 1 services...
16:36:40.133 - Ratpack started (development) for http://localhost:8888
16:36:54.269 - 
                                      
@@@@@@@@@@@@@@@@@@@@@@@@@@@@@@@@@@@@@@
@@@@@@@@@@@@@@@@@@@@@@@@@@@@@@@@@@@@@@
@@@@@@@@@@@@@@@@  @@        @@@@@@@@@@
@@@@@@@@@@@@@@@@@@@@        @@@@@@@@@@
@@@@@@@@@@@@@@@@  @@  @@    @@@@@@@@@@
@@@@@@@@@@  @@@@  @@  @@    @@@@@@@@@@
@@@@@@@@@@        @@        @@@@@@@@@@
@@@@@@@@@@@@@@@@@@@@@@@@@@@@@@@@@@@@@@
@@@@@@@@@@@@@@@@@@@@@@@@@@@@@@@@@@@@@@
@@@@@@@@@@        @@        @@@@@@@@@@
@@@@@@@@@@    @@  @@  @@@@  @@@@@@@@@@
@@@@@@@@@@    @@  @@  @@@@  @@@@@@@@@@
@@@@@@@@@@        @@  @  @  @@@@@@@@@@
@@@@@@@@@@        @@        @@@@@@@@@@
@@@@@@@@@@@@@@@@@@@@@@@  @@@@@@@@@@@@@
@@@@@@@@@@@@@@@@@@@@@@@@@@@@@@@@@@@@@@
@@@@@@@@@@@@@@@@@@@@@@@@@@@@@@@@@@@@@@  Thank you for using jOOQ 3.7.2
                                      
