11:57:53.696 - Starting server...
11:57:53.985 - Building registry...
11:57:54.635 - HikariCP pool HikariPool-0 is starting.
11:57:54.777 - Ratpack started (development) for http://localhost:8888
12:00:22.808 - Stopping server...
12:00:22.810 - Server stopped.
12:00:29.499 - Starting server...
12:00:29.791 - Building registry...
12:00:30.519 - HikariCP pool HikariPool-0 is starting.
12:00:30.678 - Ratpack started (development) for http://localhost:8888
12:39:07.799 - Stopping server...
12:39:23.544 - Starting server...
12:39:23.852 - Building registry...
12:39:24.552 - HikariCP pool HikariPool-0 is starting.
12:39:24.665 - HikariCP pool HikariPool-0 is shutting down.
12:39:24.835 - Ratpack started (development) for http://localhost:8888
12:40:58.080 - Stopping server...
12:41:06.065 - Starting server...
12:41:06.340 - Building registry...
12:41:07.004 - HikariCP pool HikariPool-0 is starting.
12:41:07.109 - HikariCP pool HikariPool-0 is shutting down.
12:41:07.235 - Ratpack started (development) for http://localhost:8888
12:41:33.322 - Stopping server...
12:41:33.324 - Server stopped.
12:41:39.203 - Starting server...
12:41:39.515 - Building registry...
12:41:40.212 - HikariCP pool HikariPool-0 is starting.
12:41:40.324 - HikariCP pool HikariPool-0 is shutting down.
12:41:40.465 - Ratpack started (development) for http://localhost:8888
13:08:01.912 - Starting server...
13:08:02.195 - Building registry...
13:08:02.854 - HikariCP pool HikariPool-0 is starting.
13:08:02.955 - HikariCP pool HikariPool-0 is shutting down.
13:08:11.945 - Stopping server...
13:08:16.948 - Starting server...
13:08:17.220 - Building registry...
13:08:17.961 - HikariCP pool HikariPool-0 is starting.
13:08:18.073 - HikariCP pool HikariPool-0 is shutting down.
13:08:18.209 - Ratpack started (development) for http://localhost:8888
13:08:33.177 - Stopping server...
13:08:33.179 - Server stopped.
13:12:01.198 - Starting server...
13:12:01.501 - Building registry...
13:12:02.163 - HikariCP pool HikariPool-0 is starting.
13:12:02.284 - HikariCP pool HikariPool-0 is shutting down.
13:12:02.394 - Ratpack started (development) for http://localhost:8888
13:12:18.721 - Starting server...
13:12:18.999 - Building registry...
13:12:19.635 - HikariCP pool HikariPool-0 is starting.
13:12:19.741 - HikariCP pool HikariPool-0 is shutting down.
13:14:39.721 - Stopping server...
13:14:39.724 - Server stopped.
13:14:50.996 - Starting server...
13:14:51.290 - Building registry...
13:14:51.955 - HikariCP pool HikariPool-0 is starting.
13:14:52.051 - HikariCP pool HikariPool-0 is shutting down.
13:14:52.180 - Ratpack started (development) for http://localhost:8888
13:15:13.237 - Starting server...
13:15:13.529 - Building registry...
13:15:14.202 - HikariCP pool HikariPool-0 is starting.
13:15:14.311 - HikariCP pool HikariPool-0 is shutting down.
13:15:24.871 - Starting server...
13:15:25.154 - Building registry...
13:15:25.820 - HikariCP pool HikariPool-0 is starting.
13:15:25.930 - HikariCP pool HikariPool-0 is shutting down.
13:15:26.078 - Ratpack started (development) for http://localhost:5432
13:16:24.576 - Stopping server...
13:16:24.579 - Server stopped.
13:16:25.973 - Stopping server...
13:16:25.976 - Server stopped.
13:17:24.066 - Starting server...
13:17:24.351 - Building registry...
13:17:24.991 - HikariCP pool HikariPool-0 is starting.
13:17:25.094 - HikariCP pool HikariPool-0 is shutting down.
13:17:25.244 - Ratpack started (development) for http://localhost:8888
13:17:34.884 - Starting server...
13:17:35.154 - Building registry...
13:17:35.861 - HikariCP pool HikariPool-0 is starting.
13:17:35.962 - HikariCP pool HikariPool-0 is shutting down.
13:17:36.117 - Ratpack started (development) for http://localhost:5432
13:17:45.049 - Building registry...
13:17:45.072 - HikariCP pool HikariPool-1 is starting.
13:17:45.075 - HikariCP pool HikariPool-1 is shutting down.
13:17:45.158 - Building registry...
13:17:45.191 - HikariCP pool HikariPool-2 is starting.
13:17:45.196 - HikariCP pool HikariPool-2 is shutting down.
13:17:45.432 - Building registry...
13:17:45.461 - HikariCP pool HikariPool-3 is starting.
13:17:45.466 - HikariCP pool HikariPool-3 is shutting down.
13:17:45.480 - Building registry...
13:17:45.502 - HikariCP pool HikariPool-4 is starting.
13:17:45.506 - HikariCP pool HikariPool-4 is shutting down.
13:20:05.413 - Building registry...
13:20:05.437 - HikariCP pool HikariPool-5 is starting.
13:20:05.444 - HikariCP pool HikariPool-5 is shutting down.
13:20:05.457 - Building registry...
13:20:05.481 - HikariCP pool HikariPool-6 is starting.
13:20:05.487 - HikariCP pool HikariPool-6 is shutting down.
13:25:38.080 - Starting server...
13:25:38.376 - Building registry...
13:25:39.037 - HikariCP pool HikariPool-0 is starting.
13:25:39.147 - HikariCP pool HikariPool-0 is shutting down.
13:27:36.569 - Stopping server...
13:27:36.571 - Server stopped.
13:27:57.709 - Starting server...
13:27:57.991 - Building registry...
13:27:58.689 - HikariCP pool HikariPool-0 is starting.
13:27:58.798 - HikariCP pool HikariPool-0 is shutting down.
13:28:30.104 - Starting server...
13:28:30.378 - Building registry...
13:28:31.022 - HikariCP pool HikariPool-0 is starting.
13:28:31.134 - HikariCP pool HikariPool-0 is shutting down.
13:28:31.271 - Ratpack started (development) for http://localhost:5488
13:28:44.058 - Starting server...
13:28:44.355 - Building registry...
13:28:45.044 - HikariCP pool HikariPool-0 is starting.
13:28:45.147 - HikariCP pool HikariPool-0 is shutting down.
13:28:51.010 - Stopping server...
13:28:51.012 - HikariCP pool HikariPool-6 is starting.
13:28:51.016 - HikariCP pool HikariPool-6 is shutting down.
13:29:00.480 - Starting server...
13:29:00.766 - Building registry...
13:29:01.436 - HikariCP pool HikariPool-0 is starting.
13:29:01.542 - HikariCP pool HikariPool-0 is shutting down.
13:29:01.672 - Ratpack started (development) for http://localhost:8888
13:29:08.969 - Stopping server...
13:29:22.851 - Starting server...
13:29:23.133 - Building registry...
13:29:23.763 - HikariCP pool HikariPool-0 is starting.
13:29:23.859 - HikariCP pool HikariPool-0 is shutting down.
13:29:32.200 - Starting server...
13:29:32.478 - Building registry...
13:29:33.138 - HikariCP pool HikariPool-0 is starting.
13:29:33.253 - HikariCP pool HikariPool-0 is shutting down.
13:29:36.504 - Stopping server...
13:29:41.974 - Starting server...
13:29:42.248 - Building registry...
13:29:42.940 - HikariCP pool HikariPool-0 is starting.
13:29:43.044 - HikariCP pool HikariPool-0 is shutting down.
13:29:43.188 - Ratpack started (development) for http://localhost:5432
13:29:53.900 - Starting server...
13:29:54.199 - Building registry...
13:29:54.869 - HikariCP pool HikariPool-0 is starting.
13:29:54.977 - HikariCP pool HikariPool-0 is shutting down.
13:30:02.031 - Starting server...
13:30:02.308 - Building registry...
13:30:02.939 - HikariCP pool HikariPool-0 is starting.
13:30:03.046 - HikariCP pool HikariPool-0 is shutting down.
13:30:09.482 - Stopping server...
13:30:17.864 - Starting server...
13:30:18.149 - Building registry...
13:30:18.837 - HikariCP pool HikariPool-0 is starting.
13:30:18.944 - HikariCP pool HikariPool-0 is shutting down.
13:30:19.089 - Ratpack started (development) for http://localhost:8888
13:30:35.684 - Starting server...
13:30:35.959 - Building registry...
13:30:36.601 - HikariCP pool HikariPool-0 is starting.
13:30:36.710 - HikariCP pool HikariPool-0 is shutting down.
13:30:46.586 - Starting server...
13:30:46.875 - Building registry...
13:30:47.538 - HikariCP pool HikariPool-0 is starting.
13:30:47.638 - HikariCP pool HikariPool-0 is shutting down.
13:30:47.771 - Ratpack started (development) for http://localhost:5432
13:31:05.102 - Starting server...
13:31:05.381 - Building registry...
13:31:06.035 - HikariCP pool HikariPool-0 is starting.
13:31:06.138 - HikariCP pool HikariPool-0 is shutting down.
13:31:11.420 - Starting server...
13:31:11.700 - Building registry...
13:31:12.354 - HikariCP pool HikariPool-0 is starting.
13:31:12.462 - HikariCP pool HikariPool-0 is shutting down.
13:31:38.468 - Starting server...
13:31:38.746 - Building registry...
13:31:39.406 - HikariCP pool HikariPool-0 is starting.
13:31:39.518 - HikariCP pool HikariPool-0 is shutting down.
13:32:04.212 - Building registry...
13:32:04.235 - HikariCP pool HikariPool-1 is starting.
13:32:04.239 - HikariCP pool HikariPool-1 is shutting down.
13:32:04.312 - Building registry...
13:32:04.346 - HikariCP pool HikariPool-2 is starting.
13:32:04.353 - HikariCP pool HikariPool-2 is shutting down.
13:32:04.444 - Building registry...
13:32:04.474 - HikariCP pool HikariPool-3 is starting.
13:32:04.479 - HikariCP pool HikariPool-3 is shutting down.
13:32:04.505 - Building registry...
13:32:04.526 - HikariCP pool HikariPool-4 is starting.
13:32:04.531 - HikariCP pool HikariPool-4 is shutting down.
13:32:19.155 - Building registry...
13:32:19.171 - HikariCP pool HikariPool-5 is starting.
13:32:19.175 - HikariCP pool HikariPool-5 is shutting down.
13:32:19.195 - Building registry...
13:32:19.221 - HikariCP pool HikariPool-6 is starting.
13:32:19.233 - HikariCP pool HikariPool-6 is shutting down.
13:32:19.324 - Building registry...
13:32:19.343 - HikariCP pool HikariPool-7 is starting.
13:32:19.348 - HikariCP pool HikariPool-7 is shutting down.
13:32:19.357 - Building registry...
13:32:19.380 - HikariCP pool HikariPool-8 is starting.
13:32:19.385 - HikariCP pool HikariPool-8 is shutting down.
13:47:29.636 - Stopping server...
13:47:29.639 - Server stopped.
13:47:31.966 - Stopping server...
13:47:31.968 - HikariCP pool HikariPool-8 is starting.
13:47:31.972 - HikariCP pool HikariPool-8 is shutting down.
13:47:43.808 - Starting server...
13:47:44.084 - Building registry...
13:47:44.733 - HikariCP pool HikariPool-0 is starting.
13:47:44.838 - HikariCP pool HikariPool-0 is shutting down.
13:47:44.971 - Ratpack started (development) for http://localhost:8888
13:47:51.492 - Starting server...
13:47:51.757 - Building registry...
13:47:52.400 - HikariCP pool HikariPool-0 is starting.
13:47:52.499 - HikariCP pool HikariPool-0 is shutting down.
13:47:52.636 - Ratpack started (development) for http://localhost:5432
13:47:58.429 - Starting server...
13:47:58.718 - Building registry...
13:47:59.381 - HikariCP pool HikariPool-0 is starting.
13:47:59.492 - HikariCP pool HikariPool-0 is shutting down.
13:50:46.051 - Stopping server...
13:50:48.802 - Stopping server...
13:50:52.417 - Starting server...
13:50:52.694 - Building registry...
13:50:53.374 - HikariCP pool HikariPool-0 is starting.
13:50:53.518 - Initializing 1 services...
13:50:53.631 - Ratpack started (development) for http://localhost:8888
13:50:57.995 - Starting server...
13:50:58.271 - Building registry...
13:50:58.956 - HikariCP pool HikariPool-0 is starting.
13:50:59.106 - Initializing 1 services...
13:50:59.216 - Ratpack started (development) for http://localhost:5432
13:51:02.473 - Starting server...
13:51:02.753 - Building registry...
13:51:03.426 - HikariCP pool HikariPool-0 is starting.
13:51:03.579 - Initializing 1 services...
13:53:50.447 - Stopping server...
13:53:50.449 - Stopping 1 services...
13:53:50.450 - HikariCP pool HikariPool-0 is shutting down.
13:53:50.497 - Server stopped.
13:53:55.147 - Stopping server...
13:53:55.150 - Stopping 1 services...
13:53:55.151 - HikariCP pool HikariPool-0 is shutting down.
13:53:55.200 - Server stopped.
13:54:05.949 - Starting server...
13:54:06.233 - Building registry...
13:54:06.943 - HikariCP pool HikariPool-0 is starting.
13:54:07.083 - Initializing 1 services...
13:54:07.200 - Ratpack started (development) for http://localhost:5432
13:54:12.578 - Starting server...
13:54:12.863 - Building registry...
13:54:13.539 - HikariCP pool HikariPool-0 is starting.
13:54:13.680 - Initializing 1 services...
13:54:22.184 - Starting server...
13:54:22.466 - Building registry...
13:54:23.127 - HikariCP pool HikariPool-0 is starting.
13:54:23.269 - Initializing 1 services...
13:54:23.370 - Ratpack started (development) for http://localhost:8888
13:54:33.099 - Starting server...
13:54:33.385 - Building registry...
13:54:34.040 - HikariCP pool HikariPool-0 is starting.
13:54:34.177 - Initializing 1 services...
13:58:09.108 - Starting server...
13:58:09.391 - Building registry...
13:58:10.043 - HikariCP pool HikariPool-0 is starting.
13:58:10.163 - HikariCP pool HikariPool-0 is shutting down.
14:01:20.577 - Stopping server...
14:01:26.515 - Starting server...
14:01:26.797 - Building registry...
14:01:27.461 - HikariCP pool HikariPool-0 is starting.
14:01:27.568 - HikariCP pool HikariPool-0 is shutting down.
14:01:41.139 - Starting server...
14:01:41.419 - Building registry...
14:01:42.115 - HikariCP pool HikariPool-0 is starting.
14:01:42.215 - HikariCP pool HikariPool-0 is shutting down.
14:01:42.354 - Ratpack started (development) for http://localhost:8888
14:02:03.853 - Stopping server...
14:02:05.112 - Stopping server...
14:02:05.115 - Server stopped.
14:02:48.297 - Starting server...
14:02:48.566 - Building registry...
14:02:49.228 - HikariCP pool HikariPool-0 is starting.
14:02:49.334 - HikariCP pool HikariPool-0 is shutting down.
14:02:49.466 - Ratpack started (development) for http://localhost:8888
14:03:03.572 - Starting server...
14:03:03.857 - Building registry...
14:03:04.496 - HikariCP pool HikariPool-0 is starting.
14:03:04.604 - HikariCP pool HikariPool-0 is shutting down.
14:03:04.757 - Ratpack started (development) for http://localhost:5432
14:03:27.039 - Stopping server...
14:03:27.041 - Server stopped.
14:03:32.228 - Starting server...
14:03:32.514 - Building registry...
14:03:33.161 - HikariCP pool HikariPool-0 is starting.
14:03:33.263 - HikariCP pool HikariPool-0 is shutting down.
14:03:44.185 - Starting server...
14:03:44.457 - Building registry...
14:03:45.149 - HikariCP pool HikariPool-0 is starting.
14:03:45.258 - HikariCP pool HikariPool-0 is shutting down.
14:03:45.398 - Ratpack started (development) for http://localhost:5432
14:03:49.775 - Stopping server...
14:03:54.434 - Starting server...
14:03:54.713 - Building registry...
14:03:55.354 - HikariCP pool HikariPool-0 is starting.
14:03:55.459 - HikariCP pool HikariPool-0 is shutting down.
14:04:59.581 - Stopping server...
14:04:59.585 - Server stopped.
14:05:09.452 - Starting server...
14:05:09.731 - Building registry...
14:05:10.416 - HikariCP pool HikariPool-0 is starting.
14:05:10.517 - HikariCP pool HikariPool-0 is shutting down.
14:05:10.663 - Ratpack started (development) for http://localhost:5432
14:05:22.231 - Starting server...
14:05:22.514 - Building registry...
14:05:23.151 - HikariCP pool HikariPool-0 is starting.
14:05:23.249 - HikariCP pool HikariPool-0 is shutting down.
14:05:35.835 - Starting server...
14:05:36.116 - Building registry...
14:05:36.760 - HikariCP pool HikariPool-0 is starting.
14:05:36.862 - HikariCP pool HikariPool-0 is shutting down.
14:05:36.997 - Ratpack started (development) for http://localhost:8888
14:05:42.155 - Stopping server...
14:05:42.157 - Server stopped.
14:05:46.325 - Starting server...
14:05:46.607 - Building registry...
14:05:47.256 - HikariCP pool HikariPool-0 is starting.
14:05:47.360 - HikariCP pool HikariPool-0 is shutting down.
14:05:53.893 - Starting server...
14:05:54.170 - Building registry...
14:05:54.816 - HikariCP pool HikariPool-0 is starting.
14:05:54.920 - HikariCP pool HikariPool-0 is shutting down.
14:05:59.074 - Starting server...
14:05:59.350 - Building registry...
14:06:00.010 - HikariCP pool HikariPool-0 is starting.
14:06:00.118 - HikariCP pool HikariPool-0 is shutting down.
14:06:05.098 - Starting server...
14:06:05.385 - Building registry...
14:06:06.029 - HikariCP pool HikariPool-0 is starting.
14:06:06.143 - HikariCP pool HikariPool-0 is shutting down.
14:06:10.832 - Starting server...
14:06:11.106 - Building registry...
14:06:11.783 - HikariCP pool HikariPool-0 is starting.
14:06:14.079 - Starting server...
14:06:14.399 - Building registry...
14:06:15.054 - HikariCP pool HikariPool-0 is starting.
14:06:15.153 - HikariCP pool HikariPool-0 is shutting down.
14:09:32.786 - Stopping server...
14:09:45.343 - Starting server...
14:09:45.626 - Building registry...
14:09:46.316 - HikariCP pool HikariPool-0 is starting.
14:09:46.466 - Initializing 1 services...
14:09:46.565 - Ratpack started (development) for http://localhost:5432
14:09:54.948 - Starting server...
14:09:55.256 - Building registry...
14:09:55.918 - HikariCP pool HikariPool-0 is starting.
14:09:56.064 - Initializing 1 services...
14:20:38.901 - Stopping server...
14:20:38.905 - Stopping 1 services...
14:20:38.907 - HikariCP pool HikariPool-0 is shutting down.
14:20:38.987 - Server stopped.
15:38:54.897 - Starting server...
15:38:55.244 - Building registry...
15:38:56.027 - HikariCP pool HikariPool-0 is starting.
15:38:56.194 - Initializing 1 services...
15:38:56.340 - Ratpack started (development) for http://localhost:5432
15:41:36.300 - Stopping server...
15:41:36.302 - Stopping 1 services...
15:41:36.303 - HikariCP pool HikariPool-0 is shutting down.
15:41:36.379 - Server stopped.
15:41:38.904 - Starting server...
15:41:39.196 - Building registry...
15:41:39.849 - HikariCP pool HikariPool-0 is starting.
15:41:39.997 - Initializing 1 services...
15:41:40.136 - Ratpack started (development) for http://localhost:5432
15:47:56.475 - Stopping server...
15:47:56.477 - Stopping 1 services...
15:47:56.478 - HikariCP pool HikariPool-0 is shutting down.
15:47:56.534 - Server stopped.
15:48:01.777 - Starting server...
15:48:02.076 - Building registry...
15:48:02.742 - HikariCP pool HikariPool-0 is starting.
15:48:02.893 - Initializing 1 services...
15:48:02.993 - Ratpack started (development) for http://localhost:5432
16:17:27.194 - Stopping server...
16:17:48.191 - Starting server...
16:17:48.484 - Building registry...
16:17:49.142 - HikariCP pool HikariPool-0 is starting.
16:17:49.554 - HikariCP pool HikariPool-0 is shutting down.
16:17:49.666 - Ratpack started (development) for http://localhost:8888
16:18:08.998 - Building registry...
16:18:09.020 - HikariCP pool HikariPool-1 is starting.
16:18:39.027 - HikariCP pool HikariPool-1 is shutting down.
16:18:39.104 - Building registry...
16:18:39.127 - HikariCP pool HikariPool-2 is starting.
16:19:09.131 - HikariCP pool HikariPool-2 is shutting down.
16:19:09.136 - Building registry...
16:19:09.160 - HikariCP pool HikariPool-3 is starting.
16:19:39.166 - HikariCP pool HikariPool-3 is shutting down.
16:19:39.187 - Building registry...
16:19:39.207 - HikariCP pool HikariPool-4 is starting.
16:20:09.212 - HikariCP pool HikariPool-4 is shutting down.
16:20:09.216 - Building registry...
16:20:09.238 - HikariCP pool HikariPool-5 is starting.
16:20:39.244 - HikariCP pool HikariPool-5 is shutting down.
16:20:39.262 - Building registry...
16:20:39.290 - HikariCP pool HikariPool-6 is starting.
16:21:09.295 - HikariCP pool HikariPool-6 is shutting down.
16:21:09.299 - Building registry...
16:21:09.319 - HikariCP pool HikariPool-7 is starting.
16:21:39.325 - HikariCP pool HikariPool-7 is shutting down.
16:21:39.347 - Building registry...
16:21:39.370 - HikariCP pool HikariPool-8 is starting.
16:22:09.376 - HikariCP pool HikariPool-8 is shutting down.
16:22:09.390 - Building registry...
16:22:09.408 - HikariCP pool HikariPool-9 is starting.
16:22:39.410 - HikariCP pool HikariPool-9 is shutting down.
16:22:39.420 - Building registry...
16:22:39.434 - HikariCP pool HikariPool-10 is starting.
16:23:09.440 - HikariCP pool HikariPool-10 is shutting down.
16:23:26.858 - Stopping server...
16:23:26.860 - HikariCP pool HikariPool-10 is starting.
16:23:26.863 - HikariCP pool HikariPool-10 is shutting down.
16:23:33.009 - Starting server...
16:23:33.295 - Building registry...
16:23:34.004 - HikariCP pool HikariPool-0 is starting.
16:23:34.096 - HikariCP pool HikariPool-0 is shutting down.
16:23:34.223 - Ratpack started (development) for http://localhost:8888
16:23:57.580 - Building registry...
16:23:57.604 - HikariCP pool HikariPool-1 is starting.
16:24:27.608 - HikariCP pool HikariPool-1 is shutting down.
16:24:27.682 - Building registry...
16:24:27.720 - HikariCP pool HikariPool-2 is starting.
16:24:57.724 - HikariCP pool HikariPool-2 is shutting down.
16:34:55.279 - Stopping server...
16:34:55.282 - HikariCP pool HikariPool-2 is starting.
16:34:55.286 - HikariCP pool HikariPool-2 is shutting down.
16:35:15.834 - Starting server...
16:35:16.132 - Building registry...
16:35:16.856 - HikariCP pool HikariPool-0 is starting.
16:35:16.962 - HikariCP pool HikariPool-0 is shutting down.
16:35:17.130 - Ratpack started (development) for http://localhost:8888
16:35:33.601 - Building registry...
16:35:33.629 - HikariCP pool HikariPool-1 is starting.
16:36:03.636 - HikariCP pool HikariPool-1 is shutting down.
16:36:03.719 - Building registry...
16:36:03.768 - HikariCP pool HikariPool-2 is starting.
16:36:33.774 - HikariCP pool HikariPool-2 is shutting down.
16:37:36.482 - Stopping server...
16:37:36.486 - HikariCP pool HikariPool-2 is starting.
16:37:36.488 - HikariCP pool HikariPool-2 is shutting down.
16:37:39.368 - Starting server...
16:37:39.679 - Building registry...
16:37:40.411 - HikariCP pool HikariPool-0 is starting.
16:37:40.498 - HikariCP pool HikariPool-0 is shutting down.
16:37:40.637 - Ratpack started (development) for http://localhost:8888
16:38:46.537 - Stopping server...
16:38:49.454 - Starting server...
16:38:49.781 - Building registry...
16:38:50.559 - HikariCP pool HikariPool-0 is starting.
16:38:50.724 - Initializing 1 services...
16:38:50.848 - Ratpack started (development) for http://localhost:8888
17:26:05.283 - Stopping server...
17:26:05.285 - Stopping 1 services...
17:26:05.286 - HikariCP pool HikariPool-0 is shutting down.
17:26:05.330 - Server stopped.
17:26:08.761 - Starting server...
17:26:09.051 - Building registry...
17:26:09.707 - HikariCP pool HikariPool-0 is starting.
17:26:09.850 - Initializing 1 services...
17:26:09.949 - Ratpack started (development) for http://localhost:8888
18:23:09.211 - Stopping server...
18:23:09.212 - Stopping 1 services...
18:23:09.214 - HikariCP pool HikariPool-0 is shutting down.
18:23:09.272 - Server stopped.
18:34:48.165 - Starting server...
18:34:48.447 - Building registry...
18:34:49.118 - HikariCP pool HikariPool-0 is starting.
18:34:49.271 - Initializing 1 services...
18:34:49.384 - Ratpack started (development) for http://localhost:8888
18:53:10.182 - Stopping server...
18:53:10.184 - Stopping 1 services...
18:53:10.185 - HikariCP pool HikariPool-0 is shutting down.
18:53:10.234 - Server stopped.
18:53:12.595 - Starting server...
18:53:12.894 - Building registry...
18:53:13.590 - HikariCP pool HikariPool-0 is starting.
18:53:13.736 - Initializing 1 services...
18:53:13.881 - Ratpack started (development) for http://localhost:8888
18:53:26.613 - Stopping server...
18:53:26.615 - Stopping 1 services...
18:53:26.616 - HikariCP pool HikariPool-0 is shutting down.
18:53:26.679 - Server stopped.
18:54:53.424 - Starting server...
18:54:53.724 - Building registry...
18:54:54.373 - HikariCP pool HikariPool-0 is starting.
18:54:54.529 - Initializing 1 services...
18:54:54.632 - Ratpack started (development) for http://localhost:8888
18:55:20.313 - Stopping server...
18:55:20.316 - Stopping 1 services...
18:55:20.317 - HikariCP pool HikariPool-0 is shutting down.
18:55:20.371 - Server stopped.
18:56:02.421 - Starting server...
18:56:02.700 - Building registry...
18:56:03.378 - HikariCP pool HikariPool-0 is starting.
18:56:03.532 - Initializing 1 services...
18:56:03.655 - Ratpack started (development) for http://localhost:8888
18:57:03.532 - Stopping server...
18:57:03.535 - Stopping 1 services...
18:57:03.535 - HikariCP pool HikariPool-0 is shutting down.
18:57:03.583 - Server stopped.
18:57:07.405 - Starting server...
18:57:07.698 - Building registry...
18:57:08.360 - HikariCP pool HikariPool-0 is starting.
18:57:08.513 - Initializing 1 services...
18:57:08.636 - Ratpack started (development) for http://localhost:8888
18:57:20.863 - 
                                      
@@@@@@@@@@@@@@@@@@@@@@@@@@@@@@@@@@@@@@
@@@@@@@@@@@@@@@@@@@@@@@@@@@@@@@@@@@@@@
@@@@@@@@@@@@@@@@  @@        @@@@@@@@@@
@@@@@@@@@@@@@@@@@@@@        @@@@@@@@@@
@@@@@@@@@@@@@@@@  @@  @@    @@@@@@@@@@
@@@@@@@@@@  @@@@  @@  @@    @@@@@@@@@@
@@@@@@@@@@        @@        @@@@@@@@@@
@@@@@@@@@@@@@@@@@@@@@@@@@@@@@@@@@@@@@@
@@@@@@@@@@@@@@@@@@@@@@@@@@@@@@@@@@@@@@
@@@@@@@@@@        @@        @@@@@@@@@@
@@@@@@@@@@    @@  @@  @@@@  @@@@@@@@@@
@@@@@@@@@@    @@  @@  @@@@  @@@@@@@@@@
@@@@@@@@@@        @@  @  @  @@@@@@@@@@
@@@@@@@@@@        @@        @@@@@@@@@@
@@@@@@@@@@@@@@@@@@@@@@@  @@@@@@@@@@@@@
@@@@@@@@@@@@@@@@@@@@@@@@@@@@@@@@@@@@@@
@@@@@@@@@@@@@@@@@@@@@@@@@@@@@@@@@@@@@@  Thank you for using jOOQ 3.7.2
                                      
22:03:47.134 - Stopping server...
22:03:47.135 - Stopping 1 services...
22:03:47.136 - HikariCP pool HikariPool-0 is shutting down.
22:03:48.714 - Server stopped.
23:20:50.596 - Starting server...
23:20:50.994 - Building registry...
23:20:51.742 - HikariCP pool HikariPool-0 is starting.
23:20:51.945 - Initializing 1 services...
23:20:52.051 - Ratpack started (development) for http://localhost:8888
23:22:59.170 - 
                                      
@@@@@@@@@@@@@@@@@@@@@@@@@@@@@@@@@@@@@@
@@@@@@@@@@@@@@@@@@@@@@@@@@@@@@@@@@@@@@
@@@@@@@@@@@@@@@@  @@        @@@@@@@@@@
@@@@@@@@@@@@@@@@@@@@        @@@@@@@@@@
@@@@@@@@@@@@@@@@  @@  @@    @@@@@@@@@@
@@@@@@@@@@  @@@@  @@  @@    @@@@@@@@@@
@@@@@@@@@@        @@        @@@@@@@@@@
@@@@@@@@@@@@@@@@@@@@@@@@@@@@@@@@@@@@@@
@@@@@@@@@@@@@@@@@@@@@@@@@@@@@@@@@@@@@@
@@@@@@@@@@        @@        @@@@@@@@@@
@@@@@@@@@@    @@  @@  @@@@  @@@@@@@@@@
@@@@@@@@@@    @@  @@  @@@@  @@@@@@@@@@
@@@@@@@@@@        @@  @  @  @@@@@@@@@@
@@@@@@@@@@        @@        @@@@@@@@@@
@@@@@@@@@@@@@@@@@@@@@@@  @@@@@@@@@@@@@
@@@@@@@@@@@@@@@@@@@@@@@@@@@@@@@@@@@@@@
@@@@@@@@@@@@@@@@@@@@@@@@@@@@@@@@@@@@@@  Thank you for using jOOQ 3.7.2
                                      
23:36:57.071 - Stopping server...
23:36:57.073 - Stopping 1 services...
23:36:57.077 - HikariCP pool HikariPool-0 is shutting down.
23:36:57.325 - Server stopped.
23:37:22.037 - Starting server...
23:37:22.335 - Building registry...
23:37:23.015 - HikariCP pool HikariPool-0 is starting.
23:37:23.177 - Initializing 1 services...
23:37:23.307 - Ratpack started (development) for http://localhost:8888
23:46:33.322 - Stopping server...
23:46:38.329 - Starting server...
23:46:38.627 - Building registry...
23:46:39.355 - HikariCP pool HikariPool-0 is starting.
23:46:39.504 - Initializing 1 services...
23:46:39.609 - Ratpack started (development) for http://localhost:8888
23:58:53.691 - Stopping server...
23:58:53.693 - Stopping 1 services...
23:58:53.694 - HikariCP pool HikariPool-0 is shutting down.
23:58:53.741 - Server stopped.
23:59:22.718 - Starting server...
23:59:23.041 - Building registry...
23:59:23.758 - HikariCP pool HikariPool-0 is starting.
23:59:23.930 - Initializing 1 services...
23:59:24.057 - Ratpack started (development) for http://localhost:8888
