16:32:28.244 - Stopping server...
16:32:28.247 - Stopping 1 services...
16:32:28.251 - HikariCP pool HikariPool-0 is shutting down.
16:32:28.341 - Server stopped.
16:32:30.217 - Starting server...
16:32:30.653 - Building registry...
16:32:31.561 - HikariCP pool HikariPool-0 is starting.
16:32:31.710 - Initializing 1 services...
16:32:31.842 - Ratpack started (development) for http://localhost:8888
16:34:17.068 - Stopping server...
16:34:18.836 - Starting server...
16:34:19.159 - Building registry...
16:34:19.977 - HikariCP pool HikariPool-0 is starting.
16:34:20.116 - Initializing 1 services...
16:34:20.248 - Ratpack started (development) for http://localhost:8888
16:34:23.789 - 
                                      
@@@@@@@@@@@@@@@@@@@@@@@@@@@@@@@@@@@@@@
@@@@@@@@@@@@@@@@@@@@@@@@@@@@@@@@@@@@@@
@@@@@@@@@@@@@@@@  @@        @@@@@@@@@@
@@@@@@@@@@@@@@@@@@@@        @@@@@@@@@@
@@@@@@@@@@@@@@@@  @@  @@    @@@@@@@@@@
@@@@@@@@@@  @@@@  @@  @@    @@@@@@@@@@
@@@@@@@@@@        @@        @@@@@@@@@@
@@@@@@@@@@@@@@@@@@@@@@@@@@@@@@@@@@@@@@
@@@@@@@@@@@@@@@@@@@@@@@@@@@@@@@@@@@@@@
@@@@@@@@@@        @@        @@@@@@@@@@
@@@@@@@@@@    @@  @@  @@@@  @@@@@@@@@@
@@@@@@@@@@    @@  @@  @@@@  @@@@@@@@@@
@@@@@@@@@@        @@  @  @  @@@@@@@@@@
@@@@@@@@@@        @@        @@@@@@@@@@
@@@@@@@@@@@@@@@@@@@@@@@  @@@@@@@@@@@@@
@@@@@@@@@@@@@@@@@@@@@@@@@@@@@@@@@@@@@@
@@@@@@@@@@@@@@@@@@@@@@@@@@@@@@@@@@@@@@  Thank you for using jOOQ 3.7.3
                                      
