00:15:39.775 - Stopping server...
00:15:39.777 - Stopping 1 services...
00:15:39.780 - HikariCP pool HikariPool-0 is shutting down.
00:15:39.831 - Server stopped.
00:15:41.479 - Starting server...
00:15:41.810 - Building registry...
00:15:42.590 - HikariCP pool HikariPool-0 is starting.
00:15:42.788 - Initializing 1 services...
00:15:42.930 - Ratpack started (development) for http://localhost:8888
10:58:27.034 - Stopping server...
10:58:27.037 - Stopping 1 services...
10:58:27.045 - HikariCP pool HikariPool-0 is shutting down.
10:58:27.168 - Server stopped.
10:58:59.086 - Starting server...
10:58:59.993 - Building registry...
10:59:01.449 - HikariCP pool HikariPool-0 is starting.
10:59:01.736 - Initializing 1 services...
10:59:02.337 - Ratpack started (development) for http://localhost:8888
10:59:12.752 - Stopping server...
10:59:12.756 - Stopping 1 services...
10:59:12.758 - HikariCP pool HikariPool-0 is shutting down.
10:59:12.864 - Server stopped.
10:59:14.389 - Starting server...
10:59:14.867 - Building registry...
10:59:15.887 - HikariCP pool HikariPool-0 is starting.
10:59:16.129 - Initializing 1 services...
10:59:16.307 - Ratpack started (development) for http://localhost:8888
11:00:16.322 - 
                                      
@@@@@@@@@@@@@@@@@@@@@@@@@@@@@@@@@@@@@@
@@@@@@@@@@@@@@@@@@@@@@@@@@@@@@@@@@@@@@
@@@@@@@@@@@@@@@@  @@        @@@@@@@@@@
@@@@@@@@@@@@@@@@@@@@        @@@@@@@@@@
@@@@@@@@@@@@@@@@  @@  @@    @@@@@@@@@@
@@@@@@@@@@  @@@@  @@  @@    @@@@@@@@@@
@@@@@@@@@@        @@        @@@@@@@@@@
@@@@@@@@@@@@@@@@@@@@@@@@@@@@@@@@@@@@@@
@@@@@@@@@@@@@@@@@@@@@@@@@@@@@@@@@@@@@@
@@@@@@@@@@        @@        @@@@@@@@@@
@@@@@@@@@@    @@  @@  @@@@  @@@@@@@@@@
@@@@@@@@@@    @@  @@  @@@@  @@@@@@@@@@
@@@@@@@@@@        @@  @  @  @@@@@@@@@@
@@@@@@@@@@        @@        @@@@@@@@@@
@@@@@@@@@@@@@@@@@@@@@@@  @@@@@@@@@@@@@
@@@@@@@@@@@@@@@@@@@@@@@@@@@@@@@@@@@@@@
@@@@@@@@@@@@@@@@@@@@@@@@@@@@@@@@@@@@@@  Thank you for using jOOQ 3.7.2
                                      
11:03:00.257 - Stopping server...
11:03:02.147 - Starting server...
11:03:02.585 - Building registry...
11:03:03.553 - HikariCP pool HikariPool-0 is starting.
11:03:03.763 - Initializing 1 services...
11:03:03.955 - Ratpack started (development) for http://localhost:8888
11:03:17.908 - 
                                      
@@@@@@@@@@@@@@@@@@@@@@@@@@@@@@@@@@@@@@
@@@@@@@@@@@@@@@@@@@@@@@@@@@@@@@@@@@@@@
@@@@@@@@@@@@@@@@  @@        @@@@@@@@@@
@@@@@@@@@@@@@@@@@@@@        @@@@@@@@@@
@@@@@@@@@@@@@@@@  @@  @@    @@@@@@@@@@
@@@@@@@@@@  @@@@  @@  @@    @@@@@@@@@@
@@@@@@@@@@        @@        @@@@@@@@@@
@@@@@@@@@@@@@@@@@@@@@@@@@@@@@@@@@@@@@@
@@@@@@@@@@@@@@@@@@@@@@@@@@@@@@@@@@@@@@
@@@@@@@@@@        @@        @@@@@@@@@@
@@@@@@@@@@    @@  @@  @@@@  @@@@@@@@@@
@@@@@@@@@@    @@  @@  @@@@  @@@@@@@@@@
@@@@@@@@@@        @@  @  @  @@@@@@@@@@
@@@@@@@@@@        @@        @@@@@@@@@@
@@@@@@@@@@@@@@@@@@@@@@@  @@@@@@@@@@@@@
@@@@@@@@@@@@@@@@@@@@@@@@@@@@@@@@@@@@@@
@@@@@@@@@@@@@@@@@@@@@@@@@@@@@@@@@@@@@@  Thank you for using jOOQ 3.7.2
                                      
15:21:36.929 - Stopping server...
15:21:39.865 - Starting server...
15:21:40.286 - Building registry...
15:21:41.612 - HikariCP pool HikariPool-0 is starting.
15:21:41.799 - Initializing 1 services...
15:21:41.940 - Ratpack started (development) for http://localhost:8888
15:21:49.794 - 
                                      
@@@@@@@@@@@@@@@@@@@@@@@@@@@@@@@@@@@@@@
@@@@@@@@@@@@@@@@@@@@@@@@@@@@@@@@@@@@@@
@@@@@@@@@@@@@@@@  @@        @@@@@@@@@@
@@@@@@@@@@@@@@@@@@@@        @@@@@@@@@@
@@@@@@@@@@@@@@@@  @@  @@    @@@@@@@@@@
@@@@@@@@@@  @@@@  @@  @@    @@@@@@@@@@
@@@@@@@@@@        @@        @@@@@@@@@@
@@@@@@@@@@@@@@@@@@@@@@@@@@@@@@@@@@@@@@
@@@@@@@@@@@@@@@@@@@@@@@@@@@@@@@@@@@@@@
@@@@@@@@@@        @@        @@@@@@@@@@
@@@@@@@@@@    @@  @@  @@@@  @@@@@@@@@@
@@@@@@@@@@    @@  @@  @@@@  @@@@@@@@@@
@@@@@@@@@@        @@  @  @  @@@@@@@@@@
@@@@@@@@@@        @@        @@@@@@@@@@
@@@@@@@@@@@@@@@@@@@@@@@  @@@@@@@@@@@@@
@@@@@@@@@@@@@@@@@@@@@@@@@@@@@@@@@@@@@@
@@@@@@@@@@@@@@@@@@@@@@@@@@@@@@@@@@@@@@  Thank you for using jOOQ 3.7.2
                                      
15:30:24.235 - Stopping server...
15:30:25.671 - Starting server...
15:30:25.995 - Building registry...
15:30:26.753 - HikariCP pool HikariPool-0 is starting.
15:30:26.918 - Initializing 1 services...
15:30:27.037 - Ratpack started (development) for http://localhost:8888
15:52:53.491 - Stopping server...
15:52:53.492 - Stopping 1 services...
15:52:53.494 - HikariCP pool HikariPool-0 is shutting down.
15:52:53.555 - Server stopped.
15:52:54.803 - Starting server...
15:52:55.140 - Building registry...
15:52:55.973 - HikariCP pool HikariPool-0 is starting.
15:52:56.149 - Initializing 1 services...
15:52:56.283 - Ratpack started (development) for http://localhost:8888
15:56:17.325 - Stopping server...
15:56:19.083 - Starting server...
15:56:19.401 - Building registry...
15:56:20.125 - HikariCP pool HikariPool-0 is starting.
15:56:20.282 - Initializing 1 services...
15:56:20.396 - Ratpack started (development) for http://localhost:8888
16:05:03.716 - Stopping server...
16:05:05.228 - Starting server...
16:05:05.553 - Building registry...
16:05:06.314 - HikariCP pool HikariPool-0 is starting.
16:05:06.497 - Initializing 1 services...
16:05:06.645 - Ratpack started (development) for http://localhost:8888
16:16:45.056 - Stopping server...
16:16:46.468 - Starting server...
16:16:46.787 - Building registry...
16:16:47.515 - HikariCP pool HikariPool-0 is starting.
16:16:47.669 - Initializing 1 services...
16:16:47.804 - Ratpack started (development) for http://localhost:8888
16:20:28.562 - Stopping server...
16:20:29.944 - Starting server...
16:20:30.274 - Building registry...
16:20:31.045 - HikariCP pool HikariPool-0 is starting.
16:20:31.208 - Initializing 1 services...
16:20:31.341 - Ratpack started (development) for http://localhost:8888
16:22:48.944 - Stopping server...
16:22:50.947 - Starting server...
16:22:51.248 - Building registry...
16:22:51.997 - HikariCP pool HikariPool-0 is starting.
16:22:52.171 - Initializing 1 services...
16:22:52.324 - Ratpack started (development) for http://localhost:8888
16:25:11.031 - Stopping server...
16:25:12.612 - Starting server...
16:25:12.978 - Building registry...
16:25:13.944 - HikariCP pool HikariPool-0 is starting.
16:25:14.109 - Initializing 1 services...
16:25:14.266 - Ratpack started (development) for http://localhost:8888
16:29:07.373 - Stopping server...
16:29:09.136 - Starting server...
16:29:09.449 - Building registry...
16:29:10.185 - HikariCP pool HikariPool-0 is starting.
16:29:10.346 - Initializing 1 services...
16:29:10.503 - Ratpack started (development) for http://localhost:8888
16:29:19.488 - Stopping server...
16:29:19.491 - Stopping 1 services...
16:29:19.493 - HikariCP pool HikariPool-0 is shutting down.
16:29:19.571 - Server stopped.
16:31:48.879 - Starting server...
16:31:49.196 - Building registry...
16:31:49.986 - HikariCP pool HikariPool-0 is starting.
16:31:50.152 - Initializing 1 services...
16:31:50.275 - Ratpack started (development) for http://localhost:8888
16:36:37.132 - Stopping server...
16:36:38.865 - Starting server...
16:36:39.178 - Building registry...
16:36:39.988 - HikariCP pool HikariPool-0 is starting.
16:36:40.152 - Initializing 1 services...
16:36:40.288 - Ratpack started (development) for http://localhost:8888
16:56:55.831 - Stopping server...
16:56:58.640 - Starting server...
16:56:58.958 - Building registry...
16:56:59.667 - HikariCP pool HikariPool-0 is starting.
16:56:59.824 - Initializing 1 services...
16:56:59.938 - Ratpack started (development) for http://localhost:8888
16:57:16.756 - 
                                      
@@@@@@@@@@@@@@@@@@@@@@@@@@@@@@@@@@@@@@
@@@@@@@@@@@@@@@@@@@@@@@@@@@@@@@@@@@@@@
@@@@@@@@@@@@@@@@  @@        @@@@@@@@@@
@@@@@@@@@@@@@@@@@@@@        @@@@@@@@@@
@@@@@@@@@@@@@@@@  @@  @@    @@@@@@@@@@
@@@@@@@@@@  @@@@  @@  @@    @@@@@@@@@@
@@@@@@@@@@        @@        @@@@@@@@@@
@@@@@@@@@@@@@@@@@@@@@@@@@@@@@@@@@@@@@@
@@@@@@@@@@@@@@@@@@@@@@@@@@@@@@@@@@@@@@
@@@@@@@@@@        @@        @@@@@@@@@@
@@@@@@@@@@    @@  @@  @@@@  @@@@@@@@@@
@@@@@@@@@@    @@  @@  @@@@  @@@@@@@@@@
@@@@@@@@@@        @@  @  @  @@@@@@@@@@
@@@@@@@@@@        @@        @@@@@@@@@@
@@@@@@@@@@@@@@@@@@@@@@@  @@@@@@@@@@@@@
@@@@@@@@@@@@@@@@@@@@@@@@@@@@@@@@@@@@@@
@@@@@@@@@@@@@@@@@@@@@@@@@@@@@@@@@@@@@@  Thank you for using jOOQ 3.7.2
                                      
17:01:36.096 - Stopping server...
17:01:37.670 - Starting server...
17:01:37.997 - Building registry...
17:01:38.715 - HikariCP pool HikariPool-0 is starting.
17:01:38.907 - Initializing 1 services...
17:01:39.024 - Ratpack started (development) for http://localhost:8888
17:06:56.874 - Stopping server...
17:06:58.285 - Starting server...
17:06:58.680 - Building registry...
17:06:59.776 - HikariCP pool HikariPool-0 is starting.
17:06:59.962 - Initializing 1 services...
17:07:00.269 - Ratpack started (development) for http://localhost:8888
17:07:12.548 - 
                                      
@@@@@@@@@@@@@@@@@@@@@@@@@@@@@@@@@@@@@@
@@@@@@@@@@@@@@@@@@@@@@@@@@@@@@@@@@@@@@
@@@@@@@@@@@@@@@@  @@        @@@@@@@@@@
@@@@@@@@@@@@@@@@@@@@        @@@@@@@@@@
@@@@@@@@@@@@@@@@  @@  @@    @@@@@@@@@@
@@@@@@@@@@  @@@@  @@  @@    @@@@@@@@@@
@@@@@@@@@@        @@        @@@@@@@@@@
@@@@@@@@@@@@@@@@@@@@@@@@@@@@@@@@@@@@@@
@@@@@@@@@@@@@@@@@@@@@@@@@@@@@@@@@@@@@@
@@@@@@@@@@        @@        @@@@@@@@@@
@@@@@@@@@@    @@  @@  @@@@  @@@@@@@@@@
@@@@@@@@@@    @@  @@  @@@@  @@@@@@@@@@
@@@@@@@@@@        @@  @  @  @@@@@@@@@@
@@@@@@@@@@        @@        @@@@@@@@@@
@@@@@@@@@@@@@@@@@@@@@@@  @@@@@@@@@@@@@
@@@@@@@@@@@@@@@@@@@@@@@@@@@@@@@@@@@@@@
@@@@@@@@@@@@@@@@@@@@@@@@@@@@@@@@@@@@@@  Thank you for using jOOQ 3.7.2
                                      
17:12:51.652 - Stopping server...
17:12:53.251 - Starting server...
17:12:53.635 - Building registry...
17:12:54.458 - HikariCP pool HikariPool-0 is starting.
17:12:54.640 - Initializing 1 services...
17:12:54.785 - Ratpack started (development) for http://localhost:8888
17:22:30.872 - Stopping server...
17:22:32.476 - Starting server...
17:22:32.793 - Building registry...
17:22:33.534 - HikariCP pool HikariPool-0 is starting.
17:22:33.722 - Initializing 1 services...
17:22:33.864 - Ratpack started (development) for http://localhost:8888
17:22:42.964 - Stopping server...
17:22:42.966 - Stopping 1 services...
17:22:42.967 - HikariCP pool HikariPool-0 is shutting down.
17:22:43.022 - Server stopped.
17:22:50.737 - Starting server...
17:22:51.045 - Building registry...
17:22:51.767 - HikariCP pool HikariPool-0 is starting.
17:22:51.960 - Initializing 1 services...
17:22:52.092 - Ratpack started (development) for http://localhost:8888
19:50:57.481 - Stopping server...
19:50:59.171 - Starting server...
19:50:59.471 - Building registry...
19:51:00.224 - HikariCP pool HikariPool-0 is starting.
19:51:00.418 - Initializing 1 services...
19:51:00.575 - Ratpack started (development) for http://localhost:8888
19:52:21.774 - Stopping server...
19:52:24.836 - Starting server...
19:52:25.137 - Building registry...
19:52:25.903 - HikariCP pool HikariPool-0 is starting.
19:52:26.069 - Initializing 1 services...
19:52:26.211 - Ratpack started (development) for http://localhost:8888
19:55:20.811 - Stopping server...
19:55:20.813 - Stopping 1 services...
19:55:20.814 - HikariCP pool HikariPool-0 is shutting down.
19:55:20.867 - Server stopped.
19:55:27.535 - Starting server...
19:55:27.850 - Building registry...
19:55:28.564 - HikariCP pool HikariPool-0 is starting.
19:55:28.738 - Initializing 1 services...
19:55:28.865 - Ratpack started (development) for http://localhost:8888
19:55:53.809 - Stopping server...
19:55:53.810 - Stopping 1 services...
19:55:53.811 - HikariCP pool HikariPool-0 is shutting down.
19:55:53.869 - Server stopped.
19:58:15.153 - Starting server...
19:58:15.466 - Building registry...
19:58:16.178 - HikariCP pool HikariPool-0 is starting.
19:58:16.330 - Initializing 1 services...
19:58:16.484 - Ratpack started (development) for http://localhost:8888
19:59:29.509 - Stopping server...
19:59:32.683 - Starting server...
19:59:33.007 - Building registry...
19:59:33.720 - HikariCP pool HikariPool-0 is starting.
19:59:33.925 - Initializing 1 services...
19:59:34.053 - Ratpack started (development) for http://localhost:8888
19:59:37.707 - 
                                      
@@@@@@@@@@@@@@@@@@@@@@@@@@@@@@@@@@@@@@
@@@@@@@@@@@@@@@@@@@@@@@@@@@@@@@@@@@@@@
@@@@@@@@@@@@@@@@  @@        @@@@@@@@@@
@@@@@@@@@@@@@@@@@@@@        @@@@@@@@@@
@@@@@@@@@@@@@@@@  @@  @@    @@@@@@@@@@
@@@@@@@@@@  @@@@  @@  @@    @@@@@@@@@@
@@@@@@@@@@        @@        @@@@@@@@@@
@@@@@@@@@@@@@@@@@@@@@@@@@@@@@@@@@@@@@@
@@@@@@@@@@@@@@@@@@@@@@@@@@@@@@@@@@@@@@
@@@@@@@@@@        @@        @@@@@@@@@@
@@@@@@@@@@    @@  @@  @@@@  @@@@@@@@@@
@@@@@@@@@@    @@  @@  @@@@  @@@@@@@@@@
@@@@@@@@@@        @@  @  @  @@@@@@@@@@
@@@@@@@@@@        @@        @@@@@@@@@@
@@@@@@@@@@@@@@@@@@@@@@@  @@@@@@@@@@@@@
@@@@@@@@@@@@@@@@@@@@@@@@@@@@@@@@@@@@@@
@@@@@@@@@@@@@@@@@@@@@@@@@@@@@@@@@@@@@@  Thank you for using jOOQ 3.7.2
                                      
20:01:20.913 - Stopping server...
20:01:22.841 - Starting server...
20:01:23.143 - Building registry...
20:01:23.877 - HikariCP pool HikariPool-0 is starting.
20:01:24.042 - Initializing 1 services...
20:01:24.189 - Ratpack started (development) for http://localhost:8888
20:02:36.948 - Stopping server...
20:02:38.562 - Starting server...
20:02:38.860 - Building registry...
20:02:39.584 - HikariCP pool HikariPool-0 is starting.
20:02:39.781 - Initializing 1 services...
20:02:39.919 - Ratpack started (development) for http://localhost:8888
20:03:57.335 - Stopping server...
20:03:58.749 - Starting server...
20:03:59.070 - Building registry...
20:03:59.830 - HikariCP pool HikariPool-0 is starting.
20:03:59.998 - Initializing 1 services...
20:04:00.151 - Ratpack started (development) for http://localhost:8888
20:05:49.266 - Stopping server...
20:05:49.268 - Stopping 1 services...
20:05:49.269 - HikariCP pool HikariPool-0 is shutting down.
20:05:49.317 - Server stopped.
20:05:50.259 - Starting server...
20:05:50.577 - Building registry...
20:05:51.305 - HikariCP pool HikariPool-0 is starting.
20:05:51.448 - Initializing 1 services...
20:05:51.574 - Ratpack started (development) for http://localhost:8888
20:07:02.987 - Stopping server...
20:07:04.590 - Starting server...
20:07:04.904 - Building registry...
20:07:05.695 - HikariCP pool HikariPool-0 is starting.
20:07:05.875 - Initializing 1 services...
20:07:06.011 - Ratpack started (development) for http://localhost:8888
20:07:08.616 - 
                                      
@@@@@@@@@@@@@@@@@@@@@@@@@@@@@@@@@@@@@@
@@@@@@@@@@@@@@@@@@@@@@@@@@@@@@@@@@@@@@
@@@@@@@@@@@@@@@@  @@        @@@@@@@@@@
@@@@@@@@@@@@@@@@@@@@        @@@@@@@@@@
@@@@@@@@@@@@@@@@  @@  @@    @@@@@@@@@@
@@@@@@@@@@  @@@@  @@  @@    @@@@@@@@@@
@@@@@@@@@@        @@        @@@@@@@@@@
@@@@@@@@@@@@@@@@@@@@@@@@@@@@@@@@@@@@@@
@@@@@@@@@@@@@@@@@@@@@@@@@@@@@@@@@@@@@@
@@@@@@@@@@        @@        @@@@@@@@@@
@@@@@@@@@@    @@  @@  @@@@  @@@@@@@@@@
@@@@@@@@@@    @@  @@  @@@@  @@@@@@@@@@
@@@@@@@@@@        @@  @  @  @@@@@@@@@@
@@@@@@@@@@        @@        @@@@@@@@@@
@@@@@@@@@@@@@@@@@@@@@@@  @@@@@@@@@@@@@
@@@@@@@@@@@@@@@@@@@@@@@@@@@@@@@@@@@@@@
@@@@@@@@@@@@@@@@@@@@@@@@@@@@@@@@@@@@@@  Thank you for using jOOQ 3.7.2
                                      
