09:53:06.483 - Stopping server...
09:53:06.486 - Stopping 1 services...
09:53:06.490 - HikariCP pool HikariPool-0 is shutting down.
09:53:06.599 - Server stopped.
09:53:30.367 - Starting server...
09:53:30.764 - Building registry...
09:53:31.621 - HikariCP pool HikariPool-0 is starting.
09:53:31.777 - Initializing 1 services...
09:53:31.906 - Ratpack started (development) for http://localhost:8888
11:02:11.525 - Stopping server...
11:02:13.682 - Starting server...
11:02:13.982 - Building registry...
11:02:14.672 - HikariCP pool HikariPool-0 is starting.
11:02:14.854 - Initializing 1 services...
11:02:14.986 - Ratpack started (development) for http://localhost:8888
11:06:26.417 - Stopping server...
11:06:26.419 - Stopping 1 services...
11:06:26.420 - HikariCP pool HikariPool-0 is shutting down.
11:06:26.470 - Server stopped.
11:06:28.755 - Starting server...
11:06:29.049 - Building registry...
11:06:29.746 - HikariCP pool HikariPool-0 is starting.
11:06:29.908 - Initializing 1 services...
11:06:30.034 - Ratpack started (development) for http://localhost:8888
11:08:03.657 - Stopping server...
11:08:03.658 - Stopping 1 services...
11:08:03.659 - HikariCP pool HikariPool-0 is shutting down.
11:08:03.710 - Server stopped.
11:08:05.754 - Starting server...
11:08:06.060 - Building registry...
11:08:06.806 - HikariCP pool HikariPool-0 is starting.
11:08:06.961 - Initializing 1 services...
11:08:07.088 - Ratpack started (development) for http://localhost:8888
11:09:47.008 - Stopping server...
11:09:47.010 - Stopping 1 services...
11:09:47.011 - HikariCP pool HikariPool-0 is shutting down.
11:09:47.063 - Server stopped.
11:09:48.596 - Starting server...
11:09:48.925 - Building registry...
11:09:49.625 - HikariCP pool HikariPool-0 is starting.
11:09:49.776 - Initializing 1 services...
11:09:49.893 - Ratpack started (development) for http://localhost:8888
11:10:11.516 - Stopping server...
11:10:11.519 - Stopping 1 services...
11:10:11.520 - HikariCP pool HikariPool-0 is shutting down.
11:10:11.578 - Server stopped.
11:10:12.908 - Starting server...
11:10:13.197 - Building registry...
11:10:13.954 - HikariCP pool HikariPool-0 is starting.
11:10:14.140 - Initializing 1 services...
11:10:14.253 - Ratpack started (development) for http://localhost:8888
11:10:28.485 - Stopping server...
11:10:28.488 - Stopping 1 services...
11:10:28.489 - HikariCP pool HikariPool-0 is shutting down.
11:10:28.544 - Server stopped.
11:10:29.957 - Starting server...
11:10:30.243 - Building registry...
11:10:31.029 - HikariCP pool HikariPool-0 is starting.
11:10:31.190 - Initializing 1 services...
11:10:31.310 - Ratpack started (development) for http://localhost:8888
11:12:50.935 - Stopping server...
11:12:53.149 - Starting server...
11:12:53.429 - Building registry...
11:12:54.113 - HikariCP pool HikariPool-0 is starting.
11:12:54.266 - Initializing 1 services...
11:12:54.384 - Ratpack started (development) for http://localhost:8888
11:15:52.077 - Stopping server...
11:15:53.977 - Starting server...
11:15:54.272 - Building registry...
11:15:54.984 - HikariCP pool HikariPool-0 is starting.
11:15:55.148 - Initializing 1 services...
11:15:55.252 - Ratpack started (development) for http://localhost:8888
11:16:24.972 - Stopping server...
11:16:26.638 - Starting server...
11:16:26.928 - Building registry...
11:16:27.677 - HikariCP pool HikariPool-0 is starting.
11:16:27.841 - Initializing 1 services...
11:16:27.966 - Ratpack started (development) for http://localhost:8888
11:20:35.827 - Stopping server...
11:20:38.357 - Starting server...
11:20:38.676 - Building registry...
11:20:39.393 - HikariCP pool HikariPool-0 is starting.
11:20:39.552 - Initializing 1 services...
11:20:39.675 - Ratpack started (development) for http://localhost:8888
11:20:43.889 - 
                                      
@@@@@@@@@@@@@@@@@@@@@@@@@@@@@@@@@@@@@@
@@@@@@@@@@@@@@@@@@@@@@@@@@@@@@@@@@@@@@
@@@@@@@@@@@@@@@@  @@        @@@@@@@@@@
@@@@@@@@@@@@@@@@@@@@        @@@@@@@@@@
@@@@@@@@@@@@@@@@  @@  @@    @@@@@@@@@@
@@@@@@@@@@  @@@@  @@  @@    @@@@@@@@@@
@@@@@@@@@@        @@        @@@@@@@@@@
@@@@@@@@@@@@@@@@@@@@@@@@@@@@@@@@@@@@@@
@@@@@@@@@@@@@@@@@@@@@@@@@@@@@@@@@@@@@@
@@@@@@@@@@        @@        @@@@@@@@@@
@@@@@@@@@@    @@  @@  @@@@  @@@@@@@@@@
@@@@@@@@@@    @@  @@  @@@@  @@@@@@@@@@
@@@@@@@@@@        @@  @  @  @@@@@@@@@@
@@@@@@@@@@        @@        @@@@@@@@@@
@@@@@@@@@@@@@@@@@@@@@@@  @@@@@@@@@@@@@
@@@@@@@@@@@@@@@@@@@@@@@@@@@@@@@@@@@@@@
@@@@@@@@@@@@@@@@@@@@@@@@@@@@@@@@@@@@@@  Thank you for using jOOQ 3.7.2
                                      
11:24:02.466 - Stopping server...
11:24:24.871 - Starting server...
11:24:25.157 - Building registry...
11:24:25.838 - HikariCP pool HikariPool-0 is starting.
11:24:26.020 - Initializing 1 services...
11:24:26.141 - Ratpack started (development) for http://localhost:8888
11:24:33.615 - 
                                      
@@@@@@@@@@@@@@@@@@@@@@@@@@@@@@@@@@@@@@
@@@@@@@@@@@@@@@@@@@@@@@@@@@@@@@@@@@@@@
@@@@@@@@@@@@@@@@  @@        @@@@@@@@@@
@@@@@@@@@@@@@@@@@@@@        @@@@@@@@@@
@@@@@@@@@@@@@@@@  @@  @@    @@@@@@@@@@
@@@@@@@@@@  @@@@  @@  @@    @@@@@@@@@@
@@@@@@@@@@        @@        @@@@@@@@@@
@@@@@@@@@@@@@@@@@@@@@@@@@@@@@@@@@@@@@@
@@@@@@@@@@@@@@@@@@@@@@@@@@@@@@@@@@@@@@
@@@@@@@@@@        @@        @@@@@@@@@@
@@@@@@@@@@    @@  @@  @@@@  @@@@@@@@@@
@@@@@@@@@@    @@  @@  @@@@  @@@@@@@@@@
@@@@@@@@@@        @@  @  @  @@@@@@@@@@
@@@@@@@@@@        @@        @@@@@@@@@@
@@@@@@@@@@@@@@@@@@@@@@@  @@@@@@@@@@@@@
@@@@@@@@@@@@@@@@@@@@@@@@@@@@@@@@@@@@@@
@@@@@@@@@@@@@@@@@@@@@@@@@@@@@@@@@@@@@@  Thank you for using jOOQ 3.7.2
                                      
11:31:02.302 - Stopping server...
11:31:03.993 - Starting server...
11:31:04.367 - Building registry...
11:31:05.271 - HikariCP pool HikariPool-0 is starting.
11:31:05.482 - Initializing 1 services...
11:31:05.649 - Ratpack started (development) for http://localhost:8888
11:32:08.340 - Stopping server...
11:32:09.519 - Starting server...
11:32:09.879 - Building registry...
11:32:10.732 - HikariCP pool HikariPool-0 is starting.
11:32:10.916 - Initializing 1 services...
11:32:11.054 - Ratpack started (development) for http://localhost:8888
11:32:17.902 - 
                                      
@@@@@@@@@@@@@@@@@@@@@@@@@@@@@@@@@@@@@@
@@@@@@@@@@@@@@@@@@@@@@@@@@@@@@@@@@@@@@
@@@@@@@@@@@@@@@@  @@        @@@@@@@@@@
@@@@@@@@@@@@@@@@@@@@        @@@@@@@@@@
@@@@@@@@@@@@@@@@  @@  @@    @@@@@@@@@@
@@@@@@@@@@  @@@@  @@  @@    @@@@@@@@@@
@@@@@@@@@@        @@        @@@@@@@@@@
@@@@@@@@@@@@@@@@@@@@@@@@@@@@@@@@@@@@@@
@@@@@@@@@@@@@@@@@@@@@@@@@@@@@@@@@@@@@@
@@@@@@@@@@        @@        @@@@@@@@@@
@@@@@@@@@@    @@  @@  @@@@  @@@@@@@@@@
@@@@@@@@@@    @@  @@  @@@@  @@@@@@@@@@
@@@@@@@@@@        @@  @  @  @@@@@@@@@@
@@@@@@@@@@        @@        @@@@@@@@@@
@@@@@@@@@@@@@@@@@@@@@@@  @@@@@@@@@@@@@
@@@@@@@@@@@@@@@@@@@@@@@@@@@@@@@@@@@@@@
@@@@@@@@@@@@@@@@@@@@@@@@@@@@@@@@@@@@@@  Thank you for using jOOQ 3.7.2
                                      
11:39:18.342 - Stopping server...
11:39:20.285 - Starting server...
11:39:20.614 - Building registry...
11:39:21.485 - HikariCP pool HikariPool-0 is starting.
11:39:21.670 - Initializing 1 services...
11:39:21.794 - Ratpack started (development) for http://localhost:8888
11:42:44.006 - Stopping server...
11:42:45.570 - Starting server...
11:42:45.889 - Building registry...
11:42:46.664 - HikariCP pool HikariPool-0 is starting.
11:42:46.823 - Initializing 1 services...
11:42:46.960 - Ratpack started (development) for http://localhost:8888
11:47:01.342 - Stopping server...
11:47:02.981 - Starting server...
11:47:03.278 - Building registry...
11:47:04.134 - HikariCP pool HikariPool-0 is starting.
11:47:04.371 - Initializing 1 services...
11:47:04.515 - Ratpack started (development) for http://localhost:8888
11:47:57.918 - Stopping server...
11:47:59.432 - Starting server...
11:47:59.748 - Building registry...
11:48:00.499 - HikariCP pool HikariPool-0 is starting.
11:48:00.684 - Initializing 1 services...
11:48:00.806 - Ratpack started (development) for http://localhost:8888
11:48:16.420 - 
                                      
@@@@@@@@@@@@@@@@@@@@@@@@@@@@@@@@@@@@@@
@@@@@@@@@@@@@@@@@@@@@@@@@@@@@@@@@@@@@@
@@@@@@@@@@@@@@@@  @@        @@@@@@@@@@
@@@@@@@@@@@@@@@@@@@@        @@@@@@@@@@
@@@@@@@@@@@@@@@@  @@  @@    @@@@@@@@@@
@@@@@@@@@@  @@@@  @@  @@    @@@@@@@@@@
@@@@@@@@@@        @@        @@@@@@@@@@
@@@@@@@@@@@@@@@@@@@@@@@@@@@@@@@@@@@@@@
@@@@@@@@@@@@@@@@@@@@@@@@@@@@@@@@@@@@@@
@@@@@@@@@@        @@        @@@@@@@@@@
@@@@@@@@@@    @@  @@  @@@@  @@@@@@@@@@
@@@@@@@@@@    @@  @@  @@@@  @@@@@@@@@@
@@@@@@@@@@        @@  @  @  @@@@@@@@@@
@@@@@@@@@@        @@        @@@@@@@@@@
@@@@@@@@@@@@@@@@@@@@@@@  @@@@@@@@@@@@@
@@@@@@@@@@@@@@@@@@@@@@@@@@@@@@@@@@@@@@
@@@@@@@@@@@@@@@@@@@@@@@@@@@@@@@@@@@@@@  Thank you for using jOOQ 3.7.2
                                      
11:48:47.465 - Stopping server...
11:48:49.117 - Starting server...
11:48:49.422 - Building registry...
11:48:50.186 - HikariCP pool HikariPool-0 is starting.
11:48:50.344 - Initializing 1 services...
11:48:50.464 - Ratpack started (development) for http://localhost:8888
11:49:00.250 - 
                                      
@@@@@@@@@@@@@@@@@@@@@@@@@@@@@@@@@@@@@@
@@@@@@@@@@@@@@@@@@@@@@@@@@@@@@@@@@@@@@
@@@@@@@@@@@@@@@@  @@        @@@@@@@@@@
@@@@@@@@@@@@@@@@@@@@        @@@@@@@@@@
@@@@@@@@@@@@@@@@  @@  @@    @@@@@@@@@@
@@@@@@@@@@  @@@@  @@  @@    @@@@@@@@@@
@@@@@@@@@@        @@        @@@@@@@@@@
@@@@@@@@@@@@@@@@@@@@@@@@@@@@@@@@@@@@@@
@@@@@@@@@@@@@@@@@@@@@@@@@@@@@@@@@@@@@@
@@@@@@@@@@        @@        @@@@@@@@@@
@@@@@@@@@@    @@  @@  @@@@  @@@@@@@@@@
@@@@@@@@@@    @@  @@  @@@@  @@@@@@@@@@
@@@@@@@@@@        @@  @  @  @@@@@@@@@@
@@@@@@@@@@        @@        @@@@@@@@@@
@@@@@@@@@@@@@@@@@@@@@@@  @@@@@@@@@@@@@
@@@@@@@@@@@@@@@@@@@@@@@@@@@@@@@@@@@@@@
@@@@@@@@@@@@@@@@@@@@@@@@@@@@@@@@@@@@@@  Thank you for using jOOQ 3.7.2
                                      
11:50:24.169 - Stopping server...
11:50:25.809 - Starting server...
11:50:26.120 - Building registry...
11:50:26.836 - HikariCP pool HikariPool-0 is starting.
11:50:27.042 - Initializing 1 services...
11:50:27.166 - Ratpack started (development) for http://localhost:8888
11:59:59.616 - Stopping server...
12:00:01.427 - Starting server...
12:00:01.731 - Building registry...
12:00:02.448 - HikariCP pool HikariPool-0 is starting.
12:00:02.622 - Initializing 1 services...
12:00:02.752 - Ratpack started (development) for http://localhost:8888
12:00:15.297 - 
                                      
@@@@@@@@@@@@@@@@@@@@@@@@@@@@@@@@@@@@@@
@@@@@@@@@@@@@@@@@@@@@@@@@@@@@@@@@@@@@@
@@@@@@@@@@@@@@@@  @@        @@@@@@@@@@
@@@@@@@@@@@@@@@@@@@@        @@@@@@@@@@
@@@@@@@@@@@@@@@@  @@  @@    @@@@@@@@@@
@@@@@@@@@@  @@@@  @@  @@    @@@@@@@@@@
@@@@@@@@@@        @@        @@@@@@@@@@
@@@@@@@@@@@@@@@@@@@@@@@@@@@@@@@@@@@@@@
@@@@@@@@@@@@@@@@@@@@@@@@@@@@@@@@@@@@@@
@@@@@@@@@@        @@        @@@@@@@@@@
@@@@@@@@@@    @@  @@  @@@@  @@@@@@@@@@
@@@@@@@@@@    @@  @@  @@@@  @@@@@@@@@@
@@@@@@@@@@        @@  @  @  @@@@@@@@@@
@@@@@@@@@@        @@        @@@@@@@@@@
@@@@@@@@@@@@@@@@@@@@@@@  @@@@@@@@@@@@@
@@@@@@@@@@@@@@@@@@@@@@@@@@@@@@@@@@@@@@
@@@@@@@@@@@@@@@@@@@@@@@@@@@@@@@@@@@@@@  Thank you for using jOOQ 3.7.2
                                      
12:15:30.050 - Stopping server...
12:15:31.577 - Starting server...
12:15:31.891 - Building registry...
12:15:32.612 - HikariCP pool HikariPool-0 is starting.
12:15:32.776 - Initializing 1 services...
12:15:32.922 - Ratpack started (development) for http://localhost:8888
13:09:17.027 - Stopping server...
13:09:18.559 - Starting server...
13:09:18.857 - Building registry...
13:09:19.558 - HikariCP pool HikariPool-0 is starting.
13:09:19.729 - Initializing 1 services...
13:09:19.843 - Ratpack started (development) for http://localhost:8888
13:09:41.447 - 
                                      
@@@@@@@@@@@@@@@@@@@@@@@@@@@@@@@@@@@@@@
@@@@@@@@@@@@@@@@@@@@@@@@@@@@@@@@@@@@@@
@@@@@@@@@@@@@@@@  @@        @@@@@@@@@@
@@@@@@@@@@@@@@@@@@@@        @@@@@@@@@@
@@@@@@@@@@@@@@@@  @@  @@    @@@@@@@@@@
@@@@@@@@@@  @@@@  @@  @@    @@@@@@@@@@
@@@@@@@@@@        @@        @@@@@@@@@@
@@@@@@@@@@@@@@@@@@@@@@@@@@@@@@@@@@@@@@
@@@@@@@@@@@@@@@@@@@@@@@@@@@@@@@@@@@@@@
@@@@@@@@@@        @@        @@@@@@@@@@
@@@@@@@@@@    @@  @@  @@@@  @@@@@@@@@@
@@@@@@@@@@    @@  @@  @@@@  @@@@@@@@@@
@@@@@@@@@@        @@  @  @  @@@@@@@@@@
@@@@@@@@@@        @@        @@@@@@@@@@
@@@@@@@@@@@@@@@@@@@@@@@  @@@@@@@@@@@@@
@@@@@@@@@@@@@@@@@@@@@@@@@@@@@@@@@@@@@@
@@@@@@@@@@@@@@@@@@@@@@@@@@@@@@@@@@@@@@  Thank you for using jOOQ 3.7.2
                                      
13:16:44.684 - Stopping server...
13:16:46.109 - Starting server...
13:16:46.436 - Building registry...
13:16:47.172 - HikariCP pool HikariPool-0 is starting.
13:16:47.332 - Initializing 1 services...
13:16:47.476 - Ratpack started (development) for http://localhost:8888
13:16:51.650 - 
                                      
@@@@@@@@@@@@@@@@@@@@@@@@@@@@@@@@@@@@@@
@@@@@@@@@@@@@@@@@@@@@@@@@@@@@@@@@@@@@@
@@@@@@@@@@@@@@@@  @@        @@@@@@@@@@
@@@@@@@@@@@@@@@@@@@@        @@@@@@@@@@
@@@@@@@@@@@@@@@@  @@  @@    @@@@@@@@@@
@@@@@@@@@@  @@@@  @@  @@    @@@@@@@@@@
@@@@@@@@@@        @@        @@@@@@@@@@
@@@@@@@@@@@@@@@@@@@@@@@@@@@@@@@@@@@@@@
@@@@@@@@@@@@@@@@@@@@@@@@@@@@@@@@@@@@@@
@@@@@@@@@@        @@        @@@@@@@@@@
@@@@@@@@@@    @@  @@  @@@@  @@@@@@@@@@
@@@@@@@@@@    @@  @@  @@@@  @@@@@@@@@@
@@@@@@@@@@        @@  @  @  @@@@@@@@@@
@@@@@@@@@@        @@        @@@@@@@@@@
@@@@@@@@@@@@@@@@@@@@@@@  @@@@@@@@@@@@@
@@@@@@@@@@@@@@@@@@@@@@@@@@@@@@@@@@@@@@
@@@@@@@@@@@@@@@@@@@@@@@@@@@@@@@@@@@@@@  Thank you for using jOOQ 3.7.2
                                      
13:23:12.649 - Stopping server...
13:23:12.651 - Stopping 1 services...
13:23:12.652 - HikariCP pool HikariPool-0 is shutting down.
13:23:12.789 - Server stopped.
13:23:14.571 - Starting server...
13:23:14.879 - Building registry...
13:23:15.595 - HikariCP pool HikariPool-0 is starting.
13:23:15.803 - Initializing 1 services...
13:23:15.927 - Ratpack started (development) for http://localhost:8888
13:23:29.779 - 
                                      
@@@@@@@@@@@@@@@@@@@@@@@@@@@@@@@@@@@@@@
@@@@@@@@@@@@@@@@@@@@@@@@@@@@@@@@@@@@@@
@@@@@@@@@@@@@@@@  @@        @@@@@@@@@@
@@@@@@@@@@@@@@@@@@@@        @@@@@@@@@@
@@@@@@@@@@@@@@@@  @@  @@    @@@@@@@@@@
@@@@@@@@@@  @@@@  @@  @@    @@@@@@@@@@
@@@@@@@@@@        @@        @@@@@@@@@@
@@@@@@@@@@@@@@@@@@@@@@@@@@@@@@@@@@@@@@
@@@@@@@@@@@@@@@@@@@@@@@@@@@@@@@@@@@@@@
@@@@@@@@@@        @@        @@@@@@@@@@
@@@@@@@@@@    @@  @@  @@@@  @@@@@@@@@@
@@@@@@@@@@    @@  @@  @@@@  @@@@@@@@@@
@@@@@@@@@@        @@  @  @  @@@@@@@@@@
@@@@@@@@@@        @@        @@@@@@@@@@
@@@@@@@@@@@@@@@@@@@@@@@  @@@@@@@@@@@@@
@@@@@@@@@@@@@@@@@@@@@@@@@@@@@@@@@@@@@@
@@@@@@@@@@@@@@@@@@@@@@@@@@@@@@@@@@@@@@  Thank you for using jOOQ 3.7.2
                                      
13:25:52.941 - Stopping server...
13:25:54.233 - Starting server...
13:25:54.548 - Building registry...
13:25:55.301 - HikariCP pool HikariPool-0 is starting.
13:25:55.485 - Initializing 1 services...
13:25:55.645 - Ratpack started (development) for http://localhost:8888
13:25:57.612 - 
                                      
@@@@@@@@@@@@@@@@@@@@@@@@@@@@@@@@@@@@@@
@@@@@@@@@@@@@@@@@@@@@@@@@@@@@@@@@@@@@@
@@@@@@@@@@@@@@@@  @@        @@@@@@@@@@
@@@@@@@@@@@@@@@@@@@@        @@@@@@@@@@
@@@@@@@@@@@@@@@@  @@  @@    @@@@@@@@@@
@@@@@@@@@@  @@@@  @@  @@    @@@@@@@@@@
@@@@@@@@@@        @@        @@@@@@@@@@
@@@@@@@@@@@@@@@@@@@@@@@@@@@@@@@@@@@@@@
@@@@@@@@@@@@@@@@@@@@@@@@@@@@@@@@@@@@@@
@@@@@@@@@@        @@        @@@@@@@@@@
@@@@@@@@@@    @@  @@  @@@@  @@@@@@@@@@
@@@@@@@@@@    @@  @@  @@@@  @@@@@@@@@@
@@@@@@@@@@        @@  @  @  @@@@@@@@@@
@@@@@@@@@@        @@        @@@@@@@@@@
@@@@@@@@@@@@@@@@@@@@@@@  @@@@@@@@@@@@@
@@@@@@@@@@@@@@@@@@@@@@@@@@@@@@@@@@@@@@
@@@@@@@@@@@@@@@@@@@@@@@@@@@@@@@@@@@@@@  Thank you for using jOOQ 3.7.2
                                      
13:26:46.903 - Stopping server...
13:26:48.277 - Starting server...
13:26:48.597 - Building registry...
13:26:49.327 - HikariCP pool HikariPool-0 is starting.
13:26:49.511 - Initializing 1 services...
13:26:49.635 - Ratpack started (development) for http://localhost:8888
13:26:53.129 - 
                                      
@@@@@@@@@@@@@@@@@@@@@@@@@@@@@@@@@@@@@@
@@@@@@@@@@@@@@@@@@@@@@@@@@@@@@@@@@@@@@
@@@@@@@@@@@@@@@@  @@        @@@@@@@@@@
@@@@@@@@@@@@@@@@@@@@        @@@@@@@@@@
@@@@@@@@@@@@@@@@  @@  @@    @@@@@@@@@@
@@@@@@@@@@  @@@@  @@  @@    @@@@@@@@@@
@@@@@@@@@@        @@        @@@@@@@@@@
@@@@@@@@@@@@@@@@@@@@@@@@@@@@@@@@@@@@@@
@@@@@@@@@@@@@@@@@@@@@@@@@@@@@@@@@@@@@@
@@@@@@@@@@        @@        @@@@@@@@@@
@@@@@@@@@@    @@  @@  @@@@  @@@@@@@@@@
@@@@@@@@@@    @@  @@  @@@@  @@@@@@@@@@
@@@@@@@@@@        @@  @  @  @@@@@@@@@@
@@@@@@@@@@        @@        @@@@@@@@@@
@@@@@@@@@@@@@@@@@@@@@@@  @@@@@@@@@@@@@
@@@@@@@@@@@@@@@@@@@@@@@@@@@@@@@@@@@@@@
@@@@@@@@@@@@@@@@@@@@@@@@@@@@@@@@@@@@@@  Thank you for using jOOQ 3.7.2
                                      
13:29:29.187 - Stopping server...
13:29:30.668 - Starting server...
13:29:31.004 - Building registry...
13:29:31.733 - HikariCP pool HikariPool-0 is starting.
13:29:31.907 - Initializing 1 services...
13:29:32.036 - Ratpack started (development) for http://localhost:8888
13:29:39.944 - 
                                      
@@@@@@@@@@@@@@@@@@@@@@@@@@@@@@@@@@@@@@
@@@@@@@@@@@@@@@@@@@@@@@@@@@@@@@@@@@@@@
@@@@@@@@@@@@@@@@  @@        @@@@@@@@@@
@@@@@@@@@@@@@@@@@@@@        @@@@@@@@@@
@@@@@@@@@@@@@@@@  @@  @@    @@@@@@@@@@
@@@@@@@@@@  @@@@  @@  @@    @@@@@@@@@@
@@@@@@@@@@        @@        @@@@@@@@@@
@@@@@@@@@@@@@@@@@@@@@@@@@@@@@@@@@@@@@@
@@@@@@@@@@@@@@@@@@@@@@@@@@@@@@@@@@@@@@
@@@@@@@@@@        @@        @@@@@@@@@@
@@@@@@@@@@    @@  @@  @@@@  @@@@@@@@@@
@@@@@@@@@@    @@  @@  @@@@  @@@@@@@@@@
@@@@@@@@@@        @@  @  @  @@@@@@@@@@
@@@@@@@@@@        @@        @@@@@@@@@@
@@@@@@@@@@@@@@@@@@@@@@@  @@@@@@@@@@@@@
@@@@@@@@@@@@@@@@@@@@@@@@@@@@@@@@@@@@@@
@@@@@@@@@@@@@@@@@@@@@@@@@@@@@@@@@@@@@@  Thank you for using jOOQ 3.7.2
                                      
13:43:07.624 - Stopping server...
13:43:09.297 - Starting server...
13:43:09.612 - Building registry...
13:43:10.357 - HikariCP pool HikariPool-0 is starting.
13:43:10.546 - Initializing 1 services...
13:43:10.706 - Ratpack started (development) for http://localhost:8888
13:46:15.476 - 
                                      
@@@@@@@@@@@@@@@@@@@@@@@@@@@@@@@@@@@@@@
@@@@@@@@@@@@@@@@@@@@@@@@@@@@@@@@@@@@@@
@@@@@@@@@@@@@@@@  @@        @@@@@@@@@@
@@@@@@@@@@@@@@@@@@@@        @@@@@@@@@@
@@@@@@@@@@@@@@@@  @@  @@    @@@@@@@@@@
@@@@@@@@@@  @@@@  @@  @@    @@@@@@@@@@
@@@@@@@@@@        @@        @@@@@@@@@@
@@@@@@@@@@@@@@@@@@@@@@@@@@@@@@@@@@@@@@
@@@@@@@@@@@@@@@@@@@@@@@@@@@@@@@@@@@@@@
@@@@@@@@@@        @@        @@@@@@@@@@
@@@@@@@@@@    @@  @@  @@@@  @@@@@@@@@@
@@@@@@@@@@    @@  @@  @@@@  @@@@@@@@@@
@@@@@@@@@@        @@  @  @  @@@@@@@@@@
@@@@@@@@@@        @@        @@@@@@@@@@
@@@@@@@@@@@@@@@@@@@@@@@  @@@@@@@@@@@@@
@@@@@@@@@@@@@@@@@@@@@@@@@@@@@@@@@@@@@@
@@@@@@@@@@@@@@@@@@@@@@@@@@@@@@@@@@@@@@  Thank you for using jOOQ 3.7.2
                                      
15:13:00.611 - Stopping server...
15:13:02.584 - Starting server...
15:13:02.888 - Building registry...
15:13:03.631 - HikariCP pool HikariPool-0 is starting.
15:13:03.791 - Initializing 1 services...
15:13:03.927 - Ratpack started (development) for http://localhost:8888
15:13:12.957 - 
                                      
@@@@@@@@@@@@@@@@@@@@@@@@@@@@@@@@@@@@@@
@@@@@@@@@@@@@@@@@@@@@@@@@@@@@@@@@@@@@@
@@@@@@@@@@@@@@@@  @@        @@@@@@@@@@
@@@@@@@@@@@@@@@@@@@@        @@@@@@@@@@
@@@@@@@@@@@@@@@@  @@  @@    @@@@@@@@@@
@@@@@@@@@@  @@@@  @@  @@    @@@@@@@@@@
@@@@@@@@@@        @@        @@@@@@@@@@
@@@@@@@@@@@@@@@@@@@@@@@@@@@@@@@@@@@@@@
@@@@@@@@@@@@@@@@@@@@@@@@@@@@@@@@@@@@@@
@@@@@@@@@@        @@        @@@@@@@@@@
@@@@@@@@@@    @@  @@  @@@@  @@@@@@@@@@
@@@@@@@@@@    @@  @@  @@@@  @@@@@@@@@@
@@@@@@@@@@        @@  @  @  @@@@@@@@@@
@@@@@@@@@@        @@        @@@@@@@@@@
@@@@@@@@@@@@@@@@@@@@@@@  @@@@@@@@@@@@@
@@@@@@@@@@@@@@@@@@@@@@@@@@@@@@@@@@@@@@
@@@@@@@@@@@@@@@@@@@@@@@@@@@@@@@@@@@@@@  Thank you for using jOOQ 3.7.2
                                      
15:50:14.876 - Stopping server...
15:50:16.529 - Starting server...
15:50:16.843 - Building registry...
15:50:17.576 - HikariCP pool HikariPool-0 is starting.
15:50:17.744 - Initializing 1 services...
15:50:17.889 - Ratpack started (development) for http://localhost:8888
19:10:39.812 - Stopping server...
19:10:39.814 - Stopping 1 services...
19:10:39.817 - HikariCP pool HikariPool-0 is shutting down.
19:10:39.876 - Server stopped.
19:10:41.980 - Starting server...
19:10:42.306 - Building registry...
19:10:43.040 - HikariCP pool HikariPool-0 is starting.
19:10:43.206 - Initializing 1 services...
19:10:43.355 - Ratpack started (development) for http://localhost:8888
19:11:15.598 - 
                                      
@@@@@@@@@@@@@@@@@@@@@@@@@@@@@@@@@@@@@@
@@@@@@@@@@@@@@@@@@@@@@@@@@@@@@@@@@@@@@
@@@@@@@@@@@@@@@@  @@        @@@@@@@@@@
@@@@@@@@@@@@@@@@@@@@        @@@@@@@@@@
@@@@@@@@@@@@@@@@  @@  @@    @@@@@@@@@@
@@@@@@@@@@  @@@@  @@  @@    @@@@@@@@@@
@@@@@@@@@@        @@        @@@@@@@@@@
@@@@@@@@@@@@@@@@@@@@@@@@@@@@@@@@@@@@@@
@@@@@@@@@@@@@@@@@@@@@@@@@@@@@@@@@@@@@@
@@@@@@@@@@        @@        @@@@@@@@@@
@@@@@@@@@@    @@  @@  @@@@  @@@@@@@@@@
@@@@@@@@@@    @@  @@  @@@@  @@@@@@@@@@
@@@@@@@@@@        @@  @  @  @@@@@@@@@@
@@@@@@@@@@        @@        @@@@@@@@@@
@@@@@@@@@@@@@@@@@@@@@@@  @@@@@@@@@@@@@
@@@@@@@@@@@@@@@@@@@@@@@@@@@@@@@@@@@@@@
@@@@@@@@@@@@@@@@@@@@@@@@@@@@@@@@@@@@@@  Thank you for using jOOQ 3.7.2
                                      
19:39:44.235 - Stopping server...
19:39:44.236 - Stopping 1 services...
19:39:44.238 - HikariCP pool HikariPool-0 is shutting down.
19:39:44.323 - Server stopped.
19:39:45.968 - Starting server...
19:39:46.286 - Building registry...
19:39:47.016 - HikariCP pool HikariPool-0 is starting.
19:39:47.181 - Initializing 1 services...
19:39:47.296 - Ratpack started (development) for http://localhost:8888
19:40:53.065 - 
                                      
@@@@@@@@@@@@@@@@@@@@@@@@@@@@@@@@@@@@@@
@@@@@@@@@@@@@@@@@@@@@@@@@@@@@@@@@@@@@@
@@@@@@@@@@@@@@@@  @@        @@@@@@@@@@
@@@@@@@@@@@@@@@@@@@@        @@@@@@@@@@
@@@@@@@@@@@@@@@@  @@  @@    @@@@@@@@@@
@@@@@@@@@@  @@@@  @@  @@    @@@@@@@@@@
@@@@@@@@@@        @@        @@@@@@@@@@
@@@@@@@@@@@@@@@@@@@@@@@@@@@@@@@@@@@@@@
@@@@@@@@@@@@@@@@@@@@@@@@@@@@@@@@@@@@@@
@@@@@@@@@@        @@        @@@@@@@@@@
@@@@@@@@@@    @@  @@  @@@@  @@@@@@@@@@
@@@@@@@@@@    @@  @@  @@@@  @@@@@@@@@@
@@@@@@@@@@        @@  @  @  @@@@@@@@@@
@@@@@@@@@@        @@        @@@@@@@@@@
@@@@@@@@@@@@@@@@@@@@@@@  @@@@@@@@@@@@@
@@@@@@@@@@@@@@@@@@@@@@@@@@@@@@@@@@@@@@
@@@@@@@@@@@@@@@@@@@@@@@@@@@@@@@@@@@@@@  Thank you for using jOOQ 3.7.2
                                      
19:43:22.875 - Stopping server...
19:43:22.877 - Stopping 1 services...
19:43:22.879 - HikariCP pool HikariPool-0 is shutting down.
19:44:21.464 - Starting server...
19:44:21.798 - Building registry...
19:44:22.577 - HikariCP pool HikariPool-0 is starting.
19:44:22.747 - Initializing 1 services...
19:44:22.882 - Ratpack started (development) for http://localhost:8888
19:44:27.583 - 
                                      
@@@@@@@@@@@@@@@@@@@@@@@@@@@@@@@@@@@@@@
@@@@@@@@@@@@@@@@@@@@@@@@@@@@@@@@@@@@@@
@@@@@@@@@@@@@@@@  @@        @@@@@@@@@@
@@@@@@@@@@@@@@@@@@@@        @@@@@@@@@@
@@@@@@@@@@@@@@@@  @@  @@    @@@@@@@@@@
@@@@@@@@@@  @@@@  @@  @@    @@@@@@@@@@
@@@@@@@@@@        @@        @@@@@@@@@@
@@@@@@@@@@@@@@@@@@@@@@@@@@@@@@@@@@@@@@
@@@@@@@@@@@@@@@@@@@@@@@@@@@@@@@@@@@@@@
@@@@@@@@@@        @@        @@@@@@@@@@
@@@@@@@@@@    @@  @@  @@@@  @@@@@@@@@@
@@@@@@@@@@    @@  @@  @@@@  @@@@@@@@@@
@@@@@@@@@@        @@  @  @  @@@@@@@@@@
@@@@@@@@@@        @@        @@@@@@@@@@
@@@@@@@@@@@@@@@@@@@@@@@  @@@@@@@@@@@@@
@@@@@@@@@@@@@@@@@@@@@@@@@@@@@@@@@@@@@@
@@@@@@@@@@@@@@@@@@@@@@@@@@@@@@@@@@@@@@  Thank you for using jOOQ 3.7.2
                                      
19:46:03.893 - Stopping server...
19:46:03.895 - Stopping 1 services...
19:46:03.896 - HikariCP pool HikariPool-0 is shutting down.
19:46:04.049 - Server stopped.
19:46:06.172 - Starting server...
19:46:06.481 - Building registry...
19:46:07.168 - HikariCP pool HikariPool-0 is starting.
19:46:07.338 - Initializing 1 services...
19:46:07.451 - Ratpack started (development) for http://localhost:8888
19:46:12.018 - 
                                      
@@@@@@@@@@@@@@@@@@@@@@@@@@@@@@@@@@@@@@
@@@@@@@@@@@@@@@@@@@@@@@@@@@@@@@@@@@@@@
@@@@@@@@@@@@@@@@  @@        @@@@@@@@@@
@@@@@@@@@@@@@@@@@@@@        @@@@@@@@@@
@@@@@@@@@@@@@@@@  @@  @@    @@@@@@@@@@
@@@@@@@@@@  @@@@  @@  @@    @@@@@@@@@@
@@@@@@@@@@        @@        @@@@@@@@@@
@@@@@@@@@@@@@@@@@@@@@@@@@@@@@@@@@@@@@@
@@@@@@@@@@@@@@@@@@@@@@@@@@@@@@@@@@@@@@
@@@@@@@@@@        @@        @@@@@@@@@@
@@@@@@@@@@    @@  @@  @@@@  @@@@@@@@@@
@@@@@@@@@@    @@  @@  @@@@  @@@@@@@@@@
@@@@@@@@@@        @@  @  @  @@@@@@@@@@
@@@@@@@@@@        @@        @@@@@@@@@@
@@@@@@@@@@@@@@@@@@@@@@@  @@@@@@@@@@@@@
@@@@@@@@@@@@@@@@@@@@@@@@@@@@@@@@@@@@@@
@@@@@@@@@@@@@@@@@@@@@@@@@@@@@@@@@@@@@@  Thank you for using jOOQ 3.7.2
                                      
23:04:39.667 - Stopping server...
23:04:39.689 - Stopping 1 services...
23:04:39.707 - HikariCP pool HikariPool-0 is shutting down.
23:04:39.957 - Server stopped.
23:04:42.688 - Starting server...
23:04:43.090 - Building registry...
23:04:43.870 - HikariCP pool HikariPool-0 is starting.
23:04:44.061 - Initializing 1 services...
23:04:44.216 - Ratpack started (development) for http://localhost:8888
23:04:50.154 - 
                                      
@@@@@@@@@@@@@@@@@@@@@@@@@@@@@@@@@@@@@@
@@@@@@@@@@@@@@@@@@@@@@@@@@@@@@@@@@@@@@
@@@@@@@@@@@@@@@@  @@        @@@@@@@@@@
@@@@@@@@@@@@@@@@@@@@        @@@@@@@@@@
@@@@@@@@@@@@@@@@  @@  @@    @@@@@@@@@@
@@@@@@@@@@  @@@@  @@  @@    @@@@@@@@@@
@@@@@@@@@@        @@        @@@@@@@@@@
@@@@@@@@@@@@@@@@@@@@@@@@@@@@@@@@@@@@@@
@@@@@@@@@@@@@@@@@@@@@@@@@@@@@@@@@@@@@@
@@@@@@@@@@        @@        @@@@@@@@@@
@@@@@@@@@@    @@  @@  @@@@  @@@@@@@@@@
@@@@@@@@@@    @@  @@  @@@@  @@@@@@@@@@
@@@@@@@@@@        @@  @  @  @@@@@@@@@@
@@@@@@@@@@        @@        @@@@@@@@@@
@@@@@@@@@@@@@@@@@@@@@@@  @@@@@@@@@@@@@
@@@@@@@@@@@@@@@@@@@@@@@@@@@@@@@@@@@@@@
@@@@@@@@@@@@@@@@@@@@@@@@@@@@@@@@@@@@@@  Thank you for using jOOQ 3.7.2
                                      
23:07:06.634 - Stopping server...
23:07:08.141 - Starting server...
23:07:08.434 - Building registry...
23:07:09.145 - HikariCP pool HikariPool-0 is starting.
23:07:09.283 - Initializing 1 services...
23:07:09.405 - Ratpack started (development) for http://localhost:8888
23:07:14.161 - 
                                      
@@@@@@@@@@@@@@@@@@@@@@@@@@@@@@@@@@@@@@
@@@@@@@@@@@@@@@@@@@@@@@@@@@@@@@@@@@@@@
@@@@@@@@@@@@@@@@  @@        @@@@@@@@@@
@@@@@@@@@@@@@@@@@@@@        @@@@@@@@@@
@@@@@@@@@@@@@@@@  @@  @@    @@@@@@@@@@
@@@@@@@@@@  @@@@  @@  @@    @@@@@@@@@@
@@@@@@@@@@        @@        @@@@@@@@@@
@@@@@@@@@@@@@@@@@@@@@@@@@@@@@@@@@@@@@@
@@@@@@@@@@@@@@@@@@@@@@@@@@@@@@@@@@@@@@
@@@@@@@@@@        @@        @@@@@@@@@@
@@@@@@@@@@    @@  @@  @@@@  @@@@@@@@@@
@@@@@@@@@@    @@  @@  @@@@  @@@@@@@@@@
@@@@@@@@@@        @@  @  @  @@@@@@@@@@
@@@@@@@@@@        @@        @@@@@@@@@@
@@@@@@@@@@@@@@@@@@@@@@@  @@@@@@@@@@@@@
@@@@@@@@@@@@@@@@@@@@@@@@@@@@@@@@@@@@@@
@@@@@@@@@@@@@@@@@@@@@@@@@@@@@@@@@@@@@@  Thank you for using jOOQ 3.7.2
                                      
23:20:07.692 - Stopping server...
23:20:09.229 - Starting server...
23:20:09.526 - Building registry...
23:20:10.182 - HikariCP pool HikariPool-0 is starting.
23:20:10.358 - Initializing 1 services...
23:20:10.464 - Ratpack started (development) for http://localhost:8888
