14:59:53.887 - Stopping server...
14:59:56.132 - Starting server...
14:59:56.470 - Building registry...
14:59:57.182 - HikariCP pool HikariPool-0 is starting.
14:59:57.377 - Initializing 1 services...
14:59:57.525 - Ratpack started (development) for http://localhost:8888
15:00:05.367 - Stopping server...
15:00:05.369 - Stopping 1 services...
15:00:05.370 - HikariCP pool HikariPool-0 is shutting down.
15:00:05.467 - Server stopped.
15:00:07.204 - Starting server...
15:00:07.503 - Building registry...
15:00:08.226 - HikariCP pool HikariPool-0 is starting.
15:00:08.410 - Initializing 1 services...
15:00:08.546 - Ratpack started (development) for http://localhost:8888
15:03:08.128 - Stopping server...
15:03:09.992 - Starting server...
15:03:10.297 - Building registry...
15:03:11.020 - HikariCP pool HikariPool-0 is starting.
15:03:11.177 - Initializing 1 services...
15:03:11.283 - Ratpack started (development) for http://localhost:8888
15:04:50.828 - Stopping server...
15:04:52.295 - Starting server...
15:04:52.609 - Building registry...
15:04:53.350 - HikariCP pool HikariPool-0 is starting.
15:04:53.512 - Initializing 1 services...
15:04:53.637 - Ratpack started (development) for http://localhost:8888
16:40:25.762 - Stopping server...
16:40:27.823 - Starting server...
16:40:28.132 - Building registry...
16:40:28.821 - HikariCP pool HikariPool-0 is starting.
16:40:28.991 - Initializing 1 services...
16:40:29.124 - Ratpack started (development) for http://localhost:8888
